[2025-01-21T01:24:30.658+0000] {local_task_job_runner.py:123} INFO - ::group::Pre task execution logs
[2025-01-21T01:24:30.691+0000] {taskinstance.py:2612} INFO - Dependencies all met for dep_context=non-requeueable deps ti=<TaskInstance: pull_gazettes_data.init_folders_task scheduled__2025-01-20T00:00:00+00:00 [queued]>
[2025-01-21T01:24:30.702+0000] {taskinstance.py:2612} INFO - Dependencies all met for dep_context=requeueable deps ti=<TaskInstance: pull_gazettes_data.init_folders_task scheduled__2025-01-20T00:00:00+00:00 [queued]>
[2025-01-21T01:24:30.703+0000] {taskinstance.py:2865} INFO - Starting attempt 2 of 2
[2025-01-21T01:24:30.729+0000] {taskinstance.py:2888} INFO - Executing <Task(InitFoldersTask): init_folders_task> on 2025-01-20 00:00:00+00:00
[2025-01-21T01:24:30.753+0000] {warnings.py:112} WARNING - /home/***/.local/lib/python3.12/site-packages/***/task/task_runner/standard_task_runner.py:70: DeprecationWarning: This process (pid=715) is multi-threaded, use of fork() may lead to deadlocks in the child.
  pid = os.fork()

[2025-01-21T01:24:30.755+0000] {standard_task_runner.py:72} INFO - Started process 746 to run task
[2025-01-21T01:24:30.756+0000] {standard_task_runner.py:104} INFO - Running: ['***', 'tasks', 'run', 'pull_gazettes_data', 'init_folders_task', 'scheduled__2025-01-20T00:00:00+00:00', '--job-id', '13', '--raw', '--subdir', 'DAGS_FOLDER/dag_script.py', '--cfg-path', '/tmp/tmpc1_mphbw']
[2025-01-21T01:24:30.760+0000] {standard_task_runner.py:105} INFO - Job 13: Subtask init_folders_task
[2025-01-21T01:24:30.818+0000] {task_command.py:467} INFO - Running <TaskInstance: pull_gazettes_data.init_folders_task scheduled__2025-01-20T00:00:00+00:00 [running]> on host 518c18046a40
[2025-01-21T01:24:30.912+0000] {taskinstance.py:3131} INFO - Exporting env vars: AIRFLOW_CTX_DAG_EMAIL='***@example.com' AIRFLOW_CTX_DAG_OWNER='***' AIRFLOW_CTX_DAG_ID='pull_gazettes_data' AIRFLOW_CTX_TASK_ID='init_folders_task' AIRFLOW_CTX_EXECUTION_DATE='2025-01-20T00:00:00+00:00' AIRFLOW_CTX_TRY_NUMBER='2' AIRFLOW_CTX_DAG_RUN_ID='scheduled__2025-01-20T00:00:00+00:00'
[2025-01-21T01:24:30.914+0000] {taskinstance.py:731} INFO - ::endgroup::
[2025-01-21T01:24:30.944+0000] {taskinstance.py:340} INFO - ::group::Post task execution logs
[2025-01-21T01:24:30.945+0000] {taskinstance.py:352} INFO - Marking task as SUCCESS. dag_id=pull_gazettes_data, task_id=init_folders_task, run_id=scheduled__2025-01-20T00:00:00+00:00, execution_date=20250120T000000, start_date=20250121T012430, end_date=20250121T012430
[2025-01-21T01:24:31.012+0000] {local_task_job_runner.py:266} INFO - Task exited with return code 0
[2025-01-21T01:24:31.051+0000] {taskinstance.py:3900} INFO - 1 downstream tasks scheduled from follow-on schedule check
[2025-01-21T01:24:31.054+0000] {local_task_job_runner.py:245} INFO - ::endgroup::
[2025-01-24T20:05:28.950+0000] {local_task_job_runner.py:123} INFO - ::group::Pre task execution logs
[2025-01-24T20:05:28.967+0000] {taskinstance.py:2612} INFO - Dependencies all met for dep_context=non-requeueable deps ti=<TaskInstance: pull_gazettes_data.init_folders_task scheduled__2025-01-20T00:00:00+00:00 [queued]>
[2025-01-24T20:05:28.975+0000] {taskinstance.py:2612} INFO - Dependencies all met for dep_context=requeueable deps ti=<TaskInstance: pull_gazettes_data.init_folders_task scheduled__2025-01-20T00:00:00+00:00 [queued]>
[2025-01-24T20:05:28.976+0000] {taskinstance.py:2865} INFO - Starting attempt 2 of 2
[2025-01-24T20:05:28.997+0000] {taskinstance.py:2888} INFO - Executing <Task(InitFoldersTask): init_folders_task> on 2025-01-20 00:00:00+00:00
[2025-01-24T20:05:29.022+0000] {warnings.py:112} WARNING - /home/***/.local/lib/python3.12/site-packages/***/task/task_runner/standard_task_runner.py:70: DeprecationWarning: This process (pid=814) is multi-threaded, use of fork() may lead to deadlocks in the child.
  pid = os.fork()

[2025-01-24T20:05:29.025+0000] {standard_task_runner.py:72} INFO - Started process 852 to run task
[2025-01-24T20:05:29.026+0000] {standard_task_runner.py:104} INFO - Running: ['***', 'tasks', 'run', 'pull_gazettes_data', 'init_folders_task', 'scheduled__2025-01-20T00:00:00+00:00', '--job-id', '13', '--raw', '--subdir', 'DAGS_FOLDER/dag_script.py', '--cfg-path', '/tmp/tmpgu9lujzz']
[2025-01-24T20:05:29.030+0000] {standard_task_runner.py:105} INFO - Job 13: Subtask init_folders_task
[2025-01-24T20:05:29.080+0000] {task_command.py:467} INFO - Running <TaskInstance: pull_gazettes_data.init_folders_task scheduled__2025-01-20T00:00:00+00:00 [running]> on host 972b45cbfb12
[2025-01-24T20:05:29.157+0000] {taskinstance.py:3131} INFO - Exporting env vars: AIRFLOW_CTX_DAG_EMAIL='***@example.com' AIRFLOW_CTX_DAG_OWNER='***' AIRFLOW_CTX_DAG_ID='pull_gazettes_data' AIRFLOW_CTX_TASK_ID='init_folders_task' AIRFLOW_CTX_EXECUTION_DATE='2025-01-20T00:00:00+00:00' AIRFLOW_CTX_TRY_NUMBER='2' AIRFLOW_CTX_DAG_RUN_ID='scheduled__2025-01-20T00:00:00+00:00'
[2025-01-24T20:05:29.159+0000] {taskinstance.py:731} INFO - ::endgroup::
[2025-01-24T20:05:29.199+0000] {taskinstance.py:340} INFO - ::group::Post task execution logs
[2025-01-24T20:05:29.200+0000] {taskinstance.py:352} INFO - Marking task as SUCCESS. dag_id=pull_gazettes_data, task_id=init_folders_task, run_id=scheduled__2025-01-20T00:00:00+00:00, execution_date=20250120T000000, start_date=20250124T200528, end_date=20250124T200529
[2025-01-24T20:05:29.241+0000] {local_task_job_runner.py:266} INFO - Task exited with return code 0
[2025-01-24T20:05:29.278+0000] {taskinstance.py:3900} INFO - 1 downstream tasks scheduled from follow-on schedule check
[2025-01-24T20:05:29.281+0000] {local_task_job_runner.py:245} INFO - ::endgroup::
