[2025-01-25T20:13:31.681+0000] {local_task_job_runner.py:123} INFO - ::group::Pre task execution logs
[2025-01-25T20:13:31.697+0000] {taskinstance.py:2612} INFO - Dependencies all met for dep_context=non-requeueable deps ti=<TaskInstance: pull_gazettes_data.request_gazettes_task manual__2025-01-25T20:13:16.586213+00:00 [queued]>
[2025-01-25T20:13:31.705+0000] {taskinstance.py:2612} INFO - Dependencies all met for dep_context=requeueable deps ti=<TaskInstance: pull_gazettes_data.request_gazettes_task manual__2025-01-25T20:13:16.586213+00:00 [queued]>
[2025-01-25T20:13:31.706+0000] {taskinstance.py:2865} INFO - Starting attempt 1 of 2
[2025-01-25T20:13:31.718+0000] {taskinstance.py:2888} INFO - Executing <Task(RequestGazettesTask): request_gazettes_task> on 2025-01-25 20:13:16.586213+00:00
[2025-01-25T20:13:31.729+0000] {warnings.py:112} WARNING - /home/***/.local/lib/python3.12/site-packages/***/task/task_runner/standard_task_runner.py:70: DeprecationWarning: This process (pid=24543) is multi-threaded, use of fork() may lead to deadlocks in the child.
  pid = os.fork()

[2025-01-25T20:13:31.730+0000] {standard_task_runner.py:72} INFO - Started process 24574 to run task
[2025-01-25T20:13:31.730+0000] {standard_task_runner.py:104} INFO - Running: ['***', 'tasks', 'run', 'pull_gazettes_data', 'request_gazettes_task', 'manual__2025-01-25T20:13:16.586213+00:00', '--job-id', '140', '--raw', '--subdir', 'DAGS_FOLDER/dag_script.py', '--cfg-path', '/tmp/tmpqdsdoxi6']
[2025-01-25T20:13:31.732+0000] {standard_task_runner.py:105} INFO - Job 140: Subtask request_gazettes_task
[2025-01-25T20:13:31.767+0000] {task_command.py:467} INFO - Running <TaskInstance: pull_gazettes_data.request_gazettes_task manual__2025-01-25T20:13:16.586213+00:00 [running]> on host 41bcec3d818b
[2025-01-25T20:13:31.837+0000] {taskinstance.py:3131} INFO - Exporting env vars: AIRFLOW_CTX_DAG_EMAIL='***@example.com' AIRFLOW_CTX_DAG_OWNER='***' AIRFLOW_CTX_DAG_ID='pull_gazettes_data' AIRFLOW_CTX_TASK_ID='request_gazettes_task' AIRFLOW_CTX_EXECUTION_DATE='2025-01-25T20:13:16.586213+00:00' AIRFLOW_CTX_TRY_NUMBER='1' AIRFLOW_CTX_DAG_RUN_ID='manual__2025-01-25T20:13:16.586213+00:00'
[2025-01-25T20:13:31.838+0000] {taskinstance.py:731} INFO - ::endgroup::
[2025-01-25T20:13:31.850+0000] {logging_mixin.py:190} INFO - Running for start_date: 2025-01-22, end_date: 2025-01-24
[2025-01-25T20:13:32.359+0000] {logging_mixin.py:190} INFO - Total number of Gazettes: 0
[2025-01-25T20:13:32.360+0000] {logging_mixin.py:190} INFO - Managing URL log
[2025-01-25T20:13:32.396+0000] {taskinstance.py:340} INFO - ::group::Post task execution logs
[2025-01-25T20:13:32.397+0000] {taskinstance.py:352} INFO - Marking task as SUCCESS. dag_id=pull_gazettes_data, task_id=request_gazettes_task, run_id=manual__2025-01-25T20:13:16.586213+00:00, execution_date=20250125T201316, start_date=20250125T201331, end_date=20250125T201332
[2025-01-25T20:13:32.427+0000] {local_task_job_runner.py:266} INFO - Task exited with return code 0
[2025-01-25T20:13:32.454+0000] {taskinstance.py:3900} INFO - 1 downstream tasks scheduled from follow-on schedule check
[2025-01-25T20:13:32.456+0000] {local_task_job_runner.py:245} INFO - ::endgroup::
