[2025-01-28T23:40:23.365+0000] {local_task_job_runner.py:123} INFO - ::group::Pre task execution logs
[2025-01-28T23:40:23.382+0000] {taskinstance.py:2612} INFO - Dependencies all met for dep_context=non-requeueable deps ti=<TaskInstance: pull_gazettes_data.upload_contents_to_s3_task scheduled__2025-01-27T00:00:00+00:00 [queued]>
[2025-01-28T23:40:23.393+0000] {taskinstance.py:2612} INFO - Dependencies all met for dep_context=requeueable deps ti=<TaskInstance: pull_gazettes_data.upload_contents_to_s3_task scheduled__2025-01-27T00:00:00+00:00 [queued]>
[2025-01-28T23:40:23.394+0000] {taskinstance.py:2865} INFO - Starting attempt 4 of 5
[2025-01-28T23:40:23.408+0000] {taskinstance.py:2888} INFO - Executing <Task(UploadContentsToS3): upload_contents_to_s3_task> on 2025-01-27 00:00:00+00:00
[2025-01-28T23:40:23.416+0000] {warnings.py:112} WARNING - /home/***/.local/lib/python3.12/site-packages/***/task/task_runner/standard_task_runner.py:70: DeprecationWarning: This process (pid=2917) is multi-threaded, use of fork() may lead to deadlocks in the child.
  pid = os.fork()

[2025-01-28T23:40:23.418+0000] {standard_task_runner.py:72} INFO - Started process 2919 to run task
[2025-01-28T23:40:23.418+0000] {standard_task_runner.py:104} INFO - Running: ['***', 'tasks', 'run', 'pull_gazettes_data', 'upload_contents_to_s3_task', 'scheduled__2025-01-27T00:00:00+00:00', '--job-id', '258', '--raw', '--subdir', 'DAGS_FOLDER/dag_script.py', '--cfg-path', '/tmp/tmp0uvk1ue6']
[2025-01-28T23:40:23.420+0000] {standard_task_runner.py:105} INFO - Job 258: Subtask upload_contents_to_s3_task
[2025-01-28T23:40:23.467+0000] {task_command.py:467} INFO - Running <TaskInstance: pull_gazettes_data.upload_contents_to_s3_task scheduled__2025-01-27T00:00:00+00:00 [running]> on host 41bcec3d818b
[2025-01-28T23:40:23.541+0000] {taskinstance.py:3131} INFO - Exporting env vars: AIRFLOW_CTX_DAG_EMAIL='***@example.com' AIRFLOW_CTX_DAG_OWNER='***' AIRFLOW_CTX_DAG_ID='pull_gazettes_data' AIRFLOW_CTX_TASK_ID='upload_contents_to_s3_task' AIRFLOW_CTX_EXECUTION_DATE='2025-01-27T00:00:00+00:00' AIRFLOW_CTX_TRY_NUMBER='4' AIRFLOW_CTX_DAG_RUN_ID='scheduled__2025-01-27T00:00:00+00:00'
[2025-01-28T23:40:23.543+0000] {taskinstance.py:731} INFO - ::endgroup::
[2025-01-28T23:40:23.562+0000] {base.py:84} INFO - Retrieving connection 'minio_s3_conn_id'
[2025-01-28T23:40:23.563+0000] {connection_wrapper.py:391} INFO - AWS Connection (conn_id='minio_s3_conn_id', conn_type='aws') credentials retrieved from extra.
[2025-01-28T23:40:23.564+0000] {warnings.py:112} WARNING - <string>:9: AirflowProviderDeprecationWarning: extra['host'] is deprecated and will be removed in a future release. Please set extra['endpoint_url'] instead

[2025-01-28T23:40:24.016+0000] {logging_mixin.py:190} INFO - Loading object /usr/local/***/data/ingestion_checkpoint_logs into S3 bucket diario-oficial-db-dump/ingestion_checkpoint_logs/
[2025-01-28T23:40:24.019+0000] {logging_mixin.py:190} INFO - Loading folder /usr/local/***/data/ingestion_checkpoint_logs into S3 bucket diario-oficial-db-dump/ingestion_checkpoint_logs/
[2025-01-28T23:40:24.399+0000] {logging_mixin.py:190} INFO - Loading object /usr/local/***/data/texts into S3 bucket diario-oficial-db-dump/texts/
[2025-01-28T23:40:24.401+0000] {logging_mixin.py:190} INFO - Loading folder /usr/local/***/data/texts into S3 bucket diario-oficial-db-dump/texts/
[2025-01-28T23:40:29.106+0000] {logging_mixin.py:190} INFO - Loading object /usr/local/***/data/preprocessed_documents/ into S3 bucket diario-oficial-db-dump/preprocessed_documents
[2025-01-28T23:40:29.108+0000] {logging_mixin.py:190} INFO - Loading folder /usr/local/***/data/preprocessed_documents/ into S3 bucket diario-oficial-db-dump/preprocessed_documents
[2025-01-28T23:40:30.486+0000] {logging_mixin.py:190} INFO - Loading object /usr/local/***/data/vector_db/ into S3 bucket diario-oficial-db-dump/vector_db/
[2025-01-28T23:40:30.489+0000] {logging_mixin.py:190} INFO - Loading folder /usr/local/***/data/vector_db/ into S3 bucket diario-oficial-db-dump/vector_db/
[2025-01-28T23:40:30.501+0000] {taskinstance.py:340} INFO - ::group::Post task execution logs
[2025-01-28T23:40:30.502+0000] {taskinstance.py:352} INFO - Marking task as SUCCESS. dag_id=pull_gazettes_data, task_id=upload_contents_to_s3_task, run_id=scheduled__2025-01-27T00:00:00+00:00, execution_date=20250127T000000, start_date=20250128T234023, end_date=20250128T234030
[2025-01-28T23:40:30.544+0000] {local_task_job_runner.py:266} INFO - Task exited with return code 0
[2025-01-28T23:40:30.559+0000] {taskinstance.py:3900} INFO - 0 downstream tasks scheduled from follow-on schedule check
[2025-01-28T23:40:30.562+0000] {local_task_job_runner.py:245} INFO - ::endgroup::
