[2025-01-25T00:00:39.923+0000] {local_task_job_runner.py:123} INFO - ::group::Pre task execution logs
[2025-01-25T00:00:39.957+0000] {taskinstance.py:2612} INFO - Dependencies all met for dep_context=non-requeueable deps ti=<TaskInstance: pull_gazettes_data.preprocess_documents_task scheduled__2025-01-24T00:00:00+00:00 [queued]>
[2025-01-25T00:00:39.979+0000] {taskinstance.py:2612} INFO - Dependencies all met for dep_context=requeueable deps ti=<TaskInstance: pull_gazettes_data.preprocess_documents_task scheduled__2025-01-24T00:00:00+00:00 [queued]>
[2025-01-25T00:00:39.983+0000] {taskinstance.py:2865} INFO - Starting attempt 1 of 2
[2025-01-25T00:00:40.008+0000] {taskinstance.py:2888} INFO - Executing <Task(PreprocessDocuments): preprocess_documents_task> on 2025-01-24 00:00:00+00:00
[2025-01-25T00:00:40.036+0000] {warnings.py:112} WARNING - /home/***/.local/lib/python3.12/site-packages/***/task/task_runner/standard_task_runner.py:70: DeprecationWarning: This process (pid=2485) is multi-threaded, use of fork() may lead to deadlocks in the child.
  pid = os.fork()

[2025-01-25T00:00:40.038+0000] {standard_task_runner.py:72} INFO - Started process 2516 to run task
[2025-01-25T00:00:40.037+0000] {standard_task_runner.py:104} INFO - Running: ['***', 'tasks', 'run', 'pull_gazettes_data', 'preprocess_documents_task', 'scheduled__2025-01-24T00:00:00+00:00', '--job-id', '26', '--raw', '--subdir', 'DAGS_FOLDER/dag_script.py', '--cfg-path', '/tmp/tmp4u5k1zvz']
[2025-01-25T00:00:40.040+0000] {standard_task_runner.py:105} INFO - Job 26: Subtask preprocess_documents_task
[2025-01-25T00:00:40.110+0000] {task_command.py:467} INFO - Running <TaskInstance: pull_gazettes_data.preprocess_documents_task scheduled__2025-01-24T00:00:00+00:00 [running]> on host 41bcec3d818b
[2025-01-25T00:00:40.215+0000] {taskinstance.py:3131} INFO - Exporting env vars: AIRFLOW_CTX_DAG_EMAIL='***@example.com' AIRFLOW_CTX_DAG_OWNER='***' AIRFLOW_CTX_DAG_ID='pull_gazettes_data' AIRFLOW_CTX_TASK_ID='preprocess_documents_task' AIRFLOW_CTX_EXECUTION_DATE='2025-01-24T00:00:00+00:00' AIRFLOW_CTX_TRY_NUMBER='1' AIRFLOW_CTX_DAG_RUN_ID='scheduled__2025-01-24T00:00:00+00:00'
[2025-01-25T00:00:40.217+0000] {taskinstance.py:731} INFO - ::endgroup::
[2025-01-25T00:00:40.238+0000] {logging_mixin.py:190} INFO - Checking pre processed documents log
[2025-01-25T00:00:40.244+0000] {logging_mixin.py:190} INFO - Already preprocessed documents: set()
[2025-01-25T00:00:40.247+0000] {logging_mixin.py:190} INFO - Breaking down pdf 3106200_2024-11-26_7140.pdf into multiple PDF single pages
[2025-01-25T00:00:40.285+0000] {logging_mixin.py:190} INFO - File 3106200_2024-11-26_7140-page-0-19.pdf already broken down into
[2025-01-25T00:00:40.285+0000] {logging_mixin.py:190} INFO - File 3106200_2024-11-26_7140-page-20-32.pdf already broken down into
[2025-01-25T00:00:40.286+0000] {logging_mixin.py:190} INFO - Breaking down pdf 3106200_2024-11-27_7141.pdf into multiple PDF single pages
[2025-01-25T00:00:40.333+0000] {logging_mixin.py:190} INFO - File 3106200_2024-11-27_7141-page-0-19.pdf already broken down into
[2025-01-25T00:00:40.333+0000] {logging_mixin.py:190} INFO - File 3106200_2024-11-27_7141-page-20-36.pdf already broken down into
[2025-01-25T00:00:40.334+0000] {logging_mixin.py:190} INFO - Breaking down pdf 3106200_2024-11-28_7142.pdf into multiple PDF single pages
[2025-01-25T00:00:40.371+0000] {logging_mixin.py:190} INFO - File 3106200_2024-11-28_7142-page-0-19.pdf already broken down into
[2025-01-25T00:00:40.371+0000] {logging_mixin.py:190} INFO - File 3106200_2024-11-28_7142-page-20-39.pdf already broken down into
[2025-01-25T00:00:40.372+0000] {logging_mixin.py:190} INFO - File 3106200_2024-11-28_7142-page-40-45.pdf already broken down into
[2025-01-25T00:00:40.372+0000] {logging_mixin.py:190} INFO - Breaking down pdf 3106200_2024-11-29_7143.pdf into multiple PDF single pages
[2025-01-25T00:00:40.421+0000] {logging_mixin.py:190} INFO - File 3106200_2024-11-29_7143-page-0-19.pdf already broken down into
[2025-01-25T00:00:40.422+0000] {logging_mixin.py:190} INFO - File 3106200_2024-11-29_7143-page-20-38.pdf already broken down into
[2025-01-25T00:00:40.423+0000] {logging_mixin.py:190} INFO - Breaking down pdf 3106200_2024-11-30_7144.pdf into multiple PDF single pages
[2025-01-25T00:00:40.463+0000] {logging_mixin.py:190} INFO - File 3106200_2024-11-30_7144-page-0-19.pdf already broken down into
[2025-01-25T00:00:40.464+0000] {logging_mixin.py:190} INFO - File 3106200_2024-11-30_7144-page-20-37.pdf already broken down into
[2025-01-25T00:00:40.465+0000] {logging_mixin.py:190} INFO - Breaking down pdf 3106200_2024-12-03_7145.pdf into multiple PDF single pages
[2025-01-25T00:00:40.505+0000] {logging_mixin.py:190} INFO - File 3106200_2024-12-03_7145-page-0-19.pdf already broken down into
[2025-01-25T00:00:40.506+0000] {logging_mixin.py:190} INFO - File 3106200_2024-12-03_7145-page-20-34.pdf already broken down into
[2025-01-25T00:00:40.507+0000] {logging_mixin.py:190} INFO - Breaking down pdf 3106200_2024-12-04_7146.pdf into multiple PDF single pages
[2025-01-25T00:00:40.545+0000] {logging_mixin.py:190} INFO - File 3106200_2024-12-04_7146-page-0-19.pdf already broken down into
[2025-01-25T00:00:40.545+0000] {logging_mixin.py:190} INFO - File 3106200_2024-12-04_7146-page-20-39.pdf already broken down into
[2025-01-25T00:00:40.546+0000] {logging_mixin.py:190} INFO - Breaking down pdf 3106200_2024-12-05_7147.pdf into multiple PDF single pages
[2025-01-25T00:00:40.581+0000] {logging_mixin.py:190} INFO - File 3106200_2024-12-05_7147-page-0-19.pdf already broken down into
[2025-01-25T00:00:40.582+0000] {logging_mixin.py:190} INFO - File 3106200_2024-12-05_7147-page-20-22.pdf already broken down into
[2025-01-25T00:00:40.583+0000] {logging_mixin.py:190} INFO - Breaking down pdf 3106200_2024-12-06_7148.pdf into multiple PDF single pages
[2025-01-25T00:00:40.618+0000] {logging_mixin.py:190} INFO - File 3106200_2024-12-06_7148-page-0-19.pdf already broken down into
[2025-01-25T00:00:40.618+0000] {logging_mixin.py:190} INFO - File 3106200_2024-12-06_7148-page-20-39.pdf already broken down into
[2025-01-25T00:00:40.619+0000] {logging_mixin.py:190} INFO - Breaking down pdf 3106200_2024-12-07_7149.pdf into multiple PDF single pages
[2025-01-25T00:00:40.658+0000] {logging_mixin.py:190} INFO - File 3106200_2024-12-07_7149-page-0-19.pdf already broken down into
[2025-01-25T00:00:40.658+0000] {logging_mixin.py:190} INFO - File 3106200_2024-12-07_7149-page-20-39.pdf already broken down into
[2025-01-25T00:00:40.659+0000] {logging_mixin.py:190} INFO - File 3106200_2024-12-07_7149-page-40-45.pdf already broken down into
[2025-01-25T00:00:40.659+0000] {logging_mixin.py:190} INFO - Breaking down pdf 3106200_2024-12-10_7150.pdf into multiple PDF single pages
[2025-01-25T00:00:40.688+0000] {logging_mixin.py:190} INFO - File 3106200_2024-12-10_7150-page-0-19.pdf already broken down into
[2025-01-25T00:00:40.689+0000] {logging_mixin.py:190} INFO - File 3106200_2024-12-10_7150-page-20-21.pdf already broken down into
[2025-01-25T00:00:40.690+0000] {logging_mixin.py:190} INFO - Breaking down pdf 3106200_2024-12-11_7151.pdf into multiple PDF single pages
[2025-01-25T00:00:40.739+0000] {logging_mixin.py:190} INFO - File 3106200_2024-12-11_7151-page-0-19.pdf already broken down into
[2025-01-25T00:00:40.740+0000] {logging_mixin.py:190} INFO - File 3106200_2024-12-11_7151-page-20-35.pdf already broken down into
[2025-01-25T00:00:40.741+0000] {logging_mixin.py:190} INFO - Breaking down pdf 3106200_2024-12-12_7152.pdf into multiple PDF single pages
[2025-01-25T00:00:40.777+0000] {logging_mixin.py:190} INFO - File 3106200_2024-12-12_7152-page-0-19.pdf already broken down into
[2025-01-25T00:00:40.778+0000] {logging_mixin.py:190} INFO - File 3106200_2024-12-12_7152-page-20-24.pdf already broken down into
[2025-01-25T00:00:40.779+0000] {logging_mixin.py:190} INFO - Breaking down pdf 3106200_2024-12-13_7153.pdf into multiple PDF single pages
[2025-01-25T00:00:40.813+0000] {logging_mixin.py:190} INFO - File 3106200_2024-12-13_7153-page-0-19.pdf already broken down into
[2025-01-25T00:00:40.813+0000] {logging_mixin.py:190} INFO - File 3106200_2024-12-13_7153-page-20-33.pdf already broken down into
[2025-01-25T00:00:40.814+0000] {logging_mixin.py:190} INFO - Breaking down pdf 3106200_2024-12-14_7154.pdf into multiple PDF single pages
[2025-01-25T00:00:40.854+0000] {logging_mixin.py:190} INFO - File 3106200_2024-12-14_7154-page-0-19.pdf already broken down into
[2025-01-25T00:00:40.855+0000] {logging_mixin.py:190} INFO - File 3106200_2024-12-14_7154-page-20-31.pdf already broken down into
[2025-01-25T00:00:40.855+0000] {logging_mixin.py:190} INFO - Breaking down pdf 3106200_2024-12-17_7155.pdf into multiple PDF single pages
[2025-01-25T00:00:40.888+0000] {logging_mixin.py:190} INFO - File 3106200_2024-12-17_7155-page-0-19.pdf already broken down into
[2025-01-25T00:00:40.888+0000] {logging_mixin.py:190} INFO - File 3106200_2024-12-17_7155-page-20-24.pdf already broken down into
[2025-01-25T00:00:40.889+0000] {logging_mixin.py:190} INFO - Breaking down pdf 3106200_2024-12-18_7156.pdf into multiple PDF single pages
[2025-01-25T00:00:40.938+0000] {logging_mixin.py:190} INFO - File 3106200_2024-12-18_7156-page-0-19.pdf already broken down into
[2025-01-25T00:00:40.939+0000] {logging_mixin.py:190} INFO - File 3106200_2024-12-18_7156-page-20-39.pdf already broken down into
[2025-01-25T00:00:40.940+0000] {logging_mixin.py:190} INFO - File 3106200_2024-12-18_7156-page-40-59.pdf already broken down into
[2025-01-25T00:00:40.941+0000] {logging_mixin.py:190} INFO - File 3106200_2024-12-18_7156-page-60-71.pdf already broken down into
[2025-01-25T00:00:40.944+0000] {logging_mixin.py:190} INFO - Breaking down pdf 3106200_2024-12-19_7157.pdf into multiple PDF single pages
[2025-01-25T00:00:40.991+0000] {logging_mixin.py:190} INFO - File 3106200_2024-12-19_7157-page-0-19.pdf already broken down into
[2025-01-25T00:00:40.992+0000] {logging_mixin.py:190} INFO - File 3106200_2024-12-19_7157-page-20-34.pdf already broken down into
[2025-01-25T00:00:40.993+0000] {logging_mixin.py:190} INFO - [{'file_uuid': '3106200_2024-11-26_7140-page-0-19', 'file_path': '/usr/local/***/data/pdf_single_page/3106200_2024-11-26_7140-page-0-19.pdf'}, {'file_uuid': '3106200_2024-11-26_7140-page-20-32', 'file_path': '/usr/local/***/data/pdf_single_page/3106200_2024-11-26_7140-page-20-32.pdf'}, {'file_uuid': '3106200_2024-11-27_7141-page-0-19', 'file_path': '/usr/local/***/data/pdf_single_page/3106200_2024-11-27_7141-page-0-19.pdf'}, {'file_uuid': '3106200_2024-11-27_7141-page-20-36', 'file_path': '/usr/local/***/data/pdf_single_page/3106200_2024-11-27_7141-page-20-36.pdf'}, {'file_uuid': '3106200_2024-11-28_7142-page-0-19', 'file_path': '/usr/local/***/data/pdf_single_page/3106200_2024-11-28_7142-page-0-19.pdf'}, {'file_uuid': '3106200_2024-11-28_7142-page-20-39', 'file_path': '/usr/local/***/data/pdf_single_page/3106200_2024-11-28_7142-page-20-39.pdf'}, {'file_uuid': '3106200_2024-11-28_7142-page-40-45', 'file_path': '/usr/local/***/data/pdf_single_page/3106200_2024-11-28_7142-page-40-45.pdf'}, {'file_uuid': '3106200_2024-11-29_7143-page-0-19', 'file_path': '/usr/local/***/data/pdf_single_page/3106200_2024-11-29_7143-page-0-19.pdf'}, {'file_uuid': '3106200_2024-11-29_7143-page-20-38', 'file_path': '/usr/local/***/data/pdf_single_page/3106200_2024-11-29_7143-page-20-38.pdf'}, {'file_uuid': '3106200_2024-11-30_7144-page-0-19', 'file_path': '/usr/local/***/data/pdf_single_page/3106200_2024-11-30_7144-page-0-19.pdf'}, {'file_uuid': '3106200_2024-11-30_7144-page-20-37', 'file_path': '/usr/local/***/data/pdf_single_page/3106200_2024-11-30_7144-page-20-37.pdf'}, {'file_uuid': '3106200_2024-12-03_7145-page-0-19', 'file_path': '/usr/local/***/data/pdf_single_page/3106200_2024-12-03_7145-page-0-19.pdf'}, {'file_uuid': '3106200_2024-12-03_7145-page-20-34', 'file_path': '/usr/local/***/data/pdf_single_page/3106200_2024-12-03_7145-page-20-34.pdf'}, {'file_uuid': '3106200_2024-12-04_7146-page-0-19', 'file_path': '/usr/local/***/data/pdf_single_page/3106200_2024-12-04_7146-page-0-19.pdf'}, {'file_uuid': '3106200_2024-12-04_7146-page-20-39', 'file_path': '/usr/local/***/data/pdf_single_page/3106200_2024-12-04_7146-page-20-39.pdf'}, {'file_uuid': '3106200_2024-12-05_7147-page-0-19', 'file_path': '/usr/local/***/data/pdf_single_page/3106200_2024-12-05_7147-page-0-19.pdf'}, {'file_uuid': '3106200_2024-12-05_7147-page-20-22', 'file_path': '/usr/local/***/data/pdf_single_page/3106200_2024-12-05_7147-page-20-22.pdf'}, {'file_uuid': '3106200_2024-12-06_7148-page-0-19', 'file_path': '/usr/local/***/data/pdf_single_page/3106200_2024-12-06_7148-page-0-19.pdf'}, {'file_uuid': '3106200_2024-12-06_7148-page-20-39', 'file_path': '/usr/local/***/data/pdf_single_page/3106200_2024-12-06_7148-page-20-39.pdf'}, {'file_uuid': '3106200_2024-12-07_7149-page-0-19', 'file_path': '/usr/local/***/data/pdf_single_page/3106200_2024-12-07_7149-page-0-19.pdf'}, {'file_uuid': '3106200_2024-12-07_7149-page-20-39', 'file_path': '/usr/local/***/data/pdf_single_page/3106200_2024-12-07_7149-page-20-39.pdf'}, {'file_uuid': '3106200_2024-12-07_7149-page-40-45', 'file_path': '/usr/local/***/data/pdf_single_page/3106200_2024-12-07_7149-page-40-45.pdf'}, {'file_uuid': '3106200_2024-12-10_7150-page-0-19', 'file_path': '/usr/local/***/data/pdf_single_page/3106200_2024-12-10_7150-page-0-19.pdf'}, {'file_uuid': '3106200_2024-12-10_7150-page-20-21', 'file_path': '/usr/local/***/data/pdf_single_page/3106200_2024-12-10_7150-page-20-21.pdf'}, {'file_uuid': '3106200_2024-12-11_7151-page-0-19', 'file_path': '/usr/local/***/data/pdf_single_page/3106200_2024-12-11_7151-page-0-19.pdf'}, {'file_uuid': '3106200_2024-12-11_7151-page-20-35', 'file_path': '/usr/local/***/data/pdf_single_page/3106200_2024-12-11_7151-page-20-35.pdf'}, {'file_uuid': '3106200_2024-12-12_7152-page-0-19', 'file_path': '/usr/local/***/data/pdf_single_page/3106200_2024-12-12_7152-page-0-19.pdf'}, {'file_uuid': '3106200_2024-12-12_7152-page-20-24', 'file_path': '/usr/local/***/data/pdf_single_page/3106200_2024-12-12_7152-page-20-24.pdf'}, {'file_uuid': '3106200_2024-12-13_7153-page-0-19', 'file_path': '/usr/local/***/data/pdf_single_page/3106200_2024-12-13_7153-page-0-19.pdf'}, {'file_uuid': '3106200_2024-12-13_7153-page-20-33', 'file_path': '/usr/local/***/data/pdf_single_page/3106200_2024-12-13_7153-page-20-33.pdf'}, {'file_uuid': '3106200_2024-12-14_7154-page-0-19', 'file_path': '/usr/local/***/data/pdf_single_page/3106200_2024-12-14_7154-page-0-19.pdf'}, {'file_uuid': '3106200_2024-12-14_7154-page-20-31', 'file_path': '/usr/local/***/data/pdf_single_page/3106200_2024-12-14_7154-page-20-31.pdf'}, {'file_uuid': '3106200_2024-12-17_7155-page-0-19', 'file_path': '/usr/local/***/data/pdf_single_page/3106200_2024-12-17_7155-page-0-19.pdf'}, {'file_uuid': '3106200_2024-12-17_7155-page-20-24', 'file_path': '/usr/local/***/data/pdf_single_page/3106200_2024-12-17_7155-page-20-24.pdf'}, {'file_uuid': '3106200_2024-12-18_7156-page-0-19', 'file_path': '/usr/local/***/data/pdf_single_page/3106200_2024-12-18_7156-page-0-19.pdf'}, {'file_uuid': '3106200_2024-12-18_7156-page-20-39', 'file_path': '/usr/local/***/data/pdf_single_page/3106200_2024-12-18_7156-page-20-39.pdf'}, {'file_uuid': '3106200_2024-12-18_7156-page-40-59', 'file_path': '/usr/local/***/data/pdf_single_page/3106200_2024-12-18_7156-page-40-59.pdf'}, {'file_uuid': '3106200_2024-12-18_7156-page-60-71', 'file_path': '/usr/local/***/data/pdf_single_page/3106200_2024-12-18_7156-page-60-71.pdf'}, {'file_uuid': '3106200_2024-12-19_7157-page-0-19', 'file_path': '/usr/local/***/data/pdf_single_page/3106200_2024-12-19_7157-page-0-19.pdf'}, {'file_uuid': '3106200_2024-12-19_7157-page-20-34', 'file_path': '/usr/local/***/data/pdf_single_page/3106200_2024-12-19_7157-page-20-34.pdf'}]
[2025-01-25T00:00:41.134+0000] {document_converter.py:242} INFO - Going to convert document batch...
[2025-01-25T00:00:41.508+0000] {accelerator_utils.py:41} INFO - Accelerator device: 'cpu'
[2025-01-25T00:00:43.961+0000] {accelerator_utils.py:41} INFO - Accelerator device: 'cpu'
[2025-01-25T00:00:44.579+0000] {accelerator_utils.py:41} INFO - Accelerator device: 'cpu'
[2025-01-25T00:00:44.954+0000] {base_pipeline.py:38} INFO - Processing document 3106200_2024-11-26_7140-page-0-19.pdf
[2025-01-25T00:01:48.749+0000] {document_converter.py:257} INFO - Finished converting document 3106200_2024-11-26_7140-page-0-19.pdf in 67.75 sec.
[2025-01-25T00:01:48.825+0000] {warnings.py:112} WARNING - /opt/***/dags/utils/preprocess_documents.py:142: FutureWarning: The behavior of DataFrame concatenation with empty or all-NA entries is deprecated. In a future version, this will no longer exclude empty or all-NA columns when determining the result dtypes. To retain the old behavior, exclude the relevant entries before the concat operation.
  metadata = pd.concat([metadata, pd.DataFrame(data_to_append)])

[2025-01-25T00:01:48.826+0000] {logging_mixin.py:190} INFO - Saving in path: /usr/local/***/data/preprocessed_documents/3106200_2024-11-26_7140-page-0-19.md
[2025-01-25T00:01:48.855+0000] {document_converter.py:242} INFO - Going to convert document batch...
[2025-01-25T00:01:49.037+0000] {accelerator_utils.py:41} INFO - Accelerator device: 'cpu'
[2025-01-25T00:01:51.544+0000] {accelerator_utils.py:41} INFO - Accelerator device: 'cpu'
[2025-01-25T00:01:52.053+0000] {accelerator_utils.py:41} INFO - Accelerator device: 'cpu'
[2025-01-25T00:01:52.649+0000] {base_pipeline.py:38} INFO - Processing document 3106200_2024-11-26_7140-page-20-32.pdf
[2025-01-25T00:03:14.938+0000] {document_converter.py:257} INFO - Finished converting document 3106200_2024-11-26_7140-page-20-32.pdf in 86.11 sec.
[2025-01-25T00:03:15.035+0000] {logging_mixin.py:190} INFO - Saving in path: /usr/local/***/data/preprocessed_documents/3106200_2024-11-26_7140-page-20-32.md
[2025-01-25T00:03:15.071+0000] {document_converter.py:242} INFO - Going to convert document batch...
[2025-01-25T00:03:15.234+0000] {accelerator_utils.py:41} INFO - Accelerator device: 'cpu'
[2025-01-25T00:03:17.782+0000] {accelerator_utils.py:41} INFO - Accelerator device: 'cpu'
[2025-01-25T00:03:18.289+0000] {accelerator_utils.py:41} INFO - Accelerator device: 'cpu'
[2025-01-25T00:03:18.805+0000] {base_pipeline.py:38} INFO - Processing document 3106200_2024-11-27_7141-page-0-19.pdf
[2025-01-25T00:05:48.107+0000] {document_converter.py:257} INFO - Finished converting document 3106200_2024-11-27_7141-page-0-19.pdf in 153.07 sec.
[2025-01-25T00:05:48.293+0000] {logging_mixin.py:190} INFO - Saving in path: /usr/local/***/data/preprocessed_documents/3106200_2024-11-27_7141-page-0-19.md
[2025-01-25T00:05:48.351+0000] {document_converter.py:242} INFO - Going to convert document batch...
[2025-01-25T00:05:48.516+0000] {accelerator_utils.py:41} INFO - Accelerator device: 'cpu'
[2025-01-25T00:05:50.941+0000] {accelerator_utils.py:41} INFO - Accelerator device: 'cpu'
[2025-01-25T00:05:51.423+0000] {accelerator_utils.py:41} INFO - Accelerator device: 'cpu'
[2025-01-25T00:05:51.994+0000] {base_pipeline.py:38} INFO - Processing document 3106200_2024-11-27_7141-page-20-36.pdf
[2025-01-25T00:06:49.918+0000] {job.py:239} ERROR - Job heartbeat failed with error
Traceback (most recent call last):
  File "/home/airflow/.local/lib/python3.12/site-packages/sqlalchemy/engine/base.py", line 3371, in _wrap_pool_connect
    return fn()
           ^^^^
  File "/home/airflow/.local/lib/python3.12/site-packages/sqlalchemy/pool/base.py", line 327, in connect
    return _ConnectionFairy._checkout(self)
           ^^^^^^^^^^^^^^^^^^^^^^^^^^^^^^^^
  File "/home/airflow/.local/lib/python3.12/site-packages/sqlalchemy/pool/base.py", line 894, in _checkout
    fairy = _ConnectionRecord.checkout(pool)
            ^^^^^^^^^^^^^^^^^^^^^^^^^^^^^^^^
  File "/home/airflow/.local/lib/python3.12/site-packages/sqlalchemy/pool/base.py", line 493, in checkout
    rec = pool._do_get()
          ^^^^^^^^^^^^^^
  File "/home/airflow/.local/lib/python3.12/site-packages/sqlalchemy/pool/impl.py", line 256, in _do_get
    return self._create_connection()
           ^^^^^^^^^^^^^^^^^^^^^^^^^
  File "/home/airflow/.local/lib/python3.12/site-packages/sqlalchemy/pool/base.py", line 273, in _create_connection
    return _ConnectionRecord(self)
           ^^^^^^^^^^^^^^^^^^^^^^^
  File "/home/airflow/.local/lib/python3.12/site-packages/sqlalchemy/pool/base.py", line 388, in __init__
    self.__connect()
  File "/home/airflow/.local/lib/python3.12/site-packages/sqlalchemy/pool/base.py", line 690, in __connect
    with util.safe_reraise():
         ^^^^^^^^^^^^^^^^^^^
  File "/home/airflow/.local/lib/python3.12/site-packages/sqlalchemy/util/langhelpers.py", line 70, in __exit__
    compat.raise_(
  File "/home/airflow/.local/lib/python3.12/site-packages/sqlalchemy/util/compat.py", line 211, in raise_
    raise exception
  File "/home/airflow/.local/lib/python3.12/site-packages/sqlalchemy/pool/base.py", line 686, in __connect
    self.dbapi_connection = connection = pool._invoke_creator(self)
                                         ^^^^^^^^^^^^^^^^^^^^^^^^^^
  File "/home/airflow/.local/lib/python3.12/site-packages/sqlalchemy/engine/create.py", line 574, in connect
    return dialect.connect(*cargs, **cparams)
           ^^^^^^^^^^^^^^^^^^^^^^^^^^^^^^^^^^
  File "/home/airflow/.local/lib/python3.12/site-packages/sqlalchemy/engine/default.py", line 598, in connect
    return self.dbapi.connect(*cargs, **cparams)
           ^^^^^^^^^^^^^^^^^^^^^^^^^^^^^^^^^^^^^
  File "/home/airflow/.local/lib/python3.12/site-packages/psycopg2/__init__.py", line 122, in connect
    conn = _connect(dsn, connection_factory=connection_factory, **kwasync)
           ^^^^^^^^^^^^^^^^^^^^^^^^^^^^^^^^^^^^^^^^^^^^^^^^^^^^^^^^^^^^^^^
psycopg2.OperationalError: could not translate host name "postgres" to address: Temporary failure in name resolution


The above exception was the direct cause of the following exception:

Traceback (most recent call last):
  File "/home/airflow/.local/lib/python3.12/site-packages/airflow/jobs/job.py", line 207, in heartbeat
    self._merge_from(Job._fetch_from_db(self, session))
                     ^^^^^^^^^^^^^^^^^^^^^^^^^^^^^^^^^
  File "/home/airflow/.local/lib/python3.12/site-packages/airflow/api_internal/internal_api_call.py", line 139, in wrapper
    return func(*args, **kwargs)
           ^^^^^^^^^^^^^^^^^^^^^
  File "/home/airflow/.local/lib/python3.12/site-packages/airflow/utils/session.py", line 94, in wrapper
    return func(*args, **kwargs)
           ^^^^^^^^^^^^^^^^^^^^^
  File "/home/airflow/.local/lib/python3.12/site-packages/airflow/utils/retries.py", line 93, in wrapped_function
    for attempt in run_with_db_retries(max_retries=retries, logger=logger, **retry_kwargs):
                   ^^^^^^^^^^^^^^^^^^^^^^^^^^^^^^^^^^^^^^^^^^^^^^^^^^^^^^^^^^^^^^^^^^^^^^^
  File "/home/airflow/.local/lib/python3.12/site-packages/tenacity/__init__.py", line 443, in __iter__
    do = self.iter(retry_state=retry_state)
         ^^^^^^^^^^^^^^^^^^^^^^^^^^^^^^^^^^
  File "/home/airflow/.local/lib/python3.12/site-packages/tenacity/__init__.py", line 376, in iter
    result = action(retry_state)
             ^^^^^^^^^^^^^^^^^^^
  File "/home/airflow/.local/lib/python3.12/site-packages/tenacity/__init__.py", line 418, in exc_check
    raise retry_exc.reraise()
          ^^^^^^^^^^^^^^^^^^^
  File "/home/airflow/.local/lib/python3.12/site-packages/tenacity/__init__.py", line 185, in reraise
    raise self.last_attempt.result()
          ^^^^^^^^^^^^^^^^^^^^^^^^^^
  File "/usr/local/lib/python3.12/concurrent/futures/_base.py", line 449, in result
    return self.__get_result()
           ^^^^^^^^^^^^^^^^^^^
  File "/usr/local/lib/python3.12/concurrent/futures/_base.py", line 401, in __get_result
    raise self._exception
  File "/home/airflow/.local/lib/python3.12/site-packages/airflow/utils/retries.py", line 102, in wrapped_function
    return func(*args, **kwargs)
           ^^^^^^^^^^^^^^^^^^^^^
  File "/home/airflow/.local/lib/python3.12/site-packages/airflow/jobs/job.py", line 335, in _fetch_from_db
    session.merge(job)
  File "/home/airflow/.local/lib/python3.12/site-packages/sqlalchemy/orm/session.py", line 3056, in merge
    return self._merge(
           ^^^^^^^^^^^^
  File "/home/airflow/.local/lib/python3.12/site-packages/sqlalchemy/orm/session.py", line 3136, in _merge
    merged = self.get(
             ^^^^^^^^^
  File "/home/airflow/.local/lib/python3.12/site-packages/sqlalchemy/orm/session.py", line 2853, in get
    return self._get_impl(
           ^^^^^^^^^^^^^^^
  File "/home/airflow/.local/lib/python3.12/site-packages/sqlalchemy/orm/session.py", line 2975, in _get_impl
    return db_load_fn(
           ^^^^^^^^^^^
  File "/home/airflow/.local/lib/python3.12/site-packages/sqlalchemy/orm/loading.py", line 530, in load_on_pk_identity
    session.execute(
  File "/home/airflow/.local/lib/python3.12/site-packages/sqlalchemy/orm/session.py", line 1716, in execute
    conn = self._connection_for_bind(bind)
           ^^^^^^^^^^^^^^^^^^^^^^^^^^^^^^^
  File "/home/airflow/.local/lib/python3.12/site-packages/sqlalchemy/orm/session.py", line 1555, in _connection_for_bind
    return self._transaction._connection_for_bind(
           ^^^^^^^^^^^^^^^^^^^^^^^^^^^^^^^^^^^^^^^
  File "/home/airflow/.local/lib/python3.12/site-packages/sqlalchemy/orm/session.py", line 750, in _connection_for_bind
    conn = bind.connect()
           ^^^^^^^^^^^^^^
  File "/home/airflow/.local/lib/python3.12/site-packages/sqlalchemy/future/engine.py", line 412, in connect
    return super(Engine, self).connect()
           ^^^^^^^^^^^^^^^^^^^^^^^^^^^^^
  File "/home/airflow/.local/lib/python3.12/site-packages/sqlalchemy/engine/base.py", line 3325, in connect
    return self._connection_cls(self, close_with_result=close_with_result)
           ^^^^^^^^^^^^^^^^^^^^^^^^^^^^^^^^^^^^^^^^^^^^^^^^^^^^^^^^^^^^^^^
  File "/home/airflow/.local/lib/python3.12/site-packages/sqlalchemy/engine/base.py", line 96, in __init__
    else engine.raw_connection()
         ^^^^^^^^^^^^^^^^^^^^^^^
  File "/home/airflow/.local/lib/python3.12/site-packages/sqlalchemy/engine/base.py", line 3404, in raw_connection
    return self._wrap_pool_connect(self.pool.connect, _connection)
           ^^^^^^^^^^^^^^^^^^^^^^^^^^^^^^^^^^^^^^^^^^^^^^^^^^^^^^^
  File "/home/airflow/.local/lib/python3.12/site-packages/sqlalchemy/engine/base.py", line 3374, in _wrap_pool_connect
    Connection._handle_dbapi_exception_noconnection(
  File "/home/airflow/.local/lib/python3.12/site-packages/sqlalchemy/engine/base.py", line 2208, in _handle_dbapi_exception_noconnection
    util.raise_(
  File "/home/airflow/.local/lib/python3.12/site-packages/sqlalchemy/util/compat.py", line 211, in raise_
    raise exception
  File "/home/airflow/.local/lib/python3.12/site-packages/sqlalchemy/engine/base.py", line 3371, in _wrap_pool_connect
    return fn()
           ^^^^
  File "/home/airflow/.local/lib/python3.12/site-packages/sqlalchemy/pool/base.py", line 327, in connect
    return _ConnectionFairy._checkout(self)
           ^^^^^^^^^^^^^^^^^^^^^^^^^^^^^^^^
  File "/home/airflow/.local/lib/python3.12/site-packages/sqlalchemy/pool/base.py", line 894, in _checkout
    fairy = _ConnectionRecord.checkout(pool)
            ^^^^^^^^^^^^^^^^^^^^^^^^^^^^^^^^
  File "/home/airflow/.local/lib/python3.12/site-packages/sqlalchemy/pool/base.py", line 493, in checkout
    rec = pool._do_get()
          ^^^^^^^^^^^^^^
  File "/home/airflow/.local/lib/python3.12/site-packages/sqlalchemy/pool/impl.py", line 256, in _do_get
    return self._create_connection()
           ^^^^^^^^^^^^^^^^^^^^^^^^^
  File "/home/airflow/.local/lib/python3.12/site-packages/sqlalchemy/pool/base.py", line 273, in _create_connection
    return _ConnectionRecord(self)
           ^^^^^^^^^^^^^^^^^^^^^^^
  File "/home/airflow/.local/lib/python3.12/site-packages/sqlalchemy/pool/base.py", line 388, in __init__
    self.__connect()
  File "/home/airflow/.local/lib/python3.12/site-packages/sqlalchemy/pool/base.py", line 690, in __connect
    with util.safe_reraise():
         ^^^^^^^^^^^^^^^^^^^
  File "/home/airflow/.local/lib/python3.12/site-packages/sqlalchemy/util/langhelpers.py", line 70, in __exit__
    compat.raise_(
  File "/home/airflow/.local/lib/python3.12/site-packages/sqlalchemy/util/compat.py", line 211, in raise_
    raise exception
  File "/home/airflow/.local/lib/python3.12/site-packages/sqlalchemy/pool/base.py", line 686, in __connect
    self.dbapi_connection = connection = pool._invoke_creator(self)
                                         ^^^^^^^^^^^^^^^^^^^^^^^^^^
  File "/home/airflow/.local/lib/python3.12/site-packages/sqlalchemy/engine/create.py", line 574, in connect
    return dialect.connect(*cargs, **cparams)
           ^^^^^^^^^^^^^^^^^^^^^^^^^^^^^^^^^^
  File "/home/airflow/.local/lib/python3.12/site-packages/sqlalchemy/engine/default.py", line 598, in connect
    return self.dbapi.connect(*cargs, **cparams)
           ^^^^^^^^^^^^^^^^^^^^^^^^^^^^^^^^^^^^^
  File "/home/airflow/.local/lib/python3.12/site-packages/psycopg2/__init__.py", line 122, in connect
    conn = _connect(dsn, connection_factory=connection_factory, **kwasync)
           ^^^^^^^^^^^^^^^^^^^^^^^^^^^^^^^^^^^^^^^^^^^^^^^^^^^^^^^^^^^^^^^
sqlalchemy.exc.OperationalError: (psycopg2.OperationalError) could not translate host name "postgres" to address: Temporary failure in name resolution

(Background on this error at: https://sqlalche.me/e/14/e3q8)
[2025-01-25T00:07:04.782+0000] {job.py:254} ERROR - Job heartbeat failed with error. Scheduler is in unhealthy state
[2025-01-25T00:07:09.833+0000] {job.py:229} INFO - Heartbeat recovered after 56.70 seconds
[2025-01-25T00:08:28.432+0000] {document_converter.py:257} INFO - Finished converting document 3106200_2024-11-27_7141-page-20-36.pdf in 160.12 sec.
[2025-01-25T00:08:28.545+0000] {logging_mixin.py:190} INFO - Saving in path: /usr/local/***/data/preprocessed_documents/3106200_2024-11-27_7141-page-20-36.md
[2025-01-25T00:08:28.575+0000] {document_converter.py:242} INFO - Going to convert document batch...
[2025-01-25T00:08:28.743+0000] {accelerator_utils.py:41} INFO - Accelerator device: 'cpu'
[2025-01-25T00:08:30.789+0000] {accelerator_utils.py:41} INFO - Accelerator device: 'cpu'
[2025-01-25T00:08:31.186+0000] {accelerator_utils.py:41} INFO - Accelerator device: 'cpu'
[2025-01-25T00:08:31.670+0000] {base_pipeline.py:38} INFO - Processing document 3106200_2024-11-28_7142-page-0-19.pdf
[2025-01-25T00:12:45.903+0000] {document_converter.py:257} INFO - Finished converting document 3106200_2024-11-28_7142-page-0-19.pdf in 257.36 sec.
[2025-01-25T00:12:46.191+0000] {logging_mixin.py:190} INFO - Saving in path: /usr/local/***/data/preprocessed_documents/3106200_2024-11-28_7142-page-0-19.md
[2025-01-25T00:12:46.226+0000] {document_converter.py:242} INFO - Going to convert document batch...
[2025-01-25T00:12:46.461+0000] {accelerator_utils.py:41} INFO - Accelerator device: 'cpu'
[2025-01-25T00:12:48.430+0000] {accelerator_utils.py:41} INFO - Accelerator device: 'cpu'
[2025-01-25T00:12:48.835+0000] {accelerator_utils.py:41} INFO - Accelerator device: 'cpu'
[2025-01-25T00:12:49.268+0000] {base_pipeline.py:38} INFO - Processing document 3106200_2024-11-28_7142-page-20-39.pdf
[2025-01-25T00:14:09.671+0000] {document_converter.py:257} INFO - Finished converting document 3106200_2024-11-28_7142-page-20-39.pdf in 83.48 sec.
[2025-01-25T00:14:09.749+0000] {logging_mixin.py:190} INFO - Saving in path: /usr/local/***/data/preprocessed_documents/3106200_2024-11-28_7142-page-20-39.md
[2025-01-25T00:14:09.777+0000] {document_converter.py:242} INFO - Going to convert document batch...
[2025-01-25T00:14:09.926+0000] {accelerator_utils.py:41} INFO - Accelerator device: 'cpu'
[2025-01-25T00:14:11.767+0000] {accelerator_utils.py:41} INFO - Accelerator device: 'cpu'
[2025-01-25T00:14:12.480+0000] {accelerator_utils.py:41} INFO - Accelerator device: 'cpu'
[2025-01-25T00:14:12.794+0000] {base_pipeline.py:38} INFO - Processing document 3106200_2024-11-28_7142-page-40-45.pdf
[2025-01-25T00:15:09.223+0000] {document_converter.py:257} INFO - Finished converting document 3106200_2024-11-28_7142-page-40-45.pdf in 59.47 sec.
[2025-01-25T00:15:09.291+0000] {logging_mixin.py:190} INFO - Saving in path: /usr/local/***/data/preprocessed_documents/3106200_2024-11-28_7142-page-40-45.md
[2025-01-25T00:15:09.326+0000] {document_converter.py:242} INFO - Going to convert document batch...
[2025-01-25T00:15:09.495+0000] {accelerator_utils.py:41} INFO - Accelerator device: 'cpu'
[2025-01-25T00:15:11.692+0000] {accelerator_utils.py:41} INFO - Accelerator device: 'cpu'
[2025-01-25T00:15:12.118+0000] {accelerator_utils.py:41} INFO - Accelerator device: 'cpu'
[2025-01-25T00:15:12.454+0000] {base_pipeline.py:38} INFO - Processing document 3106200_2024-11-29_7143-page-0-19.pdf
[2025-01-25T00:16:30.639+0000] {document_converter.py:257} INFO - Finished converting document 3106200_2024-11-29_7143-page-0-19.pdf in 81.34 sec.
[2025-01-25T00:16:30.724+0000] {logging_mixin.py:190} INFO - Saving in path: /usr/local/***/data/preprocessed_documents/3106200_2024-11-29_7143-page-0-19.md
[2025-01-25T00:16:30.757+0000] {document_converter.py:242} INFO - Going to convert document batch...
[2025-01-25T00:16:30.991+0000] {accelerator_utils.py:41} INFO - Accelerator device: 'cpu'
[2025-01-25T00:16:32.956+0000] {accelerator_utils.py:41} INFO - Accelerator device: 'cpu'
[2025-01-25T00:16:33.395+0000] {accelerator_utils.py:41} INFO - Accelerator device: 'cpu'
[2025-01-25T00:16:33.742+0000] {base_pipeline.py:38} INFO - Processing document 3106200_2024-11-29_7143-page-20-38.pdf
[2025-01-25T00:18:23.071+0000] {document_converter.py:257} INFO - Finished converting document 3106200_2024-11-29_7143-page-20-38.pdf in 112.34 sec.
[2025-01-25T00:18:23.194+0000] {logging_mixin.py:190} INFO - Saving in path: /usr/local/***/data/preprocessed_documents/3106200_2024-11-29_7143-page-20-38.md
[2025-01-25T00:18:23.262+0000] {document_converter.py:242} INFO - Going to convert document batch...
[2025-01-25T00:18:23.419+0000] {accelerator_utils.py:41} INFO - Accelerator device: 'cpu'
[2025-01-25T00:18:25.427+0000] {accelerator_utils.py:41} INFO - Accelerator device: 'cpu'
[2025-01-25T00:18:25.814+0000] {accelerator_utils.py:41} INFO - Accelerator device: 'cpu'
[2025-01-25T00:18:26.131+0000] {base_pipeline.py:38} INFO - Processing document 3106200_2024-11-30_7144-page-0-19.pdf
[2025-01-25T00:19:43.722+0000] {document_converter.py:257} INFO - Finished converting document 3106200_2024-11-30_7144-page-0-19.pdf in 80.51 sec.
[2025-01-25T00:19:43.817+0000] {logging_mixin.py:190} INFO - Saving in path: /usr/local/***/data/preprocessed_documents/3106200_2024-11-30_7144-page-0-19.md
[2025-01-25T00:19:43.844+0000] {document_converter.py:242} INFO - Going to convert document batch...
[2025-01-25T00:19:43.997+0000] {accelerator_utils.py:41} INFO - Accelerator device: 'cpu'
[2025-01-25T00:19:46.036+0000] {accelerator_utils.py:41} INFO - Accelerator device: 'cpu'
[2025-01-25T00:19:46.460+0000] {accelerator_utils.py:41} INFO - Accelerator device: 'cpu'
[2025-01-25T00:19:46.824+0000] {base_pipeline.py:38} INFO - Processing document 3106200_2024-11-30_7144-page-20-37.pdf
[2025-01-25T00:21:40.133+0000] {local_task_job_runner.py:266} INFO - Task exited with return code -9For more information, see https://***.apache.org/docs/apache-***/stable/troubleshooting.html#LocalTaskJob-killed
[2025-01-25T00:21:40.167+0000] {taskinstance.py:3900} INFO - 0 downstream tasks scheduled from follow-on schedule check
[2025-01-25T00:21:40.169+0000] {local_task_job_runner.py:245} INFO - ::endgroup::
