[2025-01-25T10:56:08.364+0000] {local_task_job_runner.py:123} INFO - ::group::Pre task execution logs
[2025-01-25T10:56:08.380+0000] {taskinstance.py:2612} INFO - Dependencies all met for dep_context=non-requeueable deps ti=<TaskInstance: pull_gazettes_data.preprocess_documents_task scheduled__2025-01-24T00:00:00+00:00 [queued]>
[2025-01-25T10:56:08.389+0000] {taskinstance.py:2612} INFO - Dependencies all met for dep_context=requeueable deps ti=<TaskInstance: pull_gazettes_data.preprocess_documents_task scheduled__2025-01-24T00:00:00+00:00 [queued]>
[2025-01-25T10:56:08.390+0000] {taskinstance.py:2865} INFO - Starting attempt 24 of 25
[2025-01-25T10:56:08.402+0000] {taskinstance.py:2888} INFO - Executing <Task(PreprocessDocuments): preprocess_documents_task> on 2025-01-24 00:00:00+00:00
[2025-01-25T10:56:08.419+0000] {warnings.py:112} WARNING - /home/***/.local/lib/python3.12/site-packages/***/task/task_runner/standard_task_runner.py:70: DeprecationWarning: This process (pid=1197) is multi-threaded, use of fork() may lead to deadlocks in the child.
  pid = os.fork()

[2025-01-25T10:56:08.420+0000] {standard_task_runner.py:72} INFO - Started process 1210 to run task
[2025-01-25T10:56:08.421+0000] {standard_task_runner.py:104} INFO - Running: ['***', 'tasks', 'run', 'pull_gazettes_data', 'preprocess_documents_task', 'scheduled__2025-01-24T00:00:00+00:00', '--job-id', '72', '--raw', '--subdir', 'DAGS_FOLDER/dag_script.py', '--cfg-path', '/tmp/tmp7vgpgoht']
[2025-01-25T10:56:08.423+0000] {standard_task_runner.py:105} INFO - Job 72: Subtask preprocess_documents_task
[2025-01-25T10:56:08.464+0000] {task_command.py:467} INFO - Running <TaskInstance: pull_gazettes_data.preprocess_documents_task scheduled__2025-01-24T00:00:00+00:00 [running]> on host 41bcec3d818b
[2025-01-25T10:56:08.527+0000] {taskinstance.py:3131} INFO - Exporting env vars: AIRFLOW_CTX_DAG_EMAIL='***@example.com' AIRFLOW_CTX_DAG_OWNER='***' AIRFLOW_CTX_DAG_ID='pull_gazettes_data' AIRFLOW_CTX_TASK_ID='preprocess_documents_task' AIRFLOW_CTX_EXECUTION_DATE='2025-01-24T00:00:00+00:00' AIRFLOW_CTX_TRY_NUMBER='24' AIRFLOW_CTX_DAG_RUN_ID='scheduled__2025-01-24T00:00:00+00:00'
[2025-01-25T10:56:08.529+0000] {taskinstance.py:731} INFO - ::endgroup::
[2025-01-25T10:56:08.546+0000] {logging_mixin.py:190} INFO - Checking pre processed documents log
[2025-01-25T10:56:08.555+0000] {logging_mixin.py:190} INFO - Breaking down pdf 3106200_2024-11-26_7140.pdf into multiple PDF single pages
[2025-01-25T10:56:08.728+0000] {logging_mixin.py:190} INFO - File 3106200_2024-11-26_7140-page-2-2.pdf already broken down into
[2025-01-25T10:56:08.729+0000] {logging_mixin.py:190} INFO - File 3106200_2024-11-26_7140-page-3-3.pdf already broken down into
[2025-01-25T10:56:08.729+0000] {logging_mixin.py:190} INFO - File 3106200_2024-11-26_7140-page-4-4.pdf already broken down into
[2025-01-25T10:56:08.730+0000] {logging_mixin.py:190} INFO - File 3106200_2024-11-26_7140-page-5-5.pdf already broken down into
[2025-01-25T10:56:08.730+0000] {logging_mixin.py:190} INFO - File 3106200_2024-11-26_7140-page-6-6.pdf already broken down into
[2025-01-25T10:56:08.730+0000] {logging_mixin.py:190} INFO - File 3106200_2024-11-26_7140-page-7-7.pdf already broken down into
[2025-01-25T10:56:08.731+0000] {logging_mixin.py:190} INFO - File 3106200_2024-11-26_7140-page-8-8.pdf already broken down into
[2025-01-25T10:56:08.731+0000] {logging_mixin.py:190} INFO - File 3106200_2024-11-26_7140-page-9-9.pdf already broken down into
[2025-01-25T10:56:08.732+0000] {logging_mixin.py:190} INFO - File 3106200_2024-11-26_7140-page-10-10.pdf already broken down into
[2025-01-25T10:56:08.732+0000] {logging_mixin.py:190} INFO - File 3106200_2024-11-26_7140-page-11-11.pdf already broken down into
[2025-01-25T10:56:08.732+0000] {logging_mixin.py:190} INFO - File 3106200_2024-11-26_7140-page-12-12.pdf already broken down into
[2025-01-25T10:56:08.733+0000] {logging_mixin.py:190} INFO - File 3106200_2024-11-26_7140-page-13-13.pdf already broken down into
[2025-01-25T10:56:08.733+0000] {logging_mixin.py:190} INFO - File 3106200_2024-11-26_7140-page-14-14.pdf already broken down into
[2025-01-25T10:56:08.733+0000] {logging_mixin.py:190} INFO - File 3106200_2024-11-26_7140-page-15-15.pdf already broken down into
[2025-01-25T10:56:08.734+0000] {logging_mixin.py:190} INFO - File 3106200_2024-11-26_7140-page-16-16.pdf already broken down into
[2025-01-25T10:56:08.734+0000] {logging_mixin.py:190} INFO - File 3106200_2024-11-26_7140-page-17-17.pdf already broken down into
[2025-01-25T10:56:08.734+0000] {logging_mixin.py:190} INFO - File 3106200_2024-11-26_7140-page-18-18.pdf already broken down into
[2025-01-25T10:56:08.735+0000] {logging_mixin.py:190} INFO - File 3106200_2024-11-26_7140-page-19-19.pdf already broken down into
[2025-01-25T10:56:08.735+0000] {logging_mixin.py:190} INFO - File 3106200_2024-11-26_7140-page-20-20.pdf already broken down into
[2025-01-25T10:56:08.736+0000] {logging_mixin.py:190} INFO - File 3106200_2024-11-26_7140-page-21-21.pdf already broken down into
[2025-01-25T10:56:08.736+0000] {logging_mixin.py:190} INFO - File 3106200_2024-11-26_7140-page-22-22.pdf already broken down into
[2025-01-25T10:56:08.737+0000] {logging_mixin.py:190} INFO - File 3106200_2024-11-26_7140-page-23-23.pdf already broken down into
[2025-01-25T10:56:08.737+0000] {logging_mixin.py:190} INFO - File 3106200_2024-11-26_7140-page-24-24.pdf already broken down into
[2025-01-25T10:56:08.737+0000] {logging_mixin.py:190} INFO - File 3106200_2024-11-26_7140-page-25-25.pdf already broken down into
[2025-01-25T10:56:08.738+0000] {logging_mixin.py:190} INFO - File 3106200_2024-11-26_7140-page-26-26.pdf already broken down into
[2025-01-25T10:56:08.738+0000] {logging_mixin.py:190} INFO - File 3106200_2024-11-26_7140-page-27-27.pdf already broken down into
[2025-01-25T10:56:08.738+0000] {logging_mixin.py:190} INFO - File 3106200_2024-11-26_7140-page-28-28.pdf already broken down into
[2025-01-25T10:56:08.739+0000] {logging_mixin.py:190} INFO - File 3106200_2024-11-26_7140-page-29-29.pdf already broken down into
[2025-01-25T10:56:08.739+0000] {logging_mixin.py:190} INFO - File 3106200_2024-11-26_7140-page-30-30.pdf already broken down into
[2025-01-25T10:56:08.740+0000] {logging_mixin.py:190} INFO - File 3106200_2024-11-26_7140-page-31-31.pdf already broken down into
[2025-01-25T10:56:08.740+0000] {logging_mixin.py:190} INFO - File 3106200_2024-11-26_7140-page-32-32.pdf already broken down into
[2025-01-25T10:56:08.744+0000] {logging_mixin.py:190} INFO - Empty DataFrame
Columns: [file_uuid, file_uuid_breakdown, etl_timestamp]
Index: [] file_uuid_breakdown
[2025-01-25T10:56:08.829+0000] {document_converter.py:242} INFO - Going to convert document batch...
[2025-01-25T10:56:09.150+0000] {accelerator_utils.py:41} INFO - Accelerator device: 'cpu'
[2025-01-25T10:56:11.325+0000] {accelerator_utils.py:41} INFO - Accelerator device: 'cpu'
[2025-01-25T10:56:11.867+0000] {accelerator_utils.py:41} INFO - Accelerator device: 'cpu'
[2025-01-25T10:56:12.315+0000] {base_pipeline.py:38} INFO - Processing document 3106200_2024-11-26_7140-page-0-0.pdf
[2025-01-25T10:56:13.922+0000] {document_converter.py:257} INFO - Finished converting document 3106200_2024-11-26_7140-page-0-0.pdf in 5.17 sec.
[2025-01-25T10:56:13.930+0000] {logging_mixin.py:190} INFO - Saving in path: /usr/local/***/data/preprocessed_documents/3106200_2024-11-26_7140-page-0-0.md
[2025-01-25T10:56:13.944+0000] {logging_mixin.py:190} INFO -                  file_uuid  ...              etl_timestamp
0  3106200_2024-11-26_7140  ... 2025-01-25 10:56:13.927194

[1 rows x 3 columns] file_uuid_breakdown
[2025-01-25T10:56:13.952+0000] {document_converter.py:242} INFO - Going to convert document batch...
[2025-01-25T10:56:14.110+0000] {accelerator_utils.py:41} INFO - Accelerator device: 'cpu'
[2025-01-25T10:56:16.096+0000] {accelerator_utils.py:41} INFO - Accelerator device: 'cpu'
[2025-01-25T10:56:16.483+0000] {accelerator_utils.py:41} INFO - Accelerator device: 'cpu'
[2025-01-25T10:56:16.804+0000] {base_pipeline.py:38} INFO - Processing document 3106200_2024-11-26_7140-page-1-1.pdf
[2025-01-25T10:56:18.146+0000] {document_converter.py:257} INFO - Finished converting document 3106200_2024-11-26_7140-page-1-1.pdf in 4.20 sec.
[2025-01-25T10:56:18.151+0000] {logging_mixin.py:190} INFO - Saving in path: /usr/local/***/data/preprocessed_documents/3106200_2024-11-26_7140-page-1-1.md
[2025-01-25T10:56:18.161+0000] {logging_mixin.py:190} INFO -                  file_uuid  ...              etl_timestamp
0  3106200_2024-11-26_7140  ... 2025-01-25 10:56:13.927194
0  3106200_2024-11-26_7140  ... 2025-01-25 10:56:18.150217

[2 rows x 3 columns] file_uuid_breakdown
[2025-01-25T10:56:18.170+0000] {document_converter.py:242} INFO - Going to convert document batch...
[2025-01-25T10:56:18.326+0000] {accelerator_utils.py:41} INFO - Accelerator device: 'cpu'
[2025-01-25T10:56:20.314+0000] {accelerator_utils.py:41} INFO - Accelerator device: 'cpu'
[2025-01-25T10:56:21.148+0000] {accelerator_utils.py:41} INFO - Accelerator device: 'cpu'
[2025-01-25T10:56:21.470+0000] {base_pipeline.py:38} INFO - Processing document 3106200_2024-11-26_7140-page-2-2.pdf
[2025-01-25T10:56:24.984+0000] {local_task_job_runner.py:266} INFO - Task exited with return code -9For more information, see https://***.apache.org/docs/apache-***/stable/troubleshooting.html#LocalTaskJob-killed
[2025-01-25T10:56:25.039+0000] {taskinstance.py:3900} INFO - 0 downstream tasks scheduled from follow-on schedule check
[2025-01-25T10:56:25.044+0000] {local_task_job_runner.py:245} INFO - ::endgroup::
