[2025-01-21T01:19:38.946+0000] {local_task_job_runner.py:123} INFO - ::group::Pre task execution logs
[2025-01-21T01:19:38.969+0000] {taskinstance.py:2612} INFO - Dependencies all met for dep_context=non-requeueable deps ti=<TaskInstance: pull_gazettes_data.preprocess_documents_task manual__2025-01-21T01:19:07.999911+00:00 [queued]>
[2025-01-21T01:19:38.986+0000] {taskinstance.py:2612} INFO - Dependencies all met for dep_context=requeueable deps ti=<TaskInstance: pull_gazettes_data.preprocess_documents_task manual__2025-01-21T01:19:07.999911+00:00 [queued]>
[2025-01-21T01:19:38.988+0000] {taskinstance.py:2865} INFO - Starting attempt 1 of 2
[2025-01-21T01:19:39.002+0000] {taskinstance.py:2888} INFO - Executing <Task(PreprocessDocuments): preprocess_documents_task> on 2025-01-21 01:19:07.999911+00:00
[2025-01-21T01:19:39.022+0000] {warnings.py:112} WARNING - /home/***/.local/lib/python3.12/site-packages/***/task/task_runner/standard_task_runner.py:70: DeprecationWarning: This process (pid=427) is multi-threaded, use of fork() may lead to deadlocks in the child.
  pid = os.fork()

[2025-01-21T01:19:39.024+0000] {standard_task_runner.py:72} INFO - Started process 451 to run task
[2025-01-21T01:19:39.024+0000] {standard_task_runner.py:104} INFO - Running: ['***', 'tasks', 'run', 'pull_gazettes_data', 'preprocess_documents_task', 'manual__2025-01-21T01:19:07.999911+00:00', '--job-id', '6', '--raw', '--subdir', 'DAGS_FOLDER/dag_script.py', '--cfg-path', '/tmp/tmpnlhlaj8a']
[2025-01-21T01:19:39.026+0000] {standard_task_runner.py:105} INFO - Job 6: Subtask preprocess_documents_task
[2025-01-21T01:19:39.070+0000] {task_command.py:467} INFO - Running <TaskInstance: pull_gazettes_data.preprocess_documents_task manual__2025-01-21T01:19:07.999911+00:00 [running]> on host 518c18046a40
[2025-01-21T01:19:39.162+0000] {taskinstance.py:3131} INFO - Exporting env vars: AIRFLOW_CTX_DAG_EMAIL='***@example.com' AIRFLOW_CTX_DAG_OWNER='***' AIRFLOW_CTX_DAG_ID='pull_gazettes_data' AIRFLOW_CTX_TASK_ID='preprocess_documents_task' AIRFLOW_CTX_EXECUTION_DATE='2025-01-21T01:19:07.999911+00:00' AIRFLOW_CTX_TRY_NUMBER='1' AIRFLOW_CTX_DAG_RUN_ID='manual__2025-01-21T01:19:07.999911+00:00'
[2025-01-21T01:19:39.163+0000] {taskinstance.py:731} INFO - ::endgroup::
[2025-01-21T01:19:39.177+0000] {logging_mixin.py:190} INFO - Checking pre processed documents log
[2025-01-21T01:19:39.182+0000] {logging_mixin.py:190} INFO - Already preprocessed documents: set()
[2025-01-21T01:19:39.185+0000] {logging_mixin.py:190} INFO - Length of results: 0
[2025-01-21T01:19:39.204+0000] {taskinstance.py:340} INFO - ::group::Post task execution logs
[2025-01-21T01:19:39.205+0000] {taskinstance.py:352} INFO - Marking task as SUCCESS. dag_id=pull_gazettes_data, task_id=preprocess_documents_task, run_id=manual__2025-01-21T01:19:07.999911+00:00, execution_date=20250121T011907, start_date=20250121T011938, end_date=20250121T011939
[2025-01-21T01:19:39.239+0000] {local_task_job_runner.py:266} INFO - Task exited with return code 0
[2025-01-21T01:19:39.267+0000] {taskinstance.py:3900} INFO - 3 downstream tasks scheduled from follow-on schedule check
[2025-01-21T01:19:39.270+0000] {local_task_job_runner.py:245} INFO - ::endgroup::
