[2025-01-21T23:04:45.424+0000] {local_task_job_runner.py:123} INFO - ::group::Pre task execution logs
[2025-01-21T23:04:45.445+0000] {taskinstance.py:2612} INFO - Dependencies all met for dep_context=non-requeueable deps ti=<TaskInstance: pull_gazettes_data.preprocess_documents_task manual__2025-01-21T01:21:40.948604+00:00 [queued]>
[2025-01-21T23:04:45.455+0000] {taskinstance.py:2612} INFO - Dependencies all met for dep_context=requeueable deps ti=<TaskInstance: pull_gazettes_data.preprocess_documents_task manual__2025-01-21T01:21:40.948604+00:00 [queued]>
[2025-01-21T23:04:45.456+0000] {taskinstance.py:2865} INFO - Starting attempt 4 of 5
[2025-01-21T23:04:45.472+0000] {taskinstance.py:2888} INFO - Executing <Task(PreprocessDocuments): preprocess_documents_task> on 2025-01-21 01:21:40.948604+00:00
[2025-01-21T23:04:45.484+0000] {warnings.py:112} WARNING - /home/***/.local/lib/python3.12/site-packages/***/task/task_runner/standard_task_runner.py:70: DeprecationWarning: This process (pid=157) is multi-threaded, use of fork() may lead to deadlocks in the child.
  pid = os.fork()

[2025-01-21T23:04:45.486+0000] {standard_task_runner.py:72} INFO - Started process 188 to run task
[2025-01-21T23:04:45.486+0000] {standard_task_runner.py:104} INFO - Running: ['***', 'tasks', 'run', 'pull_gazettes_data', 'preprocess_documents_task', 'manual__2025-01-21T01:21:40.948604+00:00', '--job-id', '22', '--raw', '--subdir', 'DAGS_FOLDER/dag_script.py', '--cfg-path', '/tmp/tmpwf3_04xx']
[2025-01-21T23:04:45.489+0000] {standard_task_runner.py:105} INFO - Job 22: Subtask preprocess_documents_task
[2025-01-21T23:04:45.530+0000] {task_command.py:467} INFO - Running <TaskInstance: pull_gazettes_data.preprocess_documents_task manual__2025-01-21T01:21:40.948604+00:00 [running]> on host 518c18046a40
[2025-01-21T23:04:45.596+0000] {taskinstance.py:3131} INFO - Exporting env vars: AIRFLOW_CTX_DAG_EMAIL='***@example.com' AIRFLOW_CTX_DAG_OWNER='***' AIRFLOW_CTX_DAG_ID='pull_gazettes_data' AIRFLOW_CTX_TASK_ID='preprocess_documents_task' AIRFLOW_CTX_EXECUTION_DATE='2025-01-21T01:21:40.948604+00:00' AIRFLOW_CTX_TRY_NUMBER='4' AIRFLOW_CTX_DAG_RUN_ID='manual__2025-01-21T01:21:40.948604+00:00'
[2025-01-21T23:04:45.597+0000] {taskinstance.py:731} INFO - ::endgroup::
[2025-01-21T23:04:45.614+0000] {logging_mixin.py:190} INFO - Checking pre processed documents log
[2025-01-21T23:04:45.627+0000] {logging_mixin.py:190} INFO - Already preprocessed documents: set()
[2025-01-21T23:04:45.760+0000] {document_converter.py:238} INFO - Going to convert document batch...
[2025-01-21T23:04:46.057+0000] {accelerator_utils.py:41} INFO - Accelerator device: 'cpu'
[2025-01-21T23:04:48.234+0000] {accelerator_utils.py:41} INFO - Accelerator device: 'cpu'
[2025-01-21T23:04:48.838+0000] {accelerator_utils.py:41} INFO - Accelerator device: 'cpu'
[2025-01-21T23:04:49.346+0000] {base_pipeline.py:37} INFO - Processing document 3106200_2024-11-22_7138.pdf
[2025-01-21T23:07:43.154+0000] {document_converter.py:253} INFO - Finished converting document 3106200_2024-11-22_7138.pdf in 177.53 sec.
[2025-01-21T23:07:43.389+0000] {document_converter.py:238} INFO - Going to convert document batch...
[2025-01-21T23:07:43.624+0000] {accelerator_utils.py:41} INFO - Accelerator device: 'cpu'
[2025-01-21T23:07:45.665+0000] {accelerator_utils.py:41} INFO - Accelerator device: 'cpu'
[2025-01-21T23:07:46.071+0000] {accelerator_utils.py:41} INFO - Accelerator device: 'cpu'
[2025-01-21T23:07:46.510+0000] {base_pipeline.py:37} INFO - Processing document 3106200_2024-11-23_7139.pdf
[2025-01-21T23:09:26.516+0000] {document_converter.py:253} INFO - Finished converting document 3106200_2024-11-23_7139.pdf in 103.16 sec.
[2025-01-21T23:09:26.677+0000] {document_converter.py:238} INFO - Going to convert document batch...
[2025-01-21T23:09:26.835+0000] {accelerator_utils.py:41} INFO - Accelerator device: 'cpu'
[2025-01-21T23:09:28.802+0000] {accelerator_utils.py:41} INFO - Accelerator device: 'cpu'
[2025-01-21T23:09:29.227+0000] {accelerator_utils.py:41} INFO - Accelerator device: 'cpu'
[2025-01-21T23:09:29.559+0000] {base_pipeline.py:37} INFO - Processing document 3106200_2024-11-26_7140.pdf
[2025-01-21T23:09:36.625+0000] {local_task_job_runner.py:266} INFO - Task exited with return code -9For more information, see https://***.apache.org/docs/apache-***/stable/troubleshooting.html#LocalTaskJob-killed
[2025-01-21T23:09:36.764+0000] {taskinstance.py:3900} INFO - 0 downstream tasks scheduled from follow-on schedule check
[2025-01-21T23:09:36.767+0000] {local_task_job_runner.py:245} INFO - ::endgroup::
