[2025-01-21T01:22:30.384+0000] {local_task_job_runner.py:123} INFO - ::group::Pre task execution logs
[2025-01-21T01:22:30.401+0000] {taskinstance.py:2612} INFO - Dependencies all met for dep_context=non-requeueable deps ti=<TaskInstance: pull_gazettes_data.preprocess_documents_task manual__2025-01-21T01:21:40.948604+00:00 [queued]>
[2025-01-21T01:22:30.411+0000] {taskinstance.py:2612} INFO - Dependencies all met for dep_context=requeueable deps ti=<TaskInstance: pull_gazettes_data.preprocess_documents_task manual__2025-01-21T01:21:40.948604+00:00 [queued]>
[2025-01-21T01:22:30.412+0000] {taskinstance.py:2865} INFO - Starting attempt 1 of 2
[2025-01-21T01:22:30.424+0000] {taskinstance.py:2888} INFO - Executing <Task(PreprocessDocuments): preprocess_documents_task> on 2025-01-21 01:21:40.948604+00:00
[2025-01-21T01:22:30.441+0000] {warnings.py:112} WARNING - /home/***/.local/lib/python3.12/site-packages/***/task/task_runner/standard_task_runner.py:70: DeprecationWarning: This process (pid=618) is multi-threaded, use of fork() may lead to deadlocks in the child.
  pid = os.fork()

[2025-01-21T01:22:30.443+0000] {standard_task_runner.py:72} INFO - Started process 631 to run task
[2025-01-21T01:22:30.443+0000] {standard_task_runner.py:104} INFO - Running: ['***', 'tasks', 'run', 'pull_gazettes_data', 'preprocess_documents_task', 'manual__2025-01-21T01:21:40.948604+00:00', '--job-id', '12', '--raw', '--subdir', 'DAGS_FOLDER/dag_script.py', '--cfg-path', '/tmp/tmptm5av46x']
[2025-01-21T01:22:30.445+0000] {standard_task_runner.py:105} INFO - Job 12: Subtask preprocess_documents_task
[2025-01-21T01:22:30.485+0000] {task_command.py:467} INFO - Running <TaskInstance: pull_gazettes_data.preprocess_documents_task manual__2025-01-21T01:21:40.948604+00:00 [running]> on host 518c18046a40
[2025-01-21T01:22:30.558+0000] {taskinstance.py:3131} INFO - Exporting env vars: AIRFLOW_CTX_DAG_EMAIL='***@example.com' AIRFLOW_CTX_DAG_OWNER='***' AIRFLOW_CTX_DAG_ID='pull_gazettes_data' AIRFLOW_CTX_TASK_ID='preprocess_documents_task' AIRFLOW_CTX_EXECUTION_DATE='2025-01-21T01:21:40.948604+00:00' AIRFLOW_CTX_TRY_NUMBER='1' AIRFLOW_CTX_DAG_RUN_ID='manual__2025-01-21T01:21:40.948604+00:00'
[2025-01-21T01:22:30.560+0000] {taskinstance.py:731} INFO - ::endgroup::
[2025-01-21T01:22:30.575+0000] {logging_mixin.py:190} INFO - Checking pre processed documents log
[2025-01-21T01:22:30.586+0000] {logging_mixin.py:190} INFO - Already preprocessed documents: set()
[2025-01-21T01:22:30.721+0000] {document_converter.py:238} INFO - Going to convert document batch...
[2025-01-21T01:22:45.782+0000] {accelerator_utils.py:41} INFO - Accelerator device: 'cpu'
[2025-01-21T01:22:45.786+0000] {easyocr.py:251} WARNING - Downloading detection model, please wait. This may take several minutes depending upon your network connection.
[2025-01-21T01:22:49.745+0000] {easyocr.py:255} INFO - Download complete
[2025-01-21T01:22:49.746+0000] {easyocr.py:176} WARNING - Downloading recognition model, please wait. This may take several minutes depending upon your network connection.
[2025-01-21T01:22:51.182+0000] {easyocr.py:180} INFO - Download complete.
[2025-01-21T01:22:53.262+0000] {accelerator_utils.py:41} INFO - Accelerator device: 'cpu'
[2025-01-21T01:22:53.797+0000] {accelerator_utils.py:41} INFO - Accelerator device: 'cpu'
[2025-01-21T01:22:54.200+0000] {base_pipeline.py:37} INFO - Processing document 3106200_2024-11-22_7138.pdf
[2025-01-21T01:25:58.711+0000] {document_converter.py:253} INFO - Finished converting document 3106200_2024-11-22_7138.pdf in 208.13 sec.
[2025-01-21T01:25:58.976+0000] {document_converter.py:238} INFO - Going to convert document batch...
[2025-01-21T01:25:59.147+0000] {accelerator_utils.py:41} INFO - Accelerator device: 'cpu'
[2025-01-21T01:26:01.458+0000] {accelerator_utils.py:41} INFO - Accelerator device: 'cpu'
[2025-01-21T01:26:01.904+0000] {accelerator_utils.py:41} INFO - Accelerator device: 'cpu'
[2025-01-21T01:26:02.430+0000] {base_pipeline.py:37} INFO - Processing document 3106200_2024-11-23_7139.pdf
[2025-01-21T01:27:45.508+0000] {document_converter.py:253} INFO - Finished converting document 3106200_2024-11-23_7139.pdf in 106.57 sec.
[2025-01-21T01:27:45.652+0000] {document_converter.py:238} INFO - Going to convert document batch...
[2025-01-21T01:27:45.803+0000] {accelerator_utils.py:41} INFO - Accelerator device: 'cpu'
[2025-01-21T01:27:47.832+0000] {accelerator_utils.py:41} INFO - Accelerator device: 'cpu'
[2025-01-21T01:27:48.262+0000] {accelerator_utils.py:41} INFO - Accelerator device: 'cpu'
[2025-01-21T01:27:48.592+0000] {base_pipeline.py:37} INFO - Processing document 3106200_2024-11-26_7140.pdf
[2025-01-21T01:28:08.963+0000] {job.py:229} INFO - Heartbeat recovered after 15.21 seconds
[2025-01-21T01:28:08.975+0000] {local_task_job_runner.py:266} INFO - Task exited with return code -9For more information, see https://***.apache.org/docs/apache-***/stable/troubleshooting.html#LocalTaskJob-killed
[2025-01-21T01:28:09.030+0000] {taskinstance.py:3900} INFO - 0 downstream tasks scheduled from follow-on schedule check
[2025-01-21T01:28:09.033+0000] {local_task_job_runner.py:245} INFO - ::endgroup::
