[2025-01-21T01:40:40.440+0000] {local_task_job_runner.py:123} INFO - ::group::Pre task execution logs
[2025-01-21T01:40:40.463+0000] {taskinstance.py:2612} INFO - Dependencies all met for dep_context=non-requeueable deps ti=<TaskInstance: pull_gazettes_data.preprocess_documents_task manual__2025-01-21T01:21:40.948604+00:00 [queued]>
[2025-01-21T01:40:40.475+0000] {taskinstance.py:2612} INFO - Dependencies all met for dep_context=requeueable deps ti=<TaskInstance: pull_gazettes_data.preprocess_documents_task manual__2025-01-21T01:21:40.948604+00:00 [queued]>
[2025-01-21T01:40:40.476+0000] {taskinstance.py:2865} INFO - Starting attempt 3 of 3
[2025-01-21T01:40:40.490+0000] {taskinstance.py:2888} INFO - Executing <Task(PreprocessDocuments): preprocess_documents_task> on 2025-01-21 01:21:40.948604+00:00
[2025-01-21T01:40:40.509+0000] {warnings.py:112} WARNING - /home/***/.local/lib/python3.12/site-packages/***/task/task_runner/standard_task_runner.py:70: DeprecationWarning: This process (pid=1372) is multi-threaded, use of fork() may lead to deadlocks in the child.
  pid = os.fork()

[2025-01-21T01:40:40.511+0000] {standard_task_runner.py:72} INFO - Started process 1385 to run task
[2025-01-21T01:40:40.511+0000] {standard_task_runner.py:104} INFO - Running: ['***', 'tasks', 'run', 'pull_gazettes_data', 'preprocess_documents_task', 'manual__2025-01-21T01:21:40.948604+00:00', '--job-id', '19', '--raw', '--subdir', 'DAGS_FOLDER/dag_script.py', '--cfg-path', '/tmp/tmpq7gfx5t9']
[2025-01-21T01:40:40.514+0000] {standard_task_runner.py:105} INFO - Job 19: Subtask preprocess_documents_task
[2025-01-21T01:40:40.567+0000] {task_command.py:467} INFO - Running <TaskInstance: pull_gazettes_data.preprocess_documents_task manual__2025-01-21T01:21:40.948604+00:00 [running]> on host 518c18046a40
[2025-01-21T01:40:40.648+0000] {taskinstance.py:3131} INFO - Exporting env vars: AIRFLOW_CTX_DAG_EMAIL='***@example.com' AIRFLOW_CTX_DAG_OWNER='***' AIRFLOW_CTX_DAG_ID='pull_gazettes_data' AIRFLOW_CTX_TASK_ID='preprocess_documents_task' AIRFLOW_CTX_EXECUTION_DATE='2025-01-21T01:21:40.948604+00:00' AIRFLOW_CTX_TRY_NUMBER='3' AIRFLOW_CTX_DAG_RUN_ID='manual__2025-01-21T01:21:40.948604+00:00'
[2025-01-21T01:40:40.650+0000] {taskinstance.py:731} INFO - ::endgroup::
[2025-01-21T01:40:40.674+0000] {logging_mixin.py:190} INFO - Checking pre processed documents log
[2025-01-21T01:40:40.691+0000] {logging_mixin.py:190} INFO - Already preprocessed documents: set()
[2025-01-21T01:40:40.838+0000] {document_converter.py:238} INFO - Going to convert document batch...
[2025-01-21T01:40:41.264+0000] {accelerator_utils.py:41} INFO - Accelerator device: 'cpu'
[2025-01-21T01:40:44.085+0000] {accelerator_utils.py:41} INFO - Accelerator device: 'cpu'
[2025-01-21T01:40:44.795+0000] {accelerator_utils.py:41} INFO - Accelerator device: 'cpu'
[2025-01-21T01:40:45.350+0000] {base_pipeline.py:37} INFO - Processing document 3106200_2024-11-22_7138.pdf
[2025-01-21T01:44:20.799+0000] {document_converter.py:253} INFO - Finished converting document 3106200_2024-11-22_7138.pdf in 220.11 sec.
[2025-01-21T01:44:21.069+0000] {document_converter.py:238} INFO - Going to convert document batch...
[2025-01-21T01:44:21.249+0000] {accelerator_utils.py:41} INFO - Accelerator device: 'cpu'
[2025-01-21T01:44:24.036+0000] {accelerator_utils.py:41} INFO - Accelerator device: 'cpu'
[2025-01-21T01:44:24.536+0000] {accelerator_utils.py:41} INFO - Accelerator device: 'cpu'
[2025-01-21T01:44:25.023+0000] {base_pipeline.py:37} INFO - Processing document 3106200_2024-11-23_7139.pdf
[2025-01-21T01:46:29.907+0000] {document_converter.py:253} INFO - Finished converting document 3106200_2024-11-23_7139.pdf in 128.90 sec.
[2025-01-21T01:46:30.088+0000] {document_converter.py:238} INFO - Going to convert document batch...
[2025-01-21T01:46:30.285+0000] {accelerator_utils.py:41} INFO - Accelerator device: 'cpu'
[2025-01-21T01:46:32.615+0000] {accelerator_utils.py:41} INFO - Accelerator device: 'cpu'
[2025-01-21T01:46:33.251+0000] {accelerator_utils.py:41} INFO - Accelerator device: 'cpu'
[2025-01-21T01:46:33.672+0000] {base_pipeline.py:37} INFO - Processing document 3106200_2024-11-26_7140.pdf
[2025-01-21T01:46:41.367+0000] {local_task_job_runner.py:266} INFO - Task exited with return code -9For more information, see https://***.apache.org/docs/apache-***/stable/troubleshooting.html#LocalTaskJob-killed
[2025-01-21T01:46:41.457+0000] {taskinstance.py:3900} INFO - 0 downstream tasks scheduled from follow-on schedule check
[2025-01-21T01:46:41.459+0000] {local_task_job_runner.py:245} INFO - ::endgroup::
