[2025-02-01T00:02:03.780+0000] {local_task_job_runner.py:123} INFO - ::group::Pre task execution logs
[2025-02-01T00:02:03.799+0000] {taskinstance.py:2612} INFO - Dependencies all met for dep_context=non-requeueable deps ti=<TaskInstance: pull_gazettes_data.generate_indexes_task scheduled__2025-01-31T00:00:00+00:00 [queued]>
[2025-02-01T00:02:03.808+0000] {taskinstance.py:2612} INFO - Dependencies all met for dep_context=requeueable deps ti=<TaskInstance: pull_gazettes_data.generate_indexes_task scheduled__2025-01-31T00:00:00+00:00 [queued]>
[2025-02-01T00:02:03.809+0000] {taskinstance.py:2865} INFO - Starting attempt 1 of 2
[2025-02-01T00:02:03.821+0000] {taskinstance.py:2888} INFO - Executing <Task(GenerateIndexTask): generate_indexes_task> on 2025-01-31 00:00:00+00:00
[2025-02-01T00:02:03.830+0000] {warnings.py:112} WARNING - /home/***/.local/lib/python3.12/site-packages/***/task/task_runner/standard_task_runner.py:70: DeprecationWarning: This process (pid=1983) is multi-threaded, use of fork() may lead to deadlocks in the child.
  pid = os.fork()

[2025-02-01T00:02:03.832+0000] {standard_task_runner.py:72} INFO - Started process 1992 to run task
[2025-02-01T00:02:03.832+0000] {standard_task_runner.py:104} INFO - Running: ['***', 'tasks', 'run', 'pull_gazettes_data', 'generate_indexes_task', 'scheduled__2025-01-31T00:00:00+00:00', '--job-id', '298', '--raw', '--subdir', 'DAGS_FOLDER/dag_script.py', '--cfg-path', '/tmp/tmpogavga3n']
[2025-02-01T00:02:03.834+0000] {standard_task_runner.py:105} INFO - Job 298: Subtask generate_indexes_task
[2025-02-01T00:02:03.898+0000] {task_command.py:467} INFO - Running <TaskInstance: pull_gazettes_data.generate_indexes_task scheduled__2025-01-31T00:00:00+00:00 [running]> on host 41bcec3d818b
[2025-02-01T00:02:04.002+0000] {taskinstance.py:3131} INFO - Exporting env vars: AIRFLOW_CTX_DAG_EMAIL='***@example.com' AIRFLOW_CTX_DAG_OWNER='***' AIRFLOW_CTX_DAG_ID='pull_gazettes_data' AIRFLOW_CTX_TASK_ID='generate_indexes_task' AIRFLOW_CTX_EXECUTION_DATE='2025-01-31T00:00:00+00:00' AIRFLOW_CTX_TRY_NUMBER='1' AIRFLOW_CTX_DAG_RUN_ID='scheduled__2025-01-31T00:00:00+00:00'
[2025-02-01T00:02:04.004+0000] {taskinstance.py:731} INFO - ::endgroup::
[2025-02-01T00:02:04.022+0000] {logging_mixin.py:190} INFO - Initializing database
[2025-02-01T00:02:07.759+0000] {_client.py:1026} INFO - HTTP Request: POST https://stg.api.cohere.ai/v1/embed "HTTP/1.1 200 OK"
[2025-02-01T00:02:07.777+0000] {logging_mixin.py:190} INFO - Parsing database current state
[2025-02-01T00:02:07.779+0000] {logging_mixin.py:190} INFO - loading database /usr/local/***/data/vector_db/
[2025-02-01T00:02:08.273+0000] {logging_mixin.py:190} INFO - Reading file metadata
[2025-02-01T00:02:08.283+0000] {logging_mixin.py:190} INFO - []
[2025-02-01T00:02:08.284+0000] {logging_mixin.py:190} INFO - []
[2025-02-01T00:02:08.284+0000] {logging_mixin.py:190} INFO - Adding batch of documents
[2025-02-01T00:02:08.286+0000] {logging_mixin.py:190} INFO - 3106200_2024-11-26_7140.txt
[2025-02-01T00:02:08.286+0000] {logging_mixin.py:190} INFO - 3106200_2024-11-27_7141.txt
[2025-02-01T00:02:08.287+0000] {logging_mixin.py:190} INFO - 3106200_2024-11-28_7142.txt
[2025-02-01T00:02:08.287+0000] {logging_mixin.py:190} INFO - 3106200_2024-11-29_7143.txt
[2025-02-01T00:02:08.288+0000] {logging_mixin.py:190} INFO - 3106200_2024-11-30_7144.txt
[2025-02-01T00:02:08.288+0000] {logging_mixin.py:190} INFO - 3106200_2024-12-03_7145.txt
[2025-02-01T00:02:08.288+0000] {logging_mixin.py:190} INFO - 3106200_2024-12-04_7146.txt
[2025-02-01T00:02:08.289+0000] {logging_mixin.py:190} INFO - 3106200_2024-12-05_7147.txt
[2025-02-01T00:02:08.289+0000] {logging_mixin.py:190} INFO - 3106200_2024-12-06_7148.txt
[2025-02-01T00:02:08.290+0000] {logging_mixin.py:190} INFO - 3106200_2024-12-07_7149.txt
[2025-02-01T00:02:08.290+0000] {logging_mixin.py:190} INFO - 3106200_2024-12-10_7150.txt
[2025-02-01T00:02:08.290+0000] {logging_mixin.py:190} INFO - 3106200_2024-12-11_7151.txt
[2025-02-01T00:02:08.291+0000] {logging_mixin.py:190} INFO - 3106200_2024-12-12_7152.txt
[2025-02-01T00:02:08.291+0000] {logging_mixin.py:190} INFO - 3106200_2024-12-13_7153.txt
[2025-02-01T00:02:08.291+0000] {logging_mixin.py:190} INFO - 3106200_2024-12-14_7154.txt
[2025-02-01T00:02:08.292+0000] {logging_mixin.py:190} INFO - 3106200_2024-12-17_7155.txt
[2025-02-01T00:02:08.302+0000] {taskinstance.py:340} INFO - ::group::Post task execution logs
[2025-02-01T00:02:08.303+0000] {taskinstance.py:352} INFO - Marking task as SUCCESS. dag_id=pull_gazettes_data, task_id=generate_indexes_task, run_id=scheduled__2025-01-31T00:00:00+00:00, execution_date=20250131T000000, start_date=20250201T000203, end_date=20250201T000208
[2025-02-01T00:02:08.343+0000] {local_task_job_runner.py:266} INFO - Task exited with return code 0
[2025-02-01T00:02:08.367+0000] {taskinstance.py:3900} INFO - 1 downstream tasks scheduled from follow-on schedule check
[2025-02-01T00:02:08.369+0000] {local_task_job_runner.py:245} INFO - ::endgroup::
