[2025-01-25T18:40:19.910+0000] {local_task_job_runner.py:123} INFO - ::group::Pre task execution logs
[2025-01-25T18:40:19.926+0000] {taskinstance.py:2612} INFO - Dependencies all met for dep_context=non-requeueable deps ti=<TaskInstance: pull_gazettes_data.init_folders_task manual__2025-01-25T18:40:08.903055+00:00 [queued]>
[2025-01-25T18:40:19.934+0000] {taskinstance.py:2612} INFO - Dependencies all met for dep_context=requeueable deps ti=<TaskInstance: pull_gazettes_data.init_folders_task manual__2025-01-25T18:40:08.903055+00:00 [queued]>
[2025-01-25T18:40:19.935+0000] {taskinstance.py:2865} INFO - Starting attempt 1 of 2
[2025-01-25T18:40:19.947+0000] {taskinstance.py:2888} INFO - Executing <Task(InitFoldersTask): init_folders_task> on 2025-01-25 18:40:08.903055+00:00
[2025-01-25T18:40:19.963+0000] {warnings.py:112} WARNING - /home/***/.local/lib/python3.12/site-packages/***/task/task_runner/standard_task_runner.py:70: DeprecationWarning: This process (pid=20298) is multi-threaded, use of fork() may lead to deadlocks in the child.
  pid = os.fork()

[2025-01-25T18:40:19.964+0000] {standard_task_runner.py:72} INFO - Started process 20311 to run task
[2025-01-25T18:40:19.964+0000] {standard_task_runner.py:104} INFO - Running: ['***', 'tasks', 'run', 'pull_gazettes_data', 'init_folders_task', 'manual__2025-01-25T18:40:08.903055+00:00', '--job-id', '115', '--raw', '--subdir', 'DAGS_FOLDER/dag_script.py', '--cfg-path', '/tmp/tmp66phfqwf']
[2025-01-25T18:40:19.967+0000] {standard_task_runner.py:105} INFO - Job 115: Subtask init_folders_task
[2025-01-25T18:40:20.007+0000] {task_command.py:467} INFO - Running <TaskInstance: pull_gazettes_data.init_folders_task manual__2025-01-25T18:40:08.903055+00:00 [running]> on host 41bcec3d818b
[2025-01-25T18:40:20.076+0000] {taskinstance.py:3131} INFO - Exporting env vars: AIRFLOW_CTX_DAG_EMAIL='***@example.com' AIRFLOW_CTX_DAG_OWNER='***' AIRFLOW_CTX_DAG_ID='pull_gazettes_data' AIRFLOW_CTX_TASK_ID='init_folders_task' AIRFLOW_CTX_EXECUTION_DATE='2025-01-25T18:40:08.903055+00:00' AIRFLOW_CTX_TRY_NUMBER='1' AIRFLOW_CTX_DAG_RUN_ID='manual__2025-01-25T18:40:08.903055+00:00'
[2025-01-25T18:40:20.077+0000] {taskinstance.py:731} INFO - ::endgroup::
[2025-01-25T18:40:20.095+0000] {logging_mixin.py:190} INFO - Folder: /usr/local/***/data/texts does not exists, creating it.
[2025-01-25T18:40:20.098+0000] {logging_mixin.py:190} INFO - Folder: /usr/local/***/data/ingestion_log does not exists, creating it.
[2025-01-25T18:40:20.101+0000] {logging_mixin.py:190} INFO - Folder: /usr/local/***/data/vector_db/ does not exists, creating it.
[2025-01-25T18:40:20.102+0000] {logging_mixin.py:190} INFO - Folder: /usr/local/***/data/preprocessed_documents/ does not exists, creating it.
[2025-01-25T18:40:20.104+0000] {logging_mixin.py:190} INFO - Folder: /usr/local/***/data/pdf_single_page/ does not exists, creating it.
[2025-01-25T18:40:20.113+0000] {taskinstance.py:340} INFO - ::group::Post task execution logs
[2025-01-25T18:40:20.113+0000] {taskinstance.py:352} INFO - Marking task as SUCCESS. dag_id=pull_gazettes_data, task_id=init_folders_task, run_id=manual__2025-01-25T18:40:08.903055+00:00, execution_date=20250125T184008, start_date=20250125T184019, end_date=20250125T184020
[2025-01-25T18:40:20.139+0000] {local_task_job_runner.py:266} INFO - Task exited with return code 0
[2025-01-25T18:40:20.168+0000] {taskinstance.py:3900} INFO - 1 downstream tasks scheduled from follow-on schedule check
[2025-01-25T18:40:20.170+0000] {local_task_job_runner.py:245} INFO - ::endgroup::
