[2025-01-26T00:00:42.139+0000] {local_task_job_runner.py:123} INFO - ::group::Pre task execution logs
[2025-01-26T00:00:42.158+0000] {taskinstance.py:2612} INFO - Dependencies all met for dep_context=non-requeueable deps ti=<TaskInstance: pull_gazettes_data.request_gazettes_task scheduled__2025-01-25T00:00:00+00:00 [queued]>
[2025-01-26T00:00:42.170+0000] {taskinstance.py:2612} INFO - Dependencies all met for dep_context=requeueable deps ti=<TaskInstance: pull_gazettes_data.request_gazettes_task scheduled__2025-01-25T00:00:00+00:00 [queued]>
[2025-01-26T00:00:42.171+0000] {taskinstance.py:2865} INFO - Starting attempt 1 of 2
[2025-01-26T00:00:42.187+0000] {taskinstance.py:2888} INFO - Executing <Task(RequestGazettesTask): request_gazettes_task> on 2025-01-25 00:00:00+00:00
[2025-01-26T00:00:42.213+0000] {warnings.py:112} WARNING - /home/***/.local/lib/python3.12/site-packages/***/task/task_runner/standard_task_runner.py:70: DeprecationWarning: This process (pid=35652) is multi-threaded, use of fork() may lead to deadlocks in the child.
  pid = os.fork()

[2025-01-26T00:00:42.215+0000] {standard_task_runner.py:72} INFO - Started process 35693 to run task
[2025-01-26T00:00:42.215+0000] {standard_task_runner.py:104} INFO - Running: ['***', 'tasks', 'run', 'pull_gazettes_data', 'request_gazettes_task', 'scheduled__2025-01-25T00:00:00+00:00', '--job-id', '206', '--raw', '--subdir', 'DAGS_FOLDER/dag_script.py', '--cfg-path', '/tmp/tmpq673ency']
[2025-01-26T00:00:42.217+0000] {standard_task_runner.py:105} INFO - Job 206: Subtask request_gazettes_task
[2025-01-26T00:00:42.267+0000] {task_command.py:467} INFO - Running <TaskInstance: pull_gazettes_data.request_gazettes_task scheduled__2025-01-25T00:00:00+00:00 [running]> on host 41bcec3d818b
[2025-01-26T00:00:42.353+0000] {taskinstance.py:3131} INFO - Exporting env vars: AIRFLOW_CTX_DAG_EMAIL='***@example.com' AIRFLOW_CTX_DAG_OWNER='***' AIRFLOW_CTX_DAG_ID='pull_gazettes_data' AIRFLOW_CTX_TASK_ID='request_gazettes_task' AIRFLOW_CTX_EXECUTION_DATE='2025-01-25T00:00:00+00:00' AIRFLOW_CTX_TRY_NUMBER='1' AIRFLOW_CTX_DAG_RUN_ID='scheduled__2025-01-25T00:00:00+00:00'
[2025-01-26T00:00:42.355+0000] {taskinstance.py:731} INFO - ::endgroup::
[2025-01-26T00:00:42.375+0000] {logging_mixin.py:190} INFO - Running for start_date: 2024-11-26, end_date: 2025-01-24
[2025-01-26T00:00:42.911+0000] {logging_mixin.py:190} INFO - Total number of Gazettes: 18
[2025-01-26T00:00:42.912+0000] {logging_mixin.py:190} INFO - log request call: https://queridodiario.ok.org.br/api/gazettes, params: {'size': 1, 'excerpt_size': 500, 'published_since': '2024-11-26', 'published_until': '2025-01-24', 'territory_ids': '3106200', 'offset': 0}
[2025-01-26T00:00:51.041+0000] {logging_mixin.py:190} INFO - Managing URL log
[2025-01-26T00:00:51.059+0000] {logging_mixin.py:190} INFO - Skipping text url: https://querido-diario.nyc3.cdn.digitaloceanspaces.com/3106200/2024-12-19/fa771a286c095dd9faf497a166b8353e28b0c515.pdf because it was already downloaded in 2025-01-25 18:45:34.739558
[2025-01-26T00:00:51.060+0000] {logging_mixin.py:190} INFO - Skipping text url: https://querido-diario.nyc3.cdn.digitaloceanspaces.com/3106200/2024-12-18/6861cc2d150a5545f9d7d9e925e878ac5b4e7a31.pdf because it was already downloaded in 2025-01-25 18:45:34.739558
[2025-01-26T00:00:51.061+0000] {logging_mixin.py:190} INFO - Skipping text url: https://querido-diario.nyc3.cdn.digitaloceanspaces.com/3106200/2024-12-17/2d6c6b4f17f03de27a15537564469fdcb6a29062.pdf because it was already downloaded in 2025-01-25 18:45:34.739558
[2025-01-26T00:00:57.669+0000] {taskinstance.py:340} INFO - ::group::Post task execution logs
[2025-01-26T00:00:57.669+0000] {taskinstance.py:352} INFO - Marking task as SUCCESS. dag_id=pull_gazettes_data, task_id=request_gazettes_task, run_id=scheduled__2025-01-25T00:00:00+00:00, execution_date=20250125T000000, start_date=20250126T000042, end_date=20250126T000057
[2025-01-26T00:00:57.728+0000] {local_task_job_runner.py:266} INFO - Task exited with return code 0
[2025-01-26T00:00:57.754+0000] {taskinstance.py:3900} INFO - 1 downstream tasks scheduled from follow-on schedule check
[2025-01-26T00:00:57.756+0000] {local_task_job_runner.py:245} INFO - ::endgroup::
