[2025-01-25T21:43:31.114+0000] {local_task_job_runner.py:123} INFO - ::group::Pre task execution logs
[2025-01-25T21:43:31.129+0000] {taskinstance.py:2612} INFO - Dependencies all met for dep_context=non-requeueable deps ti=<TaskInstance: pull_gazettes_data.request_gazettes_task manual__2025-01-25T21:19:33.960892+00:00 [queued]>
[2025-01-25T21:43:31.139+0000] {taskinstance.py:2612} INFO - Dependencies all met for dep_context=requeueable deps ti=<TaskInstance: pull_gazettes_data.request_gazettes_task manual__2025-01-25T21:19:33.960892+00:00 [queued]>
[2025-01-25T21:43:31.139+0000] {taskinstance.py:2865} INFO - Starting attempt 2 of 3
[2025-01-25T21:43:31.151+0000] {taskinstance.py:2888} INFO - Executing <Task(RequestGazettesTask): request_gazettes_task> on 2025-01-25 21:19:33.960892+00:00
[2025-01-25T21:43:31.162+0000] {warnings.py:112} WARNING - /home/***/.local/lib/python3.12/site-packages/***/task/task_runner/standard_task_runner.py:70: DeprecationWarning: This process (pid=28586) is multi-threaded, use of fork() may lead to deadlocks in the child.
  pid = os.fork()

[2025-01-25T21:43:31.164+0000] {standard_task_runner.py:72} INFO - Started process 28599 to run task
[2025-01-25T21:43:31.164+0000] {standard_task_runner.py:104} INFO - Running: ['***', 'tasks', 'run', 'pull_gazettes_data', 'request_gazettes_task', 'manual__2025-01-25T21:19:33.960892+00:00', '--job-id', '190', '--raw', '--subdir', 'DAGS_FOLDER/dag_script.py', '--cfg-path', '/tmp/tmpieeeie3e']
[2025-01-25T21:43:31.166+0000] {standard_task_runner.py:105} INFO - Job 190: Subtask request_gazettes_task
[2025-01-25T21:43:31.207+0000] {task_command.py:467} INFO - Running <TaskInstance: pull_gazettes_data.request_gazettes_task manual__2025-01-25T21:19:33.960892+00:00 [running]> on host 41bcec3d818b
[2025-01-25T21:43:31.299+0000] {taskinstance.py:3131} INFO - Exporting env vars: AIRFLOW_CTX_DAG_EMAIL='***@example.com' AIRFLOW_CTX_DAG_OWNER='***' AIRFLOW_CTX_DAG_ID='pull_gazettes_data' AIRFLOW_CTX_TASK_ID='request_gazettes_task' AIRFLOW_CTX_EXECUTION_DATE='2025-01-25T21:19:33.960892+00:00' AIRFLOW_CTX_TRY_NUMBER='2' AIRFLOW_CTX_DAG_RUN_ID='manual__2025-01-25T21:19:33.960892+00:00'
[2025-01-25T21:43:31.301+0000] {taskinstance.py:731} INFO - ::endgroup::
[2025-01-25T21:43:31.315+0000] {logging_mixin.py:190} INFO - Running for start_date: 2025-01-22, end_date: 2025-01-24
[2025-01-25T21:43:31.927+0000] {logging_mixin.py:190} INFO - Total number of Gazettes: 0
[2025-01-25T21:43:31.928+0000] {logging_mixin.py:190} INFO - Managing URL log
[2025-01-25T21:43:31.956+0000] {taskinstance.py:340} INFO - ::group::Post task execution logs
[2025-01-25T21:43:31.957+0000] {taskinstance.py:352} INFO - Marking task as SUCCESS. dag_id=pull_gazettes_data, task_id=request_gazettes_task, run_id=manual__2025-01-25T21:19:33.960892+00:00, execution_date=20250125T211933, start_date=20250125T214331, end_date=20250125T214331
[2025-01-25T21:43:32.022+0000] {local_task_job_runner.py:266} INFO - Task exited with return code 0
[2025-01-25T21:43:32.052+0000] {taskinstance.py:3900} INFO - 1 downstream tasks scheduled from follow-on schedule check
[2025-01-25T21:43:32.054+0000] {local_task_job_runner.py:245} INFO - ::endgroup::
