[2025-01-25T21:45:17.757+0000] {local_task_job_runner.py:123} INFO - ::group::Pre task execution logs
[2025-01-25T21:45:17.779+0000] {taskinstance.py:2612} INFO - Dependencies all met for dep_context=non-requeueable deps ti=<TaskInstance: pull_gazettes_data.request_gazettes_task manual__2025-01-25T21:19:33.960892+00:00 [queued]>
[2025-01-25T21:45:17.789+0000] {taskinstance.py:2612} INFO - Dependencies all met for dep_context=requeueable deps ti=<TaskInstance: pull_gazettes_data.request_gazettes_task manual__2025-01-25T21:19:33.960892+00:00 [queued]>
[2025-01-25T21:45:17.790+0000] {taskinstance.py:2865} INFO - Starting attempt 3 of 4
[2025-01-25T21:45:17.803+0000] {taskinstance.py:2888} INFO - Executing <Task(RequestGazettesTask): request_gazettes_task> on 2025-01-25 21:19:33.960892+00:00
[2025-01-25T21:45:17.816+0000] {warnings.py:112} WARNING - /home/***/.local/lib/python3.12/site-packages/***/task/task_runner/standard_task_runner.py:70: DeprecationWarning: This process (pid=28721) is multi-threaded, use of fork() may lead to deadlocks in the child.
  pid = os.fork()

[2025-01-25T21:45:17.817+0000] {standard_task_runner.py:72} INFO - Started process 28734 to run task
[2025-01-25T21:45:17.817+0000] {standard_task_runner.py:104} INFO - Running: ['***', 'tasks', 'run', 'pull_gazettes_data', 'request_gazettes_task', 'manual__2025-01-25T21:19:33.960892+00:00', '--job-id', '193', '--raw', '--subdir', 'DAGS_FOLDER/dag_script.py', '--cfg-path', '/tmp/tmpv7aqq3qd']
[2025-01-25T21:45:17.820+0000] {standard_task_runner.py:105} INFO - Job 193: Subtask request_gazettes_task
[2025-01-25T21:45:17.862+0000] {task_command.py:467} INFO - Running <TaskInstance: pull_gazettes_data.request_gazettes_task manual__2025-01-25T21:19:33.960892+00:00 [running]> on host 41bcec3d818b
[2025-01-25T21:45:17.970+0000] {taskinstance.py:3131} INFO - Exporting env vars: AIRFLOW_CTX_DAG_EMAIL='***@example.com' AIRFLOW_CTX_DAG_OWNER='***' AIRFLOW_CTX_DAG_ID='pull_gazettes_data' AIRFLOW_CTX_TASK_ID='request_gazettes_task' AIRFLOW_CTX_EXECUTION_DATE='2025-01-25T21:19:33.960892+00:00' AIRFLOW_CTX_TRY_NUMBER='3' AIRFLOW_CTX_DAG_RUN_ID='manual__2025-01-25T21:19:33.960892+00:00'
[2025-01-25T21:45:17.976+0000] {taskinstance.py:731} INFO - ::endgroup::
[2025-01-25T21:45:17.996+0000] {logging_mixin.py:190} INFO - Running for start_date: 2025-01-22, end_date: 2025-01-24
[2025-01-25T21:45:18.518+0000] {logging_mixin.py:190} INFO - Total number of Gazettes: 0
[2025-01-25T21:45:18.519+0000] {logging_mixin.py:190} INFO - Managing URL log
[2025-01-25T21:45:18.552+0000] {taskinstance.py:340} INFO - ::group::Post task execution logs
[2025-01-25T21:45:18.553+0000] {taskinstance.py:352} INFO - Marking task as SUCCESS. dag_id=pull_gazettes_data, task_id=request_gazettes_task, run_id=manual__2025-01-25T21:19:33.960892+00:00, execution_date=20250125T211933, start_date=20250125T214517, end_date=20250125T214518
[2025-01-25T21:45:18.594+0000] {local_task_job_runner.py:266} INFO - Task exited with return code 0
[2025-01-25T21:45:18.624+0000] {taskinstance.py:3900} INFO - 1 downstream tasks scheduled from follow-on schedule check
[2025-01-25T21:45:18.626+0000] {local_task_job_runner.py:245} INFO - ::endgroup::
