[2025-01-31T23:07:59.748+0000] {local_task_job_runner.py:123} INFO - ::group::Pre task execution logs
[2025-01-31T23:07:59.769+0000] {taskinstance.py:2612} INFO - Dependencies all met for dep_context=non-requeueable deps ti=<TaskInstance: pull_gazettes_data.download_contents_version_from_s3_task scheduled__2025-01-29T00:00:00+00:00 [queued]>
[2025-01-31T23:07:59.782+0000] {taskinstance.py:2612} INFO - Dependencies all met for dep_context=requeueable deps ti=<TaskInstance: pull_gazettes_data.download_contents_version_from_s3_task scheduled__2025-01-29T00:00:00+00:00 [queued]>
[2025-01-31T23:07:59.784+0000] {taskinstance.py:2865} INFO - Starting attempt 1 of 2
[2025-01-31T23:07:59.804+0000] {taskinstance.py:2888} INFO - Executing <Task(DownloadContentFromS3): download_contents_version_from_s3_task> on 2025-01-29 00:00:00+00:00
[2025-01-31T23:07:59.819+0000] {warnings.py:112} WARNING - /home/***/.local/lib/python3.12/site-packages/***/task/task_runner/standard_task_runner.py:70: DeprecationWarning: This process (pid=145) is multi-threaded, use of fork() may lead to deadlocks in the child.
  pid = os.fork()

[2025-01-31T23:07:59.821+0000] {standard_task_runner.py:72} INFO - Started process 150 to run task
[2025-01-31T23:07:59.821+0000] {standard_task_runner.py:104} INFO - Running: ['***', 'tasks', 'run', 'pull_gazettes_data', 'download_contents_version_from_s3_task', 'scheduled__2025-01-29T00:00:00+00:00', '--job-id', '276', '--raw', '--subdir', 'DAGS_FOLDER/dag_script.py', '--cfg-path', '/tmp/tmpr9avp724']
[2025-01-31T23:07:59.824+0000] {standard_task_runner.py:105} INFO - Job 276: Subtask download_contents_version_from_s3_task
[2025-01-31T23:07:59.891+0000] {task_command.py:467} INFO - Running <TaskInstance: pull_gazettes_data.download_contents_version_from_s3_task scheduled__2025-01-29T00:00:00+00:00 [running]> on host 41bcec3d818b
[2025-01-31T23:08:00.004+0000] {taskinstance.py:3131} INFO - Exporting env vars: AIRFLOW_CTX_DAG_EMAIL='***@example.com' AIRFLOW_CTX_DAG_OWNER='***' AIRFLOW_CTX_DAG_ID='pull_gazettes_data' AIRFLOW_CTX_TASK_ID='download_contents_version_from_s3_task' AIRFLOW_CTX_EXECUTION_DATE='2025-01-29T00:00:00+00:00' AIRFLOW_CTX_TRY_NUMBER='1' AIRFLOW_CTX_DAG_RUN_ID='scheduled__2025-01-29T00:00:00+00:00'
[2025-01-31T23:08:00.006+0000] {taskinstance.py:731} INFO - ::endgroup::
[2025-01-31T23:08:00.036+0000] {base.py:84} INFO - Retrieving connection 'minio_s3_conn_id'
[2025-01-31T23:08:00.037+0000] {connection_wrapper.py:391} INFO - AWS Connection (conn_id='minio_s3_conn_id', conn_type='aws') credentials retrieved from extra.
[2025-01-31T23:08:00.038+0000] {warnings.py:112} WARNING - <string>:9: AirflowProviderDeprecationWarning: extra['host'] is deprecated and will be removed in a future release. Please set extra['endpoint_url'] instead

[2025-01-31T23:08:01.186+0000] {s3.py:323} ERROR - Access to bucket "diario-oficial-db-dump" is forbidden or there was an error with the request
[2025-01-31T23:08:01.840+0000] {s3.py:326} ERROR - An error occurred (403) when calling the HeadBucket operation: Forbidden
[2025-01-31T23:08:01.841+0000] {logging_mixin.py:190} INFO - Bucket does not exists
[2025-01-31T23:08:01.854+0000] {taskinstance.py:340} INFO - ::group::Post task execution logs
[2025-01-31T23:08:01.855+0000] {taskinstance.py:352} INFO - Marking task as SUCCESS. dag_id=pull_gazettes_data, task_id=download_contents_version_from_s3_task, run_id=scheduled__2025-01-29T00:00:00+00:00, execution_date=20250129T000000, start_date=20250131T230759, end_date=20250131T230801
[2025-01-31T23:08:01.923+0000] {local_task_job_runner.py:266} INFO - Task exited with return code 0
[2025-01-31T23:08:01.966+0000] {taskinstance.py:3900} INFO - 1 downstream tasks scheduled from follow-on schedule check
[2025-01-31T23:08:01.969+0000] {local_task_job_runner.py:245} INFO - ::endgroup::
