[2025-01-25T18:40:27.487+0000] {local_task_job_runner.py:123} INFO - ::group::Pre task execution logs
[2025-01-25T18:40:27.502+0000] {taskinstance.py:2612} INFO - Dependencies all met for dep_context=non-requeueable deps ti=<TaskInstance: pull_gazettes_data.request_gazettes_task manual__2025-01-25T18:40:08.903055+00:00 [queued]>
[2025-01-25T18:40:27.510+0000] {taskinstance.py:2612} INFO - Dependencies all met for dep_context=requeueable deps ti=<TaskInstance: pull_gazettes_data.request_gazettes_task manual__2025-01-25T18:40:08.903055+00:00 [queued]>
[2025-01-25T18:40:27.511+0000] {taskinstance.py:2865} INFO - Starting attempt 1 of 2
[2025-01-25T18:40:27.524+0000] {taskinstance.py:2888} INFO - Executing <Task(RequestGazettesTask): request_gazettes_task> on 2025-01-25 18:40:08.903055+00:00
[2025-01-25T18:40:27.542+0000] {warnings.py:112} WARNING - /home/***/.local/lib/python3.12/site-packages/***/task/task_runner/standard_task_runner.py:70: DeprecationWarning: This process (pid=20313) is multi-threaded, use of fork() may lead to deadlocks in the child.
  pid = os.fork()

[2025-01-25T18:40:27.544+0000] {standard_task_runner.py:72} INFO - Started process 20326 to run task
[2025-01-25T18:40:27.543+0000] {standard_task_runner.py:104} INFO - Running: ['***', 'tasks', 'run', 'pull_gazettes_data', 'request_gazettes_task', 'manual__2025-01-25T18:40:08.903055+00:00', '--job-id', '116', '--raw', '--subdir', 'DAGS_FOLDER/dag_script.py', '--cfg-path', '/tmp/tmpm7n6vp68']
[2025-01-25T18:40:27.546+0000] {standard_task_runner.py:105} INFO - Job 116: Subtask request_gazettes_task
[2025-01-25T18:40:27.594+0000] {task_command.py:467} INFO - Running <TaskInstance: pull_gazettes_data.request_gazettes_task manual__2025-01-25T18:40:08.903055+00:00 [running]> on host 41bcec3d818b
[2025-01-25T18:40:27.664+0000] {taskinstance.py:3131} INFO - Exporting env vars: AIRFLOW_CTX_DAG_EMAIL='***@example.com' AIRFLOW_CTX_DAG_OWNER='***' AIRFLOW_CTX_DAG_ID='pull_gazettes_data' AIRFLOW_CTX_TASK_ID='request_gazettes_task' AIRFLOW_CTX_EXECUTION_DATE='2025-01-25T18:40:08.903055+00:00' AIRFLOW_CTX_TRY_NUMBER='1' AIRFLOW_CTX_DAG_RUN_ID='manual__2025-01-25T18:40:08.903055+00:00'
[2025-01-25T18:40:27.665+0000] {taskinstance.py:731} INFO - ::endgroup::
[2025-01-25T18:40:27.677+0000] {logging_mixin.py:190} INFO - Running for start_date: 2024-12-15, end_date: 2025-01-24
[2025-01-25T18:40:28.312+0000] {logging_mixin.py:190} INFO - Total number of Gazettes: 3
[2025-01-25T18:40:28.312+0000] {logging_mixin.py:190} INFO - log request call: https://queridodiario.ok.org.br/api/gazettes, params: {'size': 1, 'excerpt_size': 500, 'published_since': '2024-12-15', 'published_until': '2025-01-24', 'territory_ids': '3106200', 'offset': 0}
[2025-01-25T18:40:35.039+0000] {logging_mixin.py:190} INFO - Managing URL log
[2025-01-25T18:40:35.054+0000] {warnings.py:112} WARNING - /opt/***/dags/utils/requests_task.py:81: FutureWarning: The behavior of DataFrame concatenation with empty or all-NA entries is deprecated. In a future version, this will no longer exclude empty or all-NA columns when determining the result dtypes. To retain the old behavior, exclude the relevant entries before the concat operation.
  metadata = pd.concat([metadata, pd.DataFrame(new_downloads)])

[2025-01-25T18:40:35.885+0000] {taskinstance.py:340} INFO - ::group::Post task execution logs
[2025-01-25T18:40:35.886+0000] {taskinstance.py:352} INFO - Marking task as SUCCESS. dag_id=pull_gazettes_data, task_id=request_gazettes_task, run_id=manual__2025-01-25T18:40:08.903055+00:00, execution_date=20250125T184008, start_date=20250125T184027, end_date=20250125T184035
[2025-01-25T18:40:35.943+0000] {local_task_job_runner.py:266} INFO - Task exited with return code 0
[2025-01-25T18:40:35.972+0000] {taskinstance.py:3900} INFO - 1 downstream tasks scheduled from follow-on schedule check
[2025-01-25T18:40:35.974+0000] {local_task_job_runner.py:245} INFO - ::endgroup::
