[2025-01-28T23:33:06.964+0000] {local_task_job_runner.py:123} INFO - ::group::Pre task execution logs
[2025-01-28T23:33:06.981+0000] {taskinstance.py:2612} INFO - Dependencies all met for dep_context=non-requeueable deps ti=<TaskInstance: pull_gazettes_data.init_folders_task scheduled__2025-01-27T00:00:00+00:00 [queued]>
[2025-01-28T23:33:06.989+0000] {taskinstance.py:2612} INFO - Dependencies all met for dep_context=requeueable deps ti=<TaskInstance: pull_gazettes_data.init_folders_task scheduled__2025-01-27T00:00:00+00:00 [queued]>
[2025-01-28T23:33:06.990+0000] {taskinstance.py:2865} INFO - Starting attempt 3 of 4
[2025-01-28T23:33:07.002+0000] {taskinstance.py:2888} INFO - Executing <Task(InitFoldersTask): init_folders_task> on 2025-01-27 00:00:00+00:00
[2025-01-28T23:33:07.011+0000] {warnings.py:112} WARNING - /home/***/.local/lib/python3.12/site-packages/***/task/task_runner/standard_task_runner.py:70: DeprecationWarning: This process (pid=2498) is multi-threaded, use of fork() may lead to deadlocks in the child.
  pid = os.fork()

[2025-01-28T23:33:07.012+0000] {standard_task_runner.py:72} INFO - Started process 2500 to run task
[2025-01-28T23:33:07.012+0000] {standard_task_runner.py:104} INFO - Running: ['***', 'tasks', 'run', 'pull_gazettes_data', 'init_folders_task', 'scheduled__2025-01-27T00:00:00+00:00', '--job-id', '248', '--raw', '--subdir', 'DAGS_FOLDER/dag_script.py', '--cfg-path', '/tmp/tmppx45o8qy']
[2025-01-28T23:33:07.014+0000] {standard_task_runner.py:105} INFO - Job 248: Subtask init_folders_task
[2025-01-28T23:33:07.068+0000] {task_command.py:467} INFO - Running <TaskInstance: pull_gazettes_data.init_folders_task scheduled__2025-01-27T00:00:00+00:00 [running]> on host 41bcec3d818b
[2025-01-28T23:33:07.150+0000] {taskinstance.py:3131} INFO - Exporting env vars: AIRFLOW_CTX_DAG_EMAIL='***@example.com' AIRFLOW_CTX_DAG_OWNER='***' AIRFLOW_CTX_DAG_ID='pull_gazettes_data' AIRFLOW_CTX_TASK_ID='init_folders_task' AIRFLOW_CTX_EXECUTION_DATE='2025-01-27T00:00:00+00:00' AIRFLOW_CTX_TRY_NUMBER='3' AIRFLOW_CTX_DAG_RUN_ID='scheduled__2025-01-27T00:00:00+00:00'
[2025-01-28T23:33:07.152+0000] {taskinstance.py:731} INFO - ::endgroup::
[2025-01-28T23:33:07.170+0000] {logging_mixin.py:190} INFO - Folder: /usr/local/***/data/preprocessed_documents/ does not exists, creating it.
[2025-01-28T23:33:07.173+0000] {logging_mixin.py:190} INFO - Folder: /usr/local/***/data/vector_db/ does not exists, creating it.
[2025-01-28T23:33:07.185+0000] {taskinstance.py:340} INFO - ::group::Post task execution logs
[2025-01-28T23:33:07.185+0000] {taskinstance.py:352} INFO - Marking task as SUCCESS. dag_id=pull_gazettes_data, task_id=init_folders_task, run_id=scheduled__2025-01-27T00:00:00+00:00, execution_date=20250127T000000, start_date=20250128T233306, end_date=20250128T233307
[2025-01-28T23:33:07.228+0000] {local_task_job_runner.py:266} INFO - Task exited with return code 0
[2025-01-28T23:33:07.258+0000] {taskinstance.py:3900} INFO - 1 downstream tasks scheduled from follow-on schedule check
[2025-01-28T23:33:07.260+0000] {local_task_job_runner.py:245} INFO - ::endgroup::
