[2025-01-22T00:00:27.267+0000] {local_task_job_runner.py:123} INFO - ::group::Pre task execution logs
[2025-01-22T00:00:27.283+0000] {taskinstance.py:2612} INFO - Dependencies all met for dep_context=non-requeueable deps ti=<TaskInstance: pull_gazettes_data.preprocess_documents_task scheduled__2025-01-21T00:00:00+00:00 [queued]>
[2025-01-22T00:00:27.290+0000] {taskinstance.py:2612} INFO - Dependencies all met for dep_context=requeueable deps ti=<TaskInstance: pull_gazettes_data.preprocess_documents_task scheduled__2025-01-21T00:00:00+00:00 [queued]>
[2025-01-22T00:00:27.290+0000] {taskinstance.py:2865} INFO - Starting attempt 1 of 2
[2025-01-22T00:00:27.301+0000] {taskinstance.py:2888} INFO - Executing <Task(PreprocessDocuments): preprocess_documents_task> on 2025-01-21 00:00:00+00:00
[2025-01-22T00:00:27.314+0000] {warnings.py:112} WARNING - /home/***/.local/lib/python3.12/site-packages/***/task/task_runner/standard_task_runner.py:70: DeprecationWarning: This process (pid=1624) is multi-threaded, use of fork() may lead to deadlocks in the child.
  pid = os.fork()

[2025-01-22T00:00:27.315+0000] {standard_task_runner.py:72} INFO - Started process 1637 to run task
[2025-01-22T00:00:27.315+0000] {standard_task_runner.py:104} INFO - Running: ['***', 'tasks', 'run', 'pull_gazettes_data', 'preprocess_documents_task', 'scheduled__2025-01-21T00:00:00+00:00', '--job-id', '12', '--raw', '--subdir', 'DAGS_FOLDER/dag_script.py', '--cfg-path', '/tmp/tmpcfgpirln']
[2025-01-22T00:00:27.317+0000] {standard_task_runner.py:105} INFO - Job 12: Subtask preprocess_documents_task
[2025-01-22T00:00:27.352+0000] {task_command.py:467} INFO - Running <TaskInstance: pull_gazettes_data.preprocess_documents_task scheduled__2025-01-21T00:00:00+00:00 [running]> on host 5792905bcb6a
[2025-01-22T00:00:27.411+0000] {taskinstance.py:3131} INFO - Exporting env vars: AIRFLOW_CTX_DAG_EMAIL='***@example.com' AIRFLOW_CTX_DAG_OWNER='***' AIRFLOW_CTX_DAG_ID='pull_gazettes_data' AIRFLOW_CTX_TASK_ID='preprocess_documents_task' AIRFLOW_CTX_EXECUTION_DATE='2025-01-21T00:00:00+00:00' AIRFLOW_CTX_TRY_NUMBER='1' AIRFLOW_CTX_DAG_RUN_ID='scheduled__2025-01-21T00:00:00+00:00'
[2025-01-22T00:00:27.412+0000] {taskinstance.py:731} INFO - ::endgroup::
[2025-01-22T00:00:27.423+0000] {logging_mixin.py:190} INFO - Checking pre processed documents log
[2025-01-22T00:00:27.438+0000] {logging_mixin.py:190} INFO - Already preprocessed documents: set()
[2025-01-22T00:00:27.578+0000] {document_converter.py:238} INFO - Going to convert document batch...
[2025-01-22T00:00:27.989+0000] {accelerator_utils.py:41} INFO - Accelerator device: 'cpu'
[2025-01-22T00:00:30.847+0000] {accelerator_utils.py:41} INFO - Accelerator device: 'cpu'
[2025-01-22T00:00:31.399+0000] {accelerator_utils.py:41} INFO - Accelerator device: 'cpu'
[2025-01-22T00:00:31.854+0000] {base_pipeline.py:37} INFO - Processing document 3106200_2024-11-22_7138.pdf
[2025-01-22T00:03:15.440+0000] {document_converter.py:253} INFO - Finished converting document 3106200_2024-11-22_7138.pdf in 168.00 sec.
[2025-01-22T00:03:15.714+0000] {document_converter.py:238} INFO - Going to convert document batch...
[2025-01-22T00:03:15.885+0000] {accelerator_utils.py:41} INFO - Accelerator device: 'cpu'
[2025-01-22T00:03:17.992+0000] {accelerator_utils.py:41} INFO - Accelerator device: 'cpu'
[2025-01-22T00:03:18.409+0000] {accelerator_utils.py:41} INFO - Accelerator device: 'cpu'
[2025-01-22T00:03:18.875+0000] {base_pipeline.py:37} INFO - Processing document 3106200_2024-11-23_7139.pdf
[2025-01-22T00:04:49.182+0000] {document_converter.py:253} INFO - Finished converting document 3106200_2024-11-23_7139.pdf in 93.54 sec.
[2025-01-22T00:04:49.326+0000] {document_converter.py:238} INFO - Going to convert document batch...
[2025-01-22T00:04:49.500+0000] {accelerator_utils.py:41} INFO - Accelerator device: 'cpu'
[2025-01-22T00:04:51.396+0000] {accelerator_utils.py:41} INFO - Accelerator device: 'cpu'
[2025-01-22T00:04:51.813+0000] {accelerator_utils.py:41} INFO - Accelerator device: 'cpu'
[2025-01-22T00:04:52.131+0000] {base_pipeline.py:37} INFO - Processing document 3106200_2024-11-26_7140.pdf
[2025-01-22T00:05:04.636+0000] {local_task_job_runner.py:266} INFO - Task exited with return code -9For more information, see https://***.apache.org/docs/apache-***/stable/troubleshooting.html#LocalTaskJob-killed
[2025-01-22T00:05:04.770+0000] {taskinstance.py:3900} INFO - 0 downstream tasks scheduled from follow-on schedule check
[2025-01-22T00:05:04.773+0000] {local_task_job_runner.py:245} INFO - ::endgroup::
[2025-01-24T20:05:59.530+0000] {local_task_job_runner.py:123} INFO - ::group::Pre task execution logs
[2025-01-24T20:05:59.564+0000] {taskinstance.py:2612} INFO - Dependencies all met for dep_context=non-requeueable deps ti=<TaskInstance: pull_gazettes_data.preprocess_documents_task scheduled__2025-01-21T00:00:00+00:00 [queued]>
[2025-01-24T20:05:59.585+0000] {taskinstance.py:2612} INFO - Dependencies all met for dep_context=requeueable deps ti=<TaskInstance: pull_gazettes_data.preprocess_documents_task scheduled__2025-01-21T00:00:00+00:00 [queued]>
[2025-01-24T20:05:59.587+0000] {taskinstance.py:2865} INFO - Starting attempt 1 of 2
[2025-01-24T20:05:59.628+0000] {taskinstance.py:2888} INFO - Executing <Task(PreprocessDocuments): preprocess_documents_task> on 2025-01-21 00:00:00+00:00
[2025-01-24T20:05:59.664+0000] {warnings.py:112} WARNING - /home/***/.local/lib/python3.12/site-packages/***/task/task_runner/standard_task_runner.py:70: DeprecationWarning: This process (pid=947) is multi-threaded, use of fork() may lead to deadlocks in the child.
  pid = os.fork()

[2025-01-24T20:05:59.667+0000] {standard_task_runner.py:72} INFO - Started process 1013 to run task
[2025-01-24T20:05:59.666+0000] {standard_task_runner.py:104} INFO - Running: ['***', 'tasks', 'run', 'pull_gazettes_data', 'preprocess_documents_task', 'scheduled__2025-01-21T00:00:00+00:00', '--job-id', '21', '--raw', '--subdir', 'DAGS_FOLDER/dag_script.py', '--cfg-path', '/tmp/tmpsgnxufl6']
[2025-01-24T20:05:59.670+0000] {standard_task_runner.py:105} INFO - Job 21: Subtask preprocess_documents_task
[2025-01-24T20:05:59.774+0000] {task_command.py:467} INFO - Running <TaskInstance: pull_gazettes_data.preprocess_documents_task scheduled__2025-01-21T00:00:00+00:00 [running]> on host 972b45cbfb12
[2025-01-24T20:05:59.933+0000] {taskinstance.py:3131} INFO - Exporting env vars: AIRFLOW_CTX_DAG_EMAIL='***@example.com' AIRFLOW_CTX_DAG_OWNER='***' AIRFLOW_CTX_DAG_ID='pull_gazettes_data' AIRFLOW_CTX_TASK_ID='preprocess_documents_task' AIRFLOW_CTX_EXECUTION_DATE='2025-01-21T00:00:00+00:00' AIRFLOW_CTX_TRY_NUMBER='1' AIRFLOW_CTX_DAG_RUN_ID='scheduled__2025-01-21T00:00:00+00:00'
[2025-01-24T20:05:59.936+0000] {taskinstance.py:731} INFO - ::endgroup::
[2025-01-24T20:05:59.976+0000] {logging_mixin.py:190} INFO - Checking pre processed documents log
[2025-01-24T20:05:59.995+0000] {logging_mixin.py:190} INFO - Already preprocessed documents: set()
[2025-01-24T20:06:00.178+0000] {document_converter.py:242} INFO - Going to convert document batch...
[2025-01-24T20:06:00.595+0000] {accelerator_utils.py:41} INFO - Accelerator device: 'cpu'
[2025-01-24T20:06:04.795+0000] {accelerator_utils.py:41} INFO - Accelerator device: 'cpu'
[2025-01-24T20:06:05.637+0000] {accelerator_utils.py:41} INFO - Accelerator device: 'cpu'
[2025-01-24T20:06:07.436+0000] {base_pipeline.py:38} INFO - Processing document 3106200_2024-11-22_7138.pdf
[2025-01-24T20:07:22.799+0000] {job.py:229} INFO - Heartbeat recovered after 22.52 seconds
[2025-01-24T20:10:22.388+0000] {document_converter.py:257} INFO - Finished converting document 3106200_2024-11-22_7138.pdf in 262.41 sec.
[2025-01-24T20:10:22.688+0000] {document_converter.py:242} INFO - Going to convert document batch...
[2025-01-24T20:10:22.858+0000] {accelerator_utils.py:41} INFO - Accelerator device: 'cpu'
[2025-01-24T20:10:25.469+0000] {accelerator_utils.py:41} INFO - Accelerator device: 'cpu'
[2025-01-24T20:10:25.981+0000] {accelerator_utils.py:41} INFO - Accelerator device: 'cpu'
[2025-01-24T20:10:26.366+0000] {base_pipeline.py:38} INFO - Processing document 3106200_2024-11-23_7139.pdf
[2025-01-24T20:12:33.432+0000] {document_converter.py:257} INFO - Finished converting document 3106200_2024-11-23_7139.pdf in 130.79 sec.
[2025-01-24T20:12:33.572+0000] {document_converter.py:242} INFO - Going to convert document batch...
[2025-01-24T20:12:33.726+0000] {accelerator_utils.py:41} INFO - Accelerator device: 'cpu'
[2025-01-24T20:12:39.067+0000] {accelerator_utils.py:41} INFO - Accelerator device: 'cpu'
[2025-01-24T20:12:39.630+0000] {accelerator_utils.py:41} INFO - Accelerator device: 'cpu'
[2025-01-24T20:12:40.266+0000] {base_pipeline.py:38} INFO - Processing document 3106200_2024-11-26_7140.pdf
[2025-01-24T20:12:59.941+0000] {job.py:229} INFO - Heartbeat recovered after 16.56 seconds
[2025-01-24T20:12:59.950+0000] {local_task_job_runner.py:266} INFO - Task exited with return code -9For more information, see https://***.apache.org/docs/apache-***/stable/troubleshooting.html#LocalTaskJob-killed
[2025-01-24T20:12:59.987+0000] {taskinstance.py:3900} INFO - 0 downstream tasks scheduled from follow-on schedule check
[2025-01-24T20:12:59.990+0000] {local_task_job_runner.py:245} INFO - ::endgroup::
