[2025-01-24T21:48:52.984+0000] {local_task_job_runner.py:123} INFO - ::group::Pre task execution logs
[2025-01-24T21:48:53.003+0000] {taskinstance.py:2612} INFO - Dependencies all met for dep_context=non-requeueable deps ti=<TaskInstance: pull_gazettes_data.preprocess_documents_task manual__2025-01-24T21:10:42.449118+00:00 [queued]>
[2025-01-24T21:48:53.016+0000] {taskinstance.py:2612} INFO - Dependencies all met for dep_context=requeueable deps ti=<TaskInstance: pull_gazettes_data.preprocess_documents_task manual__2025-01-24T21:10:42.449118+00:00 [queued]>
[2025-01-24T21:48:53.018+0000] {taskinstance.py:2865} INFO - Starting attempt 6 of 7
[2025-01-24T21:48:53.037+0000] {taskinstance.py:2888} INFO - Executing <Task(PreprocessDocuments): preprocess_documents_task> on 2025-01-24 21:10:42.449118+00:00
[2025-01-24T21:48:53.055+0000] {warnings.py:112} WARNING - /home/***/.local/lib/python3.12/site-packages/***/task/task_runner/standard_task_runner.py:70: DeprecationWarning: This process (pid=2056) is multi-threaded, use of fork() may lead to deadlocks in the child.
  pid = os.fork()

[2025-01-24T21:48:53.057+0000] {standard_task_runner.py:72} INFO - Started process 2076 to run task
[2025-01-24T21:48:53.057+0000] {standard_task_runner.py:104} INFO - Running: ['***', 'tasks', 'run', 'pull_gazettes_data', 'preprocess_documents_task', 'manual__2025-01-24T21:10:42.449118+00:00', '--job-id', '18', '--raw', '--subdir', 'DAGS_FOLDER/dag_script.py', '--cfg-path', '/tmp/tmpg4zmtxqj']
[2025-01-24T21:48:53.059+0000] {standard_task_runner.py:105} INFO - Job 18: Subtask preprocess_documents_task
[2025-01-24T21:48:53.100+0000] {task_command.py:467} INFO - Running <TaskInstance: pull_gazettes_data.preprocess_documents_task manual__2025-01-24T21:10:42.449118+00:00 [running]> on host 9e85c216a3c8
[2025-01-24T21:48:53.167+0000] {taskinstance.py:3131} INFO - Exporting env vars: AIRFLOW_CTX_DAG_EMAIL='***@example.com' AIRFLOW_CTX_DAG_OWNER='***' AIRFLOW_CTX_DAG_ID='pull_gazettes_data' AIRFLOW_CTX_TASK_ID='preprocess_documents_task' AIRFLOW_CTX_EXECUTION_DATE='2025-01-24T21:10:42.449118+00:00' AIRFLOW_CTX_TRY_NUMBER='6' AIRFLOW_CTX_DAG_RUN_ID='manual__2025-01-24T21:10:42.449118+00:00'
[2025-01-24T21:48:53.168+0000] {taskinstance.py:731} INFO - ::endgroup::
[2025-01-24T21:48:53.179+0000] {logging_mixin.py:190} INFO - Checking pre processed documents log
[2025-01-24T21:48:53.197+0000] {logging_mixin.py:190} INFO -                             file_uuid               etl_timestamp
0    3106200_2024-11-22_7138-page-0-9  2025-01-24 21:45:36.066384
1  3106200_2024-11-22_7138-page-10-19  2025-01-24 21:45:36.066384
2  3106200_2024-11-22_7138-page-20-29  2025-01-24 21:45:36.066384
3  3106200_2024-11-22_7138-page-30-39  2025-01-24 21:45:36.066384
4  3106200_2024-11-22_7138-page-40-43  2025-01-24 21:45:36.066384
5    3106200_2024-11-23_7139-page-0-9  2025-01-24 21:45:36.066384
6  3106200_2024-11-23_7139-page-10-19  2025-01-24 21:45:36.066384
7  3106200_2024-11-23_7139-page-20-25  2025-01-24 21:45:36.066384
[2025-01-24T21:48:53.198+0000] {logging_mixin.py:190} INFO - Already preprocessed documents: {'3106200_2024-11-23_7139-page-20-25', '3106200_2024-11-23_7139-page-10-19', '3106200_2024-11-22_7138-page-40-43', '3106200_2024-11-23_7139-page-0-9', '3106200_2024-11-22_7138-page-10-19', '3106200_2024-11-22_7138-page-30-39', '3106200_2024-11-22_7138-page-20-29', '3106200_2024-11-22_7138-page-0-9'}
[2025-01-24T21:48:53.201+0000] {logging_mixin.py:190} INFO - Breaking down pdf 3106200_2024-11-22_7138.pdf into multiple PDF single pages
[2025-01-24T21:48:53.367+0000] {logging_mixin.py:190} INFO - File 3106200_2024-11-22_7138-page-0-9.pdf already broken down into
[2025-01-24T21:48:53.368+0000] {logging_mixin.py:190} INFO - File 3106200_2024-11-22_7138-page-10-19.pdf already broken down into
[2025-01-24T21:48:53.368+0000] {logging_mixin.py:190} INFO - File 3106200_2024-11-22_7138-page-20-29.pdf already broken down into
[2025-01-24T21:48:53.369+0000] {logging_mixin.py:190} INFO - File 3106200_2024-11-22_7138-page-30-39.pdf already broken down into
[2025-01-24T21:48:53.369+0000] {logging_mixin.py:190} INFO - File 3106200_2024-11-22_7138-page-40-43.pdf already broken down into
[2025-01-24T21:48:53.369+0000] {logging_mixin.py:190} INFO - Breaking down pdf 3106200_2024-11-23_7139.pdf into multiple PDF single pages
[2025-01-24T21:48:53.473+0000] {logging_mixin.py:190} INFO - File 3106200_2024-11-23_7139-page-0-9.pdf already broken down into
[2025-01-24T21:48:53.474+0000] {logging_mixin.py:190} INFO - File 3106200_2024-11-23_7139-page-10-19.pdf already broken down into
[2025-01-24T21:48:53.474+0000] {logging_mixin.py:190} INFO - File 3106200_2024-11-23_7139-page-20-25.pdf already broken down into
[2025-01-24T21:48:53.474+0000] {logging_mixin.py:190} INFO - Breaking down pdf 3106200_2024-11-26_7140.pdf into multiple PDF single pages
[2025-01-24T21:48:53.579+0000] {logging_mixin.py:190} INFO - File 3106200_2024-11-26_7140-page-0-9.pdf already broken down into
[2025-01-24T21:48:53.580+0000] {logging_mixin.py:190} INFO - File 3106200_2024-11-26_7140-page-10-19.pdf already broken down into
[2025-01-24T21:48:53.581+0000] {logging_mixin.py:190} INFO - File 3106200_2024-11-26_7140-page-20-29.pdf already broken down into
[2025-01-24T21:48:53.581+0000] {logging_mixin.py:190} INFO - File 3106200_2024-11-26_7140-page-30-32.pdf already broken down into
[2025-01-24T21:48:53.581+0000] {logging_mixin.py:190} INFO - Breaking down pdf 3106200_2024-11-27_7141.pdf into multiple PDF single pages
[2025-01-24T21:48:53.739+0000] {logging_mixin.py:190} INFO - File 3106200_2024-11-27_7141-page-0-9.pdf already broken down into
[2025-01-24T21:48:53.740+0000] {logging_mixin.py:190} INFO - File 3106200_2024-11-27_7141-page-10-19.pdf already broken down into
[2025-01-24T21:48:53.740+0000] {logging_mixin.py:190} INFO - File 3106200_2024-11-27_7141-page-20-29.pdf already broken down into
[2025-01-24T21:48:53.740+0000] {logging_mixin.py:190} INFO - File 3106200_2024-11-27_7141-page-30-36.pdf already broken down into
[2025-01-24T21:48:53.741+0000] {logging_mixin.py:190} INFO - Breaking down pdf 3106200_2024-11-28_7142.pdf into multiple PDF single pages
[2025-01-24T21:48:53.903+0000] {logging_mixin.py:190} INFO - File 3106200_2024-11-28_7142-page-0-9.pdf already broken down into
[2025-01-24T21:48:53.904+0000] {logging_mixin.py:190} INFO - File 3106200_2024-11-28_7142-page-10-19.pdf already broken down into
[2025-01-24T21:48:53.904+0000] {logging_mixin.py:190} INFO - File 3106200_2024-11-28_7142-page-20-29.pdf already broken down into
[2025-01-24T21:48:53.905+0000] {logging_mixin.py:190} INFO - File 3106200_2024-11-28_7142-page-30-39.pdf already broken down into
[2025-01-24T21:48:53.905+0000] {logging_mixin.py:190} INFO - File 3106200_2024-11-28_7142-page-40-45.pdf already broken down into
[2025-01-24T21:48:53.906+0000] {logging_mixin.py:190} INFO - Breaking down pdf 3106200_2024-11-29_7143.pdf into multiple PDF single pages
[2025-01-24T21:48:54.071+0000] {logging_mixin.py:190} INFO - File 3106200_2024-11-29_7143-page-0-9.pdf already broken down into
[2025-01-24T21:48:54.071+0000] {logging_mixin.py:190} INFO - File 3106200_2024-11-29_7143-page-10-19.pdf already broken down into
[2025-01-24T21:48:54.072+0000] {logging_mixin.py:190} INFO - File 3106200_2024-11-29_7143-page-20-29.pdf already broken down into
[2025-01-24T21:48:54.072+0000] {logging_mixin.py:190} INFO - File 3106200_2024-11-29_7143-page-30-38.pdf already broken down into
[2025-01-24T21:48:54.072+0000] {logging_mixin.py:190} INFO - Breaking down pdf 3106200_2024-11-30_7144.pdf into multiple PDF single pages
[2025-01-24T21:48:54.221+0000] {logging_mixin.py:190} INFO - File 3106200_2024-11-30_7144-page-0-9.pdf already broken down into
[2025-01-24T21:48:54.222+0000] {logging_mixin.py:190} INFO - File 3106200_2024-11-30_7144-page-10-19.pdf already broken down into
[2025-01-24T21:48:54.222+0000] {logging_mixin.py:190} INFO - File 3106200_2024-11-30_7144-page-20-29.pdf already broken down into
[2025-01-24T21:48:54.223+0000] {logging_mixin.py:190} INFO - File 3106200_2024-11-30_7144-page-30-37.pdf already broken down into
[2025-01-24T21:48:54.223+0000] {logging_mixin.py:190} INFO - Breaking down pdf 3106200_2024-12-03_7145.pdf into multiple PDF single pages
[2025-01-24T21:48:54.793+0000] {logging_mixin.py:190} INFO - File 3106200_2024-12-03_7145-page-0-9.pdf already broken down into
[2025-01-24T21:48:54.794+0000] {logging_mixin.py:190} INFO - File 3106200_2024-12-03_7145-page-10-19.pdf already broken down into
[2025-01-24T21:48:54.795+0000] {logging_mixin.py:190} INFO - File 3106200_2024-12-03_7145-page-20-29.pdf already broken down into
[2025-01-24T21:48:54.795+0000] {logging_mixin.py:190} INFO - File 3106200_2024-12-03_7145-page-30-34.pdf already broken down into
[2025-01-24T21:48:54.796+0000] {logging_mixin.py:190} INFO - Breaking down pdf 3106200_2024-12-04_7146.pdf into multiple PDF single pages
[2025-01-24T21:48:54.927+0000] {logging_mixin.py:190} INFO - File 3106200_2024-12-04_7146-page-0-9.pdf already broken down into
[2025-01-24T21:48:54.927+0000] {logging_mixin.py:190} INFO - File 3106200_2024-12-04_7146-page-10-19.pdf already broken down into
[2025-01-24T21:48:54.928+0000] {logging_mixin.py:190} INFO - File 3106200_2024-12-04_7146-page-20-29.pdf already broken down into
[2025-01-24T21:48:54.928+0000] {logging_mixin.py:190} INFO - File 3106200_2024-12-04_7146-page-30-39.pdf already broken down into
[2025-01-24T21:48:54.928+0000] {logging_mixin.py:190} INFO - Breaking down pdf 3106200_2024-12-05_7147.pdf into multiple PDF single pages
[2025-01-24T21:48:55.016+0000] {logging_mixin.py:190} INFO - File 3106200_2024-12-05_7147-page-0-9.pdf already broken down into
[2025-01-24T21:48:55.016+0000] {logging_mixin.py:190} INFO - File 3106200_2024-12-05_7147-page-10-19.pdf already broken down into
[2025-01-24T21:48:55.017+0000] {logging_mixin.py:190} INFO - File 3106200_2024-12-05_7147-page-20-22.pdf already broken down into
[2025-01-24T21:48:55.017+0000] {logging_mixin.py:190} INFO - Breaking down pdf 3106200_2024-12-06_7148.pdf into multiple PDF single pages
[2025-01-24T21:48:55.173+0000] {logging_mixin.py:190} INFO - File 3106200_2024-12-06_7148-page-0-9.pdf already broken down into
[2025-01-24T21:48:55.174+0000] {logging_mixin.py:190} INFO - File 3106200_2024-12-06_7148-page-10-19.pdf already broken down into
[2025-01-24T21:48:55.175+0000] {logging_mixin.py:190} INFO - File 3106200_2024-12-06_7148-page-20-29.pdf already broken down into
[2025-01-24T21:48:55.176+0000] {logging_mixin.py:190} INFO - File 3106200_2024-12-06_7148-page-30-39.pdf already broken down into
[2025-01-24T21:48:55.176+0000] {logging_mixin.py:190} INFO - Breaking down pdf 3106200_2024-12-07_7149.pdf into multiple PDF single pages
[2025-01-24T21:48:55.340+0000] {logging_mixin.py:190} INFO - File 3106200_2024-12-07_7149-page-0-9.pdf already broken down into
[2025-01-24T21:48:55.341+0000] {logging_mixin.py:190} INFO - File 3106200_2024-12-07_7149-page-10-19.pdf already broken down into
[2025-01-24T21:48:55.341+0000] {logging_mixin.py:190} INFO - File 3106200_2024-12-07_7149-page-20-29.pdf already broken down into
[2025-01-24T21:48:55.342+0000] {logging_mixin.py:190} INFO - File 3106200_2024-12-07_7149-page-30-39.pdf already broken down into
[2025-01-24T21:48:55.342+0000] {logging_mixin.py:190} INFO - File 3106200_2024-12-07_7149-page-40-45.pdf already broken down into
[2025-01-24T21:48:55.342+0000] {logging_mixin.py:190} INFO - Breaking down pdf 3106200_2024-12-10_7150.pdf into multiple PDF single pages
[2025-01-24T21:48:55.412+0000] {logging_mixin.py:190} INFO - File 3106200_2024-12-10_7150-page-0-9.pdf already broken down into
[2025-01-24T21:48:55.412+0000] {logging_mixin.py:190} INFO - File 3106200_2024-12-10_7150-page-10-19.pdf already broken down into
[2025-01-24T21:48:55.413+0000] {logging_mixin.py:190} INFO - File 3106200_2024-12-10_7150-page-20-21.pdf already broken down into
[2025-01-24T21:48:55.413+0000] {logging_mixin.py:190} INFO - Breaking down pdf 3106200_2024-12-11_7151.pdf into multiple PDF single pages
[2025-01-24T21:48:55.554+0000] {logging_mixin.py:190} INFO - File 3106200_2024-12-11_7151-page-0-9.pdf already broken down into
[2025-01-24T21:48:55.554+0000] {logging_mixin.py:190} INFO - File 3106200_2024-12-11_7151-page-10-19.pdf already broken down into
[2025-01-24T21:48:55.555+0000] {logging_mixin.py:190} INFO - File 3106200_2024-12-11_7151-page-20-29.pdf already broken down into
[2025-01-24T21:48:55.555+0000] {logging_mixin.py:190} INFO - File 3106200_2024-12-11_7151-page-30-35.pdf already broken down into
[2025-01-24T21:48:55.555+0000] {logging_mixin.py:190} INFO - Breaking down pdf 3106200_2024-12-12_7152.pdf into multiple PDF single pages
[2025-01-24T21:48:55.631+0000] {logging_mixin.py:190} INFO - File 3106200_2024-12-12_7152-page-0-9.pdf already broken down into
[2025-01-24T21:48:55.632+0000] {logging_mixin.py:190} INFO - File 3106200_2024-12-12_7152-page-10-19.pdf already broken down into
[2025-01-24T21:48:55.632+0000] {logging_mixin.py:190} INFO - File 3106200_2024-12-12_7152-page-20-24.pdf already broken down into
[2025-01-24T21:48:55.633+0000] {logging_mixin.py:190} INFO - Breaking down pdf 3106200_2024-12-13_7153.pdf into multiple PDF single pages
[2025-01-24T21:48:55.738+0000] {logging_mixin.py:190} INFO - File 3106200_2024-12-13_7153-page-0-9.pdf already broken down into
[2025-01-24T21:48:55.739+0000] {logging_mixin.py:190} INFO - File 3106200_2024-12-13_7153-page-10-19.pdf already broken down into
[2025-01-24T21:48:55.739+0000] {logging_mixin.py:190} INFO - File 3106200_2024-12-13_7153-page-20-29.pdf already broken down into
[2025-01-24T21:48:55.740+0000] {logging_mixin.py:190} INFO - File 3106200_2024-12-13_7153-page-30-33.pdf already broken down into
[2025-01-24T21:48:55.740+0000] {logging_mixin.py:190} INFO - Breaking down pdf 3106200_2024-12-14_7154.pdf into multiple PDF single pages
[2025-01-24T21:48:55.861+0000] {logging_mixin.py:190} INFO - File 3106200_2024-12-14_7154-page-0-9.pdf already broken down into
[2025-01-24T21:48:55.862+0000] {logging_mixin.py:190} INFO - File 3106200_2024-12-14_7154-page-10-19.pdf already broken down into
[2025-01-24T21:48:55.863+0000] {logging_mixin.py:190} INFO - File 3106200_2024-12-14_7154-page-20-29.pdf already broken down into
[2025-01-24T21:48:55.863+0000] {logging_mixin.py:190} INFO - File 3106200_2024-12-14_7154-page-30-31.pdf already broken down into
[2025-01-24T21:48:55.864+0000] {logging_mixin.py:190} INFO - Breaking down pdf 3106200_2024-12-17_7155.pdf into multiple PDF single pages
[2025-01-24T21:48:55.962+0000] {logging_mixin.py:190} INFO - File 3106200_2024-12-17_7155-page-0-9.pdf already broken down into
[2025-01-24T21:48:55.963+0000] {logging_mixin.py:190} INFO - File 3106200_2024-12-17_7155-page-10-19.pdf already broken down into
[2025-01-24T21:48:55.963+0000] {logging_mixin.py:190} INFO - File 3106200_2024-12-17_7155-page-20-24.pdf already broken down into
[2025-01-24T21:48:55.963+0000] {logging_mixin.py:190} INFO - Breaking down pdf 3106200_2024-12-18_7156.pdf into multiple PDF single pages
[2025-01-24T21:48:56.182+0000] {logging_mixin.py:190} INFO - File 3106200_2024-12-18_7156-page-0-9.pdf already broken down into
[2025-01-24T21:48:56.183+0000] {logging_mixin.py:190} INFO - File 3106200_2024-12-18_7156-page-10-19.pdf already broken down into
[2025-01-24T21:48:56.183+0000] {logging_mixin.py:190} INFO - File 3106200_2024-12-18_7156-page-20-29.pdf already broken down into
[2025-01-24T21:48:56.183+0000] {logging_mixin.py:190} INFO - File 3106200_2024-12-18_7156-page-30-39.pdf already broken down into
[2025-01-24T21:48:56.184+0000] {logging_mixin.py:190} INFO - File 3106200_2024-12-18_7156-page-40-49.pdf already broken down into
[2025-01-24T21:48:56.184+0000] {logging_mixin.py:190} INFO - File 3106200_2024-12-18_7156-page-50-59.pdf already broken down into
[2025-01-24T21:48:56.184+0000] {logging_mixin.py:190} INFO - File 3106200_2024-12-18_7156-page-60-69.pdf already broken down into
[2025-01-24T21:48:56.185+0000] {logging_mixin.py:190} INFO - File 3106200_2024-12-18_7156-page-70-71.pdf already broken down into
[2025-01-24T21:48:56.185+0000] {logging_mixin.py:190} INFO - Breaking down pdf 3106200_2024-12-19_7157.pdf into multiple PDF single pages
[2025-01-24T21:48:56.300+0000] {logging_mixin.py:190} INFO - File 3106200_2024-12-19_7157-page-0-9.pdf already broken down into
[2025-01-24T21:48:56.300+0000] {logging_mixin.py:190} INFO - File 3106200_2024-12-19_7157-page-10-19.pdf already broken down into
[2025-01-24T21:48:56.301+0000] {logging_mixin.py:190} INFO - File 3106200_2024-12-19_7157-page-20-29.pdf already broken down into
[2025-01-24T21:48:56.302+0000] {logging_mixin.py:190} INFO - File 3106200_2024-12-19_7157-page-30-34.pdf already broken down into
[2025-01-24T21:48:56.302+0000] {logging_mixin.py:190} INFO - [{'file_uuid': '3106200_2024-11-22_7138-page-0-9', 'file_path': '/usr/local/***/data/pdf_single_page/3106200_2024-11-22_7138-page-0-9.pdf'}, {'file_uuid': '3106200_2024-11-22_7138-page-10-19', 'file_path': '/usr/local/***/data/pdf_single_page/3106200_2024-11-22_7138-page-10-19.pdf'}, {'file_uuid': '3106200_2024-11-22_7138-page-20-29', 'file_path': '/usr/local/***/data/pdf_single_page/3106200_2024-11-22_7138-page-20-29.pdf'}, {'file_uuid': '3106200_2024-11-22_7138-page-30-39', 'file_path': '/usr/local/***/data/pdf_single_page/3106200_2024-11-22_7138-page-30-39.pdf'}, {'file_uuid': '3106200_2024-11-22_7138-page-40-43', 'file_path': '/usr/local/***/data/pdf_single_page/3106200_2024-11-22_7138-page-40-43.pdf'}, {'file_uuid': '3106200_2024-11-23_7139-page-0-9', 'file_path': '/usr/local/***/data/pdf_single_page/3106200_2024-11-23_7139-page-0-9.pdf'}, {'file_uuid': '3106200_2024-11-23_7139-page-10-19', 'file_path': '/usr/local/***/data/pdf_single_page/3106200_2024-11-23_7139-page-10-19.pdf'}, {'file_uuid': '3106200_2024-11-23_7139-page-20-25', 'file_path': '/usr/local/***/data/pdf_single_page/3106200_2024-11-23_7139-page-20-25.pdf'}, {'file_uuid': '3106200_2024-11-26_7140-page-0-9', 'file_path': '/usr/local/***/data/pdf_single_page/3106200_2024-11-26_7140-page-0-9.pdf'}, {'file_uuid': '3106200_2024-11-26_7140-page-10-19', 'file_path': '/usr/local/***/data/pdf_single_page/3106200_2024-11-26_7140-page-10-19.pdf'}, {'file_uuid': '3106200_2024-11-26_7140-page-20-29', 'file_path': '/usr/local/***/data/pdf_single_page/3106200_2024-11-26_7140-page-20-29.pdf'}, {'file_uuid': '3106200_2024-11-26_7140-page-30-32', 'file_path': '/usr/local/***/data/pdf_single_page/3106200_2024-11-26_7140-page-30-32.pdf'}, {'file_uuid': '3106200_2024-11-27_7141-page-0-9', 'file_path': '/usr/local/***/data/pdf_single_page/3106200_2024-11-27_7141-page-0-9.pdf'}, {'file_uuid': '3106200_2024-11-27_7141-page-10-19', 'file_path': '/usr/local/***/data/pdf_single_page/3106200_2024-11-27_7141-page-10-19.pdf'}, {'file_uuid': '3106200_2024-11-27_7141-page-20-29', 'file_path': '/usr/local/***/data/pdf_single_page/3106200_2024-11-27_7141-page-20-29.pdf'}, {'file_uuid': '3106200_2024-11-27_7141-page-30-36', 'file_path': '/usr/local/***/data/pdf_single_page/3106200_2024-11-27_7141-page-30-36.pdf'}, {'file_uuid': '3106200_2024-11-28_7142-page-0-9', 'file_path': '/usr/local/***/data/pdf_single_page/3106200_2024-11-28_7142-page-0-9.pdf'}, {'file_uuid': '3106200_2024-11-28_7142-page-10-19', 'file_path': '/usr/local/***/data/pdf_single_page/3106200_2024-11-28_7142-page-10-19.pdf'}, {'file_uuid': '3106200_2024-11-28_7142-page-20-29', 'file_path': '/usr/local/***/data/pdf_single_page/3106200_2024-11-28_7142-page-20-29.pdf'}, {'file_uuid': '3106200_2024-11-28_7142-page-30-39', 'file_path': '/usr/local/***/data/pdf_single_page/3106200_2024-11-28_7142-page-30-39.pdf'}, {'file_uuid': '3106200_2024-11-28_7142-page-40-45', 'file_path': '/usr/local/***/data/pdf_single_page/3106200_2024-11-28_7142-page-40-45.pdf'}, {'file_uuid': '3106200_2024-11-29_7143-page-0-9', 'file_path': '/usr/local/***/data/pdf_single_page/3106200_2024-11-29_7143-page-0-9.pdf'}, {'file_uuid': '3106200_2024-11-29_7143-page-10-19', 'file_path': '/usr/local/***/data/pdf_single_page/3106200_2024-11-29_7143-page-10-19.pdf'}, {'file_uuid': '3106200_2024-11-29_7143-page-20-29', 'file_path': '/usr/local/***/data/pdf_single_page/3106200_2024-11-29_7143-page-20-29.pdf'}, {'file_uuid': '3106200_2024-11-29_7143-page-30-38', 'file_path': '/usr/local/***/data/pdf_single_page/3106200_2024-11-29_7143-page-30-38.pdf'}, {'file_uuid': '3106200_2024-11-30_7144-page-0-9', 'file_path': '/usr/local/***/data/pdf_single_page/3106200_2024-11-30_7144-page-0-9.pdf'}, {'file_uuid': '3106200_2024-11-30_7144-page-10-19', 'file_path': '/usr/local/***/data/pdf_single_page/3106200_2024-11-30_7144-page-10-19.pdf'}, {'file_uuid': '3106200_2024-11-30_7144-page-20-29', 'file_path': '/usr/local/***/data/pdf_single_page/3106200_2024-11-30_7144-page-20-29.pdf'}, {'file_uuid': '3106200_2024-11-30_7144-page-30-37', 'file_path': '/usr/local/***/data/pdf_single_page/3106200_2024-11-30_7144-page-30-37.pdf'}, {'file_uuid': '3106200_2024-12-03_7145-page-0-9', 'file_path': '/usr/local/***/data/pdf_single_page/3106200_2024-12-03_7145-page-0-9.pdf'}, {'file_uuid': '3106200_2024-12-03_7145-page-10-19', 'file_path': '/usr/local/***/data/pdf_single_page/3106200_2024-12-03_7145-page-10-19.pdf'}, {'file_uuid': '3106200_2024-12-03_7145-page-20-29', 'file_path': '/usr/local/***/data/pdf_single_page/3106200_2024-12-03_7145-page-20-29.pdf'}, {'file_uuid': '3106200_2024-12-03_7145-page-30-34', 'file_path': '/usr/local/***/data/pdf_single_page/3106200_2024-12-03_7145-page-30-34.pdf'}, {'file_uuid': '3106200_2024-12-04_7146-page-0-9', 'file_path': '/usr/local/***/data/pdf_single_page/3106200_2024-12-04_7146-page-0-9.pdf'}, {'file_uuid': '3106200_2024-12-04_7146-page-10-19', 'file_path': '/usr/local/***/data/pdf_single_page/3106200_2024-12-04_7146-page-10-19.pdf'}, {'file_uuid': '3106200_2024-12-04_7146-page-20-29', 'file_path': '/usr/local/***/data/pdf_single_page/3106200_2024-12-04_7146-page-20-29.pdf'}, {'file_uuid': '3106200_2024-12-04_7146-page-30-39', 'file_path': '/usr/local/***/data/pdf_single_page/3106200_2024-12-04_7146-page-30-39.pdf'}, {'file_uuid': '3106200_2024-12-05_7147-page-0-9', 'file_path': '/usr/local/***/data/pdf_single_page/3106200_2024-12-05_7147-page-0-9.pdf'}, {'file_uuid': '3106200_2024-12-05_7147-page-10-19', 'file_path': '/usr/local/***/data/pdf_single_page/3106200_2024-12-05_7147-page-10-19.pdf'}, {'file_uuid': '3106200_2024-12-05_7147-page-20-22', 'file_path': '/usr/local/***/data/pdf_single_page/3106200_2024-12-05_7147-page-20-22.pdf'}, {'file_uuid': '3106200_2024-12-06_7148-page-0-9', 'file_path': '/usr/local/***/data/pdf_single_page/3106200_2024-12-06_7148-page-0-9.pdf'}, {'file_uuid': '3106200_2024-12-06_7148-page-10-19', 'file_path': '/usr/local/***/data/pdf_single_page/3106200_2024-12-06_7148-page-10-19.pdf'}, {'file_uuid': '3106200_2024-12-06_7148-page-20-29', 'file_path': '/usr/local/***/data/pdf_single_page/3106200_2024-12-06_7148-page-20-29.pdf'}, {'file_uuid': '3106200_2024-12-06_7148-page-30-39', 'file_path': '/usr/local/***/data/pdf_single_page/3106200_2024-12-06_7148-page-30-39.pdf'}, {'file_uuid': '3106200_2024-12-07_7149-page-0-9', 'file_path': '/usr/local/***/data/pdf_single_page/3106200_2024-12-07_7149-page-0-9.pdf'}, {'file_uuid': '3106200_2024-12-07_7149-page-10-19', 'file_path': '/usr/local/***/data/pdf_single_page/3106200_2024-12-07_7149-page-10-19.pdf'}, {'file_uuid': '3106200_2024-12-07_7149-page-20-29', 'file_path': '/usr/local/***/data/pdf_single_page/3106200_2024-12-07_7149-page-20-29.pdf'}, {'file_uuid': '3106200_2024-12-07_7149-page-30-39', 'file_path': '/usr/local/***/data/pdf_single_page/3106200_2024-12-07_7149-page-30-39.pdf'}, {'file_uuid': '3106200_2024-12-07_7149-page-40-45', 'file_path': '/usr/local/***/data/pdf_single_page/3106200_2024-12-07_7149-page-40-45.pdf'}, {'file_uuid': '3106200_2024-12-10_7150-page-0-9', 'file_path': '/usr/local/***/data/pdf_single_page/3106200_2024-12-10_7150-page-0-9.pdf'}, {'file_uuid': '3106200_2024-12-10_7150-page-10-19', 'file_path': '/usr/local/***/data/pdf_single_page/3106200_2024-12-10_7150-page-10-19.pdf'}, {'file_uuid': '3106200_2024-12-10_7150-page-20-21', 'file_path': '/usr/local/***/data/pdf_single_page/3106200_2024-12-10_7150-page-20-21.pdf'}, {'file_uuid': '3106200_2024-12-11_7151-page-0-9', 'file_path': '/usr/local/***/data/pdf_single_page/3106200_2024-12-11_7151-page-0-9.pdf'}, {'file_uuid': '3106200_2024-12-11_7151-page-10-19', 'file_path': '/usr/local/***/data/pdf_single_page/3106200_2024-12-11_7151-page-10-19.pdf'}, {'file_uuid': '3106200_2024-12-11_7151-page-20-29', 'file_path': '/usr/local/***/data/pdf_single_page/3106200_2024-12-11_7151-page-20-29.pdf'}, {'file_uuid': '3106200_2024-12-11_7151-page-30-35', 'file_path': '/usr/local/***/data/pdf_single_page/3106200_2024-12-11_7151-page-30-35.pdf'}, {'file_uuid': '3106200_2024-12-12_7152-page-0-9', 'file_path': '/usr/local/***/data/pdf_single_page/3106200_2024-12-12_7152-page-0-9.pdf'}, {'file_uuid': '3106200_2024-12-12_7152-page-10-19', 'file_path': '/usr/local/***/data/pdf_single_page/3106200_2024-12-12_7152-page-10-19.pdf'}, {'file_uuid': '3106200_2024-12-12_7152-page-20-24', 'file_path': '/usr/local/***/data/pdf_single_page/3106200_2024-12-12_7152-page-20-24.pdf'}, {'file_uuid': '3106200_2024-12-13_7153-page-0-9', 'file_path': '/usr/local/***/data/pdf_single_page/3106200_2024-12-13_7153-page-0-9.pdf'}, {'file_uuid': '3106200_2024-12-13_7153-page-10-19', 'file_path': '/usr/local/***/data/pdf_single_page/3106200_2024-12-13_7153-page-10-19.pdf'}, {'file_uuid': '3106200_2024-12-13_7153-page-20-29', 'file_path': '/usr/local/***/data/pdf_single_page/3106200_2024-12-13_7153-page-20-29.pdf'}, {'file_uuid': '3106200_2024-12-13_7153-page-30-33', 'file_path': '/usr/local/***/data/pdf_single_page/3106200_2024-12-13_7153-page-30-33.pdf'}, {'file_uuid': '3106200_2024-12-14_7154-page-0-9', 'file_path': '/usr/local/***/data/pdf_single_page/3106200_2024-12-14_7154-page-0-9.pdf'}, {'file_uuid': '3106200_2024-12-14_7154-page-10-19', 'file_path': '/usr/local/***/data/pdf_single_page/3106200_2024-12-14_7154-page-10-19.pdf'}, {'file_uuid': '3106200_2024-12-14_7154-page-20-29', 'file_path': '/usr/local/***/data/pdf_single_page/3106200_2024-12-14_7154-page-20-29.pdf'}, {'file_uuid': '3106200_2024-12-14_7154-page-30-31', 'file_path': '/usr/local/***/data/pdf_single_page/3106200_2024-12-14_7154-page-30-31.pdf'}, {'file_uuid': '3106200_2024-12-17_7155-page-0-9', 'file_path': '/usr/local/***/data/pdf_single_page/3106200_2024-12-17_7155-page-0-9.pdf'}, {'file_uuid': '3106200_2024-12-17_7155-page-10-19', 'file_path': '/usr/local/***/data/pdf_single_page/3106200_2024-12-17_7155-page-10-19.pdf'}, {'file_uuid': '3106200_2024-12-17_7155-page-20-24', 'file_path': '/usr/local/***/data/pdf_single_page/3106200_2024-12-17_7155-page-20-24.pdf'}, {'file_uuid': '3106200_2024-12-18_7156-page-0-9', 'file_path': '/usr/local/***/data/pdf_single_page/3106200_2024-12-18_7156-page-0-9.pdf'}, {'file_uuid': '3106200_2024-12-18_7156-page-10-19', 'file_path': '/usr/local/***/data/pdf_single_page/3106200_2024-12-18_7156-page-10-19.pdf'}, {'file_uuid': '3106200_2024-12-18_7156-page-20-29', 'file_path': '/usr/local/***/data/pdf_single_page/3106200_2024-12-18_7156-page-20-29.pdf'}, {'file_uuid': '3106200_2024-12-18_7156-page-30-39', 'file_path': '/usr/local/***/data/pdf_single_page/3106200_2024-12-18_7156-page-30-39.pdf'}, {'file_uuid': '3106200_2024-12-18_7156-page-40-49', 'file_path': '/usr/local/***/data/pdf_single_page/3106200_2024-12-18_7156-page-40-49.pdf'}, {'file_uuid': '3106200_2024-12-18_7156-page-50-59', 'file_path': '/usr/local/***/data/pdf_single_page/3106200_2024-12-18_7156-page-50-59.pdf'}, {'file_uuid': '3106200_2024-12-18_7156-page-60-69', 'file_path': '/usr/local/***/data/pdf_single_page/3106200_2024-12-18_7156-page-60-69.pdf'}, {'file_uuid': '3106200_2024-12-18_7156-page-70-71', 'file_path': '/usr/local/***/data/pdf_single_page/3106200_2024-12-18_7156-page-70-71.pdf'}, {'file_uuid': '3106200_2024-12-19_7157-page-0-9', 'file_path': '/usr/local/***/data/pdf_single_page/3106200_2024-12-19_7157-page-0-9.pdf'}, {'file_uuid': '3106200_2024-12-19_7157-page-10-19', 'file_path': '/usr/local/***/data/pdf_single_page/3106200_2024-12-19_7157-page-10-19.pdf'}, {'file_uuid': '3106200_2024-12-19_7157-page-20-29', 'file_path': '/usr/local/***/data/pdf_single_page/3106200_2024-12-19_7157-page-20-29.pdf'}, {'file_uuid': '3106200_2024-12-19_7157-page-30-34', 'file_path': '/usr/local/***/data/pdf_single_page/3106200_2024-12-19_7157-page-30-34.pdf'}]
[2025-01-24T21:48:56.323+0000] {document_converter.py:242} INFO - Going to convert document batch...
[2025-01-24T21:48:56.607+0000] {accelerator_utils.py:41} INFO - Accelerator device: 'cpu'
[2025-01-24T21:48:58.669+0000] {accelerator_utils.py:41} INFO - Accelerator device: 'cpu'
[2025-01-24T21:48:59.176+0000] {accelerator_utils.py:41} INFO - Accelerator device: 'cpu'
[2025-01-24T21:48:59.542+0000] {base_pipeline.py:38} INFO - Processing document 3106200_2024-11-22_7138-page-0-9.pdf
[2025-01-24T21:49:28.438+0000] {local_task_job_runner.py:346} WARNING - State of this instance has been externally set to failed. Terminating instance.
[2025-01-24T21:49:28.440+0000] {local_task_job_runner.py:245} INFO - ::endgroup::
[2025-01-24T21:49:28.442+0000] {process_utils.py:132} INFO - Sending 15 to group 2076. PIDs of all processes in the group: [2076]
[2025-01-24T21:49:28.444+0000] {process_utils.py:87} INFO - Sending the signal 15 to group 2076
[2025-01-24T21:49:28.445+0000] {taskinstance.py:3092} ERROR - Received SIGTERM. Terminating subprocesses.
[2025-01-24T21:49:28.478+0000] {taskinstance.py:340} INFO - ::group::Post task execution logs
[2025-01-24T21:49:28.537+0000] {process_utils.py:80} INFO - Process psutil.Process(pid=2076, status='terminated', exitcode=0, started='21:48:52') (2076) terminated with exit code 0
