[2025-01-24T21:39:13.416+0000] {local_task_job_runner.py:123} INFO - ::group::Pre task execution logs
[2025-01-24T21:39:13.432+0000] {taskinstance.py:2612} INFO - Dependencies all met for dep_context=non-requeueable deps ti=<TaskInstance: pull_gazettes_data.preprocess_documents_task manual__2025-01-24T21:10:42.449118+00:00 [queued]>
[2025-01-24T21:39:13.439+0000] {taskinstance.py:2612} INFO - Dependencies all met for dep_context=requeueable deps ti=<TaskInstance: pull_gazettes_data.preprocess_documents_task manual__2025-01-24T21:10:42.449118+00:00 [queued]>
[2025-01-24T21:39:13.440+0000] {taskinstance.py:2865} INFO - Starting attempt 3 of 4
[2025-01-24T21:39:13.452+0000] {taskinstance.py:2888} INFO - Executing <Task(PreprocessDocuments): preprocess_documents_task> on 2025-01-24 21:10:42.449118+00:00
[2025-01-24T21:39:13.465+0000] {warnings.py:112} WARNING - /home/***/.local/lib/python3.12/site-packages/***/task/task_runner/standard_task_runner.py:70: DeprecationWarning: This process (pid=1566) is multi-threaded, use of fork() may lead to deadlocks in the child.
  pid = os.fork()

[2025-01-24T21:39:13.467+0000] {standard_task_runner.py:72} INFO - Started process 1579 to run task
[2025-01-24T21:39:13.467+0000] {standard_task_runner.py:104} INFO - Running: ['***', 'tasks', 'run', 'pull_gazettes_data', 'preprocess_documents_task', 'manual__2025-01-24T21:10:42.449118+00:00', '--job-id', '12', '--raw', '--subdir', 'DAGS_FOLDER/dag_script.py', '--cfg-path', '/tmp/tmpm6hbnfos']
[2025-01-24T21:39:13.468+0000] {standard_task_runner.py:105} INFO - Job 12: Subtask preprocess_documents_task
[2025-01-24T21:39:13.511+0000] {task_command.py:467} INFO - Running <TaskInstance: pull_gazettes_data.preprocess_documents_task manual__2025-01-24T21:10:42.449118+00:00 [running]> on host 9e85c216a3c8
[2025-01-24T21:39:13.572+0000] {taskinstance.py:3131} INFO - Exporting env vars: AIRFLOW_CTX_DAG_EMAIL='***@example.com' AIRFLOW_CTX_DAG_OWNER='***' AIRFLOW_CTX_DAG_ID='pull_gazettes_data' AIRFLOW_CTX_TASK_ID='preprocess_documents_task' AIRFLOW_CTX_EXECUTION_DATE='2025-01-24T21:10:42.449118+00:00' AIRFLOW_CTX_TRY_NUMBER='3' AIRFLOW_CTX_DAG_RUN_ID='manual__2025-01-24T21:10:42.449118+00:00'
[2025-01-24T21:39:13.573+0000] {taskinstance.py:731} INFO - ::endgroup::
[2025-01-24T21:39:13.590+0000] {logging_mixin.py:190} INFO - Checking pre processed documents log
[2025-01-24T21:39:13.602+0000] {logging_mixin.py:190} INFO - Already preprocessed documents: set()
[2025-01-24T21:39:13.605+0000] {logging_mixin.py:190} INFO - Breaking down pdf 3106200_2024-11-22_7138.pdf into multiple PDF single pages
[2025-01-24T21:39:13.751+0000] {logging_mixin.py:190} INFO - File 3106200_2024-11-22_7138-page-0-9.pdf already broken down into
[2025-01-24T21:39:13.752+0000] {logging_mixin.py:190} INFO - File 3106200_2024-11-22_7138-page-10-19.pdf already broken down into
[2025-01-24T21:39:13.752+0000] {logging_mixin.py:190} INFO - File 3106200_2024-11-22_7138-page-20-29.pdf already broken down into
[2025-01-24T21:39:13.753+0000] {logging_mixin.py:190} INFO - File 3106200_2024-11-22_7138-page-30-39.pdf already broken down into
[2025-01-24T21:39:13.753+0000] {logging_mixin.py:190} INFO - File 3106200_2024-11-22_7138-page-40-43.pdf already broken down into
[2025-01-24T21:39:13.753+0000] {logging_mixin.py:190} INFO - Breaking down pdf 3106200_2024-11-23_7139.pdf into multiple PDF single pages
[2025-01-24T21:39:13.844+0000] {logging_mixin.py:190} INFO - File 3106200_2024-11-23_7139-page-0-9.pdf already broken down into
[2025-01-24T21:39:13.844+0000] {logging_mixin.py:190} INFO - File 3106200_2024-11-23_7139-page-10-19.pdf already broken down into
[2025-01-24T21:39:13.845+0000] {logging_mixin.py:190} INFO - File 3106200_2024-11-23_7139-page-20-25.pdf already broken down into
[2025-01-24T21:39:13.845+0000] {logging_mixin.py:190} INFO - Breaking down pdf 3106200_2024-11-26_7140.pdf into multiple PDF single pages
[2025-01-24T21:39:13.943+0000] {logging_mixin.py:190} INFO - File 3106200_2024-11-26_7140-page-0-9.pdf already broken down into
[2025-01-24T21:39:13.944+0000] {logging_mixin.py:190} INFO - File 3106200_2024-11-26_7140-page-10-19.pdf already broken down into
[2025-01-24T21:39:13.944+0000] {logging_mixin.py:190} INFO - File 3106200_2024-11-26_7140-page-20-29.pdf already broken down into
[2025-01-24T21:39:13.945+0000] {logging_mixin.py:190} INFO - File 3106200_2024-11-26_7140-page-30-32.pdf already broken down into
[2025-01-24T21:39:13.946+0000] {logging_mixin.py:190} INFO - Breaking down pdf 3106200_2024-11-27_7141.pdf into multiple PDF single pages
[2025-01-24T21:39:14.092+0000] {logging_mixin.py:190} INFO - File 3106200_2024-11-27_7141-page-0-9.pdf already broken down into
[2025-01-24T21:39:14.092+0000] {logging_mixin.py:190} INFO - File 3106200_2024-11-27_7141-page-10-19.pdf already broken down into
[2025-01-24T21:39:14.093+0000] {logging_mixin.py:190} INFO - File 3106200_2024-11-27_7141-page-20-29.pdf already broken down into
[2025-01-24T21:39:14.093+0000] {logging_mixin.py:190} INFO - File 3106200_2024-11-27_7141-page-30-36.pdf already broken down into
[2025-01-24T21:39:14.093+0000] {logging_mixin.py:190} INFO - Breaking down pdf 3106200_2024-11-28_7142.pdf into multiple PDF single pages
[2025-01-24T21:39:14.243+0000] {logging_mixin.py:190} INFO - File 3106200_2024-11-28_7142-page-0-9.pdf already broken down into
[2025-01-24T21:39:14.243+0000] {logging_mixin.py:190} INFO - File 3106200_2024-11-28_7142-page-10-19.pdf already broken down into
[2025-01-24T21:39:14.244+0000] {logging_mixin.py:190} INFO - File 3106200_2024-11-28_7142-page-20-29.pdf already broken down into
[2025-01-24T21:39:14.244+0000] {logging_mixin.py:190} INFO - File 3106200_2024-11-28_7142-page-30-39.pdf already broken down into
[2025-01-24T21:39:14.244+0000] {logging_mixin.py:190} INFO - File 3106200_2024-11-28_7142-page-40-45.pdf already broken down into
[2025-01-24T21:39:14.245+0000] {logging_mixin.py:190} INFO - Breaking down pdf 3106200_2024-11-29_7143.pdf into multiple PDF single pages
[2025-01-24T21:39:14.384+0000] {logging_mixin.py:190} INFO - File 3106200_2024-11-29_7143-page-0-9.pdf already broken down into
[2025-01-24T21:39:14.384+0000] {logging_mixin.py:190} INFO - File 3106200_2024-11-29_7143-page-10-19.pdf already broken down into
[2025-01-24T21:39:14.385+0000] {logging_mixin.py:190} INFO - File 3106200_2024-11-29_7143-page-20-29.pdf already broken down into
[2025-01-24T21:39:14.385+0000] {logging_mixin.py:190} INFO - File 3106200_2024-11-29_7143-page-30-38.pdf already broken down into
[2025-01-24T21:39:14.385+0000] {logging_mixin.py:190} INFO - Breaking down pdf 3106200_2024-11-30_7144.pdf into multiple PDF single pages
[2025-01-24T21:39:14.521+0000] {logging_mixin.py:190} INFO - File 3106200_2024-11-30_7144-page-0-9.pdf already broken down into
[2025-01-24T21:39:14.522+0000] {logging_mixin.py:190} INFO - File 3106200_2024-11-30_7144-page-10-19.pdf already broken down into
[2025-01-24T21:39:14.522+0000] {logging_mixin.py:190} INFO - File 3106200_2024-11-30_7144-page-20-29.pdf already broken down into
[2025-01-24T21:39:14.523+0000] {logging_mixin.py:190} INFO - File 3106200_2024-11-30_7144-page-30-37.pdf already broken down into
[2025-01-24T21:39:14.523+0000] {logging_mixin.py:190} INFO - Breaking down pdf 3106200_2024-12-03_7145.pdf into multiple PDF single pages
[2025-01-24T21:39:15.091+0000] {logging_mixin.py:190} INFO - File 3106200_2024-12-03_7145-page-0-9.pdf already broken down into
[2025-01-24T21:39:15.093+0000] {logging_mixin.py:190} INFO - File 3106200_2024-12-03_7145-page-10-19.pdf already broken down into
[2025-01-24T21:39:15.093+0000] {logging_mixin.py:190} INFO - File 3106200_2024-12-03_7145-page-20-29.pdf already broken down into
[2025-01-24T21:39:15.095+0000] {logging_mixin.py:190} INFO - File 3106200_2024-12-03_7145-page-30-34.pdf already broken down into
[2025-01-24T21:39:15.096+0000] {logging_mixin.py:190} INFO - Breaking down pdf 3106200_2024-12-04_7146.pdf into multiple PDF single pages
[2025-01-24T21:39:15.232+0000] {logging_mixin.py:190} INFO - File 3106200_2024-12-04_7146-page-0-9.pdf already broken down into
[2025-01-24T21:39:15.232+0000] {logging_mixin.py:190} INFO - File 3106200_2024-12-04_7146-page-10-19.pdf already broken down into
[2025-01-24T21:39:15.233+0000] {logging_mixin.py:190} INFO - File 3106200_2024-12-04_7146-page-20-29.pdf already broken down into
[2025-01-24T21:39:15.233+0000] {logging_mixin.py:190} INFO - File 3106200_2024-12-04_7146-page-30-39.pdf already broken down into
[2025-01-24T21:39:15.233+0000] {logging_mixin.py:190} INFO - Breaking down pdf 3106200_2024-12-05_7147.pdf into multiple PDF single pages
[2025-01-24T21:39:15.319+0000] {logging_mixin.py:190} INFO - File 3106200_2024-12-05_7147-page-0-9.pdf already broken down into
[2025-01-24T21:39:15.320+0000] {logging_mixin.py:190} INFO - File 3106200_2024-12-05_7147-page-10-19.pdf already broken down into
[2025-01-24T21:39:15.320+0000] {logging_mixin.py:190} INFO - File 3106200_2024-12-05_7147-page-20-22.pdf already broken down into
[2025-01-24T21:39:15.321+0000] {logging_mixin.py:190} INFO - Breaking down pdf 3106200_2024-12-06_7148.pdf into multiple PDF single pages
[2025-01-24T21:39:15.451+0000] {logging_mixin.py:190} INFO - File 3106200_2024-12-06_7148-page-0-9.pdf already broken down into
[2025-01-24T21:39:15.452+0000] {logging_mixin.py:190} INFO - File 3106200_2024-12-06_7148-page-10-19.pdf already broken down into
[2025-01-24T21:39:15.452+0000] {logging_mixin.py:190} INFO - File 3106200_2024-12-06_7148-page-20-29.pdf already broken down into
[2025-01-24T21:39:15.453+0000] {logging_mixin.py:190} INFO - File 3106200_2024-12-06_7148-page-30-39.pdf already broken down into
[2025-01-24T21:39:15.453+0000] {logging_mixin.py:190} INFO - Breaking down pdf 3106200_2024-12-07_7149.pdf into multiple PDF single pages
[2025-01-24T21:39:15.609+0000] {logging_mixin.py:190} INFO - File 3106200_2024-12-07_7149-page-0-9.pdf already broken down into
[2025-01-24T21:39:15.610+0000] {logging_mixin.py:190} INFO - File 3106200_2024-12-07_7149-page-10-19.pdf already broken down into
[2025-01-24T21:39:15.610+0000] {logging_mixin.py:190} INFO - File 3106200_2024-12-07_7149-page-20-29.pdf already broken down into
[2025-01-24T21:39:15.611+0000] {logging_mixin.py:190} INFO - File 3106200_2024-12-07_7149-page-30-39.pdf already broken down into
[2025-01-24T21:39:15.611+0000] {logging_mixin.py:190} INFO - File 3106200_2024-12-07_7149-page-40-45.pdf already broken down into
[2025-01-24T21:39:15.611+0000] {logging_mixin.py:190} INFO - Breaking down pdf 3106200_2024-12-10_7150.pdf into multiple PDF single pages
[2025-01-24T21:39:15.688+0000] {logging_mixin.py:190} INFO - File 3106200_2024-12-10_7150-page-0-9.pdf already broken down into
[2025-01-24T21:39:15.689+0000] {logging_mixin.py:190} INFO - File 3106200_2024-12-10_7150-page-10-19.pdf already broken down into
[2025-01-24T21:39:15.689+0000] {logging_mixin.py:190} INFO - File 3106200_2024-12-10_7150-page-20-21.pdf already broken down into
[2025-01-24T21:39:15.690+0000] {logging_mixin.py:190} INFO - Breaking down pdf 3106200_2024-12-11_7151.pdf into multiple PDF single pages
[2025-01-24T21:39:15.854+0000] {logging_mixin.py:190} INFO - File 3106200_2024-12-11_7151-page-0-9.pdf already broken down into
[2025-01-24T21:39:15.854+0000] {logging_mixin.py:190} INFO - File 3106200_2024-12-11_7151-page-10-19.pdf already broken down into
[2025-01-24T21:39:15.855+0000] {logging_mixin.py:190} INFO - File 3106200_2024-12-11_7151-page-20-29.pdf already broken down into
[2025-01-24T21:39:15.855+0000] {logging_mixin.py:190} INFO - File 3106200_2024-12-11_7151-page-30-35.pdf already broken down into
[2025-01-24T21:39:15.856+0000] {logging_mixin.py:190} INFO - Breaking down pdf 3106200_2024-12-12_7152.pdf into multiple PDF single pages
[2025-01-24T21:39:15.933+0000] {logging_mixin.py:190} INFO - File 3106200_2024-12-12_7152-page-0-9.pdf already broken down into
[2025-01-24T21:39:15.933+0000] {logging_mixin.py:190} INFO - File 3106200_2024-12-12_7152-page-10-19.pdf already broken down into
[2025-01-24T21:39:15.934+0000] {logging_mixin.py:190} INFO - File 3106200_2024-12-12_7152-page-20-24.pdf already broken down into
[2025-01-24T21:39:15.934+0000] {logging_mixin.py:190} INFO - Breaking down pdf 3106200_2024-12-13_7153.pdf into multiple PDF single pages
[2025-01-24T21:39:16.038+0000] {logging_mixin.py:190} INFO - File 3106200_2024-12-13_7153-page-0-9.pdf already broken down into
[2025-01-24T21:39:16.039+0000] {logging_mixin.py:190} INFO - File 3106200_2024-12-13_7153-page-10-19.pdf already broken down into
[2025-01-24T21:39:16.039+0000] {logging_mixin.py:190} INFO - File 3106200_2024-12-13_7153-page-20-29.pdf already broken down into
[2025-01-24T21:39:16.040+0000] {logging_mixin.py:190} INFO - File 3106200_2024-12-13_7153-page-30-33.pdf already broken down into
[2025-01-24T21:39:16.040+0000] {logging_mixin.py:190} INFO - Breaking down pdf 3106200_2024-12-14_7154.pdf into multiple PDF single pages
[2025-01-24T21:39:16.152+0000] {logging_mixin.py:190} INFO - File 3106200_2024-12-14_7154-page-0-9.pdf already broken down into
[2025-01-24T21:39:16.153+0000] {logging_mixin.py:190} INFO - File 3106200_2024-12-14_7154-page-10-19.pdf already broken down into
[2025-01-24T21:39:16.153+0000] {logging_mixin.py:190} INFO - File 3106200_2024-12-14_7154-page-20-29.pdf already broken down into
[2025-01-24T21:39:16.154+0000] {logging_mixin.py:190} INFO - File 3106200_2024-12-14_7154-page-30-31.pdf already broken down into
[2025-01-24T21:39:16.154+0000] {logging_mixin.py:190} INFO - Breaking down pdf 3106200_2024-12-17_7155.pdf into multiple PDF single pages
[2025-01-24T21:39:16.244+0000] {logging_mixin.py:190} INFO - File 3106200_2024-12-17_7155-page-0-9.pdf already broken down into
[2025-01-24T21:39:16.245+0000] {logging_mixin.py:190} INFO - File 3106200_2024-12-17_7155-page-10-19.pdf already broken down into
[2025-01-24T21:39:16.245+0000] {logging_mixin.py:190} INFO - File 3106200_2024-12-17_7155-page-20-24.pdf already broken down into
[2025-01-24T21:39:16.246+0000] {logging_mixin.py:190} INFO - Breaking down pdf 3106200_2024-12-18_7156.pdf into multiple PDF single pages
[2025-01-24T21:39:16.465+0000] {logging_mixin.py:190} INFO - File 3106200_2024-12-18_7156-page-0-9.pdf already broken down into
[2025-01-24T21:39:16.466+0000] {logging_mixin.py:190} INFO - File 3106200_2024-12-18_7156-page-10-19.pdf already broken down into
[2025-01-24T21:39:16.466+0000] {logging_mixin.py:190} INFO - File 3106200_2024-12-18_7156-page-20-29.pdf already broken down into
[2025-01-24T21:39:16.466+0000] {logging_mixin.py:190} INFO - File 3106200_2024-12-18_7156-page-30-39.pdf already broken down into
[2025-01-24T21:39:16.467+0000] {logging_mixin.py:190} INFO - File 3106200_2024-12-18_7156-page-40-49.pdf already broken down into
[2025-01-24T21:39:16.467+0000] {logging_mixin.py:190} INFO - File 3106200_2024-12-18_7156-page-50-59.pdf already broken down into
[2025-01-24T21:39:16.468+0000] {logging_mixin.py:190} INFO - File 3106200_2024-12-18_7156-page-60-69.pdf already broken down into
[2025-01-24T21:39:16.468+0000] {logging_mixin.py:190} INFO - File 3106200_2024-12-18_7156-page-70-71.pdf already broken down into
[2025-01-24T21:39:16.468+0000] {logging_mixin.py:190} INFO - Breaking down pdf 3106200_2024-12-19_7157.pdf into multiple PDF single pages
[2025-01-24T21:39:16.585+0000] {logging_mixin.py:190} INFO - File 3106200_2024-12-19_7157-page-0-9.pdf already broken down into
[2025-01-24T21:39:16.586+0000] {logging_mixin.py:190} INFO - File 3106200_2024-12-19_7157-page-10-19.pdf already broken down into
[2025-01-24T21:39:16.586+0000] {logging_mixin.py:190} INFO - File 3106200_2024-12-19_7157-page-20-29.pdf already broken down into
[2025-01-24T21:39:16.587+0000] {logging_mixin.py:190} INFO - File 3106200_2024-12-19_7157-page-30-34.pdf already broken down into
[2025-01-24T21:39:16.587+0000] {logging_mixin.py:190} INFO - []
[2025-01-24T21:39:16.597+0000] {taskinstance.py:340} INFO - ::group::Post task execution logs
[2025-01-24T21:39:16.598+0000] {taskinstance.py:352} INFO - Marking task as SUCCESS. dag_id=pull_gazettes_data, task_id=preprocess_documents_task, run_id=manual__2025-01-24T21:10:42.449118+00:00, execution_date=20250124T211042, start_date=20250124T213913, end_date=20250124T213916
[2025-01-24T21:39:16.651+0000] {local_task_job_runner.py:266} INFO - Task exited with return code 0
[2025-01-24T21:39:16.687+0000] {taskinstance.py:3900} INFO - 3 downstream tasks scheduled from follow-on schedule check
[2025-01-24T21:39:16.689+0000] {local_task_job_runner.py:245} INFO - ::endgroup::
