[2025-01-24T21:59:36.670+0000] {local_task_job_runner.py:123} INFO - ::group::Pre task execution logs
[2025-01-24T21:59:36.687+0000] {taskinstance.py:2612} INFO - Dependencies all met for dep_context=non-requeueable deps ti=<TaskInstance: pull_gazettes_data.preprocess_documents_task manual__2025-01-24T21:10:42.449118+00:00 [queued]>
[2025-01-24T21:59:36.696+0000] {taskinstance.py:2612} INFO - Dependencies all met for dep_context=requeueable deps ti=<TaskInstance: pull_gazettes_data.preprocess_documents_task manual__2025-01-24T21:10:42.449118+00:00 [queued]>
[2025-01-24T21:59:36.698+0000] {taskinstance.py:2865} INFO - Starting attempt 12 of 13
[2025-01-24T21:59:36.711+0000] {taskinstance.py:2888} INFO - Executing <Task(PreprocessDocuments): preprocess_documents_task> on 2025-01-24 21:10:42.449118+00:00
[2025-01-24T21:59:36.728+0000] {warnings.py:112} WARNING - /home/***/.local/lib/python3.12/site-packages/***/task/task_runner/standard_task_runner.py:70: DeprecationWarning: This process (pid=2624) is multi-threaded, use of fork() may lead to deadlocks in the child.
  pid = os.fork()

[2025-01-24T21:59:36.729+0000] {standard_task_runner.py:72} INFO - Started process 2655 to run task
[2025-01-24T21:59:36.729+0000] {standard_task_runner.py:104} INFO - Running: ['***', 'tasks', 'run', 'pull_gazettes_data', 'preprocess_documents_task', 'manual__2025-01-24T21:10:42.449118+00:00', '--job-id', '24', '--raw', '--subdir', 'DAGS_FOLDER/dag_script.py', '--cfg-path', '/tmp/tmpi14hon72']
[2025-01-24T21:59:36.731+0000] {standard_task_runner.py:105} INFO - Job 24: Subtask preprocess_documents_task
[2025-01-24T21:59:36.776+0000] {task_command.py:467} INFO - Running <TaskInstance: pull_gazettes_data.preprocess_documents_task manual__2025-01-24T21:10:42.449118+00:00 [running]> on host 9e85c216a3c8
[2025-01-24T21:59:36.845+0000] {taskinstance.py:3131} INFO - Exporting env vars: AIRFLOW_CTX_DAG_EMAIL='***@example.com' AIRFLOW_CTX_DAG_OWNER='***' AIRFLOW_CTX_DAG_ID='pull_gazettes_data' AIRFLOW_CTX_TASK_ID='preprocess_documents_task' AIRFLOW_CTX_EXECUTION_DATE='2025-01-24T21:10:42.449118+00:00' AIRFLOW_CTX_TRY_NUMBER='12' AIRFLOW_CTX_DAG_RUN_ID='manual__2025-01-24T21:10:42.449118+00:00'
[2025-01-24T21:59:36.847+0000] {taskinstance.py:731} INFO - ::endgroup::
[2025-01-24T21:59:36.857+0000] {logging_mixin.py:190} INFO - Checking pre processed documents log
[2025-01-24T21:59:36.862+0000] {logging_mixin.py:190} INFO - Already preprocessed documents: set()
[2025-01-24T21:59:36.865+0000] {logging_mixin.py:190} INFO - Breaking down pdf 3106200_2024-11-22_7138.pdf into multiple PDF single pages
[2025-01-24T21:59:37.544+0000] {logging_mixin.py:190} INFO - Breaking down pdf 3106200_2024-11-23_7139.pdf into multiple PDF single pages
[2025-01-24T21:59:38.515+0000] {logging_mixin.py:190} INFO - Breaking down pdf 3106200_2024-11-26_7140.pdf into multiple PDF single pages
[2025-01-24T21:59:39.074+0000] {logging_mixin.py:190} INFO - Breaking down pdf 3106200_2024-11-27_7141.pdf into multiple PDF single pages
[2025-01-24T21:59:39.643+0000] {logging_mixin.py:190} INFO - Breaking down pdf 3106200_2024-11-28_7142.pdf into multiple PDF single pages
[2025-01-24T21:59:40.574+0000] {logging_mixin.py:190} INFO - Breaking down pdf 3106200_2024-11-29_7143.pdf into multiple PDF single pages
[2025-01-24T21:59:41.556+0000] {logging_mixin.py:190} INFO - Breaking down pdf 3106200_2024-11-30_7144.pdf into multiple PDF single pages
[2025-01-24T21:59:42.143+0000] {logging_mixin.py:190} INFO - Breaking down pdf 3106200_2024-12-03_7145.pdf into multiple PDF single pages
[2025-01-24T21:59:42.666+0000] {logging_mixin.py:190} INFO - Breaking down pdf 3106200_2024-12-04_7146.pdf into multiple PDF single pages
[2025-01-24T21:59:43.351+0000] {logging_mixin.py:190} INFO - Breaking down pdf 3106200_2024-12-05_7147.pdf into multiple PDF single pages
[2025-01-24T21:59:43.760+0000] {logging_mixin.py:190} INFO - Breaking down pdf 3106200_2024-12-06_7148.pdf into multiple PDF single pages
[2025-01-24T21:59:44.893+0000] {logging_mixin.py:190} INFO - Breaking down pdf 3106200_2024-12-07_7149.pdf into multiple PDF single pages
[2025-01-24T21:59:45.663+0000] {logging_mixin.py:190} INFO - Breaking down pdf 3106200_2024-12-10_7150.pdf into multiple PDF single pages
[2025-01-24T21:59:46.060+0000] {logging_mixin.py:190} INFO - Breaking down pdf 3106200_2024-12-11_7151.pdf into multiple PDF single pages
[2025-01-24T21:59:47.126+0000] {logging_mixin.py:190} INFO - Breaking down pdf 3106200_2024-12-12_7152.pdf into multiple PDF single pages
[2025-01-24T21:59:47.650+0000] {logging_mixin.py:190} INFO - Breaking down pdf 3106200_2024-12-13_7153.pdf into multiple PDF single pages
[2025-01-24T21:59:48.232+0000] {logging_mixin.py:190} INFO - Breaking down pdf 3106200_2024-12-14_7154.pdf into multiple PDF single pages
[2025-01-24T21:59:48.747+0000] {logging_mixin.py:190} INFO - Breaking down pdf 3106200_2024-12-17_7155.pdf into multiple PDF single pages
[2025-01-24T21:59:49.240+0000] {logging_mixin.py:190} INFO - Breaking down pdf 3106200_2024-12-18_7156.pdf into multiple PDF single pages
[2025-01-24T21:59:51.116+0000] {logging_mixin.py:190} INFO - Breaking down pdf 3106200_2024-12-19_7157.pdf into multiple PDF single pages
[2025-01-24T21:59:51.731+0000] {logging_mixin.py:190} INFO - [{'file_uuid': '3106200_2024-11-22_7138-page-0-4', 'file_path': '/usr/local/***/data/pdf_single_page/3106200_2024-11-22_7138-page-0-4.pdf'}, {'file_uuid': '3106200_2024-11-22_7138-page-5-9', 'file_path': '/usr/local/***/data/pdf_single_page/3106200_2024-11-22_7138-page-5-9.pdf'}, {'file_uuid': '3106200_2024-11-22_7138-page-10-14', 'file_path': '/usr/local/***/data/pdf_single_page/3106200_2024-11-22_7138-page-10-14.pdf'}, {'file_uuid': '3106200_2024-11-22_7138-page-15-19', 'file_path': '/usr/local/***/data/pdf_single_page/3106200_2024-11-22_7138-page-15-19.pdf'}, {'file_uuid': '3106200_2024-11-22_7138-page-20-24', 'file_path': '/usr/local/***/data/pdf_single_page/3106200_2024-11-22_7138-page-20-24.pdf'}, {'file_uuid': '3106200_2024-11-22_7138-page-25-29', 'file_path': '/usr/local/***/data/pdf_single_page/3106200_2024-11-22_7138-page-25-29.pdf'}, {'file_uuid': '3106200_2024-11-22_7138-page-30-34', 'file_path': '/usr/local/***/data/pdf_single_page/3106200_2024-11-22_7138-page-30-34.pdf'}, {'file_uuid': '3106200_2024-11-22_7138-page-35-39', 'file_path': '/usr/local/***/data/pdf_single_page/3106200_2024-11-22_7138-page-35-39.pdf'}, {'file_uuid': '3106200_2024-11-22_7138-page-40-43', 'file_path': '/usr/local/***/data/pdf_single_page/3106200_2024-11-22_7138-page-40-43.pdf'}, {'file_uuid': '3106200_2024-11-23_7139-page-0-4', 'file_path': '/usr/local/***/data/pdf_single_page/3106200_2024-11-23_7139-page-0-4.pdf'}, {'file_uuid': '3106200_2024-11-23_7139-page-5-9', 'file_path': '/usr/local/***/data/pdf_single_page/3106200_2024-11-23_7139-page-5-9.pdf'}, {'file_uuid': '3106200_2024-11-23_7139-page-10-14', 'file_path': '/usr/local/***/data/pdf_single_page/3106200_2024-11-23_7139-page-10-14.pdf'}, {'file_uuid': '3106200_2024-11-23_7139-page-15-19', 'file_path': '/usr/local/***/data/pdf_single_page/3106200_2024-11-23_7139-page-15-19.pdf'}, {'file_uuid': '3106200_2024-11-23_7139-page-20-24', 'file_path': '/usr/local/***/data/pdf_single_page/3106200_2024-11-23_7139-page-20-24.pdf'}, {'file_uuid': '3106200_2024-11-23_7139-page-25-25', 'file_path': '/usr/local/***/data/pdf_single_page/3106200_2024-11-23_7139-page-25-25.pdf'}, {'file_uuid': '3106200_2024-11-26_7140-page-0-4', 'file_path': '/usr/local/***/data/pdf_single_page/3106200_2024-11-26_7140-page-0-4.pdf'}, {'file_uuid': '3106200_2024-11-26_7140-page-5-9', 'file_path': '/usr/local/***/data/pdf_single_page/3106200_2024-11-26_7140-page-5-9.pdf'}, {'file_uuid': '3106200_2024-11-26_7140-page-10-14', 'file_path': '/usr/local/***/data/pdf_single_page/3106200_2024-11-26_7140-page-10-14.pdf'}, {'file_uuid': '3106200_2024-11-26_7140-page-15-19', 'file_path': '/usr/local/***/data/pdf_single_page/3106200_2024-11-26_7140-page-15-19.pdf'}, {'file_uuid': '3106200_2024-11-26_7140-page-20-24', 'file_path': '/usr/local/***/data/pdf_single_page/3106200_2024-11-26_7140-page-20-24.pdf'}, {'file_uuid': '3106200_2024-11-26_7140-page-25-29', 'file_path': '/usr/local/***/data/pdf_single_page/3106200_2024-11-26_7140-page-25-29.pdf'}, {'file_uuid': '3106200_2024-11-26_7140-page-30-32', 'file_path': '/usr/local/***/data/pdf_single_page/3106200_2024-11-26_7140-page-30-32.pdf'}, {'file_uuid': '3106200_2024-11-27_7141-page-0-4', 'file_path': '/usr/local/***/data/pdf_single_page/3106200_2024-11-27_7141-page-0-4.pdf'}, {'file_uuid': '3106200_2024-11-27_7141-page-5-9', 'file_path': '/usr/local/***/data/pdf_single_page/3106200_2024-11-27_7141-page-5-9.pdf'}, {'file_uuid': '3106200_2024-11-27_7141-page-10-14', 'file_path': '/usr/local/***/data/pdf_single_page/3106200_2024-11-27_7141-page-10-14.pdf'}, {'file_uuid': '3106200_2024-11-27_7141-page-15-19', 'file_path': '/usr/local/***/data/pdf_single_page/3106200_2024-11-27_7141-page-15-19.pdf'}, {'file_uuid': '3106200_2024-11-27_7141-page-20-24', 'file_path': '/usr/local/***/data/pdf_single_page/3106200_2024-11-27_7141-page-20-24.pdf'}, {'file_uuid': '3106200_2024-11-27_7141-page-25-29', 'file_path': '/usr/local/***/data/pdf_single_page/3106200_2024-11-27_7141-page-25-29.pdf'}, {'file_uuid': '3106200_2024-11-27_7141-page-30-34', 'file_path': '/usr/local/***/data/pdf_single_page/3106200_2024-11-27_7141-page-30-34.pdf'}, {'file_uuid': '3106200_2024-11-27_7141-page-35-36', 'file_path': '/usr/local/***/data/pdf_single_page/3106200_2024-11-27_7141-page-35-36.pdf'}, {'file_uuid': '3106200_2024-11-28_7142-page-0-4', 'file_path': '/usr/local/***/data/pdf_single_page/3106200_2024-11-28_7142-page-0-4.pdf'}, {'file_uuid': '3106200_2024-11-28_7142-page-5-9', 'file_path': '/usr/local/***/data/pdf_single_page/3106200_2024-11-28_7142-page-5-9.pdf'}, {'file_uuid': '3106200_2024-11-28_7142-page-10-14', 'file_path': '/usr/local/***/data/pdf_single_page/3106200_2024-11-28_7142-page-10-14.pdf'}, {'file_uuid': '3106200_2024-11-28_7142-page-15-19', 'file_path': '/usr/local/***/data/pdf_single_page/3106200_2024-11-28_7142-page-15-19.pdf'}, {'file_uuid': '3106200_2024-11-28_7142-page-20-24', 'file_path': '/usr/local/***/data/pdf_single_page/3106200_2024-11-28_7142-page-20-24.pdf'}, {'file_uuid': '3106200_2024-11-28_7142-page-25-29', 'file_path': '/usr/local/***/data/pdf_single_page/3106200_2024-11-28_7142-page-25-29.pdf'}, {'file_uuid': '3106200_2024-11-28_7142-page-30-34', 'file_path': '/usr/local/***/data/pdf_single_page/3106200_2024-11-28_7142-page-30-34.pdf'}, {'file_uuid': '3106200_2024-11-28_7142-page-35-39', 'file_path': '/usr/local/***/data/pdf_single_page/3106200_2024-11-28_7142-page-35-39.pdf'}, {'file_uuid': '3106200_2024-11-28_7142-page-40-44', 'file_path': '/usr/local/***/data/pdf_single_page/3106200_2024-11-28_7142-page-40-44.pdf'}, {'file_uuid': '3106200_2024-11-28_7142-page-45-45', 'file_path': '/usr/local/***/data/pdf_single_page/3106200_2024-11-28_7142-page-45-45.pdf'}, {'file_uuid': '3106200_2024-11-29_7143-page-0-4', 'file_path': '/usr/local/***/data/pdf_single_page/3106200_2024-11-29_7143-page-0-4.pdf'}, {'file_uuid': '3106200_2024-11-29_7143-page-5-9', 'file_path': '/usr/local/***/data/pdf_single_page/3106200_2024-11-29_7143-page-5-9.pdf'}, {'file_uuid': '3106200_2024-11-29_7143-page-10-14', 'file_path': '/usr/local/***/data/pdf_single_page/3106200_2024-11-29_7143-page-10-14.pdf'}, {'file_uuid': '3106200_2024-11-29_7143-page-15-19', 'file_path': '/usr/local/***/data/pdf_single_page/3106200_2024-11-29_7143-page-15-19.pdf'}, {'file_uuid': '3106200_2024-11-29_7143-page-20-24', 'file_path': '/usr/local/***/data/pdf_single_page/3106200_2024-11-29_7143-page-20-24.pdf'}, {'file_uuid': '3106200_2024-11-29_7143-page-25-29', 'file_path': '/usr/local/***/data/pdf_single_page/3106200_2024-11-29_7143-page-25-29.pdf'}, {'file_uuid': '3106200_2024-11-29_7143-page-30-34', 'file_path': '/usr/local/***/data/pdf_single_page/3106200_2024-11-29_7143-page-30-34.pdf'}, {'file_uuid': '3106200_2024-11-29_7143-page-35-38', 'file_path': '/usr/local/***/data/pdf_single_page/3106200_2024-11-29_7143-page-35-38.pdf'}, {'file_uuid': '3106200_2024-11-30_7144-page-0-4', 'file_path': '/usr/local/***/data/pdf_single_page/3106200_2024-11-30_7144-page-0-4.pdf'}, {'file_uuid': '3106200_2024-11-30_7144-page-5-9', 'file_path': '/usr/local/***/data/pdf_single_page/3106200_2024-11-30_7144-page-5-9.pdf'}, {'file_uuid': '3106200_2024-11-30_7144-page-10-14', 'file_path': '/usr/local/***/data/pdf_single_page/3106200_2024-11-30_7144-page-10-14.pdf'}, {'file_uuid': '3106200_2024-11-30_7144-page-15-19', 'file_path': '/usr/local/***/data/pdf_single_page/3106200_2024-11-30_7144-page-15-19.pdf'}, {'file_uuid': '3106200_2024-11-30_7144-page-20-24', 'file_path': '/usr/local/***/data/pdf_single_page/3106200_2024-11-30_7144-page-20-24.pdf'}, {'file_uuid': '3106200_2024-11-30_7144-page-25-29', 'file_path': '/usr/local/***/data/pdf_single_page/3106200_2024-11-30_7144-page-25-29.pdf'}, {'file_uuid': '3106200_2024-11-30_7144-page-30-34', 'file_path': '/usr/local/***/data/pdf_single_page/3106200_2024-11-30_7144-page-30-34.pdf'}, {'file_uuid': '3106200_2024-11-30_7144-page-35-37', 'file_path': '/usr/local/***/data/pdf_single_page/3106200_2024-11-30_7144-page-35-37.pdf'}, {'file_uuid': '3106200_2024-12-03_7145-page-0-4', 'file_path': '/usr/local/***/data/pdf_single_page/3106200_2024-12-03_7145-page-0-4.pdf'}, {'file_uuid': '3106200_2024-12-03_7145-page-5-9', 'file_path': '/usr/local/***/data/pdf_single_page/3106200_2024-12-03_7145-page-5-9.pdf'}, {'file_uuid': '3106200_2024-12-03_7145-page-10-14', 'file_path': '/usr/local/***/data/pdf_single_page/3106200_2024-12-03_7145-page-10-14.pdf'}, {'file_uuid': '3106200_2024-12-03_7145-page-15-19', 'file_path': '/usr/local/***/data/pdf_single_page/3106200_2024-12-03_7145-page-15-19.pdf'}, {'file_uuid': '3106200_2024-12-03_7145-page-20-24', 'file_path': '/usr/local/***/data/pdf_single_page/3106200_2024-12-03_7145-page-20-24.pdf'}, {'file_uuid': '3106200_2024-12-03_7145-page-25-29', 'file_path': '/usr/local/***/data/pdf_single_page/3106200_2024-12-03_7145-page-25-29.pdf'}, {'file_uuid': '3106200_2024-12-03_7145-page-30-34', 'file_path': '/usr/local/***/data/pdf_single_page/3106200_2024-12-03_7145-page-30-34.pdf'}, {'file_uuid': '3106200_2024-12-04_7146-page-0-4', 'file_path': '/usr/local/***/data/pdf_single_page/3106200_2024-12-04_7146-page-0-4.pdf'}, {'file_uuid': '3106200_2024-12-04_7146-page-5-9', 'file_path': '/usr/local/***/data/pdf_single_page/3106200_2024-12-04_7146-page-5-9.pdf'}, {'file_uuid': '3106200_2024-12-04_7146-page-10-14', 'file_path': '/usr/local/***/data/pdf_single_page/3106200_2024-12-04_7146-page-10-14.pdf'}, {'file_uuid': '3106200_2024-12-04_7146-page-15-19', 'file_path': '/usr/local/***/data/pdf_single_page/3106200_2024-12-04_7146-page-15-19.pdf'}, {'file_uuid': '3106200_2024-12-04_7146-page-20-24', 'file_path': '/usr/local/***/data/pdf_single_page/3106200_2024-12-04_7146-page-20-24.pdf'}, {'file_uuid': '3106200_2024-12-04_7146-page-25-29', 'file_path': '/usr/local/***/data/pdf_single_page/3106200_2024-12-04_7146-page-25-29.pdf'}, {'file_uuid': '3106200_2024-12-04_7146-page-30-34', 'file_path': '/usr/local/***/data/pdf_single_page/3106200_2024-12-04_7146-page-30-34.pdf'}, {'file_uuid': '3106200_2024-12-04_7146-page-35-39', 'file_path': '/usr/local/***/data/pdf_single_page/3106200_2024-12-04_7146-page-35-39.pdf'}, {'file_uuid': '3106200_2024-12-05_7147-page-0-4', 'file_path': '/usr/local/***/data/pdf_single_page/3106200_2024-12-05_7147-page-0-4.pdf'}, {'file_uuid': '3106200_2024-12-05_7147-page-5-9', 'file_path': '/usr/local/***/data/pdf_single_page/3106200_2024-12-05_7147-page-5-9.pdf'}, {'file_uuid': '3106200_2024-12-05_7147-page-10-14', 'file_path': '/usr/local/***/data/pdf_single_page/3106200_2024-12-05_7147-page-10-14.pdf'}, {'file_uuid': '3106200_2024-12-05_7147-page-15-19', 'file_path': '/usr/local/***/data/pdf_single_page/3106200_2024-12-05_7147-page-15-19.pdf'}, {'file_uuid': '3106200_2024-12-05_7147-page-20-22', 'file_path': '/usr/local/***/data/pdf_single_page/3106200_2024-12-05_7147-page-20-22.pdf'}, {'file_uuid': '3106200_2024-12-06_7148-page-0-4', 'file_path': '/usr/local/***/data/pdf_single_page/3106200_2024-12-06_7148-page-0-4.pdf'}, {'file_uuid': '3106200_2024-12-06_7148-page-5-9', 'file_path': '/usr/local/***/data/pdf_single_page/3106200_2024-12-06_7148-page-5-9.pdf'}, {'file_uuid': '3106200_2024-12-06_7148-page-10-14', 'file_path': '/usr/local/***/data/pdf_single_page/3106200_2024-12-06_7148-page-10-14.pdf'}, {'file_uuid': '3106200_2024-12-06_7148-page-15-19', 'file_path': '/usr/local/***/data/pdf_single_page/3106200_2024-12-06_7148-page-15-19.pdf'}, {'file_uuid': '3106200_2024-12-06_7148-page-20-24', 'file_path': '/usr/local/***/data/pdf_single_page/3106200_2024-12-06_7148-page-20-24.pdf'}, {'file_uuid': '3106200_2024-12-06_7148-page-25-29', 'file_path': '/usr/local/***/data/pdf_single_page/3106200_2024-12-06_7148-page-25-29.pdf'}, {'file_uuid': '3106200_2024-12-06_7148-page-30-34', 'file_path': '/usr/local/***/data/pdf_single_page/3106200_2024-12-06_7148-page-30-34.pdf'}, {'file_uuid': '3106200_2024-12-06_7148-page-35-39', 'file_path': '/usr/local/***/data/pdf_single_page/3106200_2024-12-06_7148-page-35-39.pdf'}, {'file_uuid': '3106200_2024-12-07_7149-page-0-4', 'file_path': '/usr/local/***/data/pdf_single_page/3106200_2024-12-07_7149-page-0-4.pdf'}, {'file_uuid': '3106200_2024-12-07_7149-page-5-9', 'file_path': '/usr/local/***/data/pdf_single_page/3106200_2024-12-07_7149-page-5-9.pdf'}, {'file_uuid': '3106200_2024-12-07_7149-page-10-14', 'file_path': '/usr/local/***/data/pdf_single_page/3106200_2024-12-07_7149-page-10-14.pdf'}, {'file_uuid': '3106200_2024-12-07_7149-page-15-19', 'file_path': '/usr/local/***/data/pdf_single_page/3106200_2024-12-07_7149-page-15-19.pdf'}, {'file_uuid': '3106200_2024-12-07_7149-page-20-24', 'file_path': '/usr/local/***/data/pdf_single_page/3106200_2024-12-07_7149-page-20-24.pdf'}, {'file_uuid': '3106200_2024-12-07_7149-page-25-29', 'file_path': '/usr/local/***/data/pdf_single_page/3106200_2024-12-07_7149-page-25-29.pdf'}, {'file_uuid': '3106200_2024-12-07_7149-page-30-34', 'file_path': '/usr/local/***/data/pdf_single_page/3106200_2024-12-07_7149-page-30-34.pdf'}, {'file_uuid': '3106200_2024-12-07_7149-page-35-39', 'file_path': '/usr/local/***/data/pdf_single_page/3106200_2024-12-07_7149-page-35-39.pdf'}, {'file_uuid': '3106200_2024-12-07_7149-page-40-44', 'file_path': '/usr/local/***/data/pdf_single_page/3106200_2024-12-07_7149-page-40-44.pdf'}, {'file_uuid': '3106200_2024-12-07_7149-page-45-45', 'file_path': '/usr/local/***/data/pdf_single_page/3106200_2024-12-07_7149-page-45-45.pdf'}, {'file_uuid': '3106200_2024-12-10_7150-page-0-4', 'file_path': '/usr/local/***/data/pdf_single_page/3106200_2024-12-10_7150-page-0-4.pdf'}, {'file_uuid': '3106200_2024-12-10_7150-page-5-9', 'file_path': '/usr/local/***/data/pdf_single_page/3106200_2024-12-10_7150-page-5-9.pdf'}, {'file_uuid': '3106200_2024-12-10_7150-page-10-14', 'file_path': '/usr/local/***/data/pdf_single_page/3106200_2024-12-10_7150-page-10-14.pdf'}, {'file_uuid': '3106200_2024-12-10_7150-page-15-19', 'file_path': '/usr/local/***/data/pdf_single_page/3106200_2024-12-10_7150-page-15-19.pdf'}, {'file_uuid': '3106200_2024-12-10_7150-page-20-21', 'file_path': '/usr/local/***/data/pdf_single_page/3106200_2024-12-10_7150-page-20-21.pdf'}, {'file_uuid': '3106200_2024-12-11_7151-page-0-4', 'file_path': '/usr/local/***/data/pdf_single_page/3106200_2024-12-11_7151-page-0-4.pdf'}, {'file_uuid': '3106200_2024-12-11_7151-page-5-9', 'file_path': '/usr/local/***/data/pdf_single_page/3106200_2024-12-11_7151-page-5-9.pdf'}, {'file_uuid': '3106200_2024-12-11_7151-page-10-14', 'file_path': '/usr/local/***/data/pdf_single_page/3106200_2024-12-11_7151-page-10-14.pdf'}, {'file_uuid': '3106200_2024-12-11_7151-page-15-19', 'file_path': '/usr/local/***/data/pdf_single_page/3106200_2024-12-11_7151-page-15-19.pdf'}, {'file_uuid': '3106200_2024-12-11_7151-page-20-24', 'file_path': '/usr/local/***/data/pdf_single_page/3106200_2024-12-11_7151-page-20-24.pdf'}, {'file_uuid': '3106200_2024-12-11_7151-page-25-29', 'file_path': '/usr/local/***/data/pdf_single_page/3106200_2024-12-11_7151-page-25-29.pdf'}, {'file_uuid': '3106200_2024-12-11_7151-page-30-34', 'file_path': '/usr/local/***/data/pdf_single_page/3106200_2024-12-11_7151-page-30-34.pdf'}, {'file_uuid': '3106200_2024-12-11_7151-page-35-35', 'file_path': '/usr/local/***/data/pdf_single_page/3106200_2024-12-11_7151-page-35-35.pdf'}, {'file_uuid': '3106200_2024-12-12_7152-page-0-4', 'file_path': '/usr/local/***/data/pdf_single_page/3106200_2024-12-12_7152-page-0-4.pdf'}, {'file_uuid': '3106200_2024-12-12_7152-page-5-9', 'file_path': '/usr/local/***/data/pdf_single_page/3106200_2024-12-12_7152-page-5-9.pdf'}, {'file_uuid': '3106200_2024-12-12_7152-page-10-14', 'file_path': '/usr/local/***/data/pdf_single_page/3106200_2024-12-12_7152-page-10-14.pdf'}, {'file_uuid': '3106200_2024-12-12_7152-page-15-19', 'file_path': '/usr/local/***/data/pdf_single_page/3106200_2024-12-12_7152-page-15-19.pdf'}, {'file_uuid': '3106200_2024-12-12_7152-page-20-24', 'file_path': '/usr/local/***/data/pdf_single_page/3106200_2024-12-12_7152-page-20-24.pdf'}, {'file_uuid': '3106200_2024-12-13_7153-page-0-4', 'file_path': '/usr/local/***/data/pdf_single_page/3106200_2024-12-13_7153-page-0-4.pdf'}, {'file_uuid': '3106200_2024-12-13_7153-page-5-9', 'file_path': '/usr/local/***/data/pdf_single_page/3106200_2024-12-13_7153-page-5-9.pdf'}, {'file_uuid': '3106200_2024-12-13_7153-page-10-14', 'file_path': '/usr/local/***/data/pdf_single_page/3106200_2024-12-13_7153-page-10-14.pdf'}, {'file_uuid': '3106200_2024-12-13_7153-page-15-19', 'file_path': '/usr/local/***/data/pdf_single_page/3106200_2024-12-13_7153-page-15-19.pdf'}, {'file_uuid': '3106200_2024-12-13_7153-page-20-24', 'file_path': '/usr/local/***/data/pdf_single_page/3106200_2024-12-13_7153-page-20-24.pdf'}, {'file_uuid': '3106200_2024-12-13_7153-page-25-29', 'file_path': '/usr/local/***/data/pdf_single_page/3106200_2024-12-13_7153-page-25-29.pdf'}, {'file_uuid': '3106200_2024-12-13_7153-page-30-33', 'file_path': '/usr/local/***/data/pdf_single_page/3106200_2024-12-13_7153-page-30-33.pdf'}, {'file_uuid': '3106200_2024-12-14_7154-page-0-4', 'file_path': '/usr/local/***/data/pdf_single_page/3106200_2024-12-14_7154-page-0-4.pdf'}, {'file_uuid': '3106200_2024-12-14_7154-page-5-9', 'file_path': '/usr/local/***/data/pdf_single_page/3106200_2024-12-14_7154-page-5-9.pdf'}, {'file_uuid': '3106200_2024-12-14_7154-page-10-14', 'file_path': '/usr/local/***/data/pdf_single_page/3106200_2024-12-14_7154-page-10-14.pdf'}, {'file_uuid': '3106200_2024-12-14_7154-page-15-19', 'file_path': '/usr/local/***/data/pdf_single_page/3106200_2024-12-14_7154-page-15-19.pdf'}, {'file_uuid': '3106200_2024-12-14_7154-page-20-24', 'file_path': '/usr/local/***/data/pdf_single_page/3106200_2024-12-14_7154-page-20-24.pdf'}, {'file_uuid': '3106200_2024-12-14_7154-page-25-29', 'file_path': '/usr/local/***/data/pdf_single_page/3106200_2024-12-14_7154-page-25-29.pdf'}, {'file_uuid': '3106200_2024-12-14_7154-page-30-31', 'file_path': '/usr/local/***/data/pdf_single_page/3106200_2024-12-14_7154-page-30-31.pdf'}, {'file_uuid': '3106200_2024-12-17_7155-page-0-4', 'file_path': '/usr/local/***/data/pdf_single_page/3106200_2024-12-17_7155-page-0-4.pdf'}, {'file_uuid': '3106200_2024-12-17_7155-page-5-9', 'file_path': '/usr/local/***/data/pdf_single_page/3106200_2024-12-17_7155-page-5-9.pdf'}, {'file_uuid': '3106200_2024-12-17_7155-page-10-14', 'file_path': '/usr/local/***/data/pdf_single_page/3106200_2024-12-17_7155-page-10-14.pdf'}, {'file_uuid': '3106200_2024-12-17_7155-page-15-19', 'file_path': '/usr/local/***/data/pdf_single_page/3106200_2024-12-17_7155-page-15-19.pdf'}, {'file_uuid': '3106200_2024-12-17_7155-page-20-24', 'file_path': '/usr/local/***/data/pdf_single_page/3106200_2024-12-17_7155-page-20-24.pdf'}, {'file_uuid': '3106200_2024-12-18_7156-page-0-4', 'file_path': '/usr/local/***/data/pdf_single_page/3106200_2024-12-18_7156-page-0-4.pdf'}, {'file_uuid': '3106200_2024-12-18_7156-page-5-9', 'file_path': '/usr/local/***/data/pdf_single_page/3106200_2024-12-18_7156-page-5-9.pdf'}, {'file_uuid': '3106200_2024-12-18_7156-page-10-14', 'file_path': '/usr/local/***/data/pdf_single_page/3106200_2024-12-18_7156-page-10-14.pdf'}, {'file_uuid': '3106200_2024-12-18_7156-page-15-19', 'file_path': '/usr/local/***/data/pdf_single_page/3106200_2024-12-18_7156-page-15-19.pdf'}, {'file_uuid': '3106200_2024-12-18_7156-page-20-24', 'file_path': '/usr/local/***/data/pdf_single_page/3106200_2024-12-18_7156-page-20-24.pdf'}, {'file_uuid': '3106200_2024-12-18_7156-page-25-29', 'file_path': '/usr/local/***/data/pdf_single_page/3106200_2024-12-18_7156-page-25-29.pdf'}, {'file_uuid': '3106200_2024-12-18_7156-page-30-34', 'file_path': '/usr/local/***/data/pdf_single_page/3106200_2024-12-18_7156-page-30-34.pdf'}, {'file_uuid': '3106200_2024-12-18_7156-page-35-39', 'file_path': '/usr/local/***/data/pdf_single_page/3106200_2024-12-18_7156-page-35-39.pdf'}, {'file_uuid': '3106200_2024-12-18_7156-page-40-44', 'file_path': '/usr/local/***/data/pdf_single_page/3106200_2024-12-18_7156-page-40-44.pdf'}, {'file_uuid': '3106200_2024-12-18_7156-page-45-49', 'file_path': '/usr/local/***/data/pdf_single_page/3106200_2024-12-18_7156-page-45-49.pdf'}, {'file_uuid': '3106200_2024-12-18_7156-page-50-54', 'file_path': '/usr/local/***/data/pdf_single_page/3106200_2024-12-18_7156-page-50-54.pdf'}, {'file_uuid': '3106200_2024-12-18_7156-page-55-59', 'file_path': '/usr/local/***/data/pdf_single_page/3106200_2024-12-18_7156-page-55-59.pdf'}, {'file_uuid': '3106200_2024-12-18_7156-page-60-64', 'file_path': '/usr/local/***/data/pdf_single_page/3106200_2024-12-18_7156-page-60-64.pdf'}, {'file_uuid': '3106200_2024-12-18_7156-page-65-69', 'file_path': '/usr/local/***/data/pdf_single_page/3106200_2024-12-18_7156-page-65-69.pdf'}, {'file_uuid': '3106200_2024-12-18_7156-page-70-71', 'file_path': '/usr/local/***/data/pdf_single_page/3106200_2024-12-18_7156-page-70-71.pdf'}, {'file_uuid': '3106200_2024-12-19_7157-page-0-4', 'file_path': '/usr/local/***/data/pdf_single_page/3106200_2024-12-19_7157-page-0-4.pdf'}, {'file_uuid': '3106200_2024-12-19_7157-page-5-9', 'file_path': '/usr/local/***/data/pdf_single_page/3106200_2024-12-19_7157-page-5-9.pdf'}, {'file_uuid': '3106200_2024-12-19_7157-page-10-14', 'file_path': '/usr/local/***/data/pdf_single_page/3106200_2024-12-19_7157-page-10-14.pdf'}, {'file_uuid': '3106200_2024-12-19_7157-page-15-19', 'file_path': '/usr/local/***/data/pdf_single_page/3106200_2024-12-19_7157-page-15-19.pdf'}, {'file_uuid': '3106200_2024-12-19_7157-page-20-24', 'file_path': '/usr/local/***/data/pdf_single_page/3106200_2024-12-19_7157-page-20-24.pdf'}, {'file_uuid': '3106200_2024-12-19_7157-page-25-29', 'file_path': '/usr/local/***/data/pdf_single_page/3106200_2024-12-19_7157-page-25-29.pdf'}, {'file_uuid': '3106200_2024-12-19_7157-page-30-34', 'file_path': '/usr/local/***/data/pdf_single_page/3106200_2024-12-19_7157-page-30-34.pdf'}]
[2025-01-24T21:59:51.754+0000] {document_converter.py:242} INFO - Going to convert document batch...
[2025-01-24T21:59:52.024+0000] {accelerator_utils.py:41} INFO - Accelerator device: 'cpu'
[2025-01-24T21:59:54.383+0000] {accelerator_utils.py:41} INFO - Accelerator device: 'cpu'
[2025-01-24T21:59:54.829+0000] {accelerator_utils.py:41} INFO - Accelerator device: 'cpu'
[2025-01-24T21:59:55.175+0000] {base_pipeline.py:38} INFO - Processing document 3106200_2024-11-22_7138-page-0-4.pdf
[2025-01-24T22:00:16.140+0000] {document_converter.py:257} INFO - Finished converting document 3106200_2024-11-22_7138-page-0-4.pdf in 24.40 sec.
[2025-01-24T22:00:16.172+0000] {warnings.py:112} WARNING - /opt/***/dags/utils/preprocess_documents.py:112: FutureWarning: The behavior of DataFrame concatenation with empty or all-NA entries is deprecated. In a future version, this will no longer exclude empty or all-NA columns when determining the result dtypes. To retain the old behavior, exclude the relevant entries before the concat operation.
  metadata = pd.concat([metadata, pd.DataFrame(data_to_append)])

[2025-01-24T22:00:16.173+0000] {logging_mixin.py:190} INFO - Saving in path: /usr/local/***/data/preprocessed_documents/3106200_2024-11-22_7138-page-0-4.md
[2025-01-24T22:00:16.183+0000] {document_converter.py:242} INFO - Going to convert document batch...
[2025-01-24T22:00:16.332+0000] {accelerator_utils.py:41} INFO - Accelerator device: 'cpu'
[2025-01-24T22:00:18.439+0000] {accelerator_utils.py:41} INFO - Accelerator device: 'cpu'
[2025-01-24T22:00:19.276+0000] {accelerator_utils.py:41} INFO - Accelerator device: 'cpu'
[2025-01-24T22:00:19.632+0000] {base_pipeline.py:38} INFO - Processing document 3106200_2024-11-22_7138-page-5-9.pdf
[2025-01-24T22:01:19.697+0000] {document_converter.py:257} INFO - Finished converting document 3106200_2024-11-22_7138-page-5-9.pdf in 63.52 sec.
[2025-01-24T22:01:19.761+0000] {logging_mixin.py:190} INFO - Saving in path: /usr/local/***/data/preprocessed_documents/3106200_2024-11-22_7138-page-5-9.md
[2025-01-24T22:01:19.772+0000] {document_converter.py:242} INFO - Going to convert document batch...
[2025-01-24T22:01:19.926+0000] {accelerator_utils.py:41} INFO - Accelerator device: 'cpu'
[2025-01-24T22:01:22.264+0000] {accelerator_utils.py:41} INFO - Accelerator device: 'cpu'
[2025-01-24T22:01:22.660+0000] {accelerator_utils.py:41} INFO - Accelerator device: 'cpu'
[2025-01-24T22:01:22.969+0000] {base_pipeline.py:38} INFO - Processing document 3106200_2024-11-22_7138-page-10-14.pdf
[2025-01-24T22:01:30.209+0000] {document_converter.py:257} INFO - Finished converting document 3106200_2024-11-22_7138-page-10-14.pdf in 10.44 sec.
[2025-01-24T22:01:30.228+0000] {logging_mixin.py:190} INFO - Saving in path: /usr/local/***/data/preprocessed_documents/3106200_2024-11-22_7138-page-10-14.md
[2025-01-24T22:01:30.238+0000] {document_converter.py:242} INFO - Going to convert document batch...
[2025-01-24T22:01:30.394+0000] {accelerator_utils.py:41} INFO - Accelerator device: 'cpu'
[2025-01-24T22:01:32.415+0000] {accelerator_utils.py:41} INFO - Accelerator device: 'cpu'
[2025-01-24T22:01:32.826+0000] {accelerator_utils.py:41} INFO - Accelerator device: 'cpu'
[2025-01-24T22:01:33.147+0000] {base_pipeline.py:38} INFO - Processing document 3106200_2024-11-22_7138-page-15-19.pdf
[2025-01-24T22:01:40.767+0000] {document_converter.py:257} INFO - Finished converting document 3106200_2024-11-22_7138-page-15-19.pdf in 10.53 sec.
[2025-01-24T22:01:40.794+0000] {logging_mixin.py:190} INFO - Saving in path: /usr/local/***/data/preprocessed_documents/3106200_2024-11-22_7138-page-15-19.md
[2025-01-24T22:01:40.808+0000] {document_converter.py:242} INFO - Going to convert document batch...
[2025-01-24T22:01:40.974+0000] {accelerator_utils.py:41} INFO - Accelerator device: 'cpu'
[2025-01-24T22:01:43.065+0000] {accelerator_utils.py:41} INFO - Accelerator device: 'cpu'
[2025-01-24T22:01:43.505+0000] {accelerator_utils.py:41} INFO - Accelerator device: 'cpu'
[2025-01-24T22:01:43.871+0000] {base_pipeline.py:38} INFO - Processing document 3106200_2024-11-22_7138-page-20-24.pdf
[2025-01-24T22:01:55.582+0000] {document_converter.py:257} INFO - Finished converting document 3106200_2024-11-22_7138-page-20-24.pdf in 14.78 sec.
[2025-01-24T22:01:55.597+0000] {logging_mixin.py:190} INFO - Saving in path: /usr/local/***/data/preprocessed_documents/3106200_2024-11-22_7138-page-20-24.md
[2025-01-24T22:01:55.608+0000] {document_converter.py:242} INFO - Going to convert document batch...
[2025-01-24T22:01:55.829+0000] {accelerator_utils.py:41} INFO - Accelerator device: 'cpu'
[2025-01-24T22:01:57.994+0000] {accelerator_utils.py:41} INFO - Accelerator device: 'cpu'
[2025-01-24T22:01:58.389+0000] {accelerator_utils.py:41} INFO - Accelerator device: 'cpu'
[2025-01-24T22:01:58.708+0000] {base_pipeline.py:38} INFO - Processing document 3106200_2024-11-22_7138-page-25-29.pdf
[2025-01-24T22:02:08.717+0000] {document_converter.py:257} INFO - Finished converting document 3106200_2024-11-22_7138-page-25-29.pdf in 13.11 sec.
[2025-01-24T22:02:08.734+0000] {logging_mixin.py:190} INFO - Saving in path: /usr/local/***/data/preprocessed_documents/3106200_2024-11-22_7138-page-25-29.md
[2025-01-24T22:02:08.746+0000] {document_converter.py:242} INFO - Going to convert document batch...
[2025-01-24T22:02:08.900+0000] {accelerator_utils.py:41} INFO - Accelerator device: 'cpu'
[2025-01-24T22:02:10.980+0000] {accelerator_utils.py:41} INFO - Accelerator device: 'cpu'
[2025-01-24T22:02:11.711+0000] {accelerator_utils.py:41} INFO - Accelerator device: 'cpu'
[2025-01-24T22:02:12.038+0000] {base_pipeline.py:38} INFO - Processing document 3106200_2024-11-22_7138-page-30-34.pdf
[2025-01-24T22:02:26.596+0000] {document_converter.py:257} INFO - Finished converting document 3106200_2024-11-22_7138-page-30-34.pdf in 17.86 sec.
[2025-01-24T22:02:26.619+0000] {logging_mixin.py:190} INFO - Saving in path: /usr/local/***/data/preprocessed_documents/3106200_2024-11-22_7138-page-30-34.md
[2025-01-24T22:02:26.629+0000] {document_converter.py:242} INFO - Going to convert document batch...
[2025-01-24T22:02:26.779+0000] {accelerator_utils.py:41} INFO - Accelerator device: 'cpu'
[2025-01-24T22:02:28.836+0000] {accelerator_utils.py:41} INFO - Accelerator device: 'cpu'
[2025-01-24T22:02:29.271+0000] {accelerator_utils.py:41} INFO - Accelerator device: 'cpu'
[2025-01-24T22:02:29.606+0000] {base_pipeline.py:38} INFO - Processing document 3106200_2024-11-22_7138-page-35-39.pdf
[2025-01-24T22:02:51.636+0000] {document_converter.py:257} INFO - Finished converting document 3106200_2024-11-22_7138-page-35-39.pdf in 25.01 sec.
[2025-01-24T22:02:51.668+0000] {logging_mixin.py:190} INFO - Saving in path: /usr/local/***/data/preprocessed_documents/3106200_2024-11-22_7138-page-35-39.md
[2025-01-24T22:02:51.681+0000] {document_converter.py:242} INFO - Going to convert document batch...
[2025-01-24T22:02:51.833+0000] {accelerator_utils.py:41} INFO - Accelerator device: 'cpu'
[2025-01-24T22:02:53.939+0000] {accelerator_utils.py:41} INFO - Accelerator device: 'cpu'
[2025-01-24T22:02:54.345+0000] {accelerator_utils.py:41} INFO - Accelerator device: 'cpu'
[2025-01-24T22:02:54.692+0000] {base_pipeline.py:38} INFO - Processing document 3106200_2024-11-22_7138-page-40-43.pdf
[2025-01-24T22:03:17.481+0000] {document_converter.py:257} INFO - Finished converting document 3106200_2024-11-22_7138-page-40-43.pdf in 25.81 sec.
[2025-01-24T22:03:17.504+0000] {logging_mixin.py:190} INFO - Saving in path: /usr/local/***/data/preprocessed_documents/3106200_2024-11-22_7138-page-40-43.md
[2025-01-24T22:03:17.516+0000] {document_converter.py:242} INFO - Going to convert document batch...
[2025-01-24T22:03:17.688+0000] {accelerator_utils.py:41} INFO - Accelerator device: 'cpu'
[2025-01-24T22:03:19.802+0000] {accelerator_utils.py:41} INFO - Accelerator device: 'cpu'
[2025-01-24T22:03:20.206+0000] {accelerator_utils.py:41} INFO - Accelerator device: 'cpu'
[2025-01-24T22:03:20.530+0000] {base_pipeline.py:38} INFO - Processing document 3106200_2024-11-23_7139-page-0-4.pdf
[2025-01-24T22:03:32.452+0000] {document_converter.py:257} INFO - Finished converting document 3106200_2024-11-23_7139-page-0-4.pdf in 14.94 sec.
[2025-01-24T22:03:32.468+0000] {logging_mixin.py:190} INFO - Saving in path: /usr/local/***/data/preprocessed_documents/3106200_2024-11-23_7139-page-0-4.md
[2025-01-24T22:03:32.482+0000] {document_converter.py:242} INFO - Going to convert document batch...
[2025-01-24T22:03:32.663+0000] {accelerator_utils.py:41} INFO - Accelerator device: 'cpu'
[2025-01-24T22:03:34.676+0000] {accelerator_utils.py:41} INFO - Accelerator device: 'cpu'
[2025-01-24T22:03:35.098+0000] {accelerator_utils.py:41} INFO - Accelerator device: 'cpu'
[2025-01-24T22:03:35.456+0000] {base_pipeline.py:38} INFO - Processing document 3106200_2024-11-23_7139-page-5-9.pdf
[2025-01-24T22:03:48.929+0000] {document_converter.py:257} INFO - Finished converting document 3106200_2024-11-23_7139-page-5-9.pdf in 16.45 sec.
[2025-01-24T22:03:48.944+0000] {logging_mixin.py:190} INFO - Saving in path: /usr/local/***/data/preprocessed_documents/3106200_2024-11-23_7139-page-5-9.md
[2025-01-24T22:03:48.956+0000] {document_converter.py:242} INFO - Going to convert document batch...
[2025-01-24T22:03:49.113+0000] {accelerator_utils.py:41} INFO - Accelerator device: 'cpu'
[2025-01-24T22:03:51.126+0000] {accelerator_utils.py:41} INFO - Accelerator device: 'cpu'
[2025-01-24T22:03:51.524+0000] {accelerator_utils.py:41} INFO - Accelerator device: 'cpu'
[2025-01-24T22:03:51.876+0000] {base_pipeline.py:38} INFO - Processing document 3106200_2024-11-23_7139-page-10-14.pdf
[2025-01-24T22:04:04.036+0000] {document_converter.py:257} INFO - Finished converting document 3106200_2024-11-23_7139-page-10-14.pdf in 15.09 sec.
[2025-01-24T22:04:04.054+0000] {logging_mixin.py:190} INFO - Saving in path: /usr/local/***/data/preprocessed_documents/3106200_2024-11-23_7139-page-10-14.md
[2025-01-24T22:04:04.066+0000] {document_converter.py:242} INFO - Going to convert document batch...
[2025-01-24T22:04:04.217+0000] {accelerator_utils.py:41} INFO - Accelerator device: 'cpu'
[2025-01-24T22:04:06.264+0000] {accelerator_utils.py:41} INFO - Accelerator device: 'cpu'
[2025-01-24T22:04:06.672+0000] {accelerator_utils.py:41} INFO - Accelerator device: 'cpu'
[2025-01-24T22:04:07.001+0000] {base_pipeline.py:38} INFO - Processing document 3106200_2024-11-23_7139-page-15-19.pdf
[2025-01-24T22:04:32.705+0000] {document_converter.py:257} INFO - Finished converting document 3106200_2024-11-23_7139-page-15-19.pdf in 28.65 sec.
[2025-01-24T22:04:32.739+0000] {logging_mixin.py:190} INFO - Saving in path: /usr/local/***/data/preprocessed_documents/3106200_2024-11-23_7139-page-15-19.md
[2025-01-24T22:04:32.750+0000] {document_converter.py:242} INFO - Going to convert document batch...
[2025-01-24T22:04:32.899+0000] {accelerator_utils.py:41} INFO - Accelerator device: 'cpu'
[2025-01-24T22:04:34.964+0000] {accelerator_utils.py:41} INFO - Accelerator device: 'cpu'
[2025-01-24T22:04:35.382+0000] {accelerator_utils.py:41} INFO - Accelerator device: 'cpu'
[2025-01-24T22:04:35.728+0000] {base_pipeline.py:38} INFO - Processing document 3106200_2024-11-23_7139-page-20-24.pdf
[2025-01-24T22:05:04.218+0000] {document_converter.py:257} INFO - Finished converting document 3106200_2024-11-23_7139-page-20-24.pdf in 31.47 sec.
[2025-01-24T22:05:04.249+0000] {logging_mixin.py:190} INFO - Saving in path: /usr/local/***/data/preprocessed_documents/3106200_2024-11-23_7139-page-20-24.md
[2025-01-24T22:05:04.262+0000] {document_converter.py:242} INFO - Going to convert document batch...
[2025-01-24T22:05:04.424+0000] {accelerator_utils.py:41} INFO - Accelerator device: 'cpu'
[2025-01-24T22:05:06.474+0000] {accelerator_utils.py:41} INFO - Accelerator device: 'cpu'
[2025-01-24T22:05:06.883+0000] {accelerator_utils.py:41} INFO - Accelerator device: 'cpu'
[2025-01-24T22:05:07.203+0000] {base_pipeline.py:38} INFO - Processing document 3106200_2024-11-23_7139-page-25-25.pdf
[2025-01-24T22:05:16.257+0000] {document_converter.py:257} INFO - Finished converting document 3106200_2024-11-23_7139-page-25-25.pdf in 12.00 sec.
[2025-01-24T22:05:16.266+0000] {logging_mixin.py:190} INFO - Saving in path: /usr/local/***/data/preprocessed_documents/3106200_2024-11-23_7139-page-25-25.md
[2025-01-24T22:05:16.291+0000] {document_converter.py:242} INFO - Going to convert document batch...
[2025-01-24T22:05:16.445+0000] {accelerator_utils.py:41} INFO - Accelerator device: 'cpu'
[2025-01-24T22:05:18.463+0000] {accelerator_utils.py:41} INFO - Accelerator device: 'cpu'
[2025-01-24T22:05:18.866+0000] {accelerator_utils.py:41} INFO - Accelerator device: 'cpu'
[2025-01-24T22:05:19.222+0000] {base_pipeline.py:38} INFO - Processing document 3106200_2024-11-26_7140-page-0-4.pdf
[2025-01-24T22:05:25.659+0000] {local_task_job_runner.py:266} INFO - Task exited with return code -9For more information, see https://***.apache.org/docs/apache-***/stable/troubleshooting.html#LocalTaskJob-killed
[2025-01-24T22:05:25.684+0000] {taskinstance.py:3900} INFO - 0 downstream tasks scheduled from follow-on schedule check
[2025-01-24T22:05:25.686+0000] {local_task_job_runner.py:245} INFO - ::endgroup::
