[2025-01-28T23:47:24.298+0000] {local_task_job_runner.py:123} INFO - ::group::Pre task execution logs
[2025-01-28T23:47:24.316+0000] {taskinstance.py:2612} INFO - Dependencies all met for dep_context=non-requeueable deps ti=<TaskInstance: pull_gazettes_data.generate_indexes_task scheduled__2025-01-27T00:00:00+00:00 [queued]>
[2025-01-28T23:47:24.326+0000] {taskinstance.py:2612} INFO - Dependencies all met for dep_context=requeueable deps ti=<TaskInstance: pull_gazettes_data.generate_indexes_task scheduled__2025-01-27T00:00:00+00:00 [queued]>
[2025-01-28T23:47:24.327+0000] {taskinstance.py:2865} INFO - Starting attempt 8 of 9
[2025-01-28T23:47:24.340+0000] {taskinstance.py:2888} INFO - Executing <Task(GenerateIndexTask): generate_indexes_task> on 2025-01-27 00:00:00+00:00
[2025-01-28T23:47:24.350+0000] {warnings.py:112} WARNING - /home/***/.local/lib/python3.12/site-packages/***/task/task_runner/standard_task_runner.py:70: DeprecationWarning: This process (pid=3380) is multi-threaded, use of fork() may lead to deadlocks in the child.
  pid = os.fork()

[2025-01-28T23:47:24.352+0000] {standard_task_runner.py:72} INFO - Started process 3393 to run task
[2025-01-28T23:47:24.352+0000] {standard_task_runner.py:104} INFO - Running: ['***', 'tasks', 'run', 'pull_gazettes_data', 'generate_indexes_task', 'scheduled__2025-01-27T00:00:00+00:00', '--job-id', '264', '--raw', '--subdir', 'DAGS_FOLDER/dag_script.py', '--cfg-path', '/tmp/tmpvx8q12q5']
[2025-01-28T23:47:24.355+0000] {standard_task_runner.py:105} INFO - Job 264: Subtask generate_indexes_task
[2025-01-28T23:47:24.402+0000] {task_command.py:467} INFO - Running <TaskInstance: pull_gazettes_data.generate_indexes_task scheduled__2025-01-27T00:00:00+00:00 [running]> on host 41bcec3d818b
[2025-01-28T23:47:24.485+0000] {taskinstance.py:3131} INFO - Exporting env vars: AIRFLOW_CTX_DAG_EMAIL='***@example.com' AIRFLOW_CTX_DAG_OWNER='***' AIRFLOW_CTX_DAG_ID='pull_gazettes_data' AIRFLOW_CTX_TASK_ID='generate_indexes_task' AIRFLOW_CTX_EXECUTION_DATE='2025-01-27T00:00:00+00:00' AIRFLOW_CTX_TRY_NUMBER='8' AIRFLOW_CTX_DAG_RUN_ID='scheduled__2025-01-27T00:00:00+00:00'
[2025-01-28T23:47:24.487+0000] {taskinstance.py:731} INFO - ::endgroup::
[2025-01-28T23:47:24.505+0000] {logging_mixin.py:190} INFO - Initializing database
[2025-01-28T23:47:25.014+0000] {_client.py:1026} INFO - HTTP Request: POST https://stg.api.cohere.ai/v1/embed "HTTP/1.1 200 OK"
[2025-01-28T23:47:25.039+0000] {logging_mixin.py:190} INFO - Parsing database current state
[2025-01-28T23:47:25.041+0000] {logging_mixin.py:190} INFO - instantiating new database /usr/local/***/data/vector_db/
[2025-01-28T23:47:25.042+0000] {logging_mixin.py:190} INFO - Reading file metadata
[2025-01-28T23:47:25.060+0000] {logging_mixin.py:190} INFO - [FileMetadata(uuid='3106200_2024-11-26_7140.pdf'), FileMetadata(uuid='3106200_2024-11-27_7141.pdf'), FileMetadata(uuid='3106200_2024-11-28_7142.pdf'), FileMetadata(uuid='3106200_2024-11-29_7143.pdf'), FileMetadata(uuid='3106200_2024-11-30_7144.pdf'), FileMetadata(uuid='3106200_2024-12-03_7145.pdf'), FileMetadata(uuid='3106200_2024-12-04_7146.pdf'), FileMetadata(uuid='3106200_2024-12-05_7147.pdf'), FileMetadata(uuid='3106200_2024-12-06_7148.pdf'), FileMetadata(uuid='3106200_2024-12-07_7149.pdf'), FileMetadata(uuid='3106200_2024-12-10_7150.pdf'), FileMetadata(uuid='3106200_2024-12-11_7151.pdf'), FileMetadata(uuid='3106200_2024-12-12_7152.pdf'), FileMetadata(uuid='3106200_2024-12-13_7153.pdf'), FileMetadata(uuid='3106200_2024-12-14_7154.pdf'), FileMetadata(uuid='3106200_2024-12-17_7155.pdf')]
[2025-01-28T23:47:25.061+0000] {logging_mixin.py:190} INFO - [FileMetadata(uuid='3106200_2024-11-26_7140.pdf'), FileMetadata(uuid='3106200_2024-11-27_7141.pdf'), FileMetadata(uuid='3106200_2024-11-28_7142.pdf'), FileMetadata(uuid='3106200_2024-11-29_7143.pdf'), FileMetadata(uuid='3106200_2024-11-30_7144.pdf'), FileMetadata(uuid='3106200_2024-12-03_7145.pdf'), FileMetadata(uuid='3106200_2024-12-04_7146.pdf'), FileMetadata(uuid='3106200_2024-12-05_7147.pdf'), FileMetadata(uuid='3106200_2024-12-06_7148.pdf'), FileMetadata(uuid='3106200_2024-12-07_7149.pdf'), FileMetadata(uuid='3106200_2024-12-10_7150.pdf'), FileMetadata(uuid='3106200_2024-12-11_7151.pdf'), FileMetadata(uuid='3106200_2024-12-12_7152.pdf'), FileMetadata(uuid='3106200_2024-12-13_7153.pdf'), FileMetadata(uuid='3106200_2024-12-14_7154.pdf'), FileMetadata(uuid='3106200_2024-12-17_7155.pdf')]
[2025-01-28T23:47:25.061+0000] {logging_mixin.py:190} INFO - Adding batch of documents
[2025-01-28T23:47:25.064+0000] {logging_mixin.py:190} INFO - 3106200_2024-11-26_7140.txt
[2025-01-28T23:47:25.064+0000] {logging_mixin.py:190} INFO - 3106200_2024-11-27_7141.txt
[2025-01-28T23:47:25.065+0000] {logging_mixin.py:190} INFO - 3106200_2024-11-28_7142.txt
[2025-01-28T23:47:25.065+0000] {logging_mixin.py:190} INFO - 3106200_2024-11-29_7143.txt
[2025-01-28T23:47:25.066+0000] {logging_mixin.py:190} INFO - 3106200_2024-11-30_7144.txt
[2025-01-28T23:47:25.066+0000] {logging_mixin.py:190} INFO - 3106200_2024-12-03_7145.txt
[2025-01-28T23:47:25.066+0000] {logging_mixin.py:190} INFO - 3106200_2024-12-04_7146.txt
[2025-01-28T23:47:25.067+0000] {logging_mixin.py:190} INFO - 3106200_2024-12-05_7147.txt
[2025-01-28T23:47:25.067+0000] {logging_mixin.py:190} INFO - 3106200_2024-12-06_7148.txt
[2025-01-28T23:47:25.068+0000] {logging_mixin.py:190} INFO - 3106200_2024-12-07_7149.txt
[2025-01-28T23:47:25.068+0000] {logging_mixin.py:190} INFO - 3106200_2024-12-10_7150.txt
[2025-01-28T23:47:25.068+0000] {logging_mixin.py:190} INFO - 3106200_2024-12-11_7151.txt
[2025-01-28T23:47:25.069+0000] {logging_mixin.py:190} INFO - 3106200_2024-12-12_7152.txt
[2025-01-28T23:47:25.070+0000] {logging_mixin.py:190} INFO - 3106200_2024-12-13_7153.txt
[2025-01-28T23:47:25.071+0000] {logging_mixin.py:190} INFO - 3106200_2024-12-14_7154.txt
[2025-01-28T23:47:25.071+0000] {logging_mixin.py:190} INFO - 3106200_2024-12-17_7155.txt
[2025-01-28T23:47:25.081+0000] {taskinstance.py:340} INFO - ::group::Post task execution logs
[2025-01-28T23:47:25.082+0000] {taskinstance.py:352} INFO - Marking task as SUCCESS. dag_id=pull_gazettes_data, task_id=generate_indexes_task, run_id=scheduled__2025-01-27T00:00:00+00:00, execution_date=20250127T000000, start_date=20250128T234724, end_date=20250128T234725
[2025-01-28T23:47:25.131+0000] {local_task_job_runner.py:266} INFO - Task exited with return code 0
[2025-01-28T23:47:25.158+0000] {taskinstance.py:3900} INFO - 1 downstream tasks scheduled from follow-on schedule check
[2025-01-28T23:47:25.161+0000] {local_task_job_runner.py:245} INFO - ::endgroup::
