[2025-01-31T23:08:10.916+0000] {local_task_job_runner.py:123} INFO - ::group::Pre task execution logs
[2025-01-31T23:08:10.934+0000] {taskinstance.py:2612} INFO - Dependencies all met for dep_context=non-requeueable deps ti=<TaskInstance: pull_gazettes_data.preprocess_documents_task scheduled__2025-01-28T00:00:00+00:00 [queued]>
[2025-01-31T23:08:10.942+0000] {taskinstance.py:2612} INFO - Dependencies all met for dep_context=requeueable deps ti=<TaskInstance: pull_gazettes_data.preprocess_documents_task scheduled__2025-01-28T00:00:00+00:00 [queued]>
[2025-01-31T23:08:10.943+0000] {taskinstance.py:2865} INFO - Starting attempt 1 of 2
[2025-01-31T23:08:10.956+0000] {taskinstance.py:2888} INFO - Executing <Task(PreprocessDocuments): preprocess_documents_task> on 2025-01-28 00:00:00+00:00
[2025-01-31T23:08:10.967+0000] {warnings.py:112} WARNING - /home/***/.local/lib/python3.12/site-packages/***/task/task_runner/standard_task_runner.py:70: DeprecationWarning: This process (pid=170) is multi-threaded, use of fork() may lead to deadlocks in the child.
  pid = os.fork()

[2025-01-31T23:08:10.969+0000] {standard_task_runner.py:72} INFO - Started process 174 to run task
[2025-01-31T23:08:10.969+0000] {standard_task_runner.py:104} INFO - Running: ['***', 'tasks', 'run', 'pull_gazettes_data', 'preprocess_documents_task', 'scheduled__2025-01-28T00:00:00+00:00', '--job-id', '283', '--raw', '--subdir', 'DAGS_FOLDER/dag_script.py', '--cfg-path', '/tmp/tmpc11zpvod']
[2025-01-31T23:08:10.972+0000] {standard_task_runner.py:105} INFO - Job 283: Subtask preprocess_documents_task
[2025-01-31T23:08:11.025+0000] {task_command.py:467} INFO - Running <TaskInstance: pull_gazettes_data.preprocess_documents_task scheduled__2025-01-28T00:00:00+00:00 [running]> on host 41bcec3d818b
[2025-01-31T23:08:11.131+0000] {taskinstance.py:3131} INFO - Exporting env vars: AIRFLOW_CTX_DAG_EMAIL='***@example.com' AIRFLOW_CTX_DAG_OWNER='***' AIRFLOW_CTX_DAG_ID='pull_gazettes_data' AIRFLOW_CTX_TASK_ID='preprocess_documents_task' AIRFLOW_CTX_EXECUTION_DATE='2025-01-28T00:00:00+00:00' AIRFLOW_CTX_TRY_NUMBER='1' AIRFLOW_CTX_DAG_RUN_ID='scheduled__2025-01-28T00:00:00+00:00'
[2025-01-31T23:08:11.132+0000] {taskinstance.py:731} INFO - ::endgroup::
[2025-01-31T23:08:11.147+0000] {logging_mixin.py:190} INFO - Checking pre processed documents log
[2025-01-31T23:08:11.149+0000] {logging_mixin.py:190} INFO - /usr/local/***/data/ingestion_checkpoint_logs/preprocessed_documents_log.csv False
[2025-01-31T23:08:15.648+0000] {logging_mixin.py:190} INFO - Saving in path: /usr/local/***/data/preprocessed_documents/3106200_2024-11-26_7140.txt
[2025-01-31T23:08:28.623+0000] {logging_mixin.py:190} INFO - Saving in path: /usr/local/***/data/preprocessed_documents/3106200_2024-11-27_7141.txt
[2025-01-31T23:08:38.798+0000] {logging_mixin.py:190} INFO - Saving in path: /usr/local/***/data/preprocessed_documents/3106200_2024-11-28_7142.txt
[2025-01-31T23:08:48.683+0000] {logging_mixin.py:190} INFO - Saving in path: /usr/local/***/data/preprocessed_documents/3106200_2024-11-29_7143.txt
[2025-01-31T23:08:59.397+0000] {logging_mixin.py:190} INFO - Saving in path: /usr/local/***/data/preprocessed_documents/3106200_2024-11-30_7144.txt
[2025-01-31T23:09:07.824+0000] {logging_mixin.py:190} INFO - Saving in path: /usr/local/***/data/preprocessed_documents/3106200_2024-12-03_7145.txt
[2025-01-31T23:09:16.105+0000] {logging_mixin.py:190} INFO - Saving in path: /usr/local/***/data/preprocessed_documents/3106200_2024-12-04_7146.txt
[2025-01-31T23:09:21.821+0000] {logging_mixin.py:190} INFO - Saving in path: /usr/local/***/data/preprocessed_documents/3106200_2024-12-05_7147.txt
[2025-01-31T23:09:29.424+0000] {logging_mixin.py:190} INFO - Saving in path: /usr/local/***/data/preprocessed_documents/3106200_2024-12-06_7148.txt
[2025-01-31T23:09:37.110+0000] {logging_mixin.py:190} INFO - Saving in path: /usr/local/***/data/preprocessed_documents/3106200_2024-12-07_7149.txt
[2025-01-31T23:09:39.616+0000] {logging_mixin.py:190} INFO - Saving in path: /usr/local/***/data/preprocessed_documents/3106200_2024-12-10_7150.txt
[2025-01-31T23:09:53.085+0000] {logging_mixin.py:190} INFO - Saving in path: /usr/local/***/data/preprocessed_documents/3106200_2024-12-11_7151.txt
[2025-01-31T23:09:56.833+0000] {logging_mixin.py:190} INFO - Saving in path: /usr/local/***/data/preprocessed_documents/3106200_2024-12-12_7152.txt
[2025-01-31T23:10:03.167+0000] {logging_mixin.py:190} INFO - Saving in path: /usr/local/***/data/preprocessed_documents/3106200_2024-12-13_7153.txt
[2025-01-31T23:10:12.103+0000] {logging_mixin.py:190} INFO - Saving in path: /usr/local/***/data/preprocessed_documents/3106200_2024-12-14_7154.txt
[2025-01-31T23:10:17.652+0000] {logging_mixin.py:190} INFO - Saving in path: /usr/local/***/data/preprocessed_documents/3106200_2024-12-17_7155.txt
[2025-01-31T23:10:17.683+0000] {taskinstance.py:340} INFO - ::group::Post task execution logs
[2025-01-31T23:10:17.684+0000] {taskinstance.py:352} INFO - Marking task as SUCCESS. dag_id=pull_gazettes_data, task_id=preprocess_documents_task, run_id=scheduled__2025-01-28T00:00:00+00:00, execution_date=20250128T000000, start_date=20250131T230810, end_date=20250131T231017
[2025-01-31T23:10:17.735+0000] {local_task_job_runner.py:266} INFO - Task exited with return code 0
[2025-01-31T23:10:17.771+0000] {taskinstance.py:3900} INFO - 1 downstream tasks scheduled from follow-on schedule check
[2025-01-31T23:10:17.773+0000] {local_task_job_runner.py:245} INFO - ::endgroup::
