[2025-01-28T22:59:38.232+0000] {local_task_job_runner.py:123} INFO - ::group::Pre task execution logs
[2025-01-28T22:59:38.248+0000] {taskinstance.py:2612} INFO - Dependencies all met for dep_context=non-requeueable deps ti=<TaskInstance: pull_gazettes_data.preprocess_documents_task scheduled__2025-01-27T00:00:00+00:00 [queued]>
[2025-01-28T22:59:38.257+0000] {taskinstance.py:2612} INFO - Dependencies all met for dep_context=requeueable deps ti=<TaskInstance: pull_gazettes_data.preprocess_documents_task scheduled__2025-01-27T00:00:00+00:00 [queued]>
[2025-01-28T22:59:38.258+0000] {taskinstance.py:2865} INFO - Starting attempt 1 of 2
[2025-01-28T22:59:38.271+0000] {taskinstance.py:2888} INFO - Executing <Task(PreprocessDocuments): preprocess_documents_task> on 2025-01-27 00:00:00+00:00
[2025-01-28T22:59:38.287+0000] {warnings.py:112} WARNING - /home/***/.local/lib/python3.12/site-packages/***/task/task_runner/standard_task_runner.py:70: DeprecationWarning: This process (pid=198) is multi-threaded, use of fork() may lead to deadlocks in the child.
  pid = os.fork()

[2025-01-28T22:59:38.289+0000] {standard_task_runner.py:72} INFO - Started process 211 to run task
[2025-01-28T22:59:38.288+0000] {standard_task_runner.py:104} INFO - Running: ['***', 'tasks', 'run', 'pull_gazettes_data', 'preprocess_documents_task', 'scheduled__2025-01-27T00:00:00+00:00', '--job-id', '244', '--raw', '--subdir', 'DAGS_FOLDER/dag_script.py', '--cfg-path', '/tmp/tmp31a19apg']
[2025-01-28T22:59:38.291+0000] {standard_task_runner.py:105} INFO - Job 244: Subtask preprocess_documents_task
[2025-01-28T22:59:38.328+0000] {task_command.py:467} INFO - Running <TaskInstance: pull_gazettes_data.preprocess_documents_task scheduled__2025-01-27T00:00:00+00:00 [running]> on host 41bcec3d818b
[2025-01-28T22:59:38.400+0000] {taskinstance.py:3131} INFO - Exporting env vars: AIRFLOW_CTX_DAG_EMAIL='***@example.com' AIRFLOW_CTX_DAG_OWNER='***' AIRFLOW_CTX_DAG_ID='pull_gazettes_data' AIRFLOW_CTX_TASK_ID='preprocess_documents_task' AIRFLOW_CTX_EXECUTION_DATE='2025-01-27T00:00:00+00:00' AIRFLOW_CTX_TRY_NUMBER='1' AIRFLOW_CTX_DAG_RUN_ID='scheduled__2025-01-27T00:00:00+00:00'
[2025-01-28T22:59:38.402+0000] {taskinstance.py:731} INFO - ::endgroup::
[2025-01-28T22:59:38.413+0000] {logging_mixin.py:190} INFO - Checking pre processed documents log
[2025-01-28T22:59:38.415+0000] {logging_mixin.py:190} INFO - /usr/local/***/data/ingestion_checkpoint_logs/preprocessed_documents_log.csv False
[2025-01-28T22:59:38.426+0000] {logging_mixin.py:190} INFO - Breaking down pdf 3106200_2024-11-26_7140.pdf into multiple PDF single pages
[2025-01-28T22:59:38.498+0000] {logging_mixin.py:190} INFO - File 3106200_2024-11-26_7140-page-0-0 already preprocessed
[2025-01-28T22:59:38.499+0000] {logging_mixin.py:190} INFO - File 3106200_2024-11-26_7140-page-1-1 already preprocessed
[2025-01-28T22:59:38.523+0000] {logging_mixin.py:190} INFO - File 3106200_2024-11-26_7140-page-3-3 already preprocessed
[2025-01-28T22:59:38.524+0000] {logging_mixin.py:190} INFO - File 3106200_2024-11-26_7140-page-4-4 already preprocessed
[2025-01-28T22:59:38.524+0000] {logging_mixin.py:190} INFO - File 3106200_2024-11-26_7140-page-5-5 already preprocessed
[2025-01-28T22:59:38.525+0000] {logging_mixin.py:190} INFO - File 3106200_2024-11-26_7140-page-6-6 already preprocessed
[2025-01-28T22:59:38.525+0000] {logging_mixin.py:190} INFO - File 3106200_2024-11-26_7140-page-7-7 already preprocessed
[2025-01-28T22:59:38.526+0000] {logging_mixin.py:190} INFO - File 3106200_2024-11-26_7140-page-8-8 already preprocessed
[2025-01-28T22:59:38.526+0000] {logging_mixin.py:190} INFO - File 3106200_2024-11-26_7140-page-9-9 already preprocessed
[2025-01-28T22:59:38.527+0000] {logging_mixin.py:190} INFO - File 3106200_2024-11-26_7140-page-10-10 already preprocessed
[2025-01-28T22:59:38.527+0000] {logging_mixin.py:190} INFO - File 3106200_2024-11-26_7140-page-11-11 already preprocessed
[2025-01-28T22:59:38.528+0000] {logging_mixin.py:190} INFO - File 3106200_2024-11-26_7140-page-12-12 already preprocessed
[2025-01-28T22:59:38.529+0000] {logging_mixin.py:190} INFO - File 3106200_2024-11-26_7140-page-13-13 already preprocessed
[2025-01-28T22:59:38.529+0000] {logging_mixin.py:190} INFO - File 3106200_2024-11-26_7140-page-14-14 already preprocessed
[2025-01-28T22:59:38.530+0000] {logging_mixin.py:190} INFO - File 3106200_2024-11-26_7140-page-15-15 already preprocessed
[2025-01-28T22:59:38.530+0000] {logging_mixin.py:190} INFO - File 3106200_2024-11-26_7140-page-16-16 already preprocessed
[2025-01-28T22:59:38.530+0000] {logging_mixin.py:190} INFO - File 3106200_2024-11-26_7140-page-17-17 already preprocessed
[2025-01-28T22:59:38.531+0000] {logging_mixin.py:190} INFO - File 3106200_2024-11-26_7140-page-18-18 already preprocessed
[2025-01-28T22:59:38.532+0000] {logging_mixin.py:190} INFO - File 3106200_2024-11-26_7140-page-19-19 already preprocessed
[2025-01-28T22:59:38.532+0000] {logging_mixin.py:190} INFO - File 3106200_2024-11-26_7140-page-20-20 already preprocessed
[2025-01-28T22:59:38.532+0000] {logging_mixin.py:190} INFO - File 3106200_2024-11-26_7140-page-21-21 already preprocessed
[2025-01-28T22:59:38.533+0000] {logging_mixin.py:190} INFO - File 3106200_2024-11-26_7140-page-22-22 already preprocessed
[2025-01-28T22:59:38.533+0000] {logging_mixin.py:190} INFO - File 3106200_2024-11-26_7140-page-23-23 already preprocessed
[2025-01-28T22:59:38.534+0000] {logging_mixin.py:190} INFO - File 3106200_2024-11-26_7140-page-24-24 already preprocessed
[2025-01-28T22:59:38.534+0000] {logging_mixin.py:190} INFO - File 3106200_2024-11-26_7140-page-25-25 already preprocessed
[2025-01-28T22:59:38.534+0000] {logging_mixin.py:190} INFO - File 3106200_2024-11-26_7140-page-26-26 already preprocessed
[2025-01-28T22:59:38.535+0000] {logging_mixin.py:190} INFO - File 3106200_2024-11-26_7140-page-27-27 already preprocessed
[2025-01-28T22:59:38.535+0000] {logging_mixin.py:190} INFO - File 3106200_2024-11-26_7140-page-28-28 already preprocessed
[2025-01-28T22:59:38.536+0000] {logging_mixin.py:190} INFO - File 3106200_2024-11-26_7140-page-29-29 already preprocessed
[2025-01-28T22:59:38.536+0000] {logging_mixin.py:190} INFO - File 3106200_2024-11-26_7140-page-30-30 already preprocessed
[2025-01-28T22:59:38.536+0000] {logging_mixin.py:190} INFO - File 3106200_2024-11-26_7140-page-31-31 already preprocessed
[2025-01-28T22:59:38.537+0000] {logging_mixin.py:190} INFO - File 3106200_2024-11-26_7140-page-32-32 already preprocessed
[2025-01-28T22:59:38.540+0000] {logging_mixin.py:190} INFO - Breaking down pdf 3106200_2024-11-27_7141.pdf into multiple PDF single pages
[2025-01-28T22:59:38.625+0000] {logging_mixin.py:190} INFO - File 3106200_2024-11-27_7141-page-0-0 already preprocessed
[2025-01-28T22:59:38.626+0000] {logging_mixin.py:190} INFO - File 3106200_2024-11-27_7141-page-1-1 already preprocessed
[2025-01-28T22:59:38.626+0000] {logging_mixin.py:190} INFO - File 3106200_2024-11-27_7141-page-2-2 already preprocessed
[2025-01-28T22:59:38.627+0000] {logging_mixin.py:190} INFO - File 3106200_2024-11-27_7141-page-3-3 already preprocessed
[2025-01-28T22:59:38.627+0000] {logging_mixin.py:190} INFO - File 3106200_2024-11-27_7141-page-4-4 already preprocessed
[2025-01-28T22:59:38.628+0000] {logging_mixin.py:190} INFO - File 3106200_2024-11-27_7141-page-5-5 already preprocessed
[2025-01-28T22:59:38.628+0000] {logging_mixin.py:190} INFO - File 3106200_2024-11-27_7141-page-6-6 already preprocessed
[2025-01-28T22:59:38.629+0000] {logging_mixin.py:190} INFO - File 3106200_2024-11-27_7141-page-7-7 already preprocessed
[2025-01-28T22:59:38.629+0000] {logging_mixin.py:190} INFO - File 3106200_2024-11-27_7141-page-8-8 already preprocessed
[2025-01-28T22:59:38.630+0000] {logging_mixin.py:190} INFO - File 3106200_2024-11-27_7141-page-9-9 already preprocessed
[2025-01-28T22:59:38.630+0000] {logging_mixin.py:190} INFO - File 3106200_2024-11-27_7141-page-10-10 already preprocessed
[2025-01-28T22:59:38.631+0000] {logging_mixin.py:190} INFO - File 3106200_2024-11-27_7141-page-11-11 already preprocessed
[2025-01-28T22:59:38.631+0000] {logging_mixin.py:190} INFO - File 3106200_2024-11-27_7141-page-12-12 already preprocessed
[2025-01-28T22:59:38.632+0000] {logging_mixin.py:190} INFO - File 3106200_2024-11-27_7141-page-13-13 already preprocessed
[2025-01-28T22:59:38.632+0000] {logging_mixin.py:190} INFO - File 3106200_2024-11-27_7141-page-14-14 already preprocessed
[2025-01-28T22:59:38.632+0000] {logging_mixin.py:190} INFO - File 3106200_2024-11-27_7141-page-15-15 already preprocessed
[2025-01-28T22:59:38.633+0000] {logging_mixin.py:190} INFO - File 3106200_2024-11-27_7141-page-16-16 already preprocessed
[2025-01-28T22:59:38.633+0000] {logging_mixin.py:190} INFO - File 3106200_2024-11-27_7141-page-17-17 already preprocessed
[2025-01-28T22:59:38.634+0000] {logging_mixin.py:190} INFO - File 3106200_2024-11-27_7141-page-18-18 already preprocessed
[2025-01-28T22:59:38.634+0000] {logging_mixin.py:190} INFO - File 3106200_2024-11-27_7141-page-19-19 already preprocessed
[2025-01-28T22:59:38.635+0000] {logging_mixin.py:190} INFO - File 3106200_2024-11-27_7141-page-20-20 already preprocessed
[2025-01-28T22:59:38.635+0000] {logging_mixin.py:190} INFO - File 3106200_2024-11-27_7141-page-21-21 already preprocessed
[2025-01-28T22:59:38.636+0000] {logging_mixin.py:190} INFO - File 3106200_2024-11-27_7141-page-22-22 already preprocessed
[2025-01-28T22:59:38.636+0000] {logging_mixin.py:190} INFO - File 3106200_2024-11-27_7141-page-23-23 already preprocessed
[2025-01-28T22:59:38.637+0000] {logging_mixin.py:190} INFO - File 3106200_2024-11-27_7141-page-24-24 already preprocessed
[2025-01-28T22:59:38.637+0000] {logging_mixin.py:190} INFO - File 3106200_2024-11-27_7141-page-25-25 already preprocessed
[2025-01-28T22:59:38.638+0000] {logging_mixin.py:190} INFO - File 3106200_2024-11-27_7141-page-26-26 already preprocessed
[2025-01-28T22:59:38.638+0000] {logging_mixin.py:190} INFO - File 3106200_2024-11-27_7141-page-27-27 already preprocessed
[2025-01-28T22:59:38.638+0000] {logging_mixin.py:190} INFO - File 3106200_2024-11-27_7141-page-28-28 already preprocessed
[2025-01-28T22:59:38.639+0000] {logging_mixin.py:190} INFO - File 3106200_2024-11-27_7141-page-29-29 already preprocessed
[2025-01-28T22:59:38.639+0000] {logging_mixin.py:190} INFO - File 3106200_2024-11-27_7141-page-30-30 already preprocessed
[2025-01-28T22:59:38.640+0000] {logging_mixin.py:190} INFO - File 3106200_2024-11-27_7141-page-31-31 already preprocessed
[2025-01-28T22:59:38.640+0000] {logging_mixin.py:190} INFO - File 3106200_2024-11-27_7141-page-32-32 already preprocessed
[2025-01-28T22:59:38.641+0000] {logging_mixin.py:190} INFO - File 3106200_2024-11-27_7141-page-33-33 already preprocessed
[2025-01-28T22:59:38.641+0000] {logging_mixin.py:190} INFO - File 3106200_2024-11-27_7141-page-34-34 already preprocessed
[2025-01-28T22:59:38.641+0000] {logging_mixin.py:190} INFO - File 3106200_2024-11-27_7141-page-35-35 already preprocessed
[2025-01-28T22:59:38.642+0000] {logging_mixin.py:190} INFO - File 3106200_2024-11-27_7141-page-36-36 already preprocessed
[2025-01-28T22:59:38.645+0000] {logging_mixin.py:190} INFO - Breaking down pdf 3106200_2024-11-28_7142.pdf into multiple PDF single pages
[2025-01-28T22:59:38.710+0000] {logging_mixin.py:190} INFO - File 3106200_2024-11-28_7142-page-0-0 already preprocessed
[2025-01-28T22:59:38.710+0000] {logging_mixin.py:190} INFO - File 3106200_2024-11-28_7142-page-1-1 already preprocessed
[2025-01-28T22:59:38.711+0000] {logging_mixin.py:190} INFO - File 3106200_2024-11-28_7142-page-2-2 already preprocessed
[2025-01-28T22:59:38.711+0000] {logging_mixin.py:190} INFO - File 3106200_2024-11-28_7142-page-3-3 already preprocessed
[2025-01-28T22:59:38.712+0000] {logging_mixin.py:190} INFO - File 3106200_2024-11-28_7142-page-4-4 already preprocessed
[2025-01-28T22:59:38.712+0000] {logging_mixin.py:190} INFO - File 3106200_2024-11-28_7142-page-5-5 already preprocessed
[2025-01-28T22:59:38.712+0000] {logging_mixin.py:190} INFO - File 3106200_2024-11-28_7142-page-6-6 already preprocessed
[2025-01-28T22:59:38.713+0000] {logging_mixin.py:190} INFO - File 3106200_2024-11-28_7142-page-7-7 already preprocessed
[2025-01-28T22:59:38.714+0000] {logging_mixin.py:190} INFO - File 3106200_2024-11-28_7142-page-8-8 already preprocessed
[2025-01-28T22:59:38.714+0000] {logging_mixin.py:190} INFO - File 3106200_2024-11-28_7142-page-9-9 already preprocessed
[2025-01-28T22:59:38.715+0000] {logging_mixin.py:190} INFO - File 3106200_2024-11-28_7142-page-10-10 already preprocessed
[2025-01-28T22:59:38.715+0000] {logging_mixin.py:190} INFO - File 3106200_2024-11-28_7142-page-11-11 already preprocessed
[2025-01-28T22:59:38.716+0000] {logging_mixin.py:190} INFO - File 3106200_2024-11-28_7142-page-12-12 already preprocessed
[2025-01-28T22:59:38.716+0000] {logging_mixin.py:190} INFO - File 3106200_2024-11-28_7142-page-13-13 already preprocessed
[2025-01-28T22:59:38.717+0000] {logging_mixin.py:190} INFO - File 3106200_2024-11-28_7142-page-14-14 already preprocessed
[2025-01-28T22:59:38.717+0000] {logging_mixin.py:190} INFO - File 3106200_2024-11-28_7142-page-15-15 already preprocessed
[2025-01-28T22:59:38.717+0000] {logging_mixin.py:190} INFO - File 3106200_2024-11-28_7142-page-16-16 already preprocessed
[2025-01-28T22:59:38.718+0000] {logging_mixin.py:190} INFO - File 3106200_2024-11-28_7142-page-17-17 already preprocessed
[2025-01-28T22:59:38.718+0000] {logging_mixin.py:190} INFO - File 3106200_2024-11-28_7142-page-18-18 already preprocessed
[2025-01-28T22:59:38.719+0000] {logging_mixin.py:190} INFO - File 3106200_2024-11-28_7142-page-19-19 already preprocessed
[2025-01-28T22:59:38.719+0000] {logging_mixin.py:190} INFO - File 3106200_2024-11-28_7142-page-20-20 already preprocessed
[2025-01-28T22:59:38.720+0000] {logging_mixin.py:190} INFO - File 3106200_2024-11-28_7142-page-21-21 already preprocessed
[2025-01-28T22:59:38.720+0000] {logging_mixin.py:190} INFO - File 3106200_2024-11-28_7142-page-22-22 already preprocessed
[2025-01-28T22:59:38.720+0000] {logging_mixin.py:190} INFO - File 3106200_2024-11-28_7142-page-23-23 already preprocessed
[2025-01-28T22:59:38.721+0000] {logging_mixin.py:190} INFO - File 3106200_2024-11-28_7142-page-24-24 already preprocessed
[2025-01-28T22:59:38.721+0000] {logging_mixin.py:190} INFO - File 3106200_2024-11-28_7142-page-25-25 already preprocessed
[2025-01-28T22:59:38.722+0000] {logging_mixin.py:190} INFO - File 3106200_2024-11-28_7142-page-26-26 already preprocessed
[2025-01-28T22:59:38.722+0000] {logging_mixin.py:190} INFO - File 3106200_2024-11-28_7142-page-27-27 already preprocessed
[2025-01-28T22:59:38.722+0000] {logging_mixin.py:190} INFO - File 3106200_2024-11-28_7142-page-28-28 already preprocessed
[2025-01-28T22:59:38.723+0000] {logging_mixin.py:190} INFO - File 3106200_2024-11-28_7142-page-29-29 already preprocessed
[2025-01-28T22:59:38.723+0000] {logging_mixin.py:190} INFO - File 3106200_2024-11-28_7142-page-30-30 already preprocessed
[2025-01-28T22:59:38.724+0000] {logging_mixin.py:190} INFO - File 3106200_2024-11-28_7142-page-31-31 already preprocessed
[2025-01-28T22:59:38.724+0000] {logging_mixin.py:190} INFO - File 3106200_2024-11-28_7142-page-32-32 already preprocessed
[2025-01-28T22:59:38.725+0000] {logging_mixin.py:190} INFO - File 3106200_2024-11-28_7142-page-33-33 already preprocessed
[2025-01-28T22:59:38.725+0000] {logging_mixin.py:190} INFO - File 3106200_2024-11-28_7142-page-34-34 already preprocessed
[2025-01-28T22:59:38.725+0000] {logging_mixin.py:190} INFO - File 3106200_2024-11-28_7142-page-35-35 already preprocessed
[2025-01-28T22:59:38.726+0000] {logging_mixin.py:190} INFO - File 3106200_2024-11-28_7142-page-36-36 already preprocessed
[2025-01-28T22:59:38.726+0000] {logging_mixin.py:190} INFO - File 3106200_2024-11-28_7142-page-37-37 already preprocessed
[2025-01-28T22:59:38.727+0000] {logging_mixin.py:190} INFO - File 3106200_2024-11-28_7142-page-38-38 already preprocessed
[2025-01-28T22:59:38.727+0000] {logging_mixin.py:190} INFO - File 3106200_2024-11-28_7142-page-39-39 already preprocessed
[2025-01-28T22:59:38.727+0000] {logging_mixin.py:190} INFO - File 3106200_2024-11-28_7142-page-40-40 already preprocessed
[2025-01-28T22:59:38.728+0000] {logging_mixin.py:190} INFO - File 3106200_2024-11-28_7142-page-41-41 already preprocessed
[2025-01-28T22:59:38.728+0000] {logging_mixin.py:190} INFO - File 3106200_2024-11-28_7142-page-42-42 already preprocessed
[2025-01-28T22:59:38.729+0000] {logging_mixin.py:190} INFO - File 3106200_2024-11-28_7142-page-43-43 already preprocessed
[2025-01-28T22:59:38.729+0000] {logging_mixin.py:190} INFO - File 3106200_2024-11-28_7142-page-44-44 already preprocessed
[2025-01-28T22:59:38.730+0000] {logging_mixin.py:190} INFO - File 3106200_2024-11-28_7142-page-45-45 already preprocessed
[2025-01-28T22:59:38.732+0000] {logging_mixin.py:190} INFO - Breaking down pdf 3106200_2024-11-29_7143.pdf into multiple PDF single pages
[2025-01-28T22:59:38.805+0000] {logging_mixin.py:190} INFO - File 3106200_2024-11-29_7143-page-0-0 already preprocessed
[2025-01-28T22:59:38.805+0000] {logging_mixin.py:190} INFO - File 3106200_2024-11-29_7143-page-1-1 already preprocessed
[2025-01-28T22:59:38.806+0000] {logging_mixin.py:190} INFO - File 3106200_2024-11-29_7143-page-2-2 already preprocessed
[2025-01-28T22:59:38.806+0000] {logging_mixin.py:190} INFO - File 3106200_2024-11-29_7143-page-3-3 already preprocessed
[2025-01-28T22:59:38.807+0000] {logging_mixin.py:190} INFO - File 3106200_2024-11-29_7143-page-4-4 already preprocessed
[2025-01-28T22:59:38.807+0000] {logging_mixin.py:190} INFO - File 3106200_2024-11-29_7143-page-5-5 already preprocessed
[2025-01-28T22:59:38.807+0000] {logging_mixin.py:190} INFO - File 3106200_2024-11-29_7143-page-6-6 already preprocessed
[2025-01-28T22:59:38.808+0000] {logging_mixin.py:190} INFO - File 3106200_2024-11-29_7143-page-7-7 already preprocessed
[2025-01-28T22:59:38.808+0000] {logging_mixin.py:190} INFO - File 3106200_2024-11-29_7143-page-8-8 already preprocessed
[2025-01-28T22:59:38.809+0000] {logging_mixin.py:190} INFO - File 3106200_2024-11-29_7143-page-9-9 already preprocessed
[2025-01-28T22:59:38.809+0000] {logging_mixin.py:190} INFO - File 3106200_2024-11-29_7143-page-10-10 already preprocessed
[2025-01-28T22:59:38.809+0000] {logging_mixin.py:190} INFO - File 3106200_2024-11-29_7143-page-11-11 already preprocessed
[2025-01-28T22:59:38.810+0000] {logging_mixin.py:190} INFO - File 3106200_2024-11-29_7143-page-12-12 already preprocessed
[2025-01-28T22:59:38.810+0000] {logging_mixin.py:190} INFO - File 3106200_2024-11-29_7143-page-13-13 already preprocessed
[2025-01-28T22:59:38.811+0000] {logging_mixin.py:190} INFO - File 3106200_2024-11-29_7143-page-14-14 already preprocessed
[2025-01-28T22:59:38.811+0000] {logging_mixin.py:190} INFO - File 3106200_2024-11-29_7143-page-15-15 already preprocessed
[2025-01-28T22:59:38.811+0000] {logging_mixin.py:190} INFO - File 3106200_2024-11-29_7143-page-16-16 already preprocessed
[2025-01-28T22:59:38.812+0000] {logging_mixin.py:190} INFO - File 3106200_2024-11-29_7143-page-17-17 already preprocessed
[2025-01-28T22:59:38.812+0000] {logging_mixin.py:190} INFO - File 3106200_2024-11-29_7143-page-18-18 already preprocessed
[2025-01-28T22:59:38.813+0000] {logging_mixin.py:190} INFO - File 3106200_2024-11-29_7143-page-19-19 already preprocessed
[2025-01-28T22:59:38.813+0000] {logging_mixin.py:190} INFO - File 3106200_2024-11-29_7143-page-20-20 already preprocessed
[2025-01-28T22:59:38.814+0000] {logging_mixin.py:190} INFO - File 3106200_2024-11-29_7143-page-21-21 already preprocessed
[2025-01-28T22:59:38.814+0000] {logging_mixin.py:190} INFO - File 3106200_2024-11-29_7143-page-22-22 already preprocessed
[2025-01-28T22:59:38.814+0000] {logging_mixin.py:190} INFO - File 3106200_2024-11-29_7143-page-23-23 already preprocessed
[2025-01-28T22:59:38.815+0000] {logging_mixin.py:190} INFO - File 3106200_2024-11-29_7143-page-24-24 already preprocessed
[2025-01-28T22:59:38.815+0000] {logging_mixin.py:190} INFO - File 3106200_2024-11-29_7143-page-25-25 already preprocessed
[2025-01-28T22:59:38.816+0000] {logging_mixin.py:190} INFO - File 3106200_2024-11-29_7143-page-26-26 already preprocessed
[2025-01-28T22:59:38.816+0000] {logging_mixin.py:190} INFO - File 3106200_2024-11-29_7143-page-27-27 already preprocessed
[2025-01-28T22:59:38.816+0000] {logging_mixin.py:190} INFO - File 3106200_2024-11-29_7143-page-28-28 already preprocessed
[2025-01-28T22:59:38.817+0000] {logging_mixin.py:190} INFO - File 3106200_2024-11-29_7143-page-29-29 already preprocessed
[2025-01-28T22:59:38.817+0000] {logging_mixin.py:190} INFO - File 3106200_2024-11-29_7143-page-30-30 already preprocessed
[2025-01-28T22:59:38.817+0000] {logging_mixin.py:190} INFO - File 3106200_2024-11-29_7143-page-31-31 already preprocessed
[2025-01-28T22:59:38.818+0000] {logging_mixin.py:190} INFO - File 3106200_2024-11-29_7143-page-32-32 already preprocessed
[2025-01-28T22:59:38.818+0000] {logging_mixin.py:190} INFO - File 3106200_2024-11-29_7143-page-33-33 already preprocessed
[2025-01-28T22:59:38.819+0000] {logging_mixin.py:190} INFO - File 3106200_2024-11-29_7143-page-34-34 already preprocessed
[2025-01-28T22:59:38.819+0000] {logging_mixin.py:190} INFO - File 3106200_2024-11-29_7143-page-35-35 already preprocessed
[2025-01-28T22:59:38.820+0000] {logging_mixin.py:190} INFO - File 3106200_2024-11-29_7143-page-36-36 already preprocessed
[2025-01-28T22:59:38.820+0000] {logging_mixin.py:190} INFO - File 3106200_2024-11-29_7143-page-37-37 already preprocessed
[2025-01-28T22:59:38.821+0000] {logging_mixin.py:190} INFO - File 3106200_2024-11-29_7143-page-38-38 already preprocessed
[2025-01-28T22:59:38.823+0000] {logging_mixin.py:190} INFO - Breaking down pdf 3106200_2024-11-30_7144.pdf into multiple PDF single pages
[2025-01-28T22:59:38.890+0000] {logging_mixin.py:190} INFO - File 3106200_2024-11-30_7144-page-0-0 already preprocessed
[2025-01-28T22:59:38.891+0000] {logging_mixin.py:190} INFO - File 3106200_2024-11-30_7144-page-1-1 already preprocessed
[2025-01-28T22:59:38.891+0000] {logging_mixin.py:190} INFO - File 3106200_2024-11-30_7144-page-2-2 already preprocessed
[2025-01-28T22:59:38.892+0000] {logging_mixin.py:190} INFO - File 3106200_2024-11-30_7144-page-3-3 already preprocessed
[2025-01-28T22:59:38.892+0000] {logging_mixin.py:190} INFO - File 3106200_2024-11-30_7144-page-4-4 already preprocessed
[2025-01-28T22:59:38.893+0000] {logging_mixin.py:190} INFO - File 3106200_2024-11-30_7144-page-5-5 already preprocessed
[2025-01-28T22:59:38.893+0000] {logging_mixin.py:190} INFO - File 3106200_2024-11-30_7144-page-6-6 already preprocessed
[2025-01-28T22:59:38.893+0000] {logging_mixin.py:190} INFO - File 3106200_2024-11-30_7144-page-7-7 already preprocessed
[2025-01-28T22:59:38.894+0000] {logging_mixin.py:190} INFO - File 3106200_2024-11-30_7144-page-8-8 already preprocessed
[2025-01-28T22:59:38.894+0000] {logging_mixin.py:190} INFO - File 3106200_2024-11-30_7144-page-9-9 already preprocessed
[2025-01-28T22:59:38.895+0000] {logging_mixin.py:190} INFO - File 3106200_2024-11-30_7144-page-10-10 already preprocessed
[2025-01-28T22:59:38.895+0000] {logging_mixin.py:190} INFO - File 3106200_2024-11-30_7144-page-11-11 already preprocessed
[2025-01-28T22:59:38.896+0000] {logging_mixin.py:190} INFO - File 3106200_2024-11-30_7144-page-12-12 already preprocessed
[2025-01-28T22:59:38.896+0000] {logging_mixin.py:190} INFO - File 3106200_2024-11-30_7144-page-13-13 already preprocessed
[2025-01-28T22:59:38.896+0000] {logging_mixin.py:190} INFO - File 3106200_2024-11-30_7144-page-14-14 already preprocessed
[2025-01-28T22:59:38.897+0000] {logging_mixin.py:190} INFO - File 3106200_2024-11-30_7144-page-15-15 already preprocessed
[2025-01-28T22:59:38.897+0000] {logging_mixin.py:190} INFO - File 3106200_2024-11-30_7144-page-16-16 already preprocessed
[2025-01-28T22:59:38.898+0000] {logging_mixin.py:190} INFO - File 3106200_2024-11-30_7144-page-17-17 already preprocessed
[2025-01-28T22:59:38.898+0000] {logging_mixin.py:190} INFO - File 3106200_2024-11-30_7144-page-18-18 already preprocessed
[2025-01-28T22:59:38.899+0000] {logging_mixin.py:190} INFO - File 3106200_2024-11-30_7144-page-19-19 already preprocessed
[2025-01-28T22:59:38.899+0000] {logging_mixin.py:190} INFO - File 3106200_2024-11-30_7144-page-20-20 already preprocessed
[2025-01-28T22:59:38.899+0000] {logging_mixin.py:190} INFO - File 3106200_2024-11-30_7144-page-21-21 already preprocessed
[2025-01-28T22:59:38.900+0000] {logging_mixin.py:190} INFO - File 3106200_2024-11-30_7144-page-22-22 already preprocessed
[2025-01-28T22:59:38.900+0000] {logging_mixin.py:190} INFO - File 3106200_2024-11-30_7144-page-23-23 already preprocessed
[2025-01-28T22:59:38.900+0000] {logging_mixin.py:190} INFO - File 3106200_2024-11-30_7144-page-24-24 already preprocessed
[2025-01-28T22:59:38.901+0000] {logging_mixin.py:190} INFO - File 3106200_2024-11-30_7144-page-25-25 already preprocessed
[2025-01-28T22:59:38.901+0000] {logging_mixin.py:190} INFO - File 3106200_2024-11-30_7144-page-26-26 already preprocessed
[2025-01-28T22:59:38.902+0000] {logging_mixin.py:190} INFO - File 3106200_2024-11-30_7144-page-27-27 already preprocessed
[2025-01-28T22:59:38.902+0000] {logging_mixin.py:190} INFO - File 3106200_2024-11-30_7144-page-28-28 already preprocessed
[2025-01-28T22:59:38.902+0000] {logging_mixin.py:190} INFO - File 3106200_2024-11-30_7144-page-29-29 already preprocessed
[2025-01-28T22:59:38.903+0000] {logging_mixin.py:190} INFO - File 3106200_2024-11-30_7144-page-30-30 already preprocessed
[2025-01-28T22:59:38.903+0000] {logging_mixin.py:190} INFO - File 3106200_2024-11-30_7144-page-31-31 already preprocessed
[2025-01-28T22:59:38.904+0000] {logging_mixin.py:190} INFO - File 3106200_2024-11-30_7144-page-32-32 already preprocessed
[2025-01-28T22:59:38.904+0000] {logging_mixin.py:190} INFO - File 3106200_2024-11-30_7144-page-33-33 already preprocessed
[2025-01-28T22:59:38.904+0000] {logging_mixin.py:190} INFO - File 3106200_2024-11-30_7144-page-34-34 already preprocessed
[2025-01-28T22:59:38.905+0000] {logging_mixin.py:190} INFO - File 3106200_2024-11-30_7144-page-35-35 already preprocessed
[2025-01-28T22:59:38.905+0000] {logging_mixin.py:190} INFO - File 3106200_2024-11-30_7144-page-36-36 already preprocessed
[2025-01-28T22:59:38.931+0000] {logging_mixin.py:190} INFO - Breaking down pdf 3106200_2024-12-03_7145.pdf into multiple PDF single pages
[2025-01-28T22:59:39.001+0000] {logging_mixin.py:190} INFO - File 3106200_2024-12-03_7145-page-0-0 already preprocessed
[2025-01-28T22:59:39.002+0000] {logging_mixin.py:190} INFO - File 3106200_2024-12-03_7145-page-1-1 already preprocessed
[2025-01-28T22:59:39.002+0000] {logging_mixin.py:190} INFO - File 3106200_2024-12-03_7145-page-2-2 already preprocessed
[2025-01-28T22:59:39.003+0000] {logging_mixin.py:190} INFO - File 3106200_2024-12-03_7145-page-3-3 already preprocessed
[2025-01-28T22:59:39.003+0000] {logging_mixin.py:190} INFO - File 3106200_2024-12-03_7145-page-4-4 already preprocessed
[2025-01-28T22:59:39.004+0000] {logging_mixin.py:190} INFO - File 3106200_2024-12-03_7145-page-5-5 already preprocessed
[2025-01-28T22:59:39.004+0000] {logging_mixin.py:190} INFO - File 3106200_2024-12-03_7145-page-6-6 already preprocessed
[2025-01-28T22:59:39.004+0000] {logging_mixin.py:190} INFO - File 3106200_2024-12-03_7145-page-7-7 already preprocessed
[2025-01-28T22:59:39.005+0000] {logging_mixin.py:190} INFO - File 3106200_2024-12-03_7145-page-8-8 already preprocessed
[2025-01-28T22:59:39.005+0000] {logging_mixin.py:190} INFO - File 3106200_2024-12-03_7145-page-9-9 already preprocessed
[2025-01-28T22:59:39.006+0000] {logging_mixin.py:190} INFO - File 3106200_2024-12-03_7145-page-10-10 already preprocessed
[2025-01-28T22:59:39.006+0000] {logging_mixin.py:190} INFO - File 3106200_2024-12-03_7145-page-11-11 already preprocessed
[2025-01-28T22:59:39.007+0000] {logging_mixin.py:190} INFO - File 3106200_2024-12-03_7145-page-12-12 already preprocessed
[2025-01-28T22:59:39.007+0000] {logging_mixin.py:190} INFO - File 3106200_2024-12-03_7145-page-13-13 already preprocessed
[2025-01-28T22:59:39.008+0000] {logging_mixin.py:190} INFO - File 3106200_2024-12-03_7145-page-14-14 already preprocessed
[2025-01-28T22:59:39.008+0000] {logging_mixin.py:190} INFO - File 3106200_2024-12-03_7145-page-15-15 already preprocessed
[2025-01-28T22:59:39.009+0000] {logging_mixin.py:190} INFO - File 3106200_2024-12-03_7145-page-16-16 already preprocessed
[2025-01-28T22:59:39.009+0000] {logging_mixin.py:190} INFO - File 3106200_2024-12-03_7145-page-17-17 already preprocessed
[2025-01-28T22:59:39.009+0000] {logging_mixin.py:190} INFO - File 3106200_2024-12-03_7145-page-18-18 already preprocessed
[2025-01-28T22:59:39.010+0000] {logging_mixin.py:190} INFO - File 3106200_2024-12-03_7145-page-19-19 already preprocessed
[2025-01-28T22:59:39.010+0000] {logging_mixin.py:190} INFO - File 3106200_2024-12-03_7145-page-20-20 already preprocessed
[2025-01-28T22:59:39.011+0000] {logging_mixin.py:190} INFO - File 3106200_2024-12-03_7145-page-21-21 already preprocessed
[2025-01-28T22:59:39.011+0000] {logging_mixin.py:190} INFO - File 3106200_2024-12-03_7145-page-22-22 already preprocessed
[2025-01-28T22:59:39.012+0000] {logging_mixin.py:190} INFO - File 3106200_2024-12-03_7145-page-23-23 already preprocessed
[2025-01-28T22:59:39.012+0000] {logging_mixin.py:190} INFO - File 3106200_2024-12-03_7145-page-24-24 already preprocessed
[2025-01-28T22:59:39.013+0000] {logging_mixin.py:190} INFO - File 3106200_2024-12-03_7145-page-25-25 already preprocessed
[2025-01-28T22:59:39.013+0000] {logging_mixin.py:190} INFO - File 3106200_2024-12-03_7145-page-26-26 already preprocessed
[2025-01-28T22:59:39.014+0000] {logging_mixin.py:190} INFO - File 3106200_2024-12-03_7145-page-27-27 already preprocessed
[2025-01-28T22:59:39.014+0000] {logging_mixin.py:190} INFO - File 3106200_2024-12-03_7145-page-28-28 already preprocessed
[2025-01-28T22:59:39.014+0000] {logging_mixin.py:190} INFO - File 3106200_2024-12-03_7145-page-29-29 already preprocessed
[2025-01-28T22:59:39.015+0000] {logging_mixin.py:190} INFO - File 3106200_2024-12-03_7145-page-30-30 already preprocessed
[2025-01-28T22:59:39.015+0000] {logging_mixin.py:190} INFO - File 3106200_2024-12-03_7145-page-31-31 already preprocessed
[2025-01-28T22:59:39.016+0000] {logging_mixin.py:190} INFO - File 3106200_2024-12-03_7145-page-32-32 already preprocessed
[2025-01-28T22:59:39.016+0000] {logging_mixin.py:190} INFO - File 3106200_2024-12-03_7145-page-33-33 already preprocessed
[2025-01-28T22:59:39.017+0000] {logging_mixin.py:190} INFO - File 3106200_2024-12-03_7145-page-34-34 already preprocessed
[2025-01-28T22:59:39.020+0000] {logging_mixin.py:190} INFO - Breaking down pdf 3106200_2024-12-04_7146.pdf into multiple PDF single pages
[2025-01-28T22:59:39.080+0000] {logging_mixin.py:190} INFO - File 3106200_2024-12-04_7146-page-0-0 already preprocessed
[2025-01-28T22:59:39.081+0000] {logging_mixin.py:190} INFO - File 3106200_2024-12-04_7146-page-1-1 already preprocessed
[2025-01-28T22:59:39.081+0000] {logging_mixin.py:190} INFO - File 3106200_2024-12-04_7146-page-2-2 already preprocessed
[2025-01-28T22:59:39.081+0000] {logging_mixin.py:190} INFO - File 3106200_2024-12-04_7146-page-3-3 already preprocessed
[2025-01-28T22:59:39.082+0000] {logging_mixin.py:190} INFO - File 3106200_2024-12-04_7146-page-4-4 already preprocessed
[2025-01-28T22:59:39.082+0000] {logging_mixin.py:190} INFO - File 3106200_2024-12-04_7146-page-5-5 already preprocessed
[2025-01-28T22:59:39.083+0000] {logging_mixin.py:190} INFO - File 3106200_2024-12-04_7146-page-6-6 already preprocessed
[2025-01-28T22:59:39.084+0000] {logging_mixin.py:190} INFO - File 3106200_2024-12-04_7146-page-7-7 already preprocessed
[2025-01-28T22:59:39.084+0000] {logging_mixin.py:190} INFO - File 3106200_2024-12-04_7146-page-8-8 already preprocessed
[2025-01-28T22:59:39.085+0000] {logging_mixin.py:190} INFO - File 3106200_2024-12-04_7146-page-9-9 already preprocessed
[2025-01-28T22:59:39.085+0000] {logging_mixin.py:190} INFO - File 3106200_2024-12-04_7146-page-10-10 already preprocessed
[2025-01-28T22:59:39.085+0000] {logging_mixin.py:190} INFO - File 3106200_2024-12-04_7146-page-11-11 already preprocessed
[2025-01-28T22:59:39.086+0000] {logging_mixin.py:190} INFO - File 3106200_2024-12-04_7146-page-12-12 already preprocessed
[2025-01-28T22:59:39.086+0000] {logging_mixin.py:190} INFO - File 3106200_2024-12-04_7146-page-13-13 already preprocessed
[2025-01-28T22:59:39.087+0000] {logging_mixin.py:190} INFO - File 3106200_2024-12-04_7146-page-14-14 already preprocessed
[2025-01-28T22:59:39.087+0000] {logging_mixin.py:190} INFO - File 3106200_2024-12-04_7146-page-15-15 already preprocessed
[2025-01-28T22:59:39.088+0000] {logging_mixin.py:190} INFO - File 3106200_2024-12-04_7146-page-16-16 already preprocessed
[2025-01-28T22:59:39.088+0000] {logging_mixin.py:190} INFO - File 3106200_2024-12-04_7146-page-17-17 already preprocessed
[2025-01-28T22:59:39.089+0000] {logging_mixin.py:190} INFO - File 3106200_2024-12-04_7146-page-18-18 already preprocessed
[2025-01-28T22:59:39.089+0000] {logging_mixin.py:190} INFO - File 3106200_2024-12-04_7146-page-19-19 already preprocessed
[2025-01-28T22:59:39.090+0000] {logging_mixin.py:190} INFO - File 3106200_2024-12-04_7146-page-20-20 already preprocessed
[2025-01-28T22:59:39.090+0000] {logging_mixin.py:190} INFO - File 3106200_2024-12-04_7146-page-21-21 already preprocessed
[2025-01-28T22:59:39.090+0000] {logging_mixin.py:190} INFO - File 3106200_2024-12-04_7146-page-22-22 already preprocessed
[2025-01-28T22:59:39.091+0000] {logging_mixin.py:190} INFO - File 3106200_2024-12-04_7146-page-23-23 already preprocessed
[2025-01-28T22:59:39.091+0000] {logging_mixin.py:190} INFO - File 3106200_2024-12-04_7146-page-24-24 already preprocessed
[2025-01-28T22:59:39.092+0000] {logging_mixin.py:190} INFO - File 3106200_2024-12-04_7146-page-25-25 already preprocessed
[2025-01-28T22:59:39.092+0000] {logging_mixin.py:190} INFO - File 3106200_2024-12-04_7146-page-26-26 already preprocessed
[2025-01-28T22:59:39.092+0000] {logging_mixin.py:190} INFO - File 3106200_2024-12-04_7146-page-27-27 already preprocessed
[2025-01-28T22:59:39.093+0000] {logging_mixin.py:190} INFO - File 3106200_2024-12-04_7146-page-28-28 already preprocessed
[2025-01-28T22:59:39.093+0000] {logging_mixin.py:190} INFO - File 3106200_2024-12-04_7146-page-29-29 already preprocessed
[2025-01-28T22:59:39.094+0000] {logging_mixin.py:190} INFO - File 3106200_2024-12-04_7146-page-30-30 already preprocessed
[2025-01-28T22:59:39.094+0000] {logging_mixin.py:190} INFO - File 3106200_2024-12-04_7146-page-31-31 already preprocessed
[2025-01-28T22:59:39.094+0000] {logging_mixin.py:190} INFO - File 3106200_2024-12-04_7146-page-32-32 already preprocessed
[2025-01-28T22:59:39.095+0000] {logging_mixin.py:190} INFO - File 3106200_2024-12-04_7146-page-33-33 already preprocessed
[2025-01-28T22:59:39.095+0000] {logging_mixin.py:190} INFO - File 3106200_2024-12-04_7146-page-34-34 already preprocessed
[2025-01-28T22:59:39.096+0000] {logging_mixin.py:190} INFO - File 3106200_2024-12-04_7146-page-35-35 already preprocessed
[2025-01-28T22:59:39.096+0000] {logging_mixin.py:190} INFO - File 3106200_2024-12-04_7146-page-36-36 already preprocessed
[2025-01-28T22:59:39.096+0000] {logging_mixin.py:190} INFO - File 3106200_2024-12-04_7146-page-37-37 already preprocessed
[2025-01-28T22:59:39.097+0000] {logging_mixin.py:190} INFO - File 3106200_2024-12-04_7146-page-38-38 already preprocessed
[2025-01-28T22:59:39.097+0000] {logging_mixin.py:190} INFO - File 3106200_2024-12-04_7146-page-39-39 already preprocessed
[2025-01-28T22:59:39.100+0000] {logging_mixin.py:190} INFO - Breaking down pdf 3106200_2024-12-05_7147.pdf into multiple PDF single pages
[2025-01-28T22:59:39.170+0000] {logging_mixin.py:190} INFO - File 3106200_2024-12-05_7147-page-0-0 already preprocessed
[2025-01-28T22:59:39.171+0000] {logging_mixin.py:190} INFO - File 3106200_2024-12-05_7147-page-1-1 already preprocessed
[2025-01-28T22:59:39.171+0000] {logging_mixin.py:190} INFO - File 3106200_2024-12-05_7147-page-2-2 already preprocessed
[2025-01-28T22:59:39.172+0000] {logging_mixin.py:190} INFO - File 3106200_2024-12-05_7147-page-3-3 already preprocessed
[2025-01-28T22:59:39.172+0000] {logging_mixin.py:190} INFO - File 3106200_2024-12-05_7147-page-4-4 already preprocessed
[2025-01-28T22:59:39.173+0000] {logging_mixin.py:190} INFO - File 3106200_2024-12-05_7147-page-5-5 already preprocessed
[2025-01-28T22:59:39.173+0000] {logging_mixin.py:190} INFO - File 3106200_2024-12-05_7147-page-6-6 already preprocessed
[2025-01-28T22:59:39.174+0000] {logging_mixin.py:190} INFO - File 3106200_2024-12-05_7147-page-7-7 already preprocessed
[2025-01-28T22:59:39.175+0000] {logging_mixin.py:190} INFO - File 3106200_2024-12-05_7147-page-8-8 already preprocessed
[2025-01-28T22:59:39.175+0000] {logging_mixin.py:190} INFO - File 3106200_2024-12-05_7147-page-9-9 already preprocessed
[2025-01-28T22:59:39.176+0000] {logging_mixin.py:190} INFO - File 3106200_2024-12-05_7147-page-10-10 already preprocessed
[2025-01-28T22:59:39.176+0000] {logging_mixin.py:190} INFO - File 3106200_2024-12-05_7147-page-11-11 already preprocessed
[2025-01-28T22:59:39.176+0000] {logging_mixin.py:190} INFO - File 3106200_2024-12-05_7147-page-12-12 already preprocessed
[2025-01-28T22:59:39.177+0000] {logging_mixin.py:190} INFO - File 3106200_2024-12-05_7147-page-13-13 already preprocessed
[2025-01-28T22:59:39.177+0000] {logging_mixin.py:190} INFO - File 3106200_2024-12-05_7147-page-14-14 already preprocessed
[2025-01-28T22:59:39.178+0000] {logging_mixin.py:190} INFO - File 3106200_2024-12-05_7147-page-15-15 already preprocessed
[2025-01-28T22:59:39.178+0000] {logging_mixin.py:190} INFO - File 3106200_2024-12-05_7147-page-16-16 already preprocessed
[2025-01-28T22:59:39.179+0000] {logging_mixin.py:190} INFO - File 3106200_2024-12-05_7147-page-17-17 already preprocessed
[2025-01-28T22:59:39.179+0000] {logging_mixin.py:190} INFO - File 3106200_2024-12-05_7147-page-18-18 already preprocessed
[2025-01-28T22:59:39.180+0000] {logging_mixin.py:190} INFO - File 3106200_2024-12-05_7147-page-19-19 already preprocessed
[2025-01-28T22:59:39.181+0000] {logging_mixin.py:190} INFO - File 3106200_2024-12-05_7147-page-20-20 already preprocessed
[2025-01-28T22:59:39.181+0000] {logging_mixin.py:190} INFO - File 3106200_2024-12-05_7147-page-21-21 already preprocessed
[2025-01-28T22:59:39.182+0000] {logging_mixin.py:190} INFO - File 3106200_2024-12-05_7147-page-22-22 already preprocessed
[2025-01-28T22:59:39.185+0000] {logging_mixin.py:190} INFO - Breaking down pdf 3106200_2024-12-06_7148.pdf into multiple PDF single pages
[2025-01-28T22:59:39.248+0000] {logging_mixin.py:190} INFO - File 3106200_2024-12-06_7148-page-0-0 already preprocessed
[2025-01-28T22:59:39.249+0000] {logging_mixin.py:190} INFO - File 3106200_2024-12-06_7148-page-1-1 already preprocessed
[2025-01-28T22:59:39.249+0000] {logging_mixin.py:190} INFO - File 3106200_2024-12-06_7148-page-2-2 already preprocessed
[2025-01-28T22:59:39.250+0000] {logging_mixin.py:190} INFO - File 3106200_2024-12-06_7148-page-3-3 already preprocessed
[2025-01-28T22:59:39.250+0000] {logging_mixin.py:190} INFO - File 3106200_2024-12-06_7148-page-4-4 already preprocessed
[2025-01-28T22:59:39.251+0000] {logging_mixin.py:190} INFO - File 3106200_2024-12-06_7148-page-5-5 already preprocessed
[2025-01-28T22:59:39.252+0000] {logging_mixin.py:190} INFO - File 3106200_2024-12-06_7148-page-6-6 already preprocessed
[2025-01-28T22:59:39.252+0000] {logging_mixin.py:190} INFO - File 3106200_2024-12-06_7148-page-7-7 already preprocessed
[2025-01-28T22:59:39.252+0000] {logging_mixin.py:190} INFO - File 3106200_2024-12-06_7148-page-8-8 already preprocessed
[2025-01-28T22:59:39.253+0000] {logging_mixin.py:190} INFO - File 3106200_2024-12-06_7148-page-9-9 already preprocessed
[2025-01-28T22:59:39.253+0000] {logging_mixin.py:190} INFO - File 3106200_2024-12-06_7148-page-10-10 already preprocessed
[2025-01-28T22:59:39.254+0000] {logging_mixin.py:190} INFO - File 3106200_2024-12-06_7148-page-11-11 already preprocessed
[2025-01-28T22:59:39.254+0000] {logging_mixin.py:190} INFO - File 3106200_2024-12-06_7148-page-12-12 already preprocessed
[2025-01-28T22:59:39.255+0000] {logging_mixin.py:190} INFO - File 3106200_2024-12-06_7148-page-13-13 already preprocessed
[2025-01-28T22:59:39.255+0000] {logging_mixin.py:190} INFO - File 3106200_2024-12-06_7148-page-14-14 already preprocessed
[2025-01-28T22:59:39.256+0000] {logging_mixin.py:190} INFO - File 3106200_2024-12-06_7148-page-15-15 already preprocessed
[2025-01-28T22:59:39.256+0000] {logging_mixin.py:190} INFO - File 3106200_2024-12-06_7148-page-16-16 already preprocessed
[2025-01-28T22:59:39.257+0000] {logging_mixin.py:190} INFO - File 3106200_2024-12-06_7148-page-17-17 already preprocessed
[2025-01-28T22:59:39.257+0000] {logging_mixin.py:190} INFO - File 3106200_2024-12-06_7148-page-18-18 already preprocessed
[2025-01-28T22:59:39.258+0000] {logging_mixin.py:190} INFO - File 3106200_2024-12-06_7148-page-19-19 already preprocessed
[2025-01-28T22:59:39.258+0000] {logging_mixin.py:190} INFO - File 3106200_2024-12-06_7148-page-20-20 already preprocessed
[2025-01-28T22:59:39.259+0000] {logging_mixin.py:190} INFO - File 3106200_2024-12-06_7148-page-21-21 already preprocessed
[2025-01-28T22:59:39.259+0000] {logging_mixin.py:190} INFO - File 3106200_2024-12-06_7148-page-22-22 already preprocessed
[2025-01-28T22:59:39.260+0000] {logging_mixin.py:190} INFO - File 3106200_2024-12-06_7148-page-23-23 already preprocessed
[2025-01-28T22:59:39.260+0000] {logging_mixin.py:190} INFO - File 3106200_2024-12-06_7148-page-24-24 already preprocessed
[2025-01-28T22:59:39.261+0000] {logging_mixin.py:190} INFO - File 3106200_2024-12-06_7148-page-25-25 already preprocessed
[2025-01-28T22:59:39.261+0000] {logging_mixin.py:190} INFO - File 3106200_2024-12-06_7148-page-26-26 already preprocessed
[2025-01-28T22:59:39.262+0000] {logging_mixin.py:190} INFO - File 3106200_2024-12-06_7148-page-27-27 already preprocessed
[2025-01-28T22:59:39.262+0000] {logging_mixin.py:190} INFO - File 3106200_2024-12-06_7148-page-28-28 already preprocessed
[2025-01-28T22:59:39.263+0000] {logging_mixin.py:190} INFO - File 3106200_2024-12-06_7148-page-29-29 already preprocessed
[2025-01-28T22:59:39.263+0000] {logging_mixin.py:190} INFO - File 3106200_2024-12-06_7148-page-30-30 already preprocessed
[2025-01-28T22:59:39.263+0000] {logging_mixin.py:190} INFO - File 3106200_2024-12-06_7148-page-31-31 already preprocessed
[2025-01-28T22:59:39.264+0000] {logging_mixin.py:190} INFO - File 3106200_2024-12-06_7148-page-32-32 already preprocessed
[2025-01-28T22:59:39.264+0000] {logging_mixin.py:190} INFO - File 3106200_2024-12-06_7148-page-33-33 already preprocessed
[2025-01-28T22:59:39.265+0000] {logging_mixin.py:190} INFO - File 3106200_2024-12-06_7148-page-34-34 already preprocessed
[2025-01-28T22:59:39.266+0000] {logging_mixin.py:190} INFO - File 3106200_2024-12-06_7148-page-35-35 already preprocessed
[2025-01-28T22:59:39.266+0000] {logging_mixin.py:190} INFO - File 3106200_2024-12-06_7148-page-36-36 already preprocessed
[2025-01-28T22:59:39.267+0000] {logging_mixin.py:190} INFO - File 3106200_2024-12-06_7148-page-37-37 already preprocessed
[2025-01-28T22:59:39.267+0000] {logging_mixin.py:190} INFO - File 3106200_2024-12-06_7148-page-38-38 already preprocessed
[2025-01-28T22:59:39.267+0000] {logging_mixin.py:190} INFO - File 3106200_2024-12-06_7148-page-39-39 already preprocessed
[2025-01-28T22:59:39.270+0000] {logging_mixin.py:190} INFO - Breaking down pdf 3106200_2024-12-07_7149.pdf into multiple PDF single pages
[2025-01-28T22:59:39.339+0000] {logging_mixin.py:190} INFO - File 3106200_2024-12-07_7149-page-0-0 already preprocessed
[2025-01-28T22:59:39.340+0000] {logging_mixin.py:190} INFO - File 3106200_2024-12-07_7149-page-1-1 already preprocessed
[2025-01-28T22:59:39.368+0000] {logging_mixin.py:190} INFO - File 3106200_2024-12-07_7149-page-3-3 already preprocessed
[2025-01-28T22:59:39.369+0000] {logging_mixin.py:190} INFO - File 3106200_2024-12-07_7149-page-4-4 already preprocessed
[2025-01-28T22:59:39.370+0000] {logging_mixin.py:190} INFO - File 3106200_2024-12-07_7149-page-5-5 already preprocessed
[2025-01-28T22:59:39.370+0000] {logging_mixin.py:190} INFO - File 3106200_2024-12-07_7149-page-6-6 already preprocessed
[2025-01-28T22:59:39.370+0000] {logging_mixin.py:190} INFO - File 3106200_2024-12-07_7149-page-7-7 already preprocessed
[2025-01-28T22:59:39.371+0000] {logging_mixin.py:190} INFO - File 3106200_2024-12-07_7149-page-8-8 already preprocessed
[2025-01-28T22:59:39.371+0000] {logging_mixin.py:190} INFO - File 3106200_2024-12-07_7149-page-9-9 already preprocessed
[2025-01-28T22:59:39.372+0000] {logging_mixin.py:190} INFO - File 3106200_2024-12-07_7149-page-10-10 already preprocessed
[2025-01-28T22:59:39.372+0000] {logging_mixin.py:190} INFO - File 3106200_2024-12-07_7149-page-11-11 already preprocessed
[2025-01-28T22:59:39.372+0000] {logging_mixin.py:190} INFO - File 3106200_2024-12-07_7149-page-12-12 already preprocessed
[2025-01-28T22:59:39.373+0000] {logging_mixin.py:190} INFO - File 3106200_2024-12-07_7149-page-13-13 already preprocessed
[2025-01-28T22:59:39.373+0000] {logging_mixin.py:190} INFO - File 3106200_2024-12-07_7149-page-14-14 already preprocessed
[2025-01-28T22:59:39.373+0000] {logging_mixin.py:190} INFO - File 3106200_2024-12-07_7149-page-15-15 already preprocessed
[2025-01-28T22:59:39.374+0000] {logging_mixin.py:190} INFO - File 3106200_2024-12-07_7149-page-16-16 already preprocessed
[2025-01-28T22:59:39.374+0000] {logging_mixin.py:190} INFO - File 3106200_2024-12-07_7149-page-17-17 already preprocessed
[2025-01-28T22:59:39.375+0000] {logging_mixin.py:190} INFO - File 3106200_2024-12-07_7149-page-18-18 already preprocessed
[2025-01-28T22:59:39.375+0000] {logging_mixin.py:190} INFO - File 3106200_2024-12-07_7149-page-19-19 already preprocessed
[2025-01-28T22:59:39.375+0000] {logging_mixin.py:190} INFO - File 3106200_2024-12-07_7149-page-20-20 already preprocessed
[2025-01-28T22:59:39.376+0000] {logging_mixin.py:190} INFO - File 3106200_2024-12-07_7149-page-21-21 already preprocessed
[2025-01-28T22:59:39.376+0000] {logging_mixin.py:190} INFO - File 3106200_2024-12-07_7149-page-22-22 already preprocessed
[2025-01-28T22:59:39.377+0000] {logging_mixin.py:190} INFO - File 3106200_2024-12-07_7149-page-23-23 already preprocessed
[2025-01-28T22:59:39.377+0000] {logging_mixin.py:190} INFO - File 3106200_2024-12-07_7149-page-24-24 already preprocessed
[2025-01-28T22:59:39.377+0000] {logging_mixin.py:190} INFO - File 3106200_2024-12-07_7149-page-25-25 already preprocessed
[2025-01-28T22:59:39.378+0000] {logging_mixin.py:190} INFO - File 3106200_2024-12-07_7149-page-26-26 already preprocessed
[2025-01-28T22:59:39.378+0000] {logging_mixin.py:190} INFO - File 3106200_2024-12-07_7149-page-27-27 already preprocessed
[2025-01-28T22:59:39.379+0000] {logging_mixin.py:190} INFO - File 3106200_2024-12-07_7149-page-28-28 already preprocessed
[2025-01-28T22:59:39.379+0000] {logging_mixin.py:190} INFO - File 3106200_2024-12-07_7149-page-29-29 already preprocessed
[2025-01-28T22:59:39.380+0000] {logging_mixin.py:190} INFO - File 3106200_2024-12-07_7149-page-30-30 already preprocessed
[2025-01-28T22:59:39.380+0000] {logging_mixin.py:190} INFO - File 3106200_2024-12-07_7149-page-31-31 already preprocessed
[2025-01-28T22:59:39.381+0000] {logging_mixin.py:190} INFO - File 3106200_2024-12-07_7149-page-32-32 already preprocessed
[2025-01-28T22:59:39.381+0000] {logging_mixin.py:190} INFO - File 3106200_2024-12-07_7149-page-33-33 already preprocessed
[2025-01-28T22:59:39.382+0000] {logging_mixin.py:190} INFO - File 3106200_2024-12-07_7149-page-34-34 already preprocessed
[2025-01-28T22:59:39.382+0000] {logging_mixin.py:190} INFO - File 3106200_2024-12-07_7149-page-35-35 already preprocessed
[2025-01-28T22:59:39.383+0000] {logging_mixin.py:190} INFO - File 3106200_2024-12-07_7149-page-36-36 already preprocessed
[2025-01-28T22:59:39.383+0000] {logging_mixin.py:190} INFO - File 3106200_2024-12-07_7149-page-37-37 already preprocessed
[2025-01-28T22:59:39.384+0000] {logging_mixin.py:190} INFO - File 3106200_2024-12-07_7149-page-38-38 already preprocessed
[2025-01-28T22:59:39.384+0000] {logging_mixin.py:190} INFO - File 3106200_2024-12-07_7149-page-39-39 already preprocessed
[2025-01-28T22:59:39.384+0000] {logging_mixin.py:190} INFO - File 3106200_2024-12-07_7149-page-40-40 already preprocessed
[2025-01-28T22:59:39.385+0000] {logging_mixin.py:190} INFO - File 3106200_2024-12-07_7149-page-41-41 already preprocessed
[2025-01-28T22:59:39.385+0000] {logging_mixin.py:190} INFO - File 3106200_2024-12-07_7149-page-42-42 already preprocessed
[2025-01-28T22:59:39.386+0000] {logging_mixin.py:190} INFO - File 3106200_2024-12-07_7149-page-43-43 already preprocessed
[2025-01-28T22:59:39.386+0000] {logging_mixin.py:190} INFO - File 3106200_2024-12-07_7149-page-44-44 already preprocessed
[2025-01-28T22:59:39.387+0000] {logging_mixin.py:190} INFO - File 3106200_2024-12-07_7149-page-45-45 already preprocessed
[2025-01-28T22:59:39.390+0000] {logging_mixin.py:190} INFO - Breaking down pdf 3106200_2024-12-10_7150.pdf into multiple PDF single pages
[2025-01-28T22:59:39.446+0000] {logging_mixin.py:190} INFO - File 3106200_2024-12-10_7150-page-0-0 already preprocessed
[2025-01-28T22:59:39.446+0000] {logging_mixin.py:190} INFO - File 3106200_2024-12-10_7150-page-1-1 already preprocessed
[2025-01-28T22:59:39.447+0000] {logging_mixin.py:190} INFO - File 3106200_2024-12-10_7150-page-2-2 already preprocessed
[2025-01-28T22:59:39.447+0000] {logging_mixin.py:190} INFO - File 3106200_2024-12-10_7150-page-3-3 already preprocessed
[2025-01-28T22:59:39.447+0000] {logging_mixin.py:190} INFO - File 3106200_2024-12-10_7150-page-4-4 already preprocessed
[2025-01-28T22:59:39.448+0000] {logging_mixin.py:190} INFO - File 3106200_2024-12-10_7150-page-5-5 already preprocessed
[2025-01-28T22:59:39.448+0000] {logging_mixin.py:190} INFO - File 3106200_2024-12-10_7150-page-6-6 already preprocessed
[2025-01-28T22:59:39.449+0000] {logging_mixin.py:190} INFO - File 3106200_2024-12-10_7150-page-7-7 already preprocessed
[2025-01-28T22:59:39.449+0000] {logging_mixin.py:190} INFO - File 3106200_2024-12-10_7150-page-8-8 already preprocessed
[2025-01-28T22:59:39.450+0000] {logging_mixin.py:190} INFO - File 3106200_2024-12-10_7150-page-9-9 already preprocessed
[2025-01-28T22:59:39.450+0000] {logging_mixin.py:190} INFO - File 3106200_2024-12-10_7150-page-10-10 already preprocessed
[2025-01-28T22:59:39.450+0000] {logging_mixin.py:190} INFO - File 3106200_2024-12-10_7150-page-11-11 already preprocessed
[2025-01-28T22:59:39.451+0000] {logging_mixin.py:190} INFO - File 3106200_2024-12-10_7150-page-12-12 already preprocessed
[2025-01-28T22:59:39.451+0000] {logging_mixin.py:190} INFO - File 3106200_2024-12-10_7150-page-13-13 already preprocessed
[2025-01-28T22:59:39.452+0000] {logging_mixin.py:190} INFO - File 3106200_2024-12-10_7150-page-14-14 already preprocessed
[2025-01-28T22:59:39.452+0000] {logging_mixin.py:190} INFO - File 3106200_2024-12-10_7150-page-15-15 already preprocessed
[2025-01-28T22:59:39.453+0000] {logging_mixin.py:190} INFO - File 3106200_2024-12-10_7150-page-16-16 already preprocessed
[2025-01-28T22:59:39.453+0000] {logging_mixin.py:190} INFO - File 3106200_2024-12-10_7150-page-17-17 already preprocessed
[2025-01-28T22:59:39.454+0000] {logging_mixin.py:190} INFO - File 3106200_2024-12-10_7150-page-18-18 already preprocessed
[2025-01-28T22:59:39.454+0000] {logging_mixin.py:190} INFO - File 3106200_2024-12-10_7150-page-19-19 already preprocessed
[2025-01-28T22:59:39.454+0000] {logging_mixin.py:190} INFO - File 3106200_2024-12-10_7150-page-20-20 already preprocessed
[2025-01-28T22:59:39.455+0000] {logging_mixin.py:190} INFO - File 3106200_2024-12-10_7150-page-21-21 already preprocessed
[2025-01-28T22:59:39.457+0000] {logging_mixin.py:190} INFO - Breaking down pdf 3106200_2024-12-11_7151.pdf into multiple PDF single pages
[2025-01-28T22:59:39.532+0000] {logging_mixin.py:190} INFO - File 3106200_2024-12-11_7151-page-0-0 already preprocessed
[2025-01-28T22:59:39.533+0000] {logging_mixin.py:190} INFO - File 3106200_2024-12-11_7151-page-1-1 already preprocessed
[2025-01-28T22:59:39.533+0000] {logging_mixin.py:190} INFO - File 3106200_2024-12-11_7151-page-2-2 already preprocessed
[2025-01-28T22:59:39.534+0000] {logging_mixin.py:190} INFO - File 3106200_2024-12-11_7151-page-3-3 already preprocessed
[2025-01-28T22:59:39.534+0000] {logging_mixin.py:190} INFO - File 3106200_2024-12-11_7151-page-4-4 already preprocessed
[2025-01-28T22:59:39.535+0000] {logging_mixin.py:190} INFO - File 3106200_2024-12-11_7151-page-5-5 already preprocessed
[2025-01-28T22:59:39.535+0000] {logging_mixin.py:190} INFO - File 3106200_2024-12-11_7151-page-6-6 already preprocessed
[2025-01-28T22:59:39.536+0000] {logging_mixin.py:190} INFO - File 3106200_2024-12-11_7151-page-7-7 already preprocessed
[2025-01-28T22:59:39.536+0000] {logging_mixin.py:190} INFO - File 3106200_2024-12-11_7151-page-8-8 already preprocessed
[2025-01-28T22:59:39.537+0000] {logging_mixin.py:190} INFO - File 3106200_2024-12-11_7151-page-9-9 already preprocessed
[2025-01-28T22:59:39.537+0000] {logging_mixin.py:190} INFO - File 3106200_2024-12-11_7151-page-10-10 already preprocessed
[2025-01-28T22:59:39.538+0000] {logging_mixin.py:190} INFO - File 3106200_2024-12-11_7151-page-11-11 already preprocessed
[2025-01-28T22:59:39.538+0000] {logging_mixin.py:190} INFO - File 3106200_2024-12-11_7151-page-12-12 already preprocessed
[2025-01-28T22:59:39.538+0000] {logging_mixin.py:190} INFO - File 3106200_2024-12-11_7151-page-13-13 already preprocessed
[2025-01-28T22:59:39.539+0000] {logging_mixin.py:190} INFO - File 3106200_2024-12-11_7151-page-14-14 already preprocessed
[2025-01-28T22:59:39.539+0000] {logging_mixin.py:190} INFO - File 3106200_2024-12-11_7151-page-15-15 already preprocessed
[2025-01-28T22:59:39.540+0000] {logging_mixin.py:190} INFO - File 3106200_2024-12-11_7151-page-16-16 already preprocessed
[2025-01-28T22:59:39.540+0000] {logging_mixin.py:190} INFO - File 3106200_2024-12-11_7151-page-17-17 already preprocessed
[2025-01-28T22:59:39.541+0000] {logging_mixin.py:190} INFO - File 3106200_2024-12-11_7151-page-18-18 already preprocessed
[2025-01-28T22:59:39.541+0000] {logging_mixin.py:190} INFO - File 3106200_2024-12-11_7151-page-19-19 already preprocessed
[2025-01-28T22:59:39.541+0000] {logging_mixin.py:190} INFO - File 3106200_2024-12-11_7151-page-20-20 already preprocessed
[2025-01-28T22:59:39.542+0000] {logging_mixin.py:190} INFO - File 3106200_2024-12-11_7151-page-21-21 already preprocessed
[2025-01-28T22:59:39.542+0000] {logging_mixin.py:190} INFO - File 3106200_2024-12-11_7151-page-22-22 already preprocessed
[2025-01-28T22:59:39.543+0000] {logging_mixin.py:190} INFO - File 3106200_2024-12-11_7151-page-23-23 already preprocessed
[2025-01-28T22:59:39.543+0000] {logging_mixin.py:190} INFO - File 3106200_2024-12-11_7151-page-24-24 already preprocessed
[2025-01-28T22:59:39.544+0000] {logging_mixin.py:190} INFO - File 3106200_2024-12-11_7151-page-25-25 already preprocessed
[2025-01-28T22:59:39.544+0000] {logging_mixin.py:190} INFO - File 3106200_2024-12-11_7151-page-26-26 already preprocessed
[2025-01-28T22:59:39.545+0000] {logging_mixin.py:190} INFO - File 3106200_2024-12-11_7151-page-27-27 already preprocessed
[2025-01-28T22:59:39.545+0000] {logging_mixin.py:190} INFO - File 3106200_2024-12-11_7151-page-28-28 already preprocessed
[2025-01-28T22:59:39.545+0000] {logging_mixin.py:190} INFO - File 3106200_2024-12-11_7151-page-29-29 already preprocessed
[2025-01-28T22:59:39.546+0000] {logging_mixin.py:190} INFO - File 3106200_2024-12-11_7151-page-30-30 already preprocessed
[2025-01-28T22:59:39.546+0000] {logging_mixin.py:190} INFO - File 3106200_2024-12-11_7151-page-31-31 already preprocessed
[2025-01-28T22:59:39.547+0000] {logging_mixin.py:190} INFO - File 3106200_2024-12-11_7151-page-32-32 already preprocessed
[2025-01-28T22:59:39.547+0000] {logging_mixin.py:190} INFO - File 3106200_2024-12-11_7151-page-33-33 already preprocessed
[2025-01-28T22:59:39.547+0000] {logging_mixin.py:190} INFO - File 3106200_2024-12-11_7151-page-34-34 already preprocessed
[2025-01-28T22:59:39.548+0000] {logging_mixin.py:190} INFO - File 3106200_2024-12-11_7151-page-35-35 already preprocessed
[2025-01-28T22:59:39.551+0000] {logging_mixin.py:190} INFO - Breaking down pdf 3106200_2024-12-12_7152.pdf into multiple PDF single pages
[2025-01-28T22:59:39.600+0000] {logging_mixin.py:190} INFO - File 3106200_2024-12-12_7152-page-0-0 already preprocessed
[2025-01-28T22:59:39.601+0000] {logging_mixin.py:190} INFO - File 3106200_2024-12-12_7152-page-1-1 already preprocessed
[2025-01-28T22:59:39.601+0000] {logging_mixin.py:190} INFO - File 3106200_2024-12-12_7152-page-2-2 already preprocessed
[2025-01-28T22:59:39.618+0000] {logging_mixin.py:190} INFO - File 3106200_2024-12-12_7152-page-4-4 already preprocessed
[2025-01-28T22:59:39.619+0000] {logging_mixin.py:190} INFO - File 3106200_2024-12-12_7152-page-5-5 already preprocessed
[2025-01-28T22:59:39.619+0000] {logging_mixin.py:190} INFO - File 3106200_2024-12-12_7152-page-6-6 already preprocessed
[2025-01-28T22:59:39.619+0000] {logging_mixin.py:190} INFO - File 3106200_2024-12-12_7152-page-7-7 already preprocessed
[2025-01-28T22:59:39.620+0000] {logging_mixin.py:190} INFO - File 3106200_2024-12-12_7152-page-8-8 already preprocessed
[2025-01-28T22:59:39.620+0000] {logging_mixin.py:190} INFO - File 3106200_2024-12-12_7152-page-9-9 already preprocessed
[2025-01-28T22:59:39.621+0000] {logging_mixin.py:190} INFO - File 3106200_2024-12-12_7152-page-10-10 already preprocessed
[2025-01-28T22:59:39.621+0000] {logging_mixin.py:190} INFO - File 3106200_2024-12-12_7152-page-11-11 already preprocessed
[2025-01-28T22:59:39.622+0000] {logging_mixin.py:190} INFO - File 3106200_2024-12-12_7152-page-12-12 already preprocessed
[2025-01-28T22:59:39.622+0000] {logging_mixin.py:190} INFO - File 3106200_2024-12-12_7152-page-13-13 already preprocessed
[2025-01-28T22:59:39.622+0000] {logging_mixin.py:190} INFO - File 3106200_2024-12-12_7152-page-14-14 already preprocessed
[2025-01-28T22:59:39.623+0000] {logging_mixin.py:190} INFO - File 3106200_2024-12-12_7152-page-15-15 already preprocessed
[2025-01-28T22:59:39.623+0000] {logging_mixin.py:190} INFO - File 3106200_2024-12-12_7152-page-16-16 already preprocessed
[2025-01-28T22:59:39.624+0000] {logging_mixin.py:190} INFO - File 3106200_2024-12-12_7152-page-17-17 already preprocessed
[2025-01-28T22:59:39.624+0000] {logging_mixin.py:190} INFO - File 3106200_2024-12-12_7152-page-18-18 already preprocessed
[2025-01-28T22:59:39.625+0000] {logging_mixin.py:190} INFO - File 3106200_2024-12-12_7152-page-19-19 already preprocessed
[2025-01-28T22:59:39.625+0000] {logging_mixin.py:190} INFO - File 3106200_2024-12-12_7152-page-20-20 already preprocessed
[2025-01-28T22:59:39.626+0000] {logging_mixin.py:190} INFO - File 3106200_2024-12-12_7152-page-21-21 already preprocessed
[2025-01-28T22:59:39.626+0000] {logging_mixin.py:190} INFO - File 3106200_2024-12-12_7152-page-22-22 already preprocessed
[2025-01-28T22:59:39.627+0000] {logging_mixin.py:190} INFO - File 3106200_2024-12-12_7152-page-23-23 already preprocessed
[2025-01-28T22:59:39.627+0000] {logging_mixin.py:190} INFO - File 3106200_2024-12-12_7152-page-24-24 already preprocessed
[2025-01-28T22:59:39.631+0000] {logging_mixin.py:190} INFO - Breaking down pdf 3106200_2024-12-13_7153.pdf into multiple PDF single pages
[2025-01-28T22:59:39.737+0000] {logging_mixin.py:190} INFO - File 3106200_2024-12-13_7153-page-0-0 already preprocessed
[2025-01-28T22:59:39.738+0000] {logging_mixin.py:190} INFO - File 3106200_2024-12-13_7153-page-1-1 already preprocessed
[2025-01-28T22:59:39.739+0000] {logging_mixin.py:190} INFO - File 3106200_2024-12-13_7153-page-2-2 already preprocessed
[2025-01-28T22:59:39.739+0000] {logging_mixin.py:190} INFO - File 3106200_2024-12-13_7153-page-3-3 already preprocessed
[2025-01-28T22:59:39.740+0000] {logging_mixin.py:190} INFO - File 3106200_2024-12-13_7153-page-4-4 already preprocessed
[2025-01-28T22:59:39.740+0000] {logging_mixin.py:190} INFO - File 3106200_2024-12-13_7153-page-5-5 already preprocessed
[2025-01-28T22:59:39.741+0000] {logging_mixin.py:190} INFO - File 3106200_2024-12-13_7153-page-6-6 already preprocessed
[2025-01-28T22:59:39.741+0000] {logging_mixin.py:190} INFO - File 3106200_2024-12-13_7153-page-7-7 already preprocessed
[2025-01-28T22:59:39.741+0000] {logging_mixin.py:190} INFO - File 3106200_2024-12-13_7153-page-8-8 already preprocessed
[2025-01-28T22:59:39.742+0000] {logging_mixin.py:190} INFO - File 3106200_2024-12-13_7153-page-9-9 already preprocessed
[2025-01-28T22:59:39.742+0000] {logging_mixin.py:190} INFO - File 3106200_2024-12-13_7153-page-10-10 already preprocessed
[2025-01-28T22:59:39.743+0000] {logging_mixin.py:190} INFO - File 3106200_2024-12-13_7153-page-11-11 already preprocessed
[2025-01-28T22:59:39.743+0000] {logging_mixin.py:190} INFO - File 3106200_2024-12-13_7153-page-12-12 already preprocessed
[2025-01-28T22:59:39.744+0000] {logging_mixin.py:190} INFO - File 3106200_2024-12-13_7153-page-13-13 already preprocessed
[2025-01-28T22:59:39.744+0000] {logging_mixin.py:190} INFO - File 3106200_2024-12-13_7153-page-14-14 already preprocessed
[2025-01-28T22:59:39.745+0000] {logging_mixin.py:190} INFO - File 3106200_2024-12-13_7153-page-15-15 already preprocessed
[2025-01-28T22:59:39.745+0000] {logging_mixin.py:190} INFO - File 3106200_2024-12-13_7153-page-16-16 already preprocessed
[2025-01-28T22:59:39.746+0000] {logging_mixin.py:190} INFO - File 3106200_2024-12-13_7153-page-17-17 already preprocessed
[2025-01-28T22:59:39.746+0000] {logging_mixin.py:190} INFO - File 3106200_2024-12-13_7153-page-18-18 already preprocessed
[2025-01-28T22:59:39.746+0000] {logging_mixin.py:190} INFO - File 3106200_2024-12-13_7153-page-19-19 already preprocessed
[2025-01-28T22:59:39.747+0000] {logging_mixin.py:190} INFO - File 3106200_2024-12-13_7153-page-20-20 already preprocessed
[2025-01-28T22:59:39.747+0000] {logging_mixin.py:190} INFO - File 3106200_2024-12-13_7153-page-21-21 already preprocessed
[2025-01-28T22:59:39.748+0000] {logging_mixin.py:190} INFO - File 3106200_2024-12-13_7153-page-22-22 already preprocessed
[2025-01-28T22:59:39.748+0000] {logging_mixin.py:190} INFO - File 3106200_2024-12-13_7153-page-23-23 already preprocessed
[2025-01-28T22:59:39.748+0000] {logging_mixin.py:190} INFO - File 3106200_2024-12-13_7153-page-24-24 already preprocessed
[2025-01-28T22:59:39.749+0000] {logging_mixin.py:190} INFO - File 3106200_2024-12-13_7153-page-25-25 already preprocessed
[2025-01-28T22:59:39.749+0000] {logging_mixin.py:190} INFO - File 3106200_2024-12-13_7153-page-26-26 already preprocessed
[2025-01-28T22:59:39.750+0000] {logging_mixin.py:190} INFO - File 3106200_2024-12-13_7153-page-27-27 already preprocessed
[2025-01-28T22:59:39.750+0000] {logging_mixin.py:190} INFO - File 3106200_2024-12-13_7153-page-28-28 already preprocessed
[2025-01-28T22:59:39.751+0000] {logging_mixin.py:190} INFO - File 3106200_2024-12-13_7153-page-29-29 already preprocessed
[2025-01-28T22:59:39.751+0000] {logging_mixin.py:190} INFO - File 3106200_2024-12-13_7153-page-30-30 already preprocessed
[2025-01-28T22:59:39.752+0000] {logging_mixin.py:190} INFO - File 3106200_2024-12-13_7153-page-31-31 already preprocessed
[2025-01-28T22:59:39.752+0000] {logging_mixin.py:190} INFO - File 3106200_2024-12-13_7153-page-32-32 already preprocessed
[2025-01-28T22:59:39.753+0000] {logging_mixin.py:190} INFO - File 3106200_2024-12-13_7153-page-33-33 already preprocessed
[2025-01-28T22:59:39.755+0000] {logging_mixin.py:190} INFO - Breaking down pdf 3106200_2024-12-14_7154.pdf into multiple PDF single pages
[2025-01-28T22:59:39.820+0000] {logging_mixin.py:190} INFO - File 3106200_2024-12-14_7154-page-0-0 already preprocessed
[2025-01-28T22:59:39.821+0000] {logging_mixin.py:190} INFO - File 3106200_2024-12-14_7154-page-1-1 already preprocessed
[2025-01-28T22:59:39.822+0000] {logging_mixin.py:190} INFO - File 3106200_2024-12-14_7154-page-2-2 already preprocessed
[2025-01-28T22:59:39.822+0000] {logging_mixin.py:190} INFO - File 3106200_2024-12-14_7154-page-3-3 already preprocessed
[2025-01-28T22:59:39.822+0000] {logging_mixin.py:190} INFO - File 3106200_2024-12-14_7154-page-4-4 already preprocessed
[2025-01-28T22:59:39.823+0000] {logging_mixin.py:190} INFO - File 3106200_2024-12-14_7154-page-5-5 already preprocessed
[2025-01-28T22:59:39.823+0000] {logging_mixin.py:190} INFO - File 3106200_2024-12-14_7154-page-6-6 already preprocessed
[2025-01-28T22:59:39.824+0000] {logging_mixin.py:190} INFO - File 3106200_2024-12-14_7154-page-7-7 already preprocessed
[2025-01-28T22:59:39.824+0000] {logging_mixin.py:190} INFO - File 3106200_2024-12-14_7154-page-8-8 already preprocessed
[2025-01-28T22:59:39.825+0000] {logging_mixin.py:190} INFO - File 3106200_2024-12-14_7154-page-9-9 already preprocessed
[2025-01-28T22:59:39.825+0000] {logging_mixin.py:190} INFO - File 3106200_2024-12-14_7154-page-10-10 already preprocessed
[2025-01-28T22:59:39.825+0000] {logging_mixin.py:190} INFO - File 3106200_2024-12-14_7154-page-11-11 already preprocessed
[2025-01-28T22:59:39.826+0000] {logging_mixin.py:190} INFO - File 3106200_2024-12-14_7154-page-12-12 already preprocessed
[2025-01-28T22:59:39.826+0000] {logging_mixin.py:190} INFO - File 3106200_2024-12-14_7154-page-13-13 already preprocessed
[2025-01-28T22:59:39.827+0000] {logging_mixin.py:190} INFO - File 3106200_2024-12-14_7154-page-14-14 already preprocessed
[2025-01-28T22:59:39.827+0000] {logging_mixin.py:190} INFO - File 3106200_2024-12-14_7154-page-15-15 already preprocessed
[2025-01-28T22:59:39.828+0000] {logging_mixin.py:190} INFO - File 3106200_2024-12-14_7154-page-16-16 already preprocessed
[2025-01-28T22:59:39.828+0000] {logging_mixin.py:190} INFO - File 3106200_2024-12-14_7154-page-17-17 already preprocessed
[2025-01-28T22:59:39.828+0000] {logging_mixin.py:190} INFO - File 3106200_2024-12-14_7154-page-18-18 already preprocessed
[2025-01-28T22:59:39.829+0000] {logging_mixin.py:190} INFO - File 3106200_2024-12-14_7154-page-19-19 already preprocessed
[2025-01-28T22:59:39.829+0000] {logging_mixin.py:190} INFO - File 3106200_2024-12-14_7154-page-20-20 already preprocessed
[2025-01-28T22:59:39.830+0000] {logging_mixin.py:190} INFO - File 3106200_2024-12-14_7154-page-21-21 already preprocessed
[2025-01-28T22:59:39.830+0000] {logging_mixin.py:190} INFO - File 3106200_2024-12-14_7154-page-22-22 already preprocessed
[2025-01-28T22:59:39.831+0000] {logging_mixin.py:190} INFO - File 3106200_2024-12-14_7154-page-23-23 already preprocessed
[2025-01-28T22:59:39.831+0000] {logging_mixin.py:190} INFO - File 3106200_2024-12-14_7154-page-24-24 already preprocessed
[2025-01-28T22:59:39.832+0000] {logging_mixin.py:190} INFO - File 3106200_2024-12-14_7154-page-25-25 already preprocessed
[2025-01-28T22:59:39.832+0000] {logging_mixin.py:190} INFO - File 3106200_2024-12-14_7154-page-26-26 already preprocessed
[2025-01-28T22:59:39.832+0000] {logging_mixin.py:190} INFO - File 3106200_2024-12-14_7154-page-27-27 already preprocessed
[2025-01-28T22:59:39.833+0000] {logging_mixin.py:190} INFO - File 3106200_2024-12-14_7154-page-28-28 already preprocessed
[2025-01-28T22:59:39.833+0000] {logging_mixin.py:190} INFO - File 3106200_2024-12-14_7154-page-29-29 already preprocessed
[2025-01-28T22:59:39.834+0000] {logging_mixin.py:190} INFO - File 3106200_2024-12-14_7154-page-30-30 already preprocessed
[2025-01-28T22:59:39.834+0000] {logging_mixin.py:190} INFO - File 3106200_2024-12-14_7154-page-31-31 already preprocessed
[2025-01-28T22:59:39.837+0000] {logging_mixin.py:190} INFO - Breaking down pdf 3106200_2024-12-17_7155.pdf into multiple PDF single pages
[2025-01-28T22:59:39.905+0000] {logging_mixin.py:190} INFO - File 3106200_2024-12-17_7155-page-0-0 already preprocessed
[2025-01-28T22:59:39.906+0000] {logging_mixin.py:190} INFO - File 3106200_2024-12-17_7155-page-1-1 already preprocessed
[2025-01-28T22:59:39.906+0000] {logging_mixin.py:190} INFO - File 3106200_2024-12-17_7155-page-2-2 already preprocessed
[2025-01-28T22:59:39.907+0000] {logging_mixin.py:190} INFO - File 3106200_2024-12-17_7155-page-3-3 already preprocessed
[2025-01-28T22:59:39.907+0000] {logging_mixin.py:190} INFO - File 3106200_2024-12-17_7155-page-4-4 already preprocessed
[2025-01-28T22:59:39.907+0000] {logging_mixin.py:190} INFO - File 3106200_2024-12-17_7155-page-5-5 already preprocessed
[2025-01-28T22:59:39.908+0000] {logging_mixin.py:190} INFO - File 3106200_2024-12-17_7155-page-6-6 already preprocessed
[2025-01-28T22:59:39.908+0000] {logging_mixin.py:190} INFO - File 3106200_2024-12-17_7155-page-7-7 already preprocessed
[2025-01-28T22:59:39.909+0000] {logging_mixin.py:190} INFO - File 3106200_2024-12-17_7155-page-8-8 already preprocessed
[2025-01-28T22:59:39.909+0000] {logging_mixin.py:190} INFO - File 3106200_2024-12-17_7155-page-9-9 already preprocessed
[2025-01-28T22:59:39.910+0000] {logging_mixin.py:190} INFO - File 3106200_2024-12-17_7155-page-10-10 already preprocessed
[2025-01-28T22:59:39.910+0000] {logging_mixin.py:190} INFO - File 3106200_2024-12-17_7155-page-11-11 already preprocessed
[2025-01-28T22:59:39.911+0000] {logging_mixin.py:190} INFO - File 3106200_2024-12-17_7155-page-12-12 already preprocessed
[2025-01-28T22:59:39.911+0000] {logging_mixin.py:190} INFO - File 3106200_2024-12-17_7155-page-13-13 already preprocessed
[2025-01-28T22:59:39.911+0000] {logging_mixin.py:190} INFO - File 3106200_2024-12-17_7155-page-14-14 already preprocessed
[2025-01-28T22:59:39.912+0000] {logging_mixin.py:190} INFO - File 3106200_2024-12-17_7155-page-15-15 already preprocessed
[2025-01-28T22:59:39.912+0000] {logging_mixin.py:190} INFO - File 3106200_2024-12-17_7155-page-16-16 already preprocessed
[2025-01-28T22:59:39.913+0000] {logging_mixin.py:190} INFO - File 3106200_2024-12-17_7155-page-17-17 already preprocessed
[2025-01-28T22:59:39.932+0000] {logging_mixin.py:190} INFO - File 3106200_2024-12-17_7155-page-20-20 already preprocessed
[2025-01-28T22:59:39.933+0000] {logging_mixin.py:190} INFO - File 3106200_2024-12-17_7155-page-21-21 already preprocessed
[2025-01-28T22:59:39.933+0000] {logging_mixin.py:190} INFO - File 3106200_2024-12-17_7155-page-22-22 already preprocessed
[2025-01-28T22:59:39.934+0000] {logging_mixin.py:190} INFO - File 3106200_2024-12-17_7155-page-23-23 already preprocessed
[2025-01-28T22:59:39.935+0000] {logging_mixin.py:190} INFO - File 3106200_2024-12-17_7155-page-24-24 already preprocessed
[2025-01-28T22:59:39.959+0000] {taskinstance.py:340} INFO - ::group::Post task execution logs
[2025-01-28T22:59:39.960+0000] {taskinstance.py:352} INFO - Marking task as SUCCESS. dag_id=pull_gazettes_data, task_id=preprocess_documents_task, run_id=scheduled__2025-01-27T00:00:00+00:00, execution_date=20250127T000000, start_date=20250128T225938, end_date=20250128T225939
[2025-01-28T22:59:39.992+0000] {local_task_job_runner.py:266} INFO - Task exited with return code 0
[2025-01-28T22:59:40.021+0000] {taskinstance.py:3900} INFO - 0 downstream tasks scheduled from follow-on schedule check
[2025-01-28T22:59:40.023+0000] {local_task_job_runner.py:245} INFO - ::endgroup::
