[2025-01-24T23:58:29.450+0000] {local_task_job_runner.py:123} INFO - ::group::Pre task execution logs
[2025-01-24T23:58:29.466+0000] {taskinstance.py:2612} INFO - Dependencies all met for dep_context=non-requeueable deps ti=<TaskInstance: pull_gazettes_data.preprocess_documents_task manual__2025-01-24T23:12:54.176269+00:00 [queued]>
[2025-01-24T23:58:29.473+0000] {taskinstance.py:2612} INFO - Dependencies all met for dep_context=requeueable deps ti=<TaskInstance: pull_gazettes_data.preprocess_documents_task manual__2025-01-24T23:12:54.176269+00:00 [queued]>
[2025-01-24T23:58:29.474+0000] {taskinstance.py:2865} INFO - Starting attempt 11 of 11
[2025-01-24T23:58:29.487+0000] {taskinstance.py:2888} INFO - Executing <Task(PreprocessDocuments): preprocess_documents_task> on 2025-01-24 23:12:54.176269+00:00
[2025-01-24T23:58:29.501+0000] {warnings.py:112} WARNING - /home/***/.local/lib/python3.12/site-packages/***/task/task_runner/standard_task_runner.py:70: DeprecationWarning: This process (pid=2332) is multi-threaded, use of fork() may lead to deadlocks in the child.
  pid = os.fork()

[2025-01-24T23:58:29.502+0000] {standard_task_runner.py:72} INFO - Started process 2363 to run task
[2025-01-24T23:58:29.502+0000] {standard_task_runner.py:104} INFO - Running: ['***', 'tasks', 'run', 'pull_gazettes_data', 'preprocess_documents_task', 'manual__2025-01-24T23:12:54.176269+00:00', '--job-id', '23', '--raw', '--subdir', 'DAGS_FOLDER/dag_script.py', '--cfg-path', '/tmp/tmpduqoch2m']
[2025-01-24T23:58:29.504+0000] {standard_task_runner.py:105} INFO - Job 23: Subtask preprocess_documents_task
[2025-01-24T23:58:29.561+0000] {task_command.py:467} INFO - Running <TaskInstance: pull_gazettes_data.preprocess_documents_task manual__2025-01-24T23:12:54.176269+00:00 [running]> on host 41bcec3d818b
[2025-01-24T23:58:29.638+0000] {taskinstance.py:3131} INFO - Exporting env vars: AIRFLOW_CTX_DAG_EMAIL='***@example.com' AIRFLOW_CTX_DAG_OWNER='***' AIRFLOW_CTX_DAG_ID='pull_gazettes_data' AIRFLOW_CTX_TASK_ID='preprocess_documents_task' AIRFLOW_CTX_EXECUTION_DATE='2025-01-24T23:12:54.176269+00:00' AIRFLOW_CTX_TRY_NUMBER='11' AIRFLOW_CTX_DAG_RUN_ID='manual__2025-01-24T23:12:54.176269+00:00'
[2025-01-24T23:58:29.640+0000] {taskinstance.py:731} INFO - ::endgroup::
[2025-01-24T23:58:29.660+0000] {logging_mixin.py:190} INFO - Checking pre processed documents log
[2025-01-24T23:58:29.672+0000] {logging_mixin.py:190} INFO - Already preprocessed documents: set()
[2025-01-24T23:58:29.674+0000] {logging_mixin.py:190} INFO - Breaking down pdf 3106200_2024-11-26_7140.pdf into multiple PDF single pages
[2025-01-24T23:58:29.716+0000] {logging_mixin.py:190} INFO - File 3106200_2024-11-26_7140-page-0-19.pdf already broken down into
[2025-01-24T23:58:29.717+0000] {logging_mixin.py:190} INFO - File 3106200_2024-11-26_7140-page-20-32.pdf already broken down into
[2025-01-24T23:58:29.718+0000] {logging_mixin.py:190} INFO - Breaking down pdf 3106200_2024-11-27_7141.pdf into multiple PDF single pages
[2025-01-24T23:58:29.773+0000] {logging_mixin.py:190} INFO - File 3106200_2024-11-27_7141-page-0-19.pdf already broken down into
[2025-01-24T23:58:29.774+0000] {logging_mixin.py:190} INFO - File 3106200_2024-11-27_7141-page-20-36.pdf already broken down into
[2025-01-24T23:58:29.775+0000] {logging_mixin.py:190} INFO - Breaking down pdf 3106200_2024-11-28_7142.pdf into multiple PDF single pages
[2025-01-24T23:58:29.817+0000] {logging_mixin.py:190} INFO - File 3106200_2024-11-28_7142-page-0-19.pdf already broken down into
[2025-01-24T23:58:29.817+0000] {logging_mixin.py:190} INFO - File 3106200_2024-11-28_7142-page-20-39.pdf already broken down into
[2025-01-24T23:58:29.818+0000] {logging_mixin.py:190} INFO - File 3106200_2024-11-28_7142-page-40-45.pdf already broken down into
[2025-01-24T23:58:29.819+0000] {logging_mixin.py:190} INFO - Breaking down pdf 3106200_2024-11-29_7143.pdf into multiple PDF single pages
[2025-01-24T23:58:29.864+0000] {logging_mixin.py:190} INFO - File 3106200_2024-11-29_7143-page-0-19.pdf already broken down into
[2025-01-24T23:58:29.865+0000] {logging_mixin.py:190} INFO - File 3106200_2024-11-29_7143-page-20-38.pdf already broken down into
[2025-01-24T23:58:29.866+0000] {logging_mixin.py:190} INFO - Breaking down pdf 3106200_2024-11-30_7144.pdf into multiple PDF single pages
[2025-01-24T23:58:29.909+0000] {logging_mixin.py:190} INFO - File 3106200_2024-11-30_7144-page-0-19.pdf already broken down into
[2025-01-24T23:58:29.910+0000] {logging_mixin.py:190} INFO - File 3106200_2024-11-30_7144-page-20-37.pdf already broken down into
[2025-01-24T23:58:29.910+0000] {logging_mixin.py:190} INFO - Breaking down pdf 3106200_2024-12-03_7145.pdf into multiple PDF single pages
[2025-01-24T23:58:29.951+0000] {logging_mixin.py:190} INFO - File 3106200_2024-12-03_7145-page-0-19.pdf already broken down into
[2025-01-24T23:58:29.952+0000] {logging_mixin.py:190} INFO - File 3106200_2024-12-03_7145-page-20-34.pdf already broken down into
[2025-01-24T23:58:29.953+0000] {logging_mixin.py:190} INFO - Breaking down pdf 3106200_2024-12-04_7146.pdf into multiple PDF single pages
[2025-01-24T23:58:29.995+0000] {logging_mixin.py:190} INFO - File 3106200_2024-12-04_7146-page-0-19.pdf already broken down into
[2025-01-24T23:58:29.996+0000] {logging_mixin.py:190} INFO - File 3106200_2024-12-04_7146-page-20-39.pdf already broken down into
[2025-01-24T23:58:29.997+0000] {logging_mixin.py:190} INFO - Breaking down pdf 3106200_2024-12-05_7147.pdf into multiple PDF single pages
[2025-01-24T23:58:30.036+0000] {logging_mixin.py:190} INFO - File 3106200_2024-12-05_7147-page-0-19.pdf already broken down into
[2025-01-24T23:58:30.037+0000] {logging_mixin.py:190} INFO - File 3106200_2024-12-05_7147-page-20-22.pdf already broken down into
[2025-01-24T23:58:30.038+0000] {logging_mixin.py:190} INFO - Breaking down pdf 3106200_2024-12-06_7148.pdf into multiple PDF single pages
[2025-01-24T23:58:30.077+0000] {logging_mixin.py:190} INFO - File 3106200_2024-12-06_7148-page-0-19.pdf already broken down into
[2025-01-24T23:58:30.078+0000] {logging_mixin.py:190} INFO - File 3106200_2024-12-06_7148-page-20-39.pdf already broken down into
[2025-01-24T23:58:30.079+0000] {logging_mixin.py:190} INFO - Breaking down pdf 3106200_2024-12-07_7149.pdf into multiple PDF single pages
[2025-01-24T23:58:30.128+0000] {logging_mixin.py:190} INFO - File 3106200_2024-12-07_7149-page-0-19.pdf already broken down into
[2025-01-24T23:58:30.128+0000] {logging_mixin.py:190} INFO - File 3106200_2024-12-07_7149-page-20-39.pdf already broken down into
[2025-01-24T23:58:30.129+0000] {logging_mixin.py:190} INFO - File 3106200_2024-12-07_7149-page-40-45.pdf already broken down into
[2025-01-24T23:58:30.130+0000] {logging_mixin.py:190} INFO - Breaking down pdf 3106200_2024-12-10_7150.pdf into multiple PDF single pages
[2025-01-24T23:58:30.166+0000] {logging_mixin.py:190} INFO - File 3106200_2024-12-10_7150-page-0-19.pdf already broken down into
[2025-01-24T23:58:30.166+0000] {logging_mixin.py:190} INFO - File 3106200_2024-12-10_7150-page-20-21.pdf already broken down into
[2025-01-24T23:58:30.167+0000] {logging_mixin.py:190} INFO - Breaking down pdf 3106200_2024-12-11_7151.pdf into multiple PDF single pages
[2025-01-24T23:58:30.213+0000] {logging_mixin.py:190} INFO - File 3106200_2024-12-11_7151-page-0-19.pdf already broken down into
[2025-01-24T23:58:30.214+0000] {logging_mixin.py:190} INFO - File 3106200_2024-12-11_7151-page-20-35.pdf already broken down into
[2025-01-24T23:58:30.215+0000] {logging_mixin.py:190} INFO - Breaking down pdf 3106200_2024-12-12_7152.pdf into multiple PDF single pages
[2025-01-24T23:58:30.240+0000] {logging_mixin.py:190} INFO - File 3106200_2024-12-12_7152-page-0-19.pdf already broken down into
[2025-01-24T23:58:30.241+0000] {logging_mixin.py:190} INFO - File 3106200_2024-12-12_7152-page-20-24.pdf already broken down into
[2025-01-24T23:58:30.242+0000] {logging_mixin.py:190} INFO - Breaking down pdf 3106200_2024-12-13_7153.pdf into multiple PDF single pages
[2025-01-24T23:58:30.276+0000] {logging_mixin.py:190} INFO - File 3106200_2024-12-13_7153-page-0-19.pdf already broken down into
[2025-01-24T23:58:30.276+0000] {logging_mixin.py:190} INFO - File 3106200_2024-12-13_7153-page-20-33.pdf already broken down into
[2025-01-24T23:58:30.277+0000] {logging_mixin.py:190} INFO - Breaking down pdf 3106200_2024-12-14_7154.pdf into multiple PDF single pages
[2025-01-24T23:58:30.324+0000] {logging_mixin.py:190} INFO - File 3106200_2024-12-14_7154-page-0-19.pdf already broken down into
[2025-01-24T23:58:30.325+0000] {logging_mixin.py:190} INFO - File 3106200_2024-12-14_7154-page-20-31.pdf already broken down into
[2025-01-24T23:58:30.326+0000] {logging_mixin.py:190} INFO - Breaking down pdf 3106200_2024-12-17_7155.pdf into multiple PDF single pages
[2025-01-24T23:58:30.364+0000] {logging_mixin.py:190} INFO - File 3106200_2024-12-17_7155-page-0-19.pdf already broken down into
[2025-01-24T23:58:30.365+0000] {logging_mixin.py:190} INFO - File 3106200_2024-12-17_7155-page-20-24.pdf already broken down into
[2025-01-24T23:58:30.366+0000] {logging_mixin.py:190} INFO - Breaking down pdf 3106200_2024-12-18_7156.pdf into multiple PDF single pages
[2025-01-24T23:58:30.425+0000] {logging_mixin.py:190} INFO - File 3106200_2024-12-18_7156-page-0-19.pdf already broken down into
[2025-01-24T23:58:30.426+0000] {logging_mixin.py:190} INFO - File 3106200_2024-12-18_7156-page-20-39.pdf already broken down into
[2025-01-24T23:58:30.426+0000] {logging_mixin.py:190} INFO - File 3106200_2024-12-18_7156-page-40-59.pdf already broken down into
[2025-01-24T23:58:30.427+0000] {logging_mixin.py:190} INFO - File 3106200_2024-12-18_7156-page-60-71.pdf already broken down into
[2025-01-24T23:58:30.427+0000] {logging_mixin.py:190} INFO - Breaking down pdf 3106200_2024-12-19_7157.pdf into multiple PDF single pages
[2025-01-24T23:58:30.476+0000] {logging_mixin.py:190} INFO - File 3106200_2024-12-19_7157-page-0-19.pdf already broken down into
[2025-01-24T23:58:30.477+0000] {logging_mixin.py:190} INFO - File 3106200_2024-12-19_7157-page-20-34.pdf already broken down into
[2025-01-24T23:58:30.478+0000] {logging_mixin.py:190} INFO - [{'file_uuid': '3106200_2024-11-26_7140-page-0-19', 'file_path': '/usr/local/***/data/pdf_single_page/3106200_2024-11-26_7140-page-0-19.pdf'}, {'file_uuid': '3106200_2024-11-26_7140-page-20-32', 'file_path': '/usr/local/***/data/pdf_single_page/3106200_2024-11-26_7140-page-20-32.pdf'}, {'file_uuid': '3106200_2024-11-27_7141-page-0-19', 'file_path': '/usr/local/***/data/pdf_single_page/3106200_2024-11-27_7141-page-0-19.pdf'}, {'file_uuid': '3106200_2024-11-27_7141-page-20-36', 'file_path': '/usr/local/***/data/pdf_single_page/3106200_2024-11-27_7141-page-20-36.pdf'}, {'file_uuid': '3106200_2024-11-28_7142-page-0-19', 'file_path': '/usr/local/***/data/pdf_single_page/3106200_2024-11-28_7142-page-0-19.pdf'}, {'file_uuid': '3106200_2024-11-28_7142-page-20-39', 'file_path': '/usr/local/***/data/pdf_single_page/3106200_2024-11-28_7142-page-20-39.pdf'}, {'file_uuid': '3106200_2024-11-28_7142-page-40-45', 'file_path': '/usr/local/***/data/pdf_single_page/3106200_2024-11-28_7142-page-40-45.pdf'}, {'file_uuid': '3106200_2024-11-29_7143-page-0-19', 'file_path': '/usr/local/***/data/pdf_single_page/3106200_2024-11-29_7143-page-0-19.pdf'}, {'file_uuid': '3106200_2024-11-29_7143-page-20-38', 'file_path': '/usr/local/***/data/pdf_single_page/3106200_2024-11-29_7143-page-20-38.pdf'}, {'file_uuid': '3106200_2024-11-30_7144-page-0-19', 'file_path': '/usr/local/***/data/pdf_single_page/3106200_2024-11-30_7144-page-0-19.pdf'}, {'file_uuid': '3106200_2024-11-30_7144-page-20-37', 'file_path': '/usr/local/***/data/pdf_single_page/3106200_2024-11-30_7144-page-20-37.pdf'}, {'file_uuid': '3106200_2024-12-03_7145-page-0-19', 'file_path': '/usr/local/***/data/pdf_single_page/3106200_2024-12-03_7145-page-0-19.pdf'}, {'file_uuid': '3106200_2024-12-03_7145-page-20-34', 'file_path': '/usr/local/***/data/pdf_single_page/3106200_2024-12-03_7145-page-20-34.pdf'}, {'file_uuid': '3106200_2024-12-04_7146-page-0-19', 'file_path': '/usr/local/***/data/pdf_single_page/3106200_2024-12-04_7146-page-0-19.pdf'}, {'file_uuid': '3106200_2024-12-04_7146-page-20-39', 'file_path': '/usr/local/***/data/pdf_single_page/3106200_2024-12-04_7146-page-20-39.pdf'}, {'file_uuid': '3106200_2024-12-05_7147-page-0-19', 'file_path': '/usr/local/***/data/pdf_single_page/3106200_2024-12-05_7147-page-0-19.pdf'}, {'file_uuid': '3106200_2024-12-05_7147-page-20-22', 'file_path': '/usr/local/***/data/pdf_single_page/3106200_2024-12-05_7147-page-20-22.pdf'}, {'file_uuid': '3106200_2024-12-06_7148-page-0-19', 'file_path': '/usr/local/***/data/pdf_single_page/3106200_2024-12-06_7148-page-0-19.pdf'}, {'file_uuid': '3106200_2024-12-06_7148-page-20-39', 'file_path': '/usr/local/***/data/pdf_single_page/3106200_2024-12-06_7148-page-20-39.pdf'}, {'file_uuid': '3106200_2024-12-07_7149-page-0-19', 'file_path': '/usr/local/***/data/pdf_single_page/3106200_2024-12-07_7149-page-0-19.pdf'}, {'file_uuid': '3106200_2024-12-07_7149-page-20-39', 'file_path': '/usr/local/***/data/pdf_single_page/3106200_2024-12-07_7149-page-20-39.pdf'}, {'file_uuid': '3106200_2024-12-07_7149-page-40-45', 'file_path': '/usr/local/***/data/pdf_single_page/3106200_2024-12-07_7149-page-40-45.pdf'}, {'file_uuid': '3106200_2024-12-10_7150-page-0-19', 'file_path': '/usr/local/***/data/pdf_single_page/3106200_2024-12-10_7150-page-0-19.pdf'}, {'file_uuid': '3106200_2024-12-10_7150-page-20-21', 'file_path': '/usr/local/***/data/pdf_single_page/3106200_2024-12-10_7150-page-20-21.pdf'}, {'file_uuid': '3106200_2024-12-11_7151-page-0-19', 'file_path': '/usr/local/***/data/pdf_single_page/3106200_2024-12-11_7151-page-0-19.pdf'}, {'file_uuid': '3106200_2024-12-11_7151-page-20-35', 'file_path': '/usr/local/***/data/pdf_single_page/3106200_2024-12-11_7151-page-20-35.pdf'}, {'file_uuid': '3106200_2024-12-12_7152-page-0-19', 'file_path': '/usr/local/***/data/pdf_single_page/3106200_2024-12-12_7152-page-0-19.pdf'}, {'file_uuid': '3106200_2024-12-12_7152-page-20-24', 'file_path': '/usr/local/***/data/pdf_single_page/3106200_2024-12-12_7152-page-20-24.pdf'}, {'file_uuid': '3106200_2024-12-13_7153-page-0-19', 'file_path': '/usr/local/***/data/pdf_single_page/3106200_2024-12-13_7153-page-0-19.pdf'}, {'file_uuid': '3106200_2024-12-13_7153-page-20-33', 'file_path': '/usr/local/***/data/pdf_single_page/3106200_2024-12-13_7153-page-20-33.pdf'}, {'file_uuid': '3106200_2024-12-14_7154-page-0-19', 'file_path': '/usr/local/***/data/pdf_single_page/3106200_2024-12-14_7154-page-0-19.pdf'}, {'file_uuid': '3106200_2024-12-14_7154-page-20-31', 'file_path': '/usr/local/***/data/pdf_single_page/3106200_2024-12-14_7154-page-20-31.pdf'}, {'file_uuid': '3106200_2024-12-17_7155-page-0-19', 'file_path': '/usr/local/***/data/pdf_single_page/3106200_2024-12-17_7155-page-0-19.pdf'}, {'file_uuid': '3106200_2024-12-17_7155-page-20-24', 'file_path': '/usr/local/***/data/pdf_single_page/3106200_2024-12-17_7155-page-20-24.pdf'}, {'file_uuid': '3106200_2024-12-18_7156-page-0-19', 'file_path': '/usr/local/***/data/pdf_single_page/3106200_2024-12-18_7156-page-0-19.pdf'}, {'file_uuid': '3106200_2024-12-18_7156-page-20-39', 'file_path': '/usr/local/***/data/pdf_single_page/3106200_2024-12-18_7156-page-20-39.pdf'}, {'file_uuid': '3106200_2024-12-18_7156-page-40-59', 'file_path': '/usr/local/***/data/pdf_single_page/3106200_2024-12-18_7156-page-40-59.pdf'}, {'file_uuid': '3106200_2024-12-18_7156-page-60-71', 'file_path': '/usr/local/***/data/pdf_single_page/3106200_2024-12-18_7156-page-60-71.pdf'}, {'file_uuid': '3106200_2024-12-19_7157-page-0-19', 'file_path': '/usr/local/***/data/pdf_single_page/3106200_2024-12-19_7157-page-0-19.pdf'}, {'file_uuid': '3106200_2024-12-19_7157-page-20-34', 'file_path': '/usr/local/***/data/pdf_single_page/3106200_2024-12-19_7157-page-20-34.pdf'}]
[2025-01-24T23:58:30.579+0000] {document_converter.py:242} INFO - Going to convert document batch...
[2025-01-24T23:58:30.901+0000] {accelerator_utils.py:41} INFO - Accelerator device: 'cpu'
[2025-01-24T23:58:33.131+0000] {accelerator_utils.py:41} INFO - Accelerator device: 'cpu'
[2025-01-24T23:58:33.730+0000] {accelerator_utils.py:41} INFO - Accelerator device: 'cpu'
[2025-01-24T23:58:34.219+0000] {base_pipeline.py:38} INFO - Processing document 3106200_2024-11-26_7140-page-0-19.pdf
[2025-01-24T23:59:20.979+0000] {document_converter.py:257} INFO - Finished converting document 3106200_2024-11-26_7140-page-0-19.pdf in 50.50 sec.
[2025-01-24T23:59:21.028+0000] {warnings.py:112} WARNING - /opt/***/dags/utils/preprocess_documents.py:142: FutureWarning: The behavior of DataFrame concatenation with empty or all-NA entries is deprecated. In a future version, this will no longer exclude empty or all-NA columns when determining the result dtypes. To retain the old behavior, exclude the relevant entries before the concat operation.
  metadata = pd.concat([metadata, pd.DataFrame(data_to_append)])

[2025-01-24T23:59:21.029+0000] {logging_mixin.py:190} INFO - Saving in path: /usr/local/***/data/preprocessed_documents/3106200_2024-11-26_7140-page-0-19.md
[2025-01-24T23:59:21.052+0000] {document_converter.py:242} INFO - Going to convert document batch...
[2025-01-24T23:59:21.198+0000] {accelerator_utils.py:41} INFO - Accelerator device: 'cpu'
[2025-01-24T23:59:23.131+0000] {accelerator_utils.py:41} INFO - Accelerator device: 'cpu'
[2025-01-24T23:59:23.569+0000] {accelerator_utils.py:41} INFO - Accelerator device: 'cpu'
[2025-01-24T23:59:23.919+0000] {base_pipeline.py:38} INFO - Processing document 3106200_2024-11-26_7140-page-20-32.pdf
[2025-01-25T00:00:29.387+0000] {document_converter.py:257} INFO - Finished converting document 3106200_2024-11-26_7140-page-20-32.pdf in 68.35 sec.
[2025-01-25T00:00:29.446+0000] {logging_mixin.py:190} INFO - Saving in path: /usr/local/***/data/preprocessed_documents/3106200_2024-11-26_7140-page-20-32.md
[2025-01-25T00:00:29.476+0000] {document_converter.py:242} INFO - Going to convert document batch...
[2025-01-25T00:00:29.626+0000] {accelerator_utils.py:41} INFO - Accelerator device: 'cpu'
[2025-01-25T00:00:31.780+0000] {accelerator_utils.py:41} INFO - Accelerator device: 'cpu'
[2025-01-25T00:00:32.185+0000] {accelerator_utils.py:41} INFO - Accelerator device: 'cpu'
[2025-01-25T00:00:32.657+0000] {base_pipeline.py:38} INFO - Processing document 3106200_2024-11-27_7141-page-0-19.pdf
[2025-01-25T00:02:53.876+0000] {document_converter.py:257} INFO - Finished converting document 3106200_2024-11-27_7141-page-0-19.pdf in 144.43 sec.
[2025-01-25T00:02:54.033+0000] {logging_mixin.py:190} INFO - Saving in path: /usr/local/***/data/preprocessed_documents/3106200_2024-11-27_7141-page-0-19.md
[2025-01-25T00:02:54.071+0000] {document_converter.py:242} INFO - Going to convert document batch...
[2025-01-25T00:02:54.229+0000] {accelerator_utils.py:41} INFO - Accelerator device: 'cpu'
[2025-01-25T00:02:56.600+0000] {accelerator_utils.py:41} INFO - Accelerator device: 'cpu'
[2025-01-25T00:02:57.030+0000] {accelerator_utils.py:41} INFO - Accelerator device: 'cpu'
[2025-01-25T00:02:57.606+0000] {base_pipeline.py:38} INFO - Processing document 3106200_2024-11-27_7141-page-20-36.pdf
[2025-01-25T00:05:16.530+0000] {document_converter.py:257} INFO - Finished converting document 3106200_2024-11-27_7141-page-20-36.pdf in 142.50 sec.
[2025-01-25T00:05:16.685+0000] {logging_mixin.py:190} INFO - Saving in path: /usr/local/***/data/preprocessed_documents/3106200_2024-11-27_7141-page-20-36.md
[2025-01-25T00:05:16.730+0000] {document_converter.py:242} INFO - Going to convert document batch...
[2025-01-25T00:05:16.887+0000] {accelerator_utils.py:41} INFO - Accelerator device: 'cpu'
[2025-01-25T00:05:19.392+0000] {accelerator_utils.py:41} INFO - Accelerator device: 'cpu'
[2025-01-25T00:05:20.000+0000] {accelerator_utils.py:41} INFO - Accelerator device: 'cpu'
[2025-01-25T00:05:20.651+0000] {base_pipeline.py:38} INFO - Processing document 3106200_2024-11-28_7142-page-0-19.pdf
[2025-01-25T00:06:50.588+0000] {job.py:239} ERROR - Job heartbeat failed with error
Traceback (most recent call last):
  File "/home/airflow/.local/lib/python3.12/site-packages/sqlalchemy/engine/base.py", line 3371, in _wrap_pool_connect
    return fn()
           ^^^^
  File "/home/airflow/.local/lib/python3.12/site-packages/sqlalchemy/pool/base.py", line 327, in connect
    return _ConnectionFairy._checkout(self)
           ^^^^^^^^^^^^^^^^^^^^^^^^^^^^^^^^
  File "/home/airflow/.local/lib/python3.12/site-packages/sqlalchemy/pool/base.py", line 894, in _checkout
    fairy = _ConnectionRecord.checkout(pool)
            ^^^^^^^^^^^^^^^^^^^^^^^^^^^^^^^^
  File "/home/airflow/.local/lib/python3.12/site-packages/sqlalchemy/pool/base.py", line 493, in checkout
    rec = pool._do_get()
          ^^^^^^^^^^^^^^
  File "/home/airflow/.local/lib/python3.12/site-packages/sqlalchemy/pool/impl.py", line 256, in _do_get
    return self._create_connection()
           ^^^^^^^^^^^^^^^^^^^^^^^^^
  File "/home/airflow/.local/lib/python3.12/site-packages/sqlalchemy/pool/base.py", line 273, in _create_connection
    return _ConnectionRecord(self)
           ^^^^^^^^^^^^^^^^^^^^^^^
  File "/home/airflow/.local/lib/python3.12/site-packages/sqlalchemy/pool/base.py", line 388, in __init__
    self.__connect()
  File "/home/airflow/.local/lib/python3.12/site-packages/sqlalchemy/pool/base.py", line 690, in __connect
    with util.safe_reraise():
         ^^^^^^^^^^^^^^^^^^^
  File "/home/airflow/.local/lib/python3.12/site-packages/sqlalchemy/util/langhelpers.py", line 70, in __exit__
    compat.raise_(
  File "/home/airflow/.local/lib/python3.12/site-packages/sqlalchemy/util/compat.py", line 211, in raise_
    raise exception
  File "/home/airflow/.local/lib/python3.12/site-packages/sqlalchemy/pool/base.py", line 686, in __connect
    self.dbapi_connection = connection = pool._invoke_creator(self)
                                         ^^^^^^^^^^^^^^^^^^^^^^^^^^
  File "/home/airflow/.local/lib/python3.12/site-packages/sqlalchemy/engine/create.py", line 574, in connect
    return dialect.connect(*cargs, **cparams)
           ^^^^^^^^^^^^^^^^^^^^^^^^^^^^^^^^^^
  File "/home/airflow/.local/lib/python3.12/site-packages/sqlalchemy/engine/default.py", line 598, in connect
    return self.dbapi.connect(*cargs, **cparams)
           ^^^^^^^^^^^^^^^^^^^^^^^^^^^^^^^^^^^^^
  File "/home/airflow/.local/lib/python3.12/site-packages/psycopg2/__init__.py", line 122, in connect
    conn = _connect(dsn, connection_factory=connection_factory, **kwasync)
           ^^^^^^^^^^^^^^^^^^^^^^^^^^^^^^^^^^^^^^^^^^^^^^^^^^^^^^^^^^^^^^^
psycopg2.OperationalError: could not translate host name "postgres" to address: Temporary failure in name resolution


The above exception was the direct cause of the following exception:

Traceback (most recent call last):
  File "/home/airflow/.local/lib/python3.12/site-packages/airflow/jobs/job.py", line 207, in heartbeat
    self._merge_from(Job._fetch_from_db(self, session))
                     ^^^^^^^^^^^^^^^^^^^^^^^^^^^^^^^^^
  File "/home/airflow/.local/lib/python3.12/site-packages/airflow/api_internal/internal_api_call.py", line 139, in wrapper
    return func(*args, **kwargs)
           ^^^^^^^^^^^^^^^^^^^^^
  File "/home/airflow/.local/lib/python3.12/site-packages/airflow/utils/session.py", line 94, in wrapper
    return func(*args, **kwargs)
           ^^^^^^^^^^^^^^^^^^^^^
  File "/home/airflow/.local/lib/python3.12/site-packages/airflow/utils/retries.py", line 93, in wrapped_function
    for attempt in run_with_db_retries(max_retries=retries, logger=logger, **retry_kwargs):
                   ^^^^^^^^^^^^^^^^^^^^^^^^^^^^^^^^^^^^^^^^^^^^^^^^^^^^^^^^^^^^^^^^^^^^^^^
  File "/home/airflow/.local/lib/python3.12/site-packages/tenacity/__init__.py", line 443, in __iter__
    do = self.iter(retry_state=retry_state)
         ^^^^^^^^^^^^^^^^^^^^^^^^^^^^^^^^^^
  File "/home/airflow/.local/lib/python3.12/site-packages/tenacity/__init__.py", line 376, in iter
    result = action(retry_state)
             ^^^^^^^^^^^^^^^^^^^
  File "/home/airflow/.local/lib/python3.12/site-packages/tenacity/__init__.py", line 418, in exc_check
    raise retry_exc.reraise()
          ^^^^^^^^^^^^^^^^^^^
  File "/home/airflow/.local/lib/python3.12/site-packages/tenacity/__init__.py", line 185, in reraise
    raise self.last_attempt.result()
          ^^^^^^^^^^^^^^^^^^^^^^^^^^
  File "/usr/local/lib/python3.12/concurrent/futures/_base.py", line 449, in result
    return self.__get_result()
           ^^^^^^^^^^^^^^^^^^^
  File "/usr/local/lib/python3.12/concurrent/futures/_base.py", line 401, in __get_result
    raise self._exception
  File "/home/airflow/.local/lib/python3.12/site-packages/airflow/utils/retries.py", line 102, in wrapped_function
    return func(*args, **kwargs)
           ^^^^^^^^^^^^^^^^^^^^^
  File "/home/airflow/.local/lib/python3.12/site-packages/airflow/jobs/job.py", line 335, in _fetch_from_db
    session.merge(job)
  File "/home/airflow/.local/lib/python3.12/site-packages/sqlalchemy/orm/session.py", line 3056, in merge
    return self._merge(
           ^^^^^^^^^^^^
  File "/home/airflow/.local/lib/python3.12/site-packages/sqlalchemy/orm/session.py", line 3136, in _merge
    merged = self.get(
             ^^^^^^^^^
  File "/home/airflow/.local/lib/python3.12/site-packages/sqlalchemy/orm/session.py", line 2853, in get
    return self._get_impl(
           ^^^^^^^^^^^^^^^
  File "/home/airflow/.local/lib/python3.12/site-packages/sqlalchemy/orm/session.py", line 2975, in _get_impl
    return db_load_fn(
           ^^^^^^^^^^^
  File "/home/airflow/.local/lib/python3.12/site-packages/sqlalchemy/orm/loading.py", line 530, in load_on_pk_identity
    session.execute(
  File "/home/airflow/.local/lib/python3.12/site-packages/sqlalchemy/orm/session.py", line 1716, in execute
    conn = self._connection_for_bind(bind)
           ^^^^^^^^^^^^^^^^^^^^^^^^^^^^^^^
  File "/home/airflow/.local/lib/python3.12/site-packages/sqlalchemy/orm/session.py", line 1555, in _connection_for_bind
    return self._transaction._connection_for_bind(
           ^^^^^^^^^^^^^^^^^^^^^^^^^^^^^^^^^^^^^^^
  File "/home/airflow/.local/lib/python3.12/site-packages/sqlalchemy/orm/session.py", line 750, in _connection_for_bind
    conn = bind.connect()
           ^^^^^^^^^^^^^^
  File "/home/airflow/.local/lib/python3.12/site-packages/sqlalchemy/future/engine.py", line 412, in connect
    return super(Engine, self).connect()
           ^^^^^^^^^^^^^^^^^^^^^^^^^^^^^
  File "/home/airflow/.local/lib/python3.12/site-packages/sqlalchemy/engine/base.py", line 3325, in connect
    return self._connection_cls(self, close_with_result=close_with_result)
           ^^^^^^^^^^^^^^^^^^^^^^^^^^^^^^^^^^^^^^^^^^^^^^^^^^^^^^^^^^^^^^^
  File "/home/airflow/.local/lib/python3.12/site-packages/sqlalchemy/engine/base.py", line 96, in __init__
    else engine.raw_connection()
         ^^^^^^^^^^^^^^^^^^^^^^^
  File "/home/airflow/.local/lib/python3.12/site-packages/sqlalchemy/engine/base.py", line 3404, in raw_connection
    return self._wrap_pool_connect(self.pool.connect, _connection)
           ^^^^^^^^^^^^^^^^^^^^^^^^^^^^^^^^^^^^^^^^^^^^^^^^^^^^^^^
  File "/home/airflow/.local/lib/python3.12/site-packages/sqlalchemy/engine/base.py", line 3374, in _wrap_pool_connect
    Connection._handle_dbapi_exception_noconnection(
  File "/home/airflow/.local/lib/python3.12/site-packages/sqlalchemy/engine/base.py", line 2208, in _handle_dbapi_exception_noconnection
    util.raise_(
  File "/home/airflow/.local/lib/python3.12/site-packages/sqlalchemy/util/compat.py", line 211, in raise_
    raise exception
  File "/home/airflow/.local/lib/python3.12/site-packages/sqlalchemy/engine/base.py", line 3371, in _wrap_pool_connect
    return fn()
           ^^^^
  File "/home/airflow/.local/lib/python3.12/site-packages/sqlalchemy/pool/base.py", line 327, in connect
    return _ConnectionFairy._checkout(self)
           ^^^^^^^^^^^^^^^^^^^^^^^^^^^^^^^^
  File "/home/airflow/.local/lib/python3.12/site-packages/sqlalchemy/pool/base.py", line 894, in _checkout
    fairy = _ConnectionRecord.checkout(pool)
            ^^^^^^^^^^^^^^^^^^^^^^^^^^^^^^^^
  File "/home/airflow/.local/lib/python3.12/site-packages/sqlalchemy/pool/base.py", line 493, in checkout
    rec = pool._do_get()
          ^^^^^^^^^^^^^^
  File "/home/airflow/.local/lib/python3.12/site-packages/sqlalchemy/pool/impl.py", line 256, in _do_get
    return self._create_connection()
           ^^^^^^^^^^^^^^^^^^^^^^^^^
  File "/home/airflow/.local/lib/python3.12/site-packages/sqlalchemy/pool/base.py", line 273, in _create_connection
    return _ConnectionRecord(self)
           ^^^^^^^^^^^^^^^^^^^^^^^
  File "/home/airflow/.local/lib/python3.12/site-packages/sqlalchemy/pool/base.py", line 388, in __init__
    self.__connect()
  File "/home/airflow/.local/lib/python3.12/site-packages/sqlalchemy/pool/base.py", line 690, in __connect
    with util.safe_reraise():
         ^^^^^^^^^^^^^^^^^^^
  File "/home/airflow/.local/lib/python3.12/site-packages/sqlalchemy/util/langhelpers.py", line 70, in __exit__
    compat.raise_(
  File "/home/airflow/.local/lib/python3.12/site-packages/sqlalchemy/util/compat.py", line 211, in raise_
    raise exception
  File "/home/airflow/.local/lib/python3.12/site-packages/sqlalchemy/pool/base.py", line 686, in __connect
    self.dbapi_connection = connection = pool._invoke_creator(self)
                                         ^^^^^^^^^^^^^^^^^^^^^^^^^^
  File "/home/airflow/.local/lib/python3.12/site-packages/sqlalchemy/engine/create.py", line 574, in connect
    return dialect.connect(*cargs, **cparams)
           ^^^^^^^^^^^^^^^^^^^^^^^^^^^^^^^^^^
  File "/home/airflow/.local/lib/python3.12/site-packages/sqlalchemy/engine/default.py", line 598, in connect
    return self.dbapi.connect(*cargs, **cparams)
           ^^^^^^^^^^^^^^^^^^^^^^^^^^^^^^^^^^^^^
  File "/home/airflow/.local/lib/python3.12/site-packages/psycopg2/__init__.py", line 122, in connect
    conn = _connect(dsn, connection_factory=connection_factory, **kwasync)
           ^^^^^^^^^^^^^^^^^^^^^^^^^^^^^^^^^^^^^^^^^^^^^^^^^^^^^^^^^^^^^^^
sqlalchemy.exc.OperationalError: (psycopg2.OperationalError) could not translate host name "postgres" to address: Temporary failure in name resolution

(Background on this error at: https://sqlalche.me/e/14/e3q8)
[2025-01-25T00:07:04.780+0000] {job.py:254} ERROR - Job heartbeat failed with error. Scheduler is in unhealthy state
[2025-01-25T00:07:04.915+0000] {local_task_job_runner.py:266} INFO - Task exited with return code -9For more information, see https://***.apache.org/docs/apache-***/stable/troubleshooting.html#LocalTaskJob-killed
[2025-01-25T00:07:05.157+0000] {taskinstance.py:3900} INFO - 0 downstream tasks scheduled from follow-on schedule check
[2025-01-25T00:07:05.166+0000] {local_task_job_runner.py:245} INFO - ::endgroup::
