[2025-01-24T23:32:16.148+0000] {local_task_job_runner.py:123} INFO - ::group::Pre task execution logs
[2025-01-24T23:32:16.169+0000] {taskinstance.py:2612} INFO - Dependencies all met for dep_context=non-requeueable deps ti=<TaskInstance: pull_gazettes_data.preprocess_documents_task manual__2025-01-24T23:12:54.176269+00:00 [queued]>
[2025-01-24T23:32:16.179+0000] {taskinstance.py:2612} INFO - Dependencies all met for dep_context=requeueable deps ti=<TaskInstance: pull_gazettes_data.preprocess_documents_task manual__2025-01-24T23:12:54.176269+00:00 [queued]>
[2025-01-24T23:32:16.180+0000] {taskinstance.py:2865} INFO - Starting attempt 10 of 11
[2025-01-24T23:32:16.193+0000] {taskinstance.py:2888} INFO - Executing <Task(PreprocessDocuments): preprocess_documents_task> on 2025-01-24 23:12:54.176269+00:00
[2025-01-24T23:32:16.207+0000] {warnings.py:112} WARNING - /home/***/.local/lib/python3.12/site-packages/***/task/task_runner/standard_task_runner.py:70: DeprecationWarning: This process (pid=1410) is multi-threaded, use of fork() may lead to deadlocks in the child.
  pid = os.fork()

[2025-01-24T23:32:16.209+0000] {standard_task_runner.py:72} INFO - Started process 1423 to run task
[2025-01-24T23:32:16.209+0000] {standard_task_runner.py:104} INFO - Running: ['***', 'tasks', 'run', 'pull_gazettes_data', 'preprocess_documents_task', 'manual__2025-01-24T23:12:54.176269+00:00', '--job-id', '22', '--raw', '--subdir', 'DAGS_FOLDER/dag_script.py', '--cfg-path', '/tmp/tmpcncijzpw']
[2025-01-24T23:32:16.212+0000] {standard_task_runner.py:105} INFO - Job 22: Subtask preprocess_documents_task
[2025-01-24T23:32:16.260+0000] {task_command.py:467} INFO - Running <TaskInstance: pull_gazettes_data.preprocess_documents_task manual__2025-01-24T23:12:54.176269+00:00 [running]> on host 41bcec3d818b
[2025-01-24T23:32:16.331+0000] {taskinstance.py:3131} INFO - Exporting env vars: AIRFLOW_CTX_DAG_EMAIL='***@example.com' AIRFLOW_CTX_DAG_OWNER='***' AIRFLOW_CTX_DAG_ID='pull_gazettes_data' AIRFLOW_CTX_TASK_ID='preprocess_documents_task' AIRFLOW_CTX_EXECUTION_DATE='2025-01-24T23:12:54.176269+00:00' AIRFLOW_CTX_TRY_NUMBER='10' AIRFLOW_CTX_DAG_RUN_ID='manual__2025-01-24T23:12:54.176269+00:00'
[2025-01-24T23:32:16.332+0000] {taskinstance.py:731} INFO - ::endgroup::
[2025-01-24T23:32:16.346+0000] {logging_mixin.py:190} INFO - Checking pre processed documents log
[2025-01-24T23:32:16.352+0000] {logging_mixin.py:190} INFO - Already preprocessed documents: set()
[2025-01-24T23:32:16.354+0000] {logging_mixin.py:190} INFO - Breaking down pdf 3106200_2024-11-26_7140.pdf into multiple PDF single pages
[2025-01-24T23:32:17.335+0000] {logging_mixin.py:190} INFO - Breaking down pdf 3106200_2024-11-27_7141.pdf into multiple PDF single pages
[2025-01-24T23:32:18.418+0000] {logging_mixin.py:190} INFO - Breaking down pdf 3106200_2024-11-28_7142.pdf into multiple PDF single pages
[2025-01-24T23:32:20.107+0000] {logging_mixin.py:190} INFO - Breaking down pdf 3106200_2024-11-29_7143.pdf into multiple PDF single pages
[2025-01-24T23:32:21.282+0000] {logging_mixin.py:190} INFO - Breaking down pdf 3106200_2024-11-30_7144.pdf into multiple PDF single pages
[2025-01-24T23:32:22.545+0000] {logging_mixin.py:190} INFO - Breaking down pdf 3106200_2024-12-03_7145.pdf into multiple PDF single pages
[2025-01-24T23:32:23.674+0000] {logging_mixin.py:190} INFO - Breaking down pdf 3106200_2024-12-04_7146.pdf into multiple PDF single pages
[2025-01-24T23:32:25.182+0000] {logging_mixin.py:190} INFO - Breaking down pdf 3106200_2024-12-05_7147.pdf into multiple PDF single pages
[2025-01-24T23:32:25.891+0000] {logging_mixin.py:190} INFO - Breaking down pdf 3106200_2024-12-06_7148.pdf into multiple PDF single pages
[2025-01-24T23:32:27.079+0000] {logging_mixin.py:190} INFO - Breaking down pdf 3106200_2024-12-07_7149.pdf into multiple PDF single pages
[2025-01-24T23:32:28.372+0000] {logging_mixin.py:190} INFO - Breaking down pdf 3106200_2024-12-10_7150.pdf into multiple PDF single pages
[2025-01-24T23:32:29.043+0000] {logging_mixin.py:190} INFO - Breaking down pdf 3106200_2024-12-11_7151.pdf into multiple PDF single pages
[2025-01-24T23:32:30.162+0000] {logging_mixin.py:190} INFO - Breaking down pdf 3106200_2024-12-12_7152.pdf into multiple PDF single pages
[2025-01-24T23:32:30.909+0000] {logging_mixin.py:190} INFO - Breaking down pdf 3106200_2024-12-13_7153.pdf into multiple PDF single pages
[2025-01-24T23:32:31.811+0000] {logging_mixin.py:190} INFO - Breaking down pdf 3106200_2024-12-14_7154.pdf into multiple PDF single pages
[2025-01-24T23:32:32.659+0000] {logging_mixin.py:190} INFO - Breaking down pdf 3106200_2024-12-17_7155.pdf into multiple PDF single pages
[2025-01-24T23:32:33.444+0000] {logging_mixin.py:190} INFO - Breaking down pdf 3106200_2024-12-18_7156.pdf into multiple PDF single pages
[2025-01-24T23:32:35.498+0000] {logging_mixin.py:190} INFO - Breaking down pdf 3106200_2024-12-19_7157.pdf into multiple PDF single pages
[2025-01-24T23:32:36.554+0000] {logging_mixin.py:190} INFO - [{'file_uuid': '3106200_2024-11-26_7140-page-0-19', 'file_path': '/usr/local/***/data/pdf_single_page/3106200_2024-11-26_7140-page-0-19.pdf'}, {'file_uuid': '3106200_2024-11-26_7140-page-20-32', 'file_path': '/usr/local/***/data/pdf_single_page/3106200_2024-11-26_7140-page-20-32.pdf'}, {'file_uuid': '3106200_2024-11-27_7141-page-0-19', 'file_path': '/usr/local/***/data/pdf_single_page/3106200_2024-11-27_7141-page-0-19.pdf'}, {'file_uuid': '3106200_2024-11-27_7141-page-20-36', 'file_path': '/usr/local/***/data/pdf_single_page/3106200_2024-11-27_7141-page-20-36.pdf'}, {'file_uuid': '3106200_2024-11-28_7142-page-0-19', 'file_path': '/usr/local/***/data/pdf_single_page/3106200_2024-11-28_7142-page-0-19.pdf'}, {'file_uuid': '3106200_2024-11-28_7142-page-20-39', 'file_path': '/usr/local/***/data/pdf_single_page/3106200_2024-11-28_7142-page-20-39.pdf'}, {'file_uuid': '3106200_2024-11-28_7142-page-40-45', 'file_path': '/usr/local/***/data/pdf_single_page/3106200_2024-11-28_7142-page-40-45.pdf'}, {'file_uuid': '3106200_2024-11-29_7143-page-0-19', 'file_path': '/usr/local/***/data/pdf_single_page/3106200_2024-11-29_7143-page-0-19.pdf'}, {'file_uuid': '3106200_2024-11-29_7143-page-20-38', 'file_path': '/usr/local/***/data/pdf_single_page/3106200_2024-11-29_7143-page-20-38.pdf'}, {'file_uuid': '3106200_2024-11-30_7144-page-0-19', 'file_path': '/usr/local/***/data/pdf_single_page/3106200_2024-11-30_7144-page-0-19.pdf'}, {'file_uuid': '3106200_2024-11-30_7144-page-20-37', 'file_path': '/usr/local/***/data/pdf_single_page/3106200_2024-11-30_7144-page-20-37.pdf'}, {'file_uuid': '3106200_2024-12-03_7145-page-0-19', 'file_path': '/usr/local/***/data/pdf_single_page/3106200_2024-12-03_7145-page-0-19.pdf'}, {'file_uuid': '3106200_2024-12-03_7145-page-20-34', 'file_path': '/usr/local/***/data/pdf_single_page/3106200_2024-12-03_7145-page-20-34.pdf'}, {'file_uuid': '3106200_2024-12-04_7146-page-0-19', 'file_path': '/usr/local/***/data/pdf_single_page/3106200_2024-12-04_7146-page-0-19.pdf'}, {'file_uuid': '3106200_2024-12-04_7146-page-20-39', 'file_path': '/usr/local/***/data/pdf_single_page/3106200_2024-12-04_7146-page-20-39.pdf'}, {'file_uuid': '3106200_2024-12-05_7147-page-0-19', 'file_path': '/usr/local/***/data/pdf_single_page/3106200_2024-12-05_7147-page-0-19.pdf'}, {'file_uuid': '3106200_2024-12-05_7147-page-20-22', 'file_path': '/usr/local/***/data/pdf_single_page/3106200_2024-12-05_7147-page-20-22.pdf'}, {'file_uuid': '3106200_2024-12-06_7148-page-0-19', 'file_path': '/usr/local/***/data/pdf_single_page/3106200_2024-12-06_7148-page-0-19.pdf'}, {'file_uuid': '3106200_2024-12-06_7148-page-20-39', 'file_path': '/usr/local/***/data/pdf_single_page/3106200_2024-12-06_7148-page-20-39.pdf'}, {'file_uuid': '3106200_2024-12-07_7149-page-0-19', 'file_path': '/usr/local/***/data/pdf_single_page/3106200_2024-12-07_7149-page-0-19.pdf'}, {'file_uuid': '3106200_2024-12-07_7149-page-20-39', 'file_path': '/usr/local/***/data/pdf_single_page/3106200_2024-12-07_7149-page-20-39.pdf'}, {'file_uuid': '3106200_2024-12-07_7149-page-40-45', 'file_path': '/usr/local/***/data/pdf_single_page/3106200_2024-12-07_7149-page-40-45.pdf'}, {'file_uuid': '3106200_2024-12-10_7150-page-0-19', 'file_path': '/usr/local/***/data/pdf_single_page/3106200_2024-12-10_7150-page-0-19.pdf'}, {'file_uuid': '3106200_2024-12-10_7150-page-20-21', 'file_path': '/usr/local/***/data/pdf_single_page/3106200_2024-12-10_7150-page-20-21.pdf'}, {'file_uuid': '3106200_2024-12-11_7151-page-0-19', 'file_path': '/usr/local/***/data/pdf_single_page/3106200_2024-12-11_7151-page-0-19.pdf'}, {'file_uuid': '3106200_2024-12-11_7151-page-20-35', 'file_path': '/usr/local/***/data/pdf_single_page/3106200_2024-12-11_7151-page-20-35.pdf'}, {'file_uuid': '3106200_2024-12-12_7152-page-0-19', 'file_path': '/usr/local/***/data/pdf_single_page/3106200_2024-12-12_7152-page-0-19.pdf'}, {'file_uuid': '3106200_2024-12-12_7152-page-20-24', 'file_path': '/usr/local/***/data/pdf_single_page/3106200_2024-12-12_7152-page-20-24.pdf'}, {'file_uuid': '3106200_2024-12-13_7153-page-0-19', 'file_path': '/usr/local/***/data/pdf_single_page/3106200_2024-12-13_7153-page-0-19.pdf'}, {'file_uuid': '3106200_2024-12-13_7153-page-20-33', 'file_path': '/usr/local/***/data/pdf_single_page/3106200_2024-12-13_7153-page-20-33.pdf'}, {'file_uuid': '3106200_2024-12-14_7154-page-0-19', 'file_path': '/usr/local/***/data/pdf_single_page/3106200_2024-12-14_7154-page-0-19.pdf'}, {'file_uuid': '3106200_2024-12-14_7154-page-20-31', 'file_path': '/usr/local/***/data/pdf_single_page/3106200_2024-12-14_7154-page-20-31.pdf'}, {'file_uuid': '3106200_2024-12-17_7155-page-0-19', 'file_path': '/usr/local/***/data/pdf_single_page/3106200_2024-12-17_7155-page-0-19.pdf'}, {'file_uuid': '3106200_2024-12-17_7155-page-20-24', 'file_path': '/usr/local/***/data/pdf_single_page/3106200_2024-12-17_7155-page-20-24.pdf'}, {'file_uuid': '3106200_2024-12-18_7156-page-0-19', 'file_path': '/usr/local/***/data/pdf_single_page/3106200_2024-12-18_7156-page-0-19.pdf'}, {'file_uuid': '3106200_2024-12-18_7156-page-20-39', 'file_path': '/usr/local/***/data/pdf_single_page/3106200_2024-12-18_7156-page-20-39.pdf'}, {'file_uuid': '3106200_2024-12-18_7156-page-40-59', 'file_path': '/usr/local/***/data/pdf_single_page/3106200_2024-12-18_7156-page-40-59.pdf'}, {'file_uuid': '3106200_2024-12-18_7156-page-60-71', 'file_path': '/usr/local/***/data/pdf_single_page/3106200_2024-12-18_7156-page-60-71.pdf'}, {'file_uuid': '3106200_2024-12-19_7157-page-0-19', 'file_path': '/usr/local/***/data/pdf_single_page/3106200_2024-12-19_7157-page-0-19.pdf'}, {'file_uuid': '3106200_2024-12-19_7157-page-20-34', 'file_path': '/usr/local/***/data/pdf_single_page/3106200_2024-12-19_7157-page-20-34.pdf'}]
[2025-01-24T23:32:36.595+0000] {document_converter.py:242} INFO - Going to convert document batch...
[2025-01-24T23:32:36.905+0000] {accelerator_utils.py:41} INFO - Accelerator device: 'cpu'
[2025-01-24T23:32:39.376+0000] {accelerator_utils.py:41} INFO - Accelerator device: 'cpu'
[2025-01-24T23:32:39.860+0000] {accelerator_utils.py:41} INFO - Accelerator device: 'cpu'
[2025-01-24T23:32:40.229+0000] {base_pipeline.py:38} INFO - Processing document 3106200_2024-11-26_7140-page-0-19.pdf
[2025-01-24T23:33:32.224+0000] {document_converter.py:257} INFO - Finished converting document 3106200_2024-11-26_7140-page-0-19.pdf in 55.67 sec.
[2025-01-24T23:33:32.276+0000] {warnings.py:112} WARNING - /opt/***/dags/utils/preprocess_documents.py:142: FutureWarning: The behavior of DataFrame concatenation with empty or all-NA entries is deprecated. In a future version, this will no longer exclude empty or all-NA columns when determining the result dtypes. To retain the old behavior, exclude the relevant entries before the concat operation.
  metadata = pd.concat([metadata, pd.DataFrame(data_to_append)])

[2025-01-24T23:33:32.277+0000] {logging_mixin.py:190} INFO - Saving in path: /usr/local/***/data/preprocessed_documents/3106200_2024-11-26_7140-page-0-19.md
[2025-01-24T23:33:32.299+0000] {document_converter.py:242} INFO - Going to convert document batch...
[2025-01-24T23:33:32.454+0000] {accelerator_utils.py:41} INFO - Accelerator device: 'cpu'
[2025-01-24T23:33:34.592+0000] {accelerator_utils.py:41} INFO - Accelerator device: 'cpu'
[2025-01-24T23:33:35.077+0000] {accelerator_utils.py:41} INFO - Accelerator device: 'cpu'
[2025-01-24T23:33:35.419+0000] {base_pipeline.py:38} INFO - Processing document 3106200_2024-11-26_7140-page-20-32.pdf
[2025-01-24T23:34:54.446+0000] {document_converter.py:257} INFO - Finished converting document 3106200_2024-11-26_7140-page-20-32.pdf in 82.17 sec.
[2025-01-24T23:34:54.514+0000] {logging_mixin.py:190} INFO - Saving in path: /usr/local/***/data/preprocessed_documents/3106200_2024-11-26_7140-page-20-32.md
[2025-01-24T23:34:54.544+0000] {document_converter.py:242} INFO - Going to convert document batch...
[2025-01-24T23:34:54.699+0000] {accelerator_utils.py:41} INFO - Accelerator device: 'cpu'
[2025-01-24T23:34:56.866+0000] {accelerator_utils.py:41} INFO - Accelerator device: 'cpu'
[2025-01-24T23:34:57.307+0000] {accelerator_utils.py:41} INFO - Accelerator device: 'cpu'
[2025-01-24T23:34:57.695+0000] {base_pipeline.py:38} INFO - Processing document 3106200_2024-11-27_7141-page-0-19.pdf
[2025-01-24T23:37:01.525+0000] {document_converter.py:257} INFO - Finished converting document 3106200_2024-11-27_7141-page-0-19.pdf in 127.01 sec.
[2025-01-24T23:37:01.637+0000] {logging_mixin.py:190} INFO - Saving in path: /usr/local/***/data/preprocessed_documents/3106200_2024-11-27_7141-page-0-19.md
[2025-01-24T23:37:01.663+0000] {document_converter.py:242} INFO - Going to convert document batch...
[2025-01-24T23:37:01.814+0000] {accelerator_utils.py:41} INFO - Accelerator device: 'cpu'
[2025-01-24T23:37:04.242+0000] {accelerator_utils.py:41} INFO - Accelerator device: 'cpu'
[2025-01-24T23:37:04.713+0000] {accelerator_utils.py:41} INFO - Accelerator device: 'cpu'
[2025-01-24T23:37:05.073+0000] {base_pipeline.py:38} INFO - Processing document 3106200_2024-11-27_7141-page-20-36.pdf
[2025-01-24T23:38:51.335+0000] {document_converter.py:257} INFO - Finished converting document 3106200_2024-11-27_7141-page-20-36.pdf in 109.69 sec.
[2025-01-24T23:38:51.447+0000] {logging_mixin.py:190} INFO - Saving in path: /usr/local/***/data/preprocessed_documents/3106200_2024-11-27_7141-page-20-36.md
[2025-01-24T23:38:51.480+0000] {document_converter.py:242} INFO - Going to convert document batch...
[2025-01-24T23:38:51.649+0000] {accelerator_utils.py:41} INFO - Accelerator device: 'cpu'
[2025-01-24T23:38:53.593+0000] {accelerator_utils.py:41} INFO - Accelerator device: 'cpu'
[2025-01-24T23:38:53.976+0000] {accelerator_utils.py:41} INFO - Accelerator device: 'cpu'
[2025-01-24T23:38:54.360+0000] {base_pipeline.py:38} INFO - Processing document 3106200_2024-11-28_7142-page-0-19.pdf
[2025-01-24T23:43:22.749+0000] {document_converter.py:257} INFO - Finished converting document 3106200_2024-11-28_7142-page-0-19.pdf in 271.30 sec.
[2025-01-24T23:43:23.054+0000] {logging_mixin.py:190} INFO - Saving in path: /usr/local/***/data/preprocessed_documents/3106200_2024-11-28_7142-page-0-19.md
[2025-01-24T23:43:23.096+0000] {document_converter.py:242} INFO - Going to convert document batch...
[2025-01-24T23:43:23.345+0000] {accelerator_utils.py:41} INFO - Accelerator device: 'cpu'
[2025-01-24T23:43:25.406+0000] {accelerator_utils.py:41} INFO - Accelerator device: 'cpu'
[2025-01-24T23:43:25.850+0000] {accelerator_utils.py:41} INFO - Accelerator device: 'cpu'
[2025-01-24T23:43:26.322+0000] {base_pipeline.py:38} INFO - Processing document 3106200_2024-11-28_7142-page-20-39.pdf
[2025-01-24T23:44:54.162+0000] {document_converter.py:257} INFO - Finished converting document 3106200_2024-11-28_7142-page-20-39.pdf in 91.10 sec.
[2025-01-24T23:44:54.244+0000] {logging_mixin.py:190} INFO - Saving in path: /usr/local/***/data/preprocessed_documents/3106200_2024-11-28_7142-page-20-39.md
[2025-01-24T23:44:54.276+0000] {document_converter.py:242} INFO - Going to convert document batch...
[2025-01-24T23:44:54.458+0000] {accelerator_utils.py:41} INFO - Accelerator device: 'cpu'
[2025-01-24T23:44:56.476+0000] {accelerator_utils.py:41} INFO - Accelerator device: 'cpu'
[2025-01-24T23:44:57.245+0000] {accelerator_utils.py:41} INFO - Accelerator device: 'cpu'
[2025-01-24T23:44:57.683+0000] {base_pipeline.py:38} INFO - Processing document 3106200_2024-11-28_7142-page-40-45.pdf
[2025-01-24T23:45:54.071+0000] {document_converter.py:257} INFO - Finished converting document 3106200_2024-11-28_7142-page-40-45.pdf in 59.82 sec.
[2025-01-24T23:45:54.141+0000] {logging_mixin.py:190} INFO - Saving in path: /usr/local/***/data/preprocessed_documents/3106200_2024-11-28_7142-page-40-45.md
[2025-01-24T23:45:54.170+0000] {document_converter.py:242} INFO - Going to convert document batch...
[2025-01-24T23:45:54.323+0000] {accelerator_utils.py:41} INFO - Accelerator device: 'cpu'
[2025-01-24T23:45:56.655+0000] {accelerator_utils.py:41} INFO - Accelerator device: 'cpu'
[2025-01-24T23:45:57.079+0000] {accelerator_utils.py:41} INFO - Accelerator device: 'cpu'
[2025-01-24T23:45:57.442+0000] {base_pipeline.py:38} INFO - Processing document 3106200_2024-11-29_7143-page-0-19.pdf
[2025-01-24T23:47:18.598+0000] {document_converter.py:257} INFO - Finished converting document 3106200_2024-11-29_7143-page-0-19.pdf in 84.45 sec.
[2025-01-24T23:47:18.686+0000] {logging_mixin.py:190} INFO - Saving in path: /usr/local/***/data/preprocessed_documents/3106200_2024-11-29_7143-page-0-19.md
[2025-01-24T23:47:18.740+0000] {document_converter.py:242} INFO - Going to convert document batch...
[2025-01-24T23:47:18.893+0000] {accelerator_utils.py:41} INFO - Accelerator device: 'cpu'
[2025-01-24T23:47:20.817+0000] {accelerator_utils.py:41} INFO - Accelerator device: 'cpu'
[2025-01-24T23:47:21.248+0000] {accelerator_utils.py:41} INFO - Accelerator device: 'cpu'
[2025-01-24T23:47:21.619+0000] {base_pipeline.py:38} INFO - Processing document 3106200_2024-11-29_7143-page-20-38.pdf
[2025-01-24T23:49:11.608+0000] {document_converter.py:257} INFO - Finished converting document 3106200_2024-11-29_7143-page-20-38.pdf in 112.90 sec.
[2025-01-24T23:49:11.736+0000] {logging_mixin.py:190} INFO - Saving in path: /usr/local/***/data/preprocessed_documents/3106200_2024-11-29_7143-page-20-38.md
[2025-01-24T23:49:11.771+0000] {document_converter.py:242} INFO - Going to convert document batch...
[2025-01-24T23:49:11.928+0000] {accelerator_utils.py:41} INFO - Accelerator device: 'cpu'
[2025-01-24T23:49:14.213+0000] {accelerator_utils.py:41} INFO - Accelerator device: 'cpu'
[2025-01-24T23:49:14.613+0000] {accelerator_utils.py:41} INFO - Accelerator device: 'cpu'
[2025-01-24T23:49:15.064+0000] {base_pipeline.py:38} INFO - Processing document 3106200_2024-11-30_7144-page-0-19.pdf
[2025-01-24T23:50:33.801+0000] {document_converter.py:257} INFO - Finished converting document 3106200_2024-11-30_7144-page-0-19.pdf in 82.08 sec.
[2025-01-24T23:50:33.886+0000] {logging_mixin.py:190} INFO - Saving in path: /usr/local/***/data/preprocessed_documents/3106200_2024-11-30_7144-page-0-19.md
[2025-01-24T23:50:33.916+0000] {document_converter.py:242} INFO - Going to convert document batch...
[2025-01-24T23:50:34.065+0000] {accelerator_utils.py:41} INFO - Accelerator device: 'cpu'
[2025-01-24T23:50:36.174+0000] {accelerator_utils.py:41} INFO - Accelerator device: 'cpu'
[2025-01-24T23:50:36.574+0000] {accelerator_utils.py:41} INFO - Accelerator device: 'cpu'
[2025-01-24T23:50:36.931+0000] {base_pipeline.py:38} INFO - Processing document 3106200_2024-11-30_7144-page-20-37.pdf
[2025-01-24T23:52:52.081+0000] {job.py:229} INFO - Heartbeat recovered after 23.67 seconds
[2025-01-24T23:52:52.095+0000] {local_task_job_runner.py:266} INFO - Task exited with return code -9For more information, see https://***.apache.org/docs/apache-***/stable/troubleshooting.html#LocalTaskJob-killed
[2025-01-24T23:52:52.131+0000] {taskinstance.py:3900} INFO - 0 downstream tasks scheduled from follow-on schedule check
[2025-01-24T23:52:52.134+0000] {local_task_job_runner.py:245} INFO - ::endgroup::
