[2025-01-25T18:16:29.130+0000] {local_task_job_runner.py:123} INFO - ::group::Pre task execution logs
[2025-01-25T18:16:29.145+0000] {taskinstance.py:2612} INFO - Dependencies all met for dep_context=non-requeueable deps ti=<TaskInstance: pull_gazettes_data.preprocess_documents_task manual__2025-01-25T18:16:00.260060+00:00 [queued]>
[2025-01-25T18:16:29.153+0000] {taskinstance.py:2612} INFO - Dependencies all met for dep_context=requeueable deps ti=<TaskInstance: pull_gazettes_data.preprocess_documents_task manual__2025-01-25T18:16:00.260060+00:00 [queued]>
[2025-01-25T18:16:29.154+0000] {taskinstance.py:2865} INFO - Starting attempt 1 of 2
[2025-01-25T18:16:29.165+0000] {taskinstance.py:2888} INFO - Executing <Task(PreprocessDocuments): preprocess_documents_task> on 2025-01-25 18:16:00.260060+00:00
[2025-01-25T18:16:29.177+0000] {warnings.py:112} WARNING - /home/***/.local/lib/python3.12/site-packages/***/task/task_runner/standard_task_runner.py:70: DeprecationWarning: This process (pid=19037) is multi-threaded, use of fork() may lead to deadlocks in the child.
  pid = os.fork()

[2025-01-25T18:16:29.178+0000] {standard_task_runner.py:72} INFO - Started process 19050 to run task
[2025-01-25T18:16:29.178+0000] {standard_task_runner.py:104} INFO - Running: ['***', 'tasks', 'run', 'pull_gazettes_data', 'preprocess_documents_task', 'manual__2025-01-25T18:16:00.260060+00:00', '--job-id', '108', '--raw', '--subdir', 'DAGS_FOLDER/dag_script.py', '--cfg-path', '/tmp/tmp1_ts13ph']
[2025-01-25T18:16:29.180+0000] {standard_task_runner.py:105} INFO - Job 108: Subtask preprocess_documents_task
[2025-01-25T18:16:29.217+0000] {task_command.py:467} INFO - Running <TaskInstance: pull_gazettes_data.preprocess_documents_task manual__2025-01-25T18:16:00.260060+00:00 [running]> on host 41bcec3d818b
[2025-01-25T18:16:29.280+0000] {taskinstance.py:3131} INFO - Exporting env vars: AIRFLOW_CTX_DAG_EMAIL='***@example.com' AIRFLOW_CTX_DAG_OWNER='***' AIRFLOW_CTX_DAG_ID='pull_gazettes_data' AIRFLOW_CTX_TASK_ID='preprocess_documents_task' AIRFLOW_CTX_EXECUTION_DATE='2025-01-25T18:16:00.260060+00:00' AIRFLOW_CTX_TRY_NUMBER='1' AIRFLOW_CTX_DAG_RUN_ID='manual__2025-01-25T18:16:00.260060+00:00'
[2025-01-25T18:16:29.282+0000] {taskinstance.py:731} INFO - ::endgroup::
[2025-01-25T18:16:29.293+0000] {logging_mixin.py:190} INFO - Checking pre processed documents log
[2025-01-25T18:16:29.302+0000] {logging_mixin.py:190} INFO - Breaking down pdf 3106200_2024-11-26_7140.pdf into multiple PDF single pages
[2025-01-25T18:16:30.233+0000] {logging_mixin.py:190} INFO -                    file_uuid  ...               etl_timestamp
0    3106200_2024-11-26_7140  ...  2025-01-25 12:02:10.601409
1    3106200_2024-11-26_7140  ...  2025-01-25 12:02:10.601409
2    3106200_2024-11-26_7140  ...  2025-01-25 12:02:10.601409
3    3106200_2024-11-26_7140  ...  2025-01-25 12:02:10.601409
4    3106200_2024-11-26_7140  ...  2025-01-25 12:02:10.601409
..                       ...  ...                         ...
434  3106200_2024-12-11_7151  ...  2025-01-25 12:02:10.601409
435  3106200_2024-12-11_7151  ...  2025-01-25 12:02:10.601409
436  3106200_2024-12-12_7152  ...  2025-01-25 12:02:10.601409
437  3106200_2024-12-12_7152  ...  2025-01-25 12:02:10.601409
438  3106200_2024-12-12_7152  ...  2025-01-25 12:02:10.601409

[439 rows x 3 columns] file_uuid_breakdown
[2025-01-25T18:16:30.359+0000] {document_converter.py:242} INFO - Going to convert document batch...
[2025-01-25T18:16:30.693+0000] {accelerator_utils.py:41} INFO - Accelerator device: 'cpu'
[2025-01-25T18:16:37.600+0000] {accelerator_utils.py:41} INFO - Accelerator device: 'cpu'
[2025-01-25T18:16:38.184+0000] {accelerator_utils.py:41} INFO - Accelerator device: 'cpu'
[2025-01-25T18:16:39.591+0000] {base_pipeline.py:38} INFO - Processing document 3106200_2024-11-26_7140-page-0-4.pdf
[2025-01-25T18:16:51.296+0000] {document_converter.py:257} INFO - Finished converting document 3106200_2024-11-26_7140-page-0-4.pdf in 21.06 sec.
[2025-01-25T18:16:51.319+0000] {logging_mixin.py:190} INFO - Saving in path: /usr/local/***/data/preprocessed_documents/3106200_2024-11-26_7140-page-0-4.md
[2025-01-25T18:16:51.332+0000] {logging_mixin.py:190} INFO -                    file_uuid  ...               etl_timestamp
0    3106200_2024-11-26_7140  ...  2025-01-25 12:02:10.601409
1    3106200_2024-11-26_7140  ...  2025-01-25 12:02:10.601409
2    3106200_2024-11-26_7140  ...  2025-01-25 12:02:10.601409
3    3106200_2024-11-26_7140  ...  2025-01-25 12:02:10.601409
4    3106200_2024-11-26_7140  ...  2025-01-25 12:02:10.601409
..                       ...  ...                         ...
435  3106200_2024-12-11_7151  ...  2025-01-25 12:02:10.601409
436  3106200_2024-12-12_7152  ...  2025-01-25 12:02:10.601409
437  3106200_2024-12-12_7152  ...  2025-01-25 12:02:10.601409
438  3106200_2024-12-12_7152  ...  2025-01-25 12:02:10.601409
0    3106200_2024-11-26_7140  ...  2025-01-25 18:16:51.311544

[440 rows x 3 columns] file_uuid_breakdown
[2025-01-25T18:16:51.344+0000] {document_converter.py:242} INFO - Going to convert document batch...
[2025-01-25T18:16:51.499+0000] {accelerator_utils.py:41} INFO - Accelerator device: 'cpu'
[2025-01-25T18:16:54.156+0000] {accelerator_utils.py:41} INFO - Accelerator device: 'cpu'
[2025-01-25T18:16:54.424+0000] {local_task_job_runner.py:346} WARNING - State of this instance has been externally set to restarting. Terminating instance.
[2025-01-25T18:16:54.425+0000] {local_task_job_runner.py:245} INFO - ::endgroup::
[2025-01-25T18:16:54.431+0000] {process_utils.py:132} INFO - Sending 15 to group 19050. PIDs of all processes in the group: [19050]
[2025-01-25T18:16:54.431+0000] {process_utils.py:87} INFO - Sending the signal 15 to group 19050
[2025-01-25T18:16:54.764+0000] {taskinstance.py:3092} ERROR - Received SIGTERM. Terminating subprocesses.
[2025-01-25T18:16:54.765+0000] {logging_mixin.py:190} WARNING - Exception ignored in: <function WeakKeyDictionary.__init__.<locals>.remove at 0x7f98f439f380>
[2025-01-25T18:16:54.766+0000] {logging_mixin.py:190} WARNING - Traceback (most recent call last):
[2025-01-25T18:16:54.767+0000] {logging_mixin.py:190} WARNING -   File "/usr/local/lib/python3.12/weakref.py", line 369, in remove
[2025-01-25T18:16:54.768+0000] {logging_mixin.py:190} WARNING -     def remove(k, selfref=ref(self)):
[2025-01-25T18:16:54.768+0000] {logging_mixin.py:190} WARNING -   File "/home/***/.local/lib/python3.12/site-packages/***/models/taskinstance.py", line 3094, in signal_handler
[2025-01-25T18:16:54.769+0000] {logging_mixin.py:190} WARNING -     raise AirflowTaskTerminated("Task received SIGTERM signal")
[2025-01-25T18:16:54.769+0000] {logging_mixin.py:190} WARNING - ***.exceptions.AirflowTaskTerminated: Task received SIGTERM signal
[2025-01-25T18:16:55.165+0000] {accelerator_utils.py:41} INFO - Accelerator device: 'cpu'
[2025-01-25T18:16:55.615+0000] {base_pipeline.py:38} INFO - Processing document 3106200_2024-11-26_7140-page-5-9.pdf
[2025-01-25T18:17:09.906+0000] {document_converter.py:257} INFO - Finished converting document 3106200_2024-11-26_7140-page-5-9.pdf in 18.57 sec.
[2025-01-25T18:17:09.926+0000] {logging_mixin.py:190} INFO - Saving in path: /usr/local/***/data/preprocessed_documents/3106200_2024-11-26_7140-page-5-9.md
[2025-01-25T18:17:09.940+0000] {logging_mixin.py:190} INFO -                    file_uuid  ...               etl_timestamp
0    3106200_2024-11-26_7140  ...  2025-01-25 12:02:10.601409
1    3106200_2024-11-26_7140  ...  2025-01-25 12:02:10.601409
2    3106200_2024-11-26_7140  ...  2025-01-25 12:02:10.601409
3    3106200_2024-11-26_7140  ...  2025-01-25 12:02:10.601409
4    3106200_2024-11-26_7140  ...  2025-01-25 12:02:10.601409
..                       ...  ...                         ...
436  3106200_2024-12-12_7152  ...  2025-01-25 12:02:10.601409
437  3106200_2024-12-12_7152  ...  2025-01-25 12:02:10.601409
438  3106200_2024-12-12_7152  ...  2025-01-25 12:02:10.601409
0    3106200_2024-11-26_7140  ...  2025-01-25 18:16:51.311544
0    3106200_2024-11-26_7140  ...  2025-01-25 18:17:09.923494

[441 rows x 3 columns] file_uuid_breakdown
[2025-01-25T18:17:09.954+0000] {document_converter.py:242} INFO - Going to convert document batch...
[2025-01-25T18:17:10.115+0000] {accelerator_utils.py:41} INFO - Accelerator device: 'cpu'
[2025-01-25T18:17:12.734+0000] {accelerator_utils.py:41} INFO - Accelerator device: 'cpu'
[2025-01-25T18:17:13.197+0000] {accelerator_utils.py:41} INFO - Accelerator device: 'cpu'
[2025-01-25T18:17:13.642+0000] {base_pipeline.py:38} INFO - Processing document 3106200_2024-11-26_7140-page-10-14.pdf
[2025-01-25T18:17:27.325+0000] {document_converter.py:257} INFO - Finished converting document 3106200_2024-11-26_7140-page-10-14.pdf in 17.38 sec.
[2025-01-25T18:17:27.341+0000] {logging_mixin.py:190} INFO - Saving in path: /usr/local/***/data/preprocessed_documents/3106200_2024-11-26_7140-page-10-14.md
[2025-01-25T18:17:27.352+0000] {logging_mixin.py:190} INFO -                    file_uuid  ...               etl_timestamp
0    3106200_2024-11-26_7140  ...  2025-01-25 12:02:10.601409
1    3106200_2024-11-26_7140  ...  2025-01-25 12:02:10.601409
2    3106200_2024-11-26_7140  ...  2025-01-25 12:02:10.601409
3    3106200_2024-11-26_7140  ...  2025-01-25 12:02:10.601409
4    3106200_2024-11-26_7140  ...  2025-01-25 12:02:10.601409
..                       ...  ...                         ...
437  3106200_2024-12-12_7152  ...  2025-01-25 12:02:10.601409
438  3106200_2024-12-12_7152  ...  2025-01-25 12:02:10.601409
0    3106200_2024-11-26_7140  ...  2025-01-25 18:16:51.311544
0    3106200_2024-11-26_7140  ...  2025-01-25 18:17:09.923494
0    3106200_2024-11-26_7140  ...  2025-01-25 18:17:27.340404

[442 rows x 3 columns] file_uuid_breakdown
[2025-01-25T18:17:27.369+0000] {document_converter.py:242} INFO - Going to convert document batch...
[2025-01-25T18:17:27.520+0000] {accelerator_utils.py:41} INFO - Accelerator device: 'cpu'
[2025-01-25T18:17:29.571+0000] {accelerator_utils.py:41} INFO - Accelerator device: 'cpu'
[2025-01-25T18:17:29.993+0000] {accelerator_utils.py:41} INFO - Accelerator device: 'cpu'
[2025-01-25T18:17:30.389+0000] {base_pipeline.py:38} INFO - Processing document 3106200_2024-11-26_7140-page-15-19.pdf
[2025-01-25T18:17:44.765+0000] {document_converter.py:257} INFO - Finished converting document 3106200_2024-11-26_7140-page-15-19.pdf in 17.41 sec.
[2025-01-25T18:17:44.781+0000] {logging_mixin.py:190} INFO - Saving in path: /usr/local/***/data/preprocessed_documents/3106200_2024-11-26_7140-page-15-19.md
[2025-01-25T18:17:44.792+0000] {logging_mixin.py:190} INFO -                    file_uuid  ...               etl_timestamp
0    3106200_2024-11-26_7140  ...  2025-01-25 12:02:10.601409
1    3106200_2024-11-26_7140  ...  2025-01-25 12:02:10.601409
2    3106200_2024-11-26_7140  ...  2025-01-25 12:02:10.601409
3    3106200_2024-11-26_7140  ...  2025-01-25 12:02:10.601409
4    3106200_2024-11-26_7140  ...  2025-01-25 12:02:10.601409
..                       ...  ...                         ...
438  3106200_2024-12-12_7152  ...  2025-01-25 12:02:10.601409
0    3106200_2024-11-26_7140  ...  2025-01-25 18:16:51.311544
0    3106200_2024-11-26_7140  ...  2025-01-25 18:17:09.923494
0    3106200_2024-11-26_7140  ...  2025-01-25 18:17:27.340404
0    3106200_2024-11-26_7140  ...  2025-01-25 18:17:44.779417

[443 rows x 3 columns] file_uuid_breakdown
[2025-01-25T18:17:44.805+0000] {document_converter.py:242} INFO - Going to convert document batch...
[2025-01-25T18:17:44.998+0000] {accelerator_utils.py:41} INFO - Accelerator device: 'cpu'
[2025-01-25T18:17:47.112+0000] {accelerator_utils.py:41} INFO - Accelerator device: 'cpu'
[2025-01-25T18:17:47.913+0000] {accelerator_utils.py:41} INFO - Accelerator device: 'cpu'
[2025-01-25T18:17:48.281+0000] {base_pipeline.py:38} INFO - Processing document 3106200_2024-11-26_7140-page-20-24.pdf
[2025-01-25T18:17:54.432+0000] {process_utils.py:150} WARNING - process psutil.Process(pid=19050, name='airflow task ru', status='running', started='18:16:29') did not respond to SIGTERM. Trying SIGKILL
[2025-01-25T18:17:54.434+0000] {process_utils.py:87} INFO - Sending the signal 9 to group 19050
[2025-01-25T18:17:54.487+0000] {process_utils.py:80} INFO - Process psutil.Process(pid=19050, name='airflow task ru', status='terminated', exitcode=<Negsignal.SIGKILL: -9>, started='18:16:29') (19050) terminated with exit code -9
[2025-01-25T18:17:54.488+0000] {standard_task_runner.py:190} ERROR - ('Job 108 was killed before it finished (likely due to running out of memory)', 'For more information, see https://***.apache.org/docs/apache-***/stable/troubleshooting.html#LocalTaskJob-killed')
