[2025-01-31T23:08:16.340+0000] {local_task_job_runner.py:123} INFO - ::group::Pre task execution logs
[2025-01-31T23:08:16.361+0000] {taskinstance.py:2612} INFO - Dependencies all met for dep_context=non-requeueable deps ti=<TaskInstance: pull_gazettes_data.preprocess_documents_task scheduled__2025-01-29T00:00:00+00:00 [queued]>
[2025-01-31T23:08:16.371+0000] {taskinstance.py:2612} INFO - Dependencies all met for dep_context=requeueable deps ti=<TaskInstance: pull_gazettes_data.preprocess_documents_task scheduled__2025-01-29T00:00:00+00:00 [queued]>
[2025-01-31T23:08:16.372+0000] {taskinstance.py:2865} INFO - Starting attempt 1 of 2
[2025-01-31T23:08:16.388+0000] {taskinstance.py:2888} INFO - Executing <Task(PreprocessDocuments): preprocess_documents_task> on 2025-01-29 00:00:00+00:00
[2025-01-31T23:08:16.397+0000] {warnings.py:112} WARNING - /home/***/.local/lib/python3.12/site-packages/***/task/task_runner/standard_task_runner.py:70: DeprecationWarning: This process (pid=176) is multi-threaded, use of fork() may lead to deadlocks in the child.
  pid = os.fork()

[2025-01-31T23:08:16.399+0000] {standard_task_runner.py:72} INFO - Started process 185 to run task
[2025-01-31T23:08:16.401+0000] {standard_task_runner.py:104} INFO - Running: ['***', 'tasks', 'run', 'pull_gazettes_data', 'preprocess_documents_task', 'scheduled__2025-01-29T00:00:00+00:00', '--job-id', '284', '--raw', '--subdir', 'DAGS_FOLDER/dag_script.py', '--cfg-path', '/tmp/tmpuk21kniy']
[2025-01-31T23:08:16.403+0000] {standard_task_runner.py:105} INFO - Job 284: Subtask preprocess_documents_task
[2025-01-31T23:08:16.452+0000] {task_command.py:467} INFO - Running <TaskInstance: pull_gazettes_data.preprocess_documents_task scheduled__2025-01-29T00:00:00+00:00 [running]> on host 41bcec3d818b
[2025-01-31T23:08:16.548+0000] {taskinstance.py:3131} INFO - Exporting env vars: AIRFLOW_CTX_DAG_EMAIL='***@example.com' AIRFLOW_CTX_DAG_OWNER='***' AIRFLOW_CTX_DAG_ID='pull_gazettes_data' AIRFLOW_CTX_TASK_ID='preprocess_documents_task' AIRFLOW_CTX_EXECUTION_DATE='2025-01-29T00:00:00+00:00' AIRFLOW_CTX_TRY_NUMBER='1' AIRFLOW_CTX_DAG_RUN_ID='scheduled__2025-01-29T00:00:00+00:00'
[2025-01-31T23:08:16.550+0000] {taskinstance.py:731} INFO - ::endgroup::
[2025-01-31T23:08:16.569+0000] {logging_mixin.py:190} INFO - Checking pre processed documents log
[2025-01-31T23:08:16.571+0000] {logging_mixin.py:190} INFO - /usr/local/***/data/ingestion_checkpoint_logs/preprocessed_documents_log.csv False
[2025-01-31T23:08:21.336+0000] {logging_mixin.py:190} INFO - Saving in path: /usr/local/***/data/preprocessed_documents/3106200_2024-11-26_7140.txt
[2025-01-31T23:08:34.682+0000] {logging_mixin.py:190} INFO - Saving in path: /usr/local/***/data/preprocessed_documents/3106200_2024-11-27_7141.txt
[2025-01-31T23:08:44.664+0000] {logging_mixin.py:190} INFO - Saving in path: /usr/local/***/data/preprocessed_documents/3106200_2024-11-28_7142.txt
[2025-01-31T23:08:55.341+0000] {logging_mixin.py:190} INFO - Saving in path: /usr/local/***/data/preprocessed_documents/3106200_2024-11-29_7143.txt
[2025-01-31T23:09:05.702+0000] {logging_mixin.py:190} INFO - Saving in path: /usr/local/***/data/preprocessed_documents/3106200_2024-11-30_7144.txt
[2025-01-31T23:09:13.425+0000] {logging_mixin.py:190} INFO - Saving in path: /usr/local/***/data/preprocessed_documents/3106200_2024-12-03_7145.txt
[2025-01-31T23:09:22.253+0000] {logging_mixin.py:190} INFO - Saving in path: /usr/local/***/data/preprocessed_documents/3106200_2024-12-04_7146.txt
[2025-01-31T23:09:28.067+0000] {logging_mixin.py:190} INFO - Saving in path: /usr/local/***/data/preprocessed_documents/3106200_2024-12-05_7147.txt
[2025-01-31T23:09:35.171+0000] {logging_mixin.py:190} INFO - Saving in path: /usr/local/***/data/preprocessed_documents/3106200_2024-12-06_7148.txt
[2025-01-31T23:09:43.252+0000] {logging_mixin.py:190} INFO - Saving in path: /usr/local/***/data/preprocessed_documents/3106200_2024-12-07_7149.txt
[2025-01-31T23:09:45.965+0000] {logging_mixin.py:190} INFO - Saving in path: /usr/local/***/data/preprocessed_documents/3106200_2024-12-10_7150.txt
[2025-01-31T23:09:59.871+0000] {logging_mixin.py:190} INFO - Saving in path: /usr/local/***/data/preprocessed_documents/3106200_2024-12-11_7151.txt
[2025-01-31T23:10:03.595+0000] {logging_mixin.py:190} INFO - Saving in path: /usr/local/***/data/preprocessed_documents/3106200_2024-12-12_7152.txt
[2025-01-31T23:10:09.631+0000] {logging_mixin.py:190} INFO - Saving in path: /usr/local/***/data/preprocessed_documents/3106200_2024-12-13_7153.txt
[2025-01-31T23:10:17.948+0000] {logging_mixin.py:190} INFO - Saving in path: /usr/local/***/data/preprocessed_documents/3106200_2024-12-14_7154.txt
[2025-01-31T23:10:23.424+0000] {logging_mixin.py:190} INFO - Saving in path: /usr/local/***/data/preprocessed_documents/3106200_2024-12-17_7155.txt
[2025-01-31T23:10:23.453+0000] {taskinstance.py:340} INFO - ::group::Post task execution logs
[2025-01-31T23:10:23.454+0000] {taskinstance.py:352} INFO - Marking task as SUCCESS. dag_id=pull_gazettes_data, task_id=preprocess_documents_task, run_id=scheduled__2025-01-29T00:00:00+00:00, execution_date=20250129T000000, start_date=20250131T230816, end_date=20250131T231023
[2025-01-31T23:10:23.530+0000] {local_task_job_runner.py:266} INFO - Task exited with return code 0
[2025-01-31T23:10:23.567+0000] {taskinstance.py:3900} INFO - 1 downstream tasks scheduled from follow-on schedule check
[2025-01-31T23:10:23.570+0000] {local_task_job_runner.py:245} INFO - ::endgroup::
