[2025-01-21T23:15:35.766+0000] {local_task_job_runner.py:123} INFO - ::group::Pre task execution logs
[2025-01-21T23:15:35.790+0000] {taskinstance.py:2612} INFO - Dependencies all met for dep_context=non-requeueable deps ti=<TaskInstance: pull_gazettes_data.preprocess_documents_task manual__2025-01-21T01:21:40.948604+00:00 [queued]>
[2025-01-21T23:15:35.799+0000] {taskinstance.py:2612} INFO - Dependencies all met for dep_context=requeueable deps ti=<TaskInstance: pull_gazettes_data.preprocess_documents_task manual__2025-01-21T01:21:40.948604+00:00 [queued]>
[2025-01-21T23:15:35.800+0000] {taskinstance.py:2865} INFO - Starting attempt 5 of 5
[2025-01-21T23:15:35.818+0000] {taskinstance.py:2888} INFO - Executing <Task(PreprocessDocuments): preprocess_documents_task> on 2025-01-21 01:21:40.948604+00:00
[2025-01-21T23:15:35.835+0000] {warnings.py:112} WARNING - /home/***/.local/lib/python3.12/site-packages/***/task/task_runner/standard_task_runner.py:70: DeprecationWarning: This process (pid=569) is multi-threaded, use of fork() may lead to deadlocks in the child.
  pid = os.fork()

[2025-01-21T23:15:35.837+0000] {standard_task_runner.py:72} INFO - Started process 582 to run task
[2025-01-21T23:15:35.837+0000] {standard_task_runner.py:104} INFO - Running: ['***', 'tasks', 'run', 'pull_gazettes_data', 'preprocess_documents_task', 'manual__2025-01-21T01:21:40.948604+00:00', '--job-id', '23', '--raw', '--subdir', 'DAGS_FOLDER/dag_script.py', '--cfg-path', '/tmp/tmpzfhqy1bv']
[2025-01-21T23:15:35.840+0000] {standard_task_runner.py:105} INFO - Job 23: Subtask preprocess_documents_task
[2025-01-21T23:15:35.879+0000] {task_command.py:467} INFO - Running <TaskInstance: pull_gazettes_data.preprocess_documents_task manual__2025-01-21T01:21:40.948604+00:00 [running]> on host 518c18046a40
[2025-01-21T23:15:35.952+0000] {taskinstance.py:3131} INFO - Exporting env vars: AIRFLOW_CTX_DAG_EMAIL='***@example.com' AIRFLOW_CTX_DAG_OWNER='***' AIRFLOW_CTX_DAG_ID='pull_gazettes_data' AIRFLOW_CTX_TASK_ID='preprocess_documents_task' AIRFLOW_CTX_EXECUTION_DATE='2025-01-21T01:21:40.948604+00:00' AIRFLOW_CTX_TRY_NUMBER='5' AIRFLOW_CTX_DAG_RUN_ID='manual__2025-01-21T01:21:40.948604+00:00'
[2025-01-21T23:15:35.954+0000] {taskinstance.py:731} INFO - ::endgroup::
[2025-01-21T23:15:35.970+0000] {logging_mixin.py:190} INFO - Checking pre processed documents log
[2025-01-21T23:15:35.983+0000] {logging_mixin.py:190} INFO - Already preprocessed documents: set()
[2025-01-21T23:15:36.102+0000] {document_converter.py:238} INFO - Going to convert document batch...
[2025-01-21T23:15:36.425+0000] {accelerator_utils.py:41} INFO - Accelerator device: 'cpu'
[2025-01-21T23:15:38.440+0000] {accelerator_utils.py:41} INFO - Accelerator device: 'cpu'
[2025-01-21T23:15:38.973+0000] {accelerator_utils.py:41} INFO - Accelerator device: 'cpu'
[2025-01-21T23:15:39.409+0000] {base_pipeline.py:37} INFO - Processing document 3106200_2024-11-22_7138.pdf
