[2025-01-21T23:27:55.556+0000] {local_task_job_runner.py:123} INFO - ::group::Pre task execution logs
[2025-01-21T23:27:55.575+0000] {taskinstance.py:2612} INFO - Dependencies all met for dep_context=non-requeueable deps ti=<TaskInstance: pull_gazettes_data.preprocess_documents_task scheduled__2025-01-20T00:00:00+00:00 [queued]>
[2025-01-21T23:27:55.585+0000] {taskinstance.py:2612} INFO - Dependencies all met for dep_context=requeueable deps ti=<TaskInstance: pull_gazettes_data.preprocess_documents_task scheduled__2025-01-20T00:00:00+00:00 [queued]>
[2025-01-21T23:27:55.586+0000] {taskinstance.py:2865} INFO - Starting attempt 1 of 2
[2025-01-21T23:27:55.600+0000] {taskinstance.py:2888} INFO - Executing <Task(PreprocessDocuments): preprocess_documents_task> on 2025-01-20 00:00:00+00:00
[2025-01-21T23:27:55.619+0000] {warnings.py:112} WARNING - /home/***/.local/lib/python3.12/site-packages/***/task/task_runner/standard_task_runner.py:70: DeprecationWarning: This process (pid=405) is multi-threaded, use of fork() may lead to deadlocks in the child.
  pid = os.fork()

[2025-01-21T23:27:55.621+0000] {standard_task_runner.py:72} INFO - Started process 449 to run task
[2025-01-21T23:27:55.620+0000] {standard_task_runner.py:104} INFO - Running: ['***', 'tasks', 'run', 'pull_gazettes_data', 'preprocess_documents_task', 'scheduled__2025-01-20T00:00:00+00:00', '--job-id', '7', '--raw', '--subdir', 'DAGS_FOLDER/dag_script.py', '--cfg-path', '/tmp/tmpt9m4muhw']
[2025-01-21T23:27:55.622+0000] {standard_task_runner.py:105} INFO - Job 7: Subtask preprocess_documents_task
[2025-01-21T23:27:55.662+0000] {task_command.py:467} INFO - Running <TaskInstance: pull_gazettes_data.preprocess_documents_task scheduled__2025-01-20T00:00:00+00:00 [running]> on host 5792905bcb6a
[2025-01-21T23:27:55.734+0000] {taskinstance.py:3131} INFO - Exporting env vars: AIRFLOW_CTX_DAG_EMAIL='***@example.com' AIRFLOW_CTX_DAG_OWNER='***' AIRFLOW_CTX_DAG_ID='pull_gazettes_data' AIRFLOW_CTX_TASK_ID='preprocess_documents_task' AIRFLOW_CTX_EXECUTION_DATE='2025-01-20T00:00:00+00:00' AIRFLOW_CTX_TRY_NUMBER='1' AIRFLOW_CTX_DAG_RUN_ID='scheduled__2025-01-20T00:00:00+00:00'
[2025-01-21T23:27:55.735+0000] {taskinstance.py:731} INFO - ::endgroup::
[2025-01-21T23:27:55.747+0000] {logging_mixin.py:190} INFO - Checking pre processed documents log
[2025-01-21T23:27:55.763+0000] {logging_mixin.py:190} INFO - Already preprocessed documents: set()
[2025-01-21T23:27:55.924+0000] {document_converter.py:238} INFO - Going to convert document batch...
[2025-01-21T23:28:05.763+0000] {local_task_job_runner.py:346} WARNING - State of this instance has been externally set to upstream_failed. Terminating instance.
[2025-01-21T23:28:05.765+0000] {local_task_job_runner.py:245} INFO - ::endgroup::
[2025-01-21T23:28:05.770+0000] {process_utils.py:132} INFO - Sending 15 to group 449. PIDs of all processes in the group: [449]
[2025-01-21T23:28:05.771+0000] {process_utils.py:87} INFO - Sending the signal 15 to group 449
[2025-01-21T23:28:05.772+0000] {taskinstance.py:3092} ERROR - Received SIGTERM. Terminating subprocesses.
[2025-01-21T23:28:11.377+0000] {taskinstance.py:340} INFO - ::group::Post task execution logs
[2025-01-21T23:28:11.429+0000] {process_utils.py:80} INFO - Process psutil.Process(pid=449, status='terminated', exitcode=0, started='23:27:55') (449) terminated with exit code 0
[2025-01-24T20:05:53.637+0000] {local_task_job_runner.py:123} INFO - ::group::Pre task execution logs
[2025-01-24T20:05:53.660+0000] {taskinstance.py:2612} INFO - Dependencies all met for dep_context=non-requeueable deps ti=<TaskInstance: pull_gazettes_data.preprocess_documents_task scheduled__2025-01-20T00:00:00+00:00 [queued]>
[2025-01-24T20:05:53.672+0000] {taskinstance.py:2612} INFO - Dependencies all met for dep_context=requeueable deps ti=<TaskInstance: pull_gazettes_data.preprocess_documents_task scheduled__2025-01-20T00:00:00+00:00 [queued]>
[2025-01-24T20:05:53.673+0000] {taskinstance.py:2865} INFO - Starting attempt 1 of 2
[2025-01-24T20:05:53.692+0000] {taskinstance.py:2888} INFO - Executing <Task(PreprocessDocuments): preprocess_documents_task> on 2025-01-20 00:00:00+00:00
[2025-01-24T20:05:53.716+0000] {warnings.py:112} WARNING - /home/***/.local/lib/python3.12/site-packages/***/task/task_runner/standard_task_runner.py:70: DeprecationWarning: This process (pid=923) is multi-threaded, use of fork() may lead to deadlocks in the child.
  pid = os.fork()

[2025-01-24T20:05:53.719+0000] {standard_task_runner.py:72} INFO - Started process 967 to run task
[2025-01-24T20:05:53.718+0000] {standard_task_runner.py:104} INFO - Running: ['***', 'tasks', 'run', 'pull_gazettes_data', 'preprocess_documents_task', 'scheduled__2025-01-20T00:00:00+00:00', '--job-id', '20', '--raw', '--subdir', 'DAGS_FOLDER/dag_script.py', '--cfg-path', '/tmp/tmpbreojja4']
[2025-01-24T20:05:53.721+0000] {standard_task_runner.py:105} INFO - Job 20: Subtask preprocess_documents_task
[2025-01-24T20:05:53.780+0000] {task_command.py:467} INFO - Running <TaskInstance: pull_gazettes_data.preprocess_documents_task scheduled__2025-01-20T00:00:00+00:00 [running]> on host 972b45cbfb12
[2025-01-24T20:05:53.866+0000] {taskinstance.py:3131} INFO - Exporting env vars: AIRFLOW_CTX_DAG_EMAIL='***@example.com' AIRFLOW_CTX_DAG_OWNER='***' AIRFLOW_CTX_DAG_ID='pull_gazettes_data' AIRFLOW_CTX_TASK_ID='preprocess_documents_task' AIRFLOW_CTX_EXECUTION_DATE='2025-01-20T00:00:00+00:00' AIRFLOW_CTX_TRY_NUMBER='1' AIRFLOW_CTX_DAG_RUN_ID='scheduled__2025-01-20T00:00:00+00:00'
[2025-01-24T20:05:53.867+0000] {taskinstance.py:731} INFO - ::endgroup::
[2025-01-24T20:05:53.881+0000] {logging_mixin.py:190} INFO - Checking pre processed documents log
[2025-01-24T20:05:53.892+0000] {logging_mixin.py:190} INFO - Already preprocessed documents: set()
[2025-01-24T20:05:53.971+0000] {document_converter.py:242} INFO - Going to convert document batch...
[2025-01-24T20:05:54.267+0000] {accelerator_utils.py:41} INFO - Accelerator device: 'cpu'
[2025-01-24T20:05:56.597+0000] {accelerator_utils.py:41} INFO - Accelerator device: 'cpu'
[2025-01-24T20:05:57.284+0000] {accelerator_utils.py:41} INFO - Accelerator device: 'cpu'
[2025-01-24T20:05:57.892+0000] {base_pipeline.py:38} INFO - Processing document 3106200_2024-11-22_7138.pdf
[2025-01-24T20:07:22.800+0000] {job.py:229} INFO - Heartbeat recovered after 22.60 seconds
[2025-01-24T20:07:22.823+0000] {local_task_job_runner.py:266} INFO - Task exited with return code -9For more information, see https://***.apache.org/docs/apache-***/stable/troubleshooting.html#LocalTaskJob-killed
[2025-01-24T20:07:22.878+0000] {taskinstance.py:3900} INFO - 0 downstream tasks scheduled from follow-on schedule check
[2025-01-24T20:07:22.883+0000] {local_task_job_runner.py:245} INFO - ::endgroup::
