[2025-01-25T20:13:48.609+0000] {local_task_job_runner.py:123} INFO - ::group::Pre task execution logs
[2025-01-25T20:13:48.625+0000] {taskinstance.py:2612} INFO - Dependencies all met for dep_context=non-requeueable deps ti=<TaskInstance: pull_gazettes_data.upload_documents_to_s3_task manual__2025-01-25T20:13:16.586213+00:00 [queued]>
[2025-01-25T20:13:48.633+0000] {taskinstance.py:2612} INFO - Dependencies all met for dep_context=requeueable deps ti=<TaskInstance: pull_gazettes_data.upload_documents_to_s3_task manual__2025-01-25T20:13:16.586213+00:00 [queued]>
[2025-01-25T20:13:48.633+0000] {taskinstance.py:2865} INFO - Starting attempt 1 of 2
[2025-01-25T20:13:48.645+0000] {taskinstance.py:2888} INFO - Executing <Task(UploadContentToS3): upload_documents_to_s3_task> on 2025-01-25 20:13:16.586213+00:00
[2025-01-25T20:13:48.659+0000] {warnings.py:112} WARNING - /home/***/.local/lib/python3.12/site-packages/***/task/task_runner/standard_task_runner.py:70: DeprecationWarning: This process (pid=24591) is multi-threaded, use of fork() may lead to deadlocks in the child.
  pid = os.fork()

[2025-01-25T20:13:48.661+0000] {standard_task_runner.py:72} INFO - Started process 24632 to run task
[2025-01-25T20:13:48.660+0000] {standard_task_runner.py:104} INFO - Running: ['***', 'tasks', 'run', 'pull_gazettes_data', 'upload_documents_to_s3_task', 'manual__2025-01-25T20:13:16.586213+00:00', '--job-id', '143', '--raw', '--subdir', 'DAGS_FOLDER/dag_script.py', '--cfg-path', '/tmp/tmpt_schlqt']
[2025-01-25T20:13:48.663+0000] {standard_task_runner.py:105} INFO - Job 143: Subtask upload_documents_to_s3_task
[2025-01-25T20:13:48.708+0000] {task_command.py:467} INFO - Running <TaskInstance: pull_gazettes_data.upload_documents_to_s3_task manual__2025-01-25T20:13:16.586213+00:00 [running]> on host 41bcec3d818b
[2025-01-25T20:13:48.786+0000] {taskinstance.py:3131} INFO - Exporting env vars: AIRFLOW_CTX_DAG_EMAIL='***@example.com' AIRFLOW_CTX_DAG_OWNER='***' AIRFLOW_CTX_DAG_ID='pull_gazettes_data' AIRFLOW_CTX_TASK_ID='upload_documents_to_s3_task' AIRFLOW_CTX_EXECUTION_DATE='2025-01-25T20:13:16.586213+00:00' AIRFLOW_CTX_TRY_NUMBER='1' AIRFLOW_CTX_DAG_RUN_ID='manual__2025-01-25T20:13:16.586213+00:00'
[2025-01-25T20:13:48.788+0000] {taskinstance.py:731} INFO - ::endgroup::
[2025-01-25T20:13:48.807+0000] {base.py:84} INFO - Retrieving connection 'minio_s3_conn_id'
[2025-01-25T20:13:48.807+0000] {connection_wrapper.py:391} INFO - AWS Connection (conn_id='minio_s3_conn_id', conn_type='aws') credentials retrieved from extra.
[2025-01-25T20:13:48.808+0000] {warnings.py:112} WARNING - <string>:9: AirflowProviderDeprecationWarning: extra['host'] is deprecated and will be removed in a future release. Please set extra['endpoint_url'] instead

[2025-01-25T20:13:50.305+0000] {taskinstance.py:340} INFO - ::group::Post task execution logs
[2025-01-25T20:13:50.306+0000] {taskinstance.py:352} INFO - Marking task as SUCCESS. dag_id=pull_gazettes_data, task_id=upload_documents_to_s3_task, run_id=manual__2025-01-25T20:13:16.586213+00:00, execution_date=20250125T201316, start_date=20250125T201348, end_date=20250125T201350
[2025-01-25T20:13:50.361+0000] {local_task_job_runner.py:266} INFO - Task exited with return code 0
[2025-01-25T20:13:50.378+0000] {taskinstance.py:3900} INFO - 0 downstream tasks scheduled from follow-on schedule check
[2025-01-25T20:13:50.380+0000] {local_task_job_runner.py:245} INFO - ::endgroup::
