[2025-01-26T00:24:43.858+0000] {local_task_job_runner.py:123} INFO - ::group::Pre task execution logs
[2025-01-26T00:24:43.874+0000] {taskinstance.py:2612} INFO - Dependencies all met for dep_context=non-requeueable deps ti=<TaskInstance: pull_gazettes_data.download_contents_version_from_s3_task manual__2025-01-26T00:24:24.819020+00:00 [queued]>
[2025-01-26T00:24:43.883+0000] {taskinstance.py:2612} INFO - Dependencies all met for dep_context=requeueable deps ti=<TaskInstance: pull_gazettes_data.download_contents_version_from_s3_task manual__2025-01-26T00:24:24.819020+00:00 [queued]>
[2025-01-26T00:24:43.884+0000] {taskinstance.py:2865} INFO - Starting attempt 1 of 2
[2025-01-26T00:24:43.897+0000] {taskinstance.py:2888} INFO - Executing <Task(DownloadContentFromS3): download_contents_version_from_s3_task> on 2025-01-26 00:24:24.819020+00:00
[2025-01-26T00:24:43.916+0000] {warnings.py:112} WARNING - /home/***/.local/lib/python3.12/site-packages/***/task/task_runner/standard_task_runner.py:70: DeprecationWarning: This process (pid=37489) is multi-threaded, use of fork() may lead to deadlocks in the child.
  pid = os.fork()

[2025-01-26T00:24:43.918+0000] {standard_task_runner.py:72} INFO - Started process 37502 to run task
[2025-01-26T00:24:43.918+0000] {standard_task_runner.py:104} INFO - Running: ['***', 'tasks', 'run', 'pull_gazettes_data', 'download_contents_version_from_s3_task', 'manual__2025-01-26T00:24:24.819020+00:00', '--job-id', '211', '--raw', '--subdir', 'DAGS_FOLDER/dag_script.py', '--cfg-path', '/tmp/tmpy84c_h47']
[2025-01-26T00:24:43.920+0000] {standard_task_runner.py:105} INFO - Job 211: Subtask download_contents_version_from_s3_task
[2025-01-26T00:24:43.959+0000] {task_command.py:467} INFO - Running <TaskInstance: pull_gazettes_data.download_contents_version_from_s3_task manual__2025-01-26T00:24:24.819020+00:00 [running]> on host 41bcec3d818b
[2025-01-26T00:24:44.033+0000] {taskinstance.py:3131} INFO - Exporting env vars: AIRFLOW_CTX_DAG_EMAIL='***@example.com' AIRFLOW_CTX_DAG_OWNER='***' AIRFLOW_CTX_DAG_ID='pull_gazettes_data' AIRFLOW_CTX_TASK_ID='download_contents_version_from_s3_task' AIRFLOW_CTX_EXECUTION_DATE='2025-01-26T00:24:24.819020+00:00' AIRFLOW_CTX_TRY_NUMBER='1' AIRFLOW_CTX_DAG_RUN_ID='manual__2025-01-26T00:24:24.819020+00:00'
[2025-01-26T00:24:44.034+0000] {taskinstance.py:731} INFO - ::endgroup::
[2025-01-26T00:24:44.055+0000] {base.py:84} INFO - Retrieving connection 'minio_s3_conn_id'
[2025-01-26T00:24:44.056+0000] {connection_wrapper.py:391} INFO - AWS Connection (conn_id='minio_s3_conn_id', conn_type='aws') credentials retrieved from extra.
[2025-01-26T00:24:44.057+0000] {warnings.py:112} WARNING - <string>:9: AirflowProviderDeprecationWarning: extra['host'] is deprecated and will be removed in a future release. Please set extra['endpoint_url'] instead

[2025-01-26T00:24:44.564+0000] {s3.py:1422} INFO - Downloading source S3 file from Bucket diario-oficial-db-dump with path vector_db/index.faiss
[2025-01-26T00:24:44.796+0000] {s3.py:1422} INFO - Downloading source S3 file from Bucket diario-oficial-db-dump with path vector_db/index.pkl
[2025-01-26T00:24:44.875+0000] {s3.py:1422} INFO - Downloading source S3 file from Bucket diario-oficial-db-dump with path ingestion_checkpoint_logs/collection.json
[2025-01-26T00:24:44.926+0000] {s3.py:1422} INFO - Downloading source S3 file from Bucket diario-oficial-db-dump with path ingestion_checkpoint_logs/log_urls.csv
[2025-01-26T00:24:44.981+0000] {s3.py:1422} INFO - Downloading source S3 file from Bucket diario-oficial-db-dump with path ingestion_checkpoint_logs/preprocessed_documents_log.csv
[2025-01-26T00:24:45.028+0000] {taskinstance.py:340} INFO - ::group::Post task execution logs
[2025-01-26T00:24:45.029+0000] {taskinstance.py:352} INFO - Marking task as SUCCESS. dag_id=pull_gazettes_data, task_id=download_contents_version_from_s3_task, run_id=manual__2025-01-26T00:24:24.819020+00:00, execution_date=20250126T002424, start_date=20250126T002443, end_date=20250126T002445
[2025-01-26T00:24:45.096+0000] {local_task_job_runner.py:266} INFO - Task exited with return code 0
[2025-01-26T00:24:45.123+0000] {taskinstance.py:3900} INFO - 1 downstream tasks scheduled from follow-on schedule check
[2025-01-26T00:24:45.125+0000] {local_task_job_runner.py:245} INFO - ::endgroup::
