[2025-01-24T19:13:15.754+0000] {local_task_job_runner.py:123} INFO - ::group::Pre task execution logs
[2025-01-24T19:13:15.772+0000] {taskinstance.py:2612} INFO - Dependencies all met for dep_context=non-requeueable deps ti=<TaskInstance: pull_gazettes_data.request_gazettes_task scheduled__2025-01-23T00:00:00+00:00 [queued]>
[2025-01-24T19:13:15.781+0000] {taskinstance.py:2612} INFO - Dependencies all met for dep_context=requeueable deps ti=<TaskInstance: pull_gazettes_data.request_gazettes_task scheduled__2025-01-23T00:00:00+00:00 [queued]>
[2025-01-24T19:13:15.782+0000] {taskinstance.py:2865} INFO - Starting attempt 1 of 2
[2025-01-24T19:13:15.795+0000] {taskinstance.py:2888} INFO - Executing <Task(RequestGazettesTask): request_gazettes_task> on 2025-01-23 00:00:00+00:00
[2025-01-24T19:13:15.809+0000] {warnings.py:112} WARNING - /home/***/.local/lib/python3.12/site-packages/***/task/task_runner/standard_task_runner.py:70: DeprecationWarning: This process (pid=151) is multi-threaded, use of fork() may lead to deadlocks in the child.
  pid = os.fork()

[2025-01-24T19:13:15.815+0000] {standard_task_runner.py:72} INFO - Started process 177 to run task
[2025-01-24T19:13:15.814+0000] {standard_task_runner.py:104} INFO - Running: ['***', 'tasks', 'run', 'pull_gazettes_data', 'request_gazettes_task', 'scheduled__2025-01-23T00:00:00+00:00', '--job-id', '51', '--raw', '--subdir', 'DAGS_FOLDER/dag_script.py', '--cfg-path', '/tmp/tmp5tgpnolo']
[2025-01-24T19:13:15.817+0000] {standard_task_runner.py:105} INFO - Job 51: Subtask request_gazettes_task
[2025-01-24T19:13:15.855+0000] {task_command.py:467} INFO - Running <TaskInstance: pull_gazettes_data.request_gazettes_task scheduled__2025-01-23T00:00:00+00:00 [running]> on host 5792905bcb6a
[2025-01-24T19:13:15.944+0000] {taskinstance.py:3131} INFO - Exporting env vars: AIRFLOW_CTX_DAG_EMAIL='***@example.com' AIRFLOW_CTX_DAG_OWNER='***' AIRFLOW_CTX_DAG_ID='pull_gazettes_data' AIRFLOW_CTX_TASK_ID='request_gazettes_task' AIRFLOW_CTX_EXECUTION_DATE='2025-01-23T00:00:00+00:00' AIRFLOW_CTX_TRY_NUMBER='1' AIRFLOW_CTX_DAG_RUN_ID='scheduled__2025-01-23T00:00:00+00:00'
[2025-01-24T19:13:15.945+0000] {taskinstance.py:731} INFO - ::endgroup::
[2025-01-24T19:13:15.956+0000] {logging_mixin.py:190} INFO - Running for start_date: 2024-11-24, end_date: 2025-01-22
[2025-01-24T19:13:16.431+0000] {logging_mixin.py:190} INFO - Total number of Gazettes: 18
[2025-01-24T19:13:16.432+0000] {logging_mixin.py:190} INFO - log request call: https://queridodiario.ok.org.br/api/gazettes, params: {'size': 1, 'excerpt_size': 500, 'published_since': '2024-11-24', 'published_until': '2025-01-22', 'territory_ids': '3106200', 'offset': 0}
[2025-01-24T19:13:26.407+0000] {logging_mixin.py:190} INFO - Managing URL log
[2025-01-24T19:13:26.421+0000] {logging_mixin.py:190} INFO - Skipping text url: https://querido-diario.nyc3.cdn.digitaloceanspaces.com/3106200/2024-12-04/2f3fa75cbb72b4671c4812b62e53c433cf637d12.pdf because it was already downloaded in 2025-01-21 01:21:58.300991
[2025-01-24T19:13:26.422+0000] {logging_mixin.py:190} INFO - Skipping text url: https://querido-diario.nyc3.cdn.digitaloceanspaces.com/3106200/2024-12-03/2e2230428985c8a5f626351043277a8a194842bb.pdf because it was already downloaded in 2025-01-21 01:21:58.300991
[2025-01-24T19:13:26.423+0000] {logging_mixin.py:190} INFO - Skipping text url: https://querido-diario.nyc3.cdn.digitaloceanspaces.com/3106200/2024-11-26/6097e2561a6eae98b5643916be1bac501848a93d.pdf because it was already downloaded in 2025-01-21 01:21:58.300991
[2025-01-24T19:13:26.424+0000] {logging_mixin.py:190} INFO - Skipping text url: https://querido-diario.nyc3.cdn.digitaloceanspaces.com/3106200/2024-11-29/2ebda37cada8f9524a8ccb3fae21dbee00883c04.pdf because it was already downloaded in 2025-01-21 01:21:58.300991
[2025-01-24T19:13:26.425+0000] {logging_mixin.py:190} INFO - Skipping text url: https://querido-diario.nyc3.cdn.digitaloceanspaces.com/3106200/2024-11-28/e377828e9e99ad1a1c2efe0eeb31947f231fc91c.pdf because it was already downloaded in 2025-01-21 01:21:58.300991
[2025-01-24T19:13:26.425+0000] {logging_mixin.py:190} INFO - Skipping text url: https://querido-diario.nyc3.cdn.digitaloceanspaces.com/3106200/2024-11-27/39a26d5c5a0997efe26e11dd8c4e17e7de88aca6.pdf because it was already downloaded in 2025-01-21 01:21:58.300991
[2025-01-24T19:13:26.426+0000] {logging_mixin.py:190} INFO - Skipping text url: https://querido-diario.nyc3.cdn.digitaloceanspaces.com/3106200/2024-11-30/a5f29fd1dde29673d89a49fff0bbf0dba35f0e6d.pdf because it was already downloaded in 2025-01-21 01:21:58.300991
[2025-01-24T19:13:26.427+0000] {logging_mixin.py:190} INFO - Skipping text url: https://querido-diario.nyc3.cdn.digitaloceanspaces.com/3106200/2024-12-11/20e7c0c59915bdb968b474911e69c3a6aa720516.pdf because it was already downloaded in 2025-01-21 01:21:58.300991
[2025-01-24T19:13:26.428+0000] {logging_mixin.py:190} INFO - Skipping text url: https://querido-diario.nyc3.cdn.digitaloceanspaces.com/3106200/2024-12-06/d52c820d8bb6d5e26f19216bb75cf3110a2c2060.pdf because it was already downloaded in 2025-01-21 01:21:58.300991
[2025-01-24T19:13:26.428+0000] {logging_mixin.py:190} INFO - Skipping text url: https://querido-diario.nyc3.cdn.digitaloceanspaces.com/3106200/2024-12-07/d14f90c1d8597e384deee8cf1d2bbf2271c9066b.pdf because it was already downloaded in 2025-01-21 01:21:58.300991
[2025-01-24T19:13:26.429+0000] {logging_mixin.py:190} INFO - Skipping text url: https://querido-diario.nyc3.cdn.digitaloceanspaces.com/3106200/2024-12-10/519176a7cc288344b54dc462f28a7bff38f0d1c8.pdf because it was already downloaded in 2025-01-21 01:21:58.300991
[2025-01-24T19:13:26.430+0000] {logging_mixin.py:190} INFO - Skipping text url: https://querido-diario.nyc3.cdn.digitaloceanspaces.com/3106200/2024-12-05/7d8a290156993f6beb8eed5d041258950e9b4c2d.pdf because it was already downloaded in 2025-01-21 01:21:58.300991
[2025-01-24T19:13:26.430+0000] {logging_mixin.py:190} INFO - Skipping text url: https://querido-diario.nyc3.cdn.digitaloceanspaces.com/3106200/2024-12-19/fa771a286c095dd9faf497a166b8353e28b0c515.pdf because it was already downloaded in 2025-01-21 01:21:58.300991
[2025-01-24T19:13:26.431+0000] {logging_mixin.py:190} INFO - Skipping text url: https://querido-diario.nyc3.cdn.digitaloceanspaces.com/3106200/2024-12-18/6861cc2d150a5545f9d7d9e925e878ac5b4e7a31.pdf because it was already downloaded in 2025-01-21 01:21:58.300991
[2025-01-24T19:13:26.432+0000] {logging_mixin.py:190} INFO - Skipping text url: https://querido-diario.nyc3.cdn.digitaloceanspaces.com/3106200/2024-12-17/2d6c6b4f17f03de27a15537564469fdcb6a29062.pdf because it was already downloaded in 2025-01-21 01:21:58.300991
[2025-01-24T19:13:26.433+0000] {logging_mixin.py:190} INFO - Skipping text url: https://querido-diario.nyc3.cdn.digitaloceanspaces.com/3106200/2024-12-13/6de0f87a7b2ea94c0d2580b8a4cde09550d30252.pdf because it was already downloaded in 2025-01-21 01:21:58.300991
[2025-01-24T19:13:26.434+0000] {logging_mixin.py:190} INFO - Skipping text url: https://querido-diario.nyc3.cdn.digitaloceanspaces.com/3106200/2024-12-12/65ed90146a7204c7377bf987cd6d81c1752e4ad8.pdf because it was already downloaded in 2025-01-21 01:21:58.300991
[2025-01-24T19:13:26.434+0000] {logging_mixin.py:190} INFO - Skipping text url: https://querido-diario.nyc3.cdn.digitaloceanspaces.com/3106200/2024-12-14/2fa7c07a7f3283c99496be15575a1f56979d14ff.pdf because it was already downloaded in 2025-01-21 01:21:58.300991
[2025-01-24T19:13:26.452+0000] {taskinstance.py:340} INFO - ::group::Post task execution logs
[2025-01-24T19:13:26.453+0000] {taskinstance.py:352} INFO - Marking task as SUCCESS. dag_id=pull_gazettes_data, task_id=request_gazettes_task, run_id=scheduled__2025-01-23T00:00:00+00:00, execution_date=20250123T000000, start_date=20250124T191315, end_date=20250124T191326
[2025-01-24T19:13:26.518+0000] {local_task_job_runner.py:266} INFO - Task exited with return code 0
[2025-01-24T19:13:26.549+0000] {taskinstance.py:3900} INFO - 1 downstream tasks scheduled from follow-on schedule check
[2025-01-24T19:13:26.551+0000] {local_task_job_runner.py:245} INFO - ::endgroup::
[2025-01-24T20:00:28.088+0000] {local_task_job_runner.py:123} INFO - ::group::Pre task execution logs
[2025-01-24T20:00:28.105+0000] {taskinstance.py:2612} INFO - Dependencies all met for dep_context=non-requeueable deps ti=<TaskInstance: pull_gazettes_data.request_gazettes_task scheduled__2025-01-23T00:00:00+00:00 [queued]>
[2025-01-24T20:00:28.114+0000] {taskinstance.py:2612} INFO - Dependencies all met for dep_context=requeueable deps ti=<TaskInstance: pull_gazettes_data.request_gazettes_task scheduled__2025-01-23T00:00:00+00:00 [queued]>
[2025-01-24T20:00:28.114+0000] {taskinstance.py:2865} INFO - Starting attempt 1 of 2
[2025-01-24T20:00:28.127+0000] {taskinstance.py:2888} INFO - Executing <Task(RequestGazettesTask): request_gazettes_task> on 2025-01-23 00:00:00+00:00
[2025-01-24T20:00:28.146+0000] {warnings.py:112} WARNING - /home/***/.local/lib/python3.12/site-packages/***/task/task_runner/standard_task_runner.py:70: DeprecationWarning: This process (pid=504) is multi-threaded, use of fork() may lead to deadlocks in the child.
  pid = os.fork()

[2025-01-24T20:00:28.147+0000] {standard_task_runner.py:72} INFO - Started process 531 to run task
[2025-01-24T20:00:28.147+0000] {standard_task_runner.py:104} INFO - Running: ['***', 'tasks', 'run', 'pull_gazettes_data', 'request_gazettes_task', 'scheduled__2025-01-23T00:00:00+00:00', '--job-id', '9', '--raw', '--subdir', 'DAGS_FOLDER/dag_script.py', '--cfg-path', '/tmp/tmprdk970np']
[2025-01-24T20:00:28.149+0000] {standard_task_runner.py:105} INFO - Job 9: Subtask request_gazettes_task
[2025-01-24T20:00:28.194+0000] {task_command.py:467} INFO - Running <TaskInstance: pull_gazettes_data.request_gazettes_task scheduled__2025-01-23T00:00:00+00:00 [running]> on host 972b45cbfb12
[2025-01-24T20:00:28.290+0000] {taskinstance.py:3131} INFO - Exporting env vars: AIRFLOW_CTX_DAG_EMAIL='***@example.com' AIRFLOW_CTX_DAG_OWNER='***' AIRFLOW_CTX_DAG_ID='pull_gazettes_data' AIRFLOW_CTX_TASK_ID='request_gazettes_task' AIRFLOW_CTX_EXECUTION_DATE='2025-01-23T00:00:00+00:00' AIRFLOW_CTX_TRY_NUMBER='1' AIRFLOW_CTX_DAG_RUN_ID='scheduled__2025-01-23T00:00:00+00:00'
[2025-01-24T20:00:28.292+0000] {taskinstance.py:731} INFO - ::endgroup::
[2025-01-24T20:00:28.305+0000] {logging_mixin.py:190} INFO - Running for start_date: 2024-11-24, end_date: 2025-01-22
[2025-01-24T20:00:28.869+0000] {logging_mixin.py:190} INFO - Total number of Gazettes: 18
[2025-01-24T20:00:28.870+0000] {logging_mixin.py:190} INFO - log request call: https://queridodiario.ok.org.br/api/gazettes, params: {'size': 1, 'excerpt_size': 500, 'published_since': '2024-11-24', 'published_until': '2025-01-22', 'territory_ids': '3106200', 'offset': 0}
[2025-01-24T20:00:36.981+0000] {logging_mixin.py:190} INFO - Managing URL log
[2025-01-24T20:00:37.016+0000] {logging_mixin.py:190} INFO - Skipping text url: https://querido-diario.nyc3.cdn.digitaloceanspaces.com/3106200/2024-12-04/2f3fa75cbb72b4671c4812b62e53c433cf637d12.pdf because it was already downloaded in 2025-01-21 01:21:58.300991
[2025-01-24T20:00:37.017+0000] {logging_mixin.py:190} INFO - Skipping text url: https://querido-diario.nyc3.cdn.digitaloceanspaces.com/3106200/2024-12-03/2e2230428985c8a5f626351043277a8a194842bb.pdf because it was already downloaded in 2025-01-21 01:21:58.300991
[2025-01-24T20:00:37.018+0000] {logging_mixin.py:190} INFO - Skipping text url: https://querido-diario.nyc3.cdn.digitaloceanspaces.com/3106200/2024-11-26/6097e2561a6eae98b5643916be1bac501848a93d.pdf because it was already downloaded in 2025-01-21 01:21:58.300991
[2025-01-24T20:00:37.018+0000] {logging_mixin.py:190} INFO - Skipping text url: https://querido-diario.nyc3.cdn.digitaloceanspaces.com/3106200/2024-11-29/2ebda37cada8f9524a8ccb3fae21dbee00883c04.pdf because it was already downloaded in 2025-01-21 01:21:58.300991
[2025-01-24T20:00:37.019+0000] {logging_mixin.py:190} INFO - Skipping text url: https://querido-diario.nyc3.cdn.digitaloceanspaces.com/3106200/2024-11-28/e377828e9e99ad1a1c2efe0eeb31947f231fc91c.pdf because it was already downloaded in 2025-01-21 01:21:58.300991
[2025-01-24T20:00:37.020+0000] {logging_mixin.py:190} INFO - Skipping text url: https://querido-diario.nyc3.cdn.digitaloceanspaces.com/3106200/2024-11-27/39a26d5c5a0997efe26e11dd8c4e17e7de88aca6.pdf because it was already downloaded in 2025-01-21 01:21:58.300991
[2025-01-24T20:00:37.021+0000] {logging_mixin.py:190} INFO - Skipping text url: https://querido-diario.nyc3.cdn.digitaloceanspaces.com/3106200/2024-11-30/a5f29fd1dde29673d89a49fff0bbf0dba35f0e6d.pdf because it was already downloaded in 2025-01-21 01:21:58.300991
[2025-01-24T20:00:37.022+0000] {logging_mixin.py:190} INFO - Skipping text url: https://querido-diario.nyc3.cdn.digitaloceanspaces.com/3106200/2024-12-11/20e7c0c59915bdb968b474911e69c3a6aa720516.pdf because it was already downloaded in 2025-01-21 01:21:58.300991
[2025-01-24T20:00:37.023+0000] {logging_mixin.py:190} INFO - Skipping text url: https://querido-diario.nyc3.cdn.digitaloceanspaces.com/3106200/2024-12-06/d52c820d8bb6d5e26f19216bb75cf3110a2c2060.pdf because it was already downloaded in 2025-01-21 01:21:58.300991
[2025-01-24T20:00:37.024+0000] {logging_mixin.py:190} INFO - Skipping text url: https://querido-diario.nyc3.cdn.digitaloceanspaces.com/3106200/2024-12-07/d14f90c1d8597e384deee8cf1d2bbf2271c9066b.pdf because it was already downloaded in 2025-01-21 01:21:58.300991
[2025-01-24T20:00:37.025+0000] {logging_mixin.py:190} INFO - Skipping text url: https://querido-diario.nyc3.cdn.digitaloceanspaces.com/3106200/2024-12-10/519176a7cc288344b54dc462f28a7bff38f0d1c8.pdf because it was already downloaded in 2025-01-21 01:21:58.300991
[2025-01-24T20:00:37.026+0000] {logging_mixin.py:190} INFO - Skipping text url: https://querido-diario.nyc3.cdn.digitaloceanspaces.com/3106200/2024-12-05/7d8a290156993f6beb8eed5d041258950e9b4c2d.pdf because it was already downloaded in 2025-01-21 01:21:58.300991
[2025-01-24T20:00:37.027+0000] {logging_mixin.py:190} INFO - Skipping text url: https://querido-diario.nyc3.cdn.digitaloceanspaces.com/3106200/2024-12-19/fa771a286c095dd9faf497a166b8353e28b0c515.pdf because it was already downloaded in 2025-01-21 01:21:58.300991
[2025-01-24T20:00:37.028+0000] {logging_mixin.py:190} INFO - Skipping text url: https://querido-diario.nyc3.cdn.digitaloceanspaces.com/3106200/2024-12-18/6861cc2d150a5545f9d7d9e925e878ac5b4e7a31.pdf because it was already downloaded in 2025-01-21 01:21:58.300991
[2025-01-24T20:00:37.029+0000] {logging_mixin.py:190} INFO - Skipping text url: https://querido-diario.nyc3.cdn.digitaloceanspaces.com/3106200/2024-12-17/2d6c6b4f17f03de27a15537564469fdcb6a29062.pdf because it was already downloaded in 2025-01-21 01:21:58.300991
[2025-01-24T20:00:37.029+0000] {logging_mixin.py:190} INFO - Skipping text url: https://querido-diario.nyc3.cdn.digitaloceanspaces.com/3106200/2024-12-13/6de0f87a7b2ea94c0d2580b8a4cde09550d30252.pdf because it was already downloaded in 2025-01-21 01:21:58.300991
[2025-01-24T20:00:37.031+0000] {logging_mixin.py:190} INFO - Skipping text url: https://querido-diario.nyc3.cdn.digitaloceanspaces.com/3106200/2024-12-12/65ed90146a7204c7377bf987cd6d81c1752e4ad8.pdf because it was already downloaded in 2025-01-21 01:21:58.300991
[2025-01-24T20:00:37.031+0000] {logging_mixin.py:190} INFO - Skipping text url: https://querido-diario.nyc3.cdn.digitaloceanspaces.com/3106200/2024-12-14/2fa7c07a7f3283c99496be15575a1f56979d14ff.pdf because it was already downloaded in 2025-01-21 01:21:58.300991
[2025-01-24T20:00:37.052+0000] {taskinstance.py:340} INFO - ::group::Post task execution logs
[2025-01-24T20:00:37.053+0000] {taskinstance.py:352} INFO - Marking task as SUCCESS. dag_id=pull_gazettes_data, task_id=request_gazettes_task, run_id=scheduled__2025-01-23T00:00:00+00:00, execution_date=20250123T000000, start_date=20250124T200028, end_date=20250124T200037
[2025-01-24T20:00:37.106+0000] {local_task_job_runner.py:266} INFO - Task exited with return code 0
[2025-01-24T20:00:37.132+0000] {taskinstance.py:3900} INFO - 1 downstream tasks scheduled from follow-on schedule check
[2025-01-24T20:00:37.133+0000] {local_task_job_runner.py:245} INFO - ::endgroup::
[2025-01-24T23:13:23.805+0000] {local_task_job_runner.py:123} INFO - ::group::Pre task execution logs
[2025-01-24T23:13:23.830+0000] {taskinstance.py:2602} INFO - Dependencies not met for <TaskInstance: pull_gazettes_data.request_gazettes_task scheduled__2025-01-23T00:00:00+00:00 [upstream_failed]>, dependency 'Task Instance State' FAILED: Task is in the 'upstream_failed' state.
[2025-01-24T23:13:23.831+0000] {taskinstance.py:2602} INFO - Dependencies not met for <TaskInstance: pull_gazettes_data.request_gazettes_task scheduled__2025-01-23T00:00:00+00:00 [upstream_failed]>, dependency 'Trigger Rule' FAILED: Task's trigger rule 'all_success' requires all upstream tasks to have succeeded, but found 1 non-success(es). upstream_states=_UpstreamTIStates(success=0, skipped=0, failed=1, upstream_failed=0, removed=0, done=1, success_setup=0, skipped_setup=0), upstream_task_ids={'init_folders_task'}
[2025-01-24T23:13:23.833+0000] {local_task_job_runner.py:166} INFO - Task is not able to be run
