[2025-01-24T20:04:39.776+0000] {local_task_job_runner.py:123} INFO - ::group::Pre task execution logs
[2025-01-24T20:04:39.793+0000] {taskinstance.py:2612} INFO - Dependencies all met for dep_context=non-requeueable deps ti=<TaskInstance: pull_gazettes_data.preprocess_documents_task manual__2025-01-24T20:00:00.044749+00:00 [queued]>
[2025-01-24T20:04:39.802+0000] {taskinstance.py:2612} INFO - Dependencies all met for dep_context=requeueable deps ti=<TaskInstance: pull_gazettes_data.preprocess_documents_task manual__2025-01-24T20:00:00.044749+00:00 [queued]>
[2025-01-24T20:04:39.803+0000] {taskinstance.py:2865} INFO - Starting attempt 2 of 3
[2025-01-24T20:04:39.816+0000] {taskinstance.py:2888} INFO - Executing <Task(PreprocessDocuments): preprocess_documents_task> on 2025-01-24 20:00:00.044749+00:00
[2025-01-24T20:04:39.829+0000] {warnings.py:112} WARNING - /home/***/.local/lib/python3.12/site-packages/***/task/task_runner/standard_task_runner.py:70: DeprecationWarning: This process (pid=755) is multi-threaded, use of fork() may lead to deadlocks in the child.
  pid = os.fork()

[2025-01-24T20:04:39.830+0000] {standard_task_runner.py:72} INFO - Started process 768 to run task
[2025-01-24T20:04:39.830+0000] {standard_task_runner.py:104} INFO - Running: ['***', 'tasks', 'run', 'pull_gazettes_data', 'preprocess_documents_task', 'manual__2025-01-24T20:00:00.044749+00:00', '--job-id', '12', '--raw', '--subdir', 'DAGS_FOLDER/dag_script.py', '--cfg-path', '/tmp/tmp385js7x9']
[2025-01-24T20:04:39.833+0000] {standard_task_runner.py:105} INFO - Job 12: Subtask preprocess_documents_task
[2025-01-24T20:04:39.874+0000] {task_command.py:467} INFO - Running <TaskInstance: pull_gazettes_data.preprocess_documents_task manual__2025-01-24T20:00:00.044749+00:00 [running]> on host 972b45cbfb12
[2025-01-24T20:04:39.939+0000] {taskinstance.py:3131} INFO - Exporting env vars: AIRFLOW_CTX_DAG_EMAIL='***@example.com' AIRFLOW_CTX_DAG_OWNER='***' AIRFLOW_CTX_DAG_ID='pull_gazettes_data' AIRFLOW_CTX_TASK_ID='preprocess_documents_task' AIRFLOW_CTX_EXECUTION_DATE='2025-01-24T20:00:00.044749+00:00' AIRFLOW_CTX_TRY_NUMBER='2' AIRFLOW_CTX_DAG_RUN_ID='manual__2025-01-24T20:00:00.044749+00:00'
[2025-01-24T20:04:39.941+0000] {taskinstance.py:731} INFO - ::endgroup::
[2025-01-24T20:04:39.952+0000] {logging_mixin.py:190} INFO - Checking pre processed documents log
[2025-01-24T20:04:39.962+0000] {logging_mixin.py:190} INFO - Already preprocessed documents: set()
[2025-01-24T20:04:40.032+0000] {document_converter.py:242} INFO - Going to convert document batch...
[2025-01-24T20:04:40.305+0000] {accelerator_utils.py:41} INFO - Accelerator device: 'cpu'
[2025-01-24T20:04:42.604+0000] {accelerator_utils.py:41} INFO - Accelerator device: 'cpu'
[2025-01-24T20:04:43.193+0000] {accelerator_utils.py:41} INFO - Accelerator device: 'cpu'
[2025-01-24T20:04:43.575+0000] {base_pipeline.py:38} INFO - Processing document 3106200_2024-11-22_7138.pdf
[2025-01-24T20:05:25.304+0000] {local_task_job_runner.py:346} WARNING - State of this instance has been externally set to failed. Terminating instance.
[2025-01-24T20:05:25.306+0000] {local_task_job_runner.py:245} INFO - ::endgroup::
[2025-01-24T20:05:25.307+0000] {process_utils.py:132} INFO - Sending 15 to group 768. PIDs of all processes in the group: [768]
[2025-01-24T20:05:25.308+0000] {process_utils.py:87} INFO - Sending the signal 15 to group 768
[2025-01-24T20:05:25.308+0000] {taskinstance.py:3092} ERROR - Received SIGTERM. Terminating subprocesses.
[2025-01-24T20:05:25.371+0000] {taskinstance.py:340} INFO - ::group::Post task execution logs
[2025-01-24T20:05:25.441+0000] {process_utils.py:80} INFO - Process psutil.Process(pid=768, status='terminated', exitcode=0, started='20:04:39') (768) terminated with exit code 0
