[2025-01-24T19:13:34.698+0000] {local_task_job_runner.py:123} INFO - ::group::Pre task execution logs
[2025-01-24T19:13:34.719+0000] {taskinstance.py:2612} INFO - Dependencies all met for dep_context=non-requeueable deps ti=<TaskInstance: pull_gazettes_data.preprocess_documents_task scheduled__2025-01-23T00:00:00+00:00 [queued]>
[2025-01-24T19:13:34.728+0000] {taskinstance.py:2612} INFO - Dependencies all met for dep_context=requeueable deps ti=<TaskInstance: pull_gazettes_data.preprocess_documents_task scheduled__2025-01-23T00:00:00+00:00 [queued]>
[2025-01-24T19:13:34.729+0000] {taskinstance.py:2865} INFO - Starting attempt 1 of 2
[2025-01-24T19:13:34.741+0000] {taskinstance.py:2888} INFO - Executing <Task(PreprocessDocuments): preprocess_documents_task> on 2025-01-23 00:00:00+00:00
[2025-01-24T19:13:34.757+0000] {warnings.py:112} WARNING - /home/***/.local/lib/python3.12/site-packages/***/task/task_runner/standard_task_runner.py:70: DeprecationWarning: This process (pid=182) is multi-threaded, use of fork() may lead to deadlocks in the child.
  pid = os.fork()

[2025-01-24T19:13:34.758+0000] {standard_task_runner.py:72} INFO - Started process 231 to run task
[2025-01-24T19:13:34.758+0000] {standard_task_runner.py:104} INFO - Running: ['***', 'tasks', 'run', 'pull_gazettes_data', 'preprocess_documents_task', 'scheduled__2025-01-23T00:00:00+00:00', '--job-id', '53', '--raw', '--subdir', 'DAGS_FOLDER/dag_script.py', '--cfg-path', '/tmp/tmphqzurz21']
[2025-01-24T19:13:34.760+0000] {standard_task_runner.py:105} INFO - Job 53: Subtask preprocess_documents_task
[2025-01-24T19:13:34.802+0000] {task_command.py:467} INFO - Running <TaskInstance: pull_gazettes_data.preprocess_documents_task scheduled__2025-01-23T00:00:00+00:00 [running]> on host 5792905bcb6a
[2025-01-24T19:13:34.884+0000] {taskinstance.py:3131} INFO - Exporting env vars: AIRFLOW_CTX_DAG_EMAIL='***@example.com' AIRFLOW_CTX_DAG_OWNER='***' AIRFLOW_CTX_DAG_ID='pull_gazettes_data' AIRFLOW_CTX_TASK_ID='preprocess_documents_task' AIRFLOW_CTX_EXECUTION_DATE='2025-01-23T00:00:00+00:00' AIRFLOW_CTX_TRY_NUMBER='1' AIRFLOW_CTX_DAG_RUN_ID='scheduled__2025-01-23T00:00:00+00:00'
[2025-01-24T19:13:34.886+0000] {taskinstance.py:731} INFO - ::endgroup::
[2025-01-24T19:13:34.901+0000] {logging_mixin.py:190} INFO - Checking pre processed documents log
[2025-01-24T19:13:34.913+0000] {logging_mixin.py:190} INFO - Already preprocessed documents: set()
[2025-01-24T19:13:35.049+0000] {document_converter.py:238} INFO - Going to convert document batch...
[2025-01-24T19:13:35.327+0000] {accelerator_utils.py:41} INFO - Accelerator device: 'cpu'
[2025-01-24T19:13:37.767+0000] {accelerator_utils.py:41} INFO - Accelerator device: 'cpu'
[2025-01-24T19:13:38.415+0000] {accelerator_utils.py:41} INFO - Accelerator device: 'cpu'
[2025-01-24T19:13:38.849+0000] {base_pipeline.py:37} INFO - Processing document 3106200_2024-11-22_7138.pdf
[2025-01-24T20:00:45.231+0000] {local_task_job_runner.py:123} INFO - ::group::Pre task execution logs
[2025-01-24T20:00:45.247+0000] {taskinstance.py:2612} INFO - Dependencies all met for dep_context=non-requeueable deps ti=<TaskInstance: pull_gazettes_data.preprocess_documents_task scheduled__2025-01-23T00:00:00+00:00 [queued]>
[2025-01-24T20:00:45.255+0000] {taskinstance.py:2612} INFO - Dependencies all met for dep_context=requeueable deps ti=<TaskInstance: pull_gazettes_data.preprocess_documents_task scheduled__2025-01-23T00:00:00+00:00 [queued]>
[2025-01-24T20:00:45.256+0000] {taskinstance.py:2865} INFO - Starting attempt 1 of 2
[2025-01-24T20:00:45.271+0000] {taskinstance.py:2888} INFO - Executing <Task(PreprocessDocuments): preprocess_documents_task> on 2025-01-23 00:00:00+00:00
[2025-01-24T20:00:45.289+0000] {warnings.py:112} WARNING - /home/***/.local/lib/python3.12/site-packages/***/task/task_runner/standard_task_runner.py:70: DeprecationWarning: This process (pid=547) is multi-threaded, use of fork() may lead to deadlocks in the child.
  pid = os.fork()

[2025-01-24T20:00:45.291+0000] {standard_task_runner.py:72} INFO - Started process 577 to run task
[2025-01-24T20:00:45.291+0000] {standard_task_runner.py:104} INFO - Running: ['***', 'tasks', 'run', 'pull_gazettes_data', 'preprocess_documents_task', 'scheduled__2025-01-23T00:00:00+00:00', '--job-id', '10', '--raw', '--subdir', 'DAGS_FOLDER/dag_script.py', '--cfg-path', '/tmp/tmptrdfzjr1']
[2025-01-24T20:00:45.293+0000] {standard_task_runner.py:105} INFO - Job 10: Subtask preprocess_documents_task
[2025-01-24T20:00:45.336+0000] {task_command.py:467} INFO - Running <TaskInstance: pull_gazettes_data.preprocess_documents_task scheduled__2025-01-23T00:00:00+00:00 [running]> on host 972b45cbfb12
[2025-01-24T20:00:45.409+0000] {taskinstance.py:3131} INFO - Exporting env vars: AIRFLOW_CTX_DAG_EMAIL='***@example.com' AIRFLOW_CTX_DAG_OWNER='***' AIRFLOW_CTX_DAG_ID='pull_gazettes_data' AIRFLOW_CTX_TASK_ID='preprocess_documents_task' AIRFLOW_CTX_EXECUTION_DATE='2025-01-23T00:00:00+00:00' AIRFLOW_CTX_TRY_NUMBER='1' AIRFLOW_CTX_DAG_RUN_ID='scheduled__2025-01-23T00:00:00+00:00'
[2025-01-24T20:00:45.410+0000] {taskinstance.py:731} INFO - ::endgroup::
[2025-01-24T20:00:45.421+0000] {logging_mixin.py:190} INFO - Checking pre processed documents log
[2025-01-24T20:00:45.436+0000] {logging_mixin.py:190} INFO - Already preprocessed documents: set()
[2025-01-24T20:00:45.606+0000] {document_converter.py:242} INFO - Going to convert document batch...
[2025-01-24T20:01:00.512+0000] {accelerator_utils.py:41} INFO - Accelerator device: 'cpu'
[2025-01-24T20:01:00.519+0000] {easyocr.py:251} WARNING - Downloading detection model, please wait. This may take several minutes depending upon your network connection.
[2025-01-24T20:01:06.818+0000] {easyocr.py:255} INFO - Download complete
[2025-01-24T20:01:06.819+0000] {easyocr.py:176} WARNING - Downloading recognition model, please wait. This may take several minutes depending upon your network connection.
[2025-01-24T20:01:08.362+0000] {easyocr.py:180} INFO - Download complete.
[2025-01-24T20:01:10.534+0000] {accelerator_utils.py:41} INFO - Accelerator device: 'cpu'
[2025-01-24T20:01:10.587+0000] {local_task_job_runner.py:346} WARNING - State of this instance has been externally set to failed. Terminating instance.
[2025-01-24T20:01:10.589+0000] {local_task_job_runner.py:245} INFO - ::endgroup::
[2025-01-24T20:01:10.590+0000] {process_utils.py:132} INFO - Sending 15 to group 577. PIDs of all processes in the group: [577]
[2025-01-24T20:01:10.591+0000] {process_utils.py:87} INFO - Sending the signal 15 to group 577
[2025-01-24T20:01:10.593+0000] {taskinstance.py:3092} ERROR - Received SIGTERM. Terminating subprocesses.
[2025-01-24T20:01:10.618+0000] {taskinstance.py:340} INFO - ::group::Post task execution logs
[2025-01-24T20:01:10.685+0000] {process_utils.py:80} INFO - Process psutil.Process(pid=577, status='terminated', exitcode=0, started='20:00:44') (577) terminated with exit code 0
