[2025-01-26T00:28:13.034+0000] {local_task_job_runner.py:123} INFO - ::group::Pre task execution logs
[2025-01-26T00:28:13.051+0000] {taskinstance.py:2612} INFO - Dependencies all met for dep_context=non-requeueable deps ti=<TaskInstance: pull_gazettes_data.download_contents_version_from_s3_task manual__2025-01-26T00:27:53.477602+00:00 [queued]>
[2025-01-26T00:28:13.060+0000] {taskinstance.py:2612} INFO - Dependencies all met for dep_context=requeueable deps ti=<TaskInstance: pull_gazettes_data.download_contents_version_from_s3_task manual__2025-01-26T00:27:53.477602+00:00 [queued]>
[2025-01-26T00:28:13.061+0000] {taskinstance.py:2865} INFO - Starting attempt 1 of 2
[2025-01-26T00:28:13.073+0000] {taskinstance.py:2888} INFO - Executing <Task(DownloadContentFromS3): download_contents_version_from_s3_task> on 2025-01-26 00:27:53.477602+00:00
[2025-01-26T00:28:13.085+0000] {warnings.py:112} WARNING - /home/***/.local/lib/python3.12/site-packages/***/task/task_runner/standard_task_runner.py:70: DeprecationWarning: This process (pid=37779) is multi-threaded, use of fork() may lead to deadlocks in the child.
  pid = os.fork()

[2025-01-26T00:28:13.086+0000] {standard_task_runner.py:72} INFO - Started process 37792 to run task
[2025-01-26T00:28:13.087+0000] {standard_task_runner.py:104} INFO - Running: ['***', 'tasks', 'run', 'pull_gazettes_data', 'download_contents_version_from_s3_task', 'manual__2025-01-26T00:27:53.477602+00:00', '--job-id', '215', '--raw', '--subdir', 'DAGS_FOLDER/dag_script.py', '--cfg-path', '/tmp/tmpgrb2h9zt']
[2025-01-26T00:28:13.089+0000] {standard_task_runner.py:105} INFO - Job 215: Subtask download_contents_version_from_s3_task
[2025-01-26T00:28:13.128+0000] {task_command.py:467} INFO - Running <TaskInstance: pull_gazettes_data.download_contents_version_from_s3_task manual__2025-01-26T00:27:53.477602+00:00 [running]> on host 41bcec3d818b
[2025-01-26T00:28:13.197+0000] {taskinstance.py:3131} INFO - Exporting env vars: AIRFLOW_CTX_DAG_EMAIL='***@example.com' AIRFLOW_CTX_DAG_OWNER='***' AIRFLOW_CTX_DAG_ID='pull_gazettes_data' AIRFLOW_CTX_TASK_ID='download_contents_version_from_s3_task' AIRFLOW_CTX_EXECUTION_DATE='2025-01-26T00:27:53.477602+00:00' AIRFLOW_CTX_TRY_NUMBER='1' AIRFLOW_CTX_DAG_RUN_ID='manual__2025-01-26T00:27:53.477602+00:00'
[2025-01-26T00:28:13.198+0000] {taskinstance.py:731} INFO - ::endgroup::
[2025-01-26T00:28:13.218+0000] {base.py:84} INFO - Retrieving connection 'minio_s3_conn_id'
[2025-01-26T00:28:13.219+0000] {connection_wrapper.py:391} INFO - AWS Connection (conn_id='minio_s3_conn_id', conn_type='aws') credentials retrieved from extra.
[2025-01-26T00:28:13.219+0000] {warnings.py:112} WARNING - <string>:9: AirflowProviderDeprecationWarning: extra['host'] is deprecated and will be removed in a future release. Please set extra['endpoint_url'] instead

[2025-01-26T00:28:13.515+0000] {s3.py:1422} INFO - Downloading source S3 file from Bucket diario-oficial-db-dump with path vector_db/index.faiss
[2025-01-26T00:28:13.799+0000] {s3.py:1422} INFO - Downloading source S3 file from Bucket diario-oficial-db-dump with path vector_db/index.pkl
[2025-01-26T00:28:13.872+0000] {s3.py:1422} INFO - Downloading source S3 file from Bucket diario-oficial-db-dump with path ingestion_checkpoint_logs/collection.json
[2025-01-26T00:28:13.934+0000] {s3.py:1422} INFO - Downloading source S3 file from Bucket diario-oficial-db-dump with path ingestion_checkpoint_logs/log_urls.csv
[2025-01-26T00:28:14.004+0000] {s3.py:1422} INFO - Downloading source S3 file from Bucket diario-oficial-db-dump with path ingestion_checkpoint_logs/preprocessed_documents_log.csv
[2025-01-26T00:28:14.062+0000] {taskinstance.py:340} INFO - ::group::Post task execution logs
[2025-01-26T00:28:14.064+0000] {taskinstance.py:352} INFO - Marking task as SUCCESS. dag_id=pull_gazettes_data, task_id=download_contents_version_from_s3_task, run_id=manual__2025-01-26T00:27:53.477602+00:00, execution_date=20250126T002753, start_date=20250126T002813, end_date=20250126T002814
[2025-01-26T00:28:14.104+0000] {local_task_job_runner.py:266} INFO - Task exited with return code 0
[2025-01-26T00:28:14.127+0000] {taskinstance.py:3900} INFO - 1 downstream tasks scheduled from follow-on schedule check
[2025-01-26T00:28:14.129+0000] {local_task_job_runner.py:245} INFO - ::endgroup::
