[2025-01-25T01:17:16.056+0000] {local_task_job_runner.py:123} INFO - ::group::Pre task execution logs
[2025-01-25T01:17:16.073+0000] {taskinstance.py:2612} INFO - Dependencies all met for dep_context=non-requeueable deps ti=<TaskInstance: pull_gazettes_data.request_gazettes_task scheduled__2025-01-24T00:00:00+00:00 [queued]>
[2025-01-25T01:17:16.081+0000] {taskinstance.py:2612} INFO - Dependencies all met for dep_context=requeueable deps ti=<TaskInstance: pull_gazettes_data.request_gazettes_task scheduled__2025-01-24T00:00:00+00:00 [queued]>
[2025-01-25T01:17:16.082+0000] {taskinstance.py:2865} INFO - Starting attempt 4 of 5
[2025-01-25T01:17:16.093+0000] {taskinstance.py:2888} INFO - Executing <Task(RequestGazettesTask): request_gazettes_task> on 2025-01-24 00:00:00+00:00
[2025-01-25T01:17:16.106+0000] {warnings.py:112} WARNING - /home/***/.local/lib/python3.12/site-packages/***/task/task_runner/standard_task_runner.py:70: DeprecationWarning: This process (pid=5514) is multi-threaded, use of fork() may lead to deadlocks in the child.
  pid = os.fork()

[2025-01-25T01:17:16.108+0000] {standard_task_runner.py:72} INFO - Started process 5538 to run task
[2025-01-25T01:17:16.108+0000] {standard_task_runner.py:104} INFO - Running: ['***', 'tasks', 'run', 'pull_gazettes_data', 'request_gazettes_task', 'scheduled__2025-01-24T00:00:00+00:00', '--job-id', '44', '--raw', '--subdir', 'DAGS_FOLDER/dag_script.py', '--cfg-path', '/tmp/tmp8tyhfd0k']
[2025-01-25T01:17:16.110+0000] {standard_task_runner.py:105} INFO - Job 44: Subtask request_gazettes_task
[2025-01-25T01:17:16.153+0000] {task_command.py:467} INFO - Running <TaskInstance: pull_gazettes_data.request_gazettes_task scheduled__2025-01-24T00:00:00+00:00 [running]> on host 41bcec3d818b
[2025-01-25T01:17:16.227+0000] {taskinstance.py:3131} INFO - Exporting env vars: AIRFLOW_CTX_DAG_EMAIL='***@example.com' AIRFLOW_CTX_DAG_OWNER='***' AIRFLOW_CTX_DAG_ID='pull_gazettes_data' AIRFLOW_CTX_TASK_ID='request_gazettes_task' AIRFLOW_CTX_EXECUTION_DATE='2025-01-24T00:00:00+00:00' AIRFLOW_CTX_TRY_NUMBER='4' AIRFLOW_CTX_DAG_RUN_ID='scheduled__2025-01-24T00:00:00+00:00'
[2025-01-25T01:17:16.228+0000] {taskinstance.py:731} INFO - ::endgroup::
[2025-01-25T01:17:16.240+0000] {logging_mixin.py:190} INFO - Running for start_date: 2025-01-14, end_date: 2025-01-23
[2025-01-25T01:17:16.737+0000] {logging_mixin.py:190} INFO - Total number of Gazettes: 0
[2025-01-25T01:17:16.737+0000] {logging_mixin.py:190} INFO - Managing URL log
[2025-01-25T01:17:16.765+0000] {taskinstance.py:340} INFO - ::group::Post task execution logs
[2025-01-25T01:17:16.766+0000] {taskinstance.py:352} INFO - Marking task as SUCCESS. dag_id=pull_gazettes_data, task_id=request_gazettes_task, run_id=scheduled__2025-01-24T00:00:00+00:00, execution_date=20250124T000000, start_date=20250125T011716, end_date=20250125T011716
[2025-01-25T01:17:16.804+0000] {local_task_job_runner.py:266} INFO - Task exited with return code 0
[2025-01-25T01:17:16.836+0000] {taskinstance.py:3900} INFO - 1 downstream tasks scheduled from follow-on schedule check
[2025-01-25T01:17:16.838+0000] {local_task_job_runner.py:245} INFO - ::endgroup::
