[2025-01-31T23:10:21.439+0000] {local_task_job_runner.py:123} INFO - ::group::Pre task execution logs
[2025-01-31T23:10:21.460+0000] {taskinstance.py:2612} INFO - Dependencies all met for dep_context=non-requeueable deps ti=<TaskInstance: pull_gazettes_data.generate_indexes_task scheduled__2025-01-30T00:00:00+00:00 [queued]>
[2025-01-31T23:10:21.470+0000] {taskinstance.py:2612} INFO - Dependencies all met for dep_context=requeueable deps ti=<TaskInstance: pull_gazettes_data.generate_indexes_task scheduled__2025-01-30T00:00:00+00:00 [queued]>
[2025-01-31T23:10:21.471+0000] {taskinstance.py:2865} INFO - Starting attempt 1 of 2
[2025-01-31T23:10:21.488+0000] {taskinstance.py:2888} INFO - Executing <Task(GenerateIndexTask): generate_indexes_task> on 2025-01-30 00:00:00+00:00
[2025-01-31T23:10:21.498+0000] {warnings.py:112} WARNING - /home/***/.local/lib/python3.12/site-packages/***/task/task_runner/standard_task_runner.py:70: DeprecationWarning: This process (pid=253) is multi-threaded, use of fork() may lead to deadlocks in the child.
  pid = os.fork()

[2025-01-31T23:10:21.500+0000] {standard_task_runner.py:72} INFO - Started process 257 to run task
[2025-01-31T23:10:21.500+0000] {standard_task_runner.py:104} INFO - Running: ['***', 'tasks', 'run', 'pull_gazettes_data', 'generate_indexes_task', 'scheduled__2025-01-30T00:00:00+00:00', '--job-id', '285', '--raw', '--subdir', 'DAGS_FOLDER/dag_script.py', '--cfg-path', '/tmp/tmp5knajlvn']
[2025-01-31T23:10:21.504+0000] {standard_task_runner.py:105} INFO - Job 285: Subtask generate_indexes_task
[2025-01-31T23:10:21.582+0000] {task_command.py:467} INFO - Running <TaskInstance: pull_gazettes_data.generate_indexes_task scheduled__2025-01-30T00:00:00+00:00 [running]> on host 41bcec3d818b
[2025-01-31T23:10:21.694+0000] {taskinstance.py:3131} INFO - Exporting env vars: AIRFLOW_CTX_DAG_EMAIL='***@example.com' AIRFLOW_CTX_DAG_OWNER='***' AIRFLOW_CTX_DAG_ID='pull_gazettes_data' AIRFLOW_CTX_TASK_ID='generate_indexes_task' AIRFLOW_CTX_EXECUTION_DATE='2025-01-30T00:00:00+00:00' AIRFLOW_CTX_TRY_NUMBER='1' AIRFLOW_CTX_DAG_RUN_ID='scheduled__2025-01-30T00:00:00+00:00'
[2025-01-31T23:10:21.696+0000] {taskinstance.py:731} INFO - ::endgroup::
[2025-01-31T23:10:21.715+0000] {logging_mixin.py:190} INFO - Initializing database
[2025-01-31T23:10:23.097+0000] {_client.py:1026} INFO - HTTP Request: POST https://stg.api.cohere.ai/v1/embed "HTTP/1.1 200 OK"
[2025-01-31T23:10:23.112+0000] {logging_mixin.py:190} INFO - Parsing database current state
[2025-01-31T23:10:23.113+0000] {logging_mixin.py:190} INFO - loading database /usr/local/***/data/vector_db/
[2025-01-31T23:10:23.857+0000] {logging_mixin.py:190} INFO - Reading file metadata
[2025-01-31T23:10:23.870+0000] {logging_mixin.py:190} INFO - []
[2025-01-31T23:10:23.871+0000] {logging_mixin.py:190} INFO - []
[2025-01-31T23:10:23.872+0000] {logging_mixin.py:190} INFO - Adding batch of documents
[2025-01-31T23:10:23.876+0000] {logging_mixin.py:190} INFO - 3106200_2024-11-26_7140.txt
[2025-01-31T23:10:23.877+0000] {logging_mixin.py:190} INFO - 3106200_2024-11-27_7141.txt
[2025-01-31T23:10:23.877+0000] {logging_mixin.py:190} INFO - 3106200_2024-11-28_7142.txt
[2025-01-31T23:10:23.878+0000] {logging_mixin.py:190} INFO - 3106200_2024-11-29_7143.txt
[2025-01-31T23:10:23.878+0000] {logging_mixin.py:190} INFO - 3106200_2024-11-30_7144.txt
[2025-01-31T23:10:23.879+0000] {logging_mixin.py:190} INFO - 3106200_2024-12-03_7145.txt
[2025-01-31T23:10:23.879+0000] {logging_mixin.py:190} INFO - 3106200_2024-12-04_7146.txt
[2025-01-31T23:10:23.880+0000] {logging_mixin.py:190} INFO - 3106200_2024-12-05_7147.txt
[2025-01-31T23:10:23.881+0000] {logging_mixin.py:190} INFO - 3106200_2024-12-06_7148.txt
[2025-01-31T23:10:23.881+0000] {logging_mixin.py:190} INFO - 3106200_2024-12-07_7149.txt
[2025-01-31T23:10:23.882+0000] {logging_mixin.py:190} INFO - 3106200_2024-12-10_7150.txt
[2025-01-31T23:10:23.882+0000] {logging_mixin.py:190} INFO - 3106200_2024-12-11_7151.txt
[2025-01-31T23:10:23.883+0000] {logging_mixin.py:190} INFO - 3106200_2024-12-12_7152.txt
[2025-01-31T23:10:23.883+0000] {logging_mixin.py:190} INFO - 3106200_2024-12-13_7153.txt
[2025-01-31T23:10:23.884+0000] {logging_mixin.py:190} INFO - 3106200_2024-12-14_7154.txt
[2025-01-31T23:10:23.884+0000] {logging_mixin.py:190} INFO - 3106200_2024-12-17_7155.txt
[2025-01-31T23:10:23.896+0000] {taskinstance.py:340} INFO - ::group::Post task execution logs
[2025-01-31T23:10:23.897+0000] {taskinstance.py:352} INFO - Marking task as SUCCESS. dag_id=pull_gazettes_data, task_id=generate_indexes_task, run_id=scheduled__2025-01-30T00:00:00+00:00, execution_date=20250130T000000, start_date=20250131T231021, end_date=20250131T231023
[2025-01-31T23:10:23.967+0000] {local_task_job_runner.py:266} INFO - Task exited with return code 0
[2025-01-31T23:10:23.996+0000] {taskinstance.py:3900} INFO - 1 downstream tasks scheduled from follow-on schedule check
[2025-01-31T23:10:23.999+0000] {local_task_job_runner.py:245} INFO - ::endgroup::
