[2025-01-21T01:21:56.347+0000] {local_task_job_runner.py:123} INFO - ::group::Pre task execution logs
[2025-01-21T01:21:56.365+0000] {taskinstance.py:2612} INFO - Dependencies all met for dep_context=non-requeueable deps ti=<TaskInstance: pull_gazettes_data.request_gazettes_task manual__2025-01-21T01:21:40.948604+00:00 [queued]>
[2025-01-21T01:21:56.373+0000] {taskinstance.py:2612} INFO - Dependencies all met for dep_context=requeueable deps ti=<TaskInstance: pull_gazettes_data.request_gazettes_task manual__2025-01-21T01:21:40.948604+00:00 [queued]>
[2025-01-21T01:21:56.374+0000] {taskinstance.py:2865} INFO - Starting attempt 1 of 2
[2025-01-21T01:21:56.386+0000] {taskinstance.py:2888} INFO - Executing <Task(RequestGazettesTask): request_gazettes_task> on 2025-01-21 01:21:40.948604+00:00
[2025-01-21T01:21:56.402+0000] {warnings.py:112} WARNING - /home/***/.local/lib/python3.12/site-packages/***/task/task_runner/standard_task_runner.py:70: DeprecationWarning: This process (pid=585) is multi-threaded, use of fork() may lead to deadlocks in the child.
  pid = os.fork()

[2025-01-21T01:21:56.404+0000] {standard_task_runner.py:72} INFO - Started process 598 to run task
[2025-01-21T01:21:56.404+0000] {standard_task_runner.py:104} INFO - Running: ['***', 'tasks', 'run', 'pull_gazettes_data', 'request_gazettes_task', 'manual__2025-01-21T01:21:40.948604+00:00', '--job-id', '11', '--raw', '--subdir', 'DAGS_FOLDER/dag_script.py', '--cfg-path', '/tmp/tmp2cbwgx8r']
[2025-01-21T01:21:56.405+0000] {standard_task_runner.py:105} INFO - Job 11: Subtask request_gazettes_task
[2025-01-21T01:21:56.446+0000] {task_command.py:467} INFO - Running <TaskInstance: pull_gazettes_data.request_gazettes_task manual__2025-01-21T01:21:40.948604+00:00 [running]> on host 518c18046a40
[2025-01-21T01:21:56.518+0000] {taskinstance.py:3131} INFO - Exporting env vars: AIRFLOW_CTX_DAG_EMAIL='***@example.com' AIRFLOW_CTX_DAG_OWNER='***' AIRFLOW_CTX_DAG_ID='pull_gazettes_data' AIRFLOW_CTX_TASK_ID='request_gazettes_task' AIRFLOW_CTX_EXECUTION_DATE='2025-01-21T01:21:40.948604+00:00' AIRFLOW_CTX_TRY_NUMBER='1' AIRFLOW_CTX_DAG_RUN_ID='manual__2025-01-21T01:21:40.948604+00:00'
[2025-01-21T01:21:56.519+0000] {taskinstance.py:731} INFO - ::endgroup::
[2025-01-21T01:21:56.532+0000] {logging_mixin.py:190} INFO - Running for start_date: 2024-11-22, end_date: 2025-01-20
[2025-01-21T01:21:57.076+0000] {logging_mixin.py:190} INFO - Total number of Gazettes: 20
[2025-01-21T01:21:57.077+0000] {logging_mixin.py:190} INFO - log request call: https://queridodiario.ok.org.br/api/gazettes, params: {'size': 1, 'excerpt_size': 500, 'published_since': '2024-11-22', 'published_until': '2025-01-20', 'territory_ids': '3106200', 'offset': 0}
[2025-01-21T01:21:58.301+0000] {logging_mixin.py:190} INFO - Managing URL log
[2025-01-21T01:21:58.325+0000] {warnings.py:112} WARNING - /opt/***/dags/utils/requests_task.py:81: FutureWarning: The behavior of DataFrame concatenation with empty or all-NA entries is deprecated. In a future version, this will no longer exclude empty or all-NA columns when determining the result dtypes. To retain the old behavior, exclude the relevant entries before the concat operation.
  metadata = pd.concat([metadata, pd.DataFrame(new_downloads)])

[2025-01-21T01:22:22.978+0000] {taskinstance.py:340} INFO - ::group::Post task execution logs
[2025-01-21T01:22:22.979+0000] {taskinstance.py:352} INFO - Marking task as SUCCESS. dag_id=pull_gazettes_data, task_id=request_gazettes_task, run_id=manual__2025-01-21T01:21:40.948604+00:00, execution_date=20250121T012140, start_date=20250121T012156, end_date=20250121T012222
[2025-01-21T01:22:23.015+0000] {local_task_job_runner.py:266} INFO - Task exited with return code 0
[2025-01-21T01:22:23.040+0000] {taskinstance.py:3900} INFO - 1 downstream tasks scheduled from follow-on schedule check
[2025-01-21T01:22:23.042+0000] {local_task_job_runner.py:245} INFO - ::endgroup::
