[2025-01-25T20:13:39.978+0000] {local_task_job_runner.py:123} INFO - ::group::Pre task execution logs
[2025-01-25T20:13:39.995+0000] {taskinstance.py:2612} INFO - Dependencies all met for dep_context=non-requeueable deps ti=<TaskInstance: pull_gazettes_data.preprocess_documents_task manual__2025-01-25T20:13:16.586213+00:00 [queued]>
[2025-01-25T20:13:40.003+0000] {taskinstance.py:2612} INFO - Dependencies all met for dep_context=requeueable deps ti=<TaskInstance: pull_gazettes_data.preprocess_documents_task manual__2025-01-25T20:13:16.586213+00:00 [queued]>
[2025-01-25T20:13:40.004+0000] {taskinstance.py:2865} INFO - Starting attempt 1 of 2
[2025-01-25T20:13:40.017+0000] {taskinstance.py:2888} INFO - Executing <Task(PreprocessDocuments): preprocess_documents_task> on 2025-01-25 20:13:16.586213+00:00
[2025-01-25T20:13:40.030+0000] {warnings.py:112} WARNING - /home/***/.local/lib/python3.12/site-packages/***/task/task_runner/standard_task_runner.py:70: DeprecationWarning: This process (pid=24576) is multi-threaded, use of fork() may lead to deadlocks in the child.
  pid = os.fork()

[2025-01-25T20:13:40.032+0000] {standard_task_runner.py:72} INFO - Started process 24589 to run task
[2025-01-25T20:13:40.032+0000] {standard_task_runner.py:104} INFO - Running: ['***', 'tasks', 'run', 'pull_gazettes_data', 'preprocess_documents_task', 'manual__2025-01-25T20:13:16.586213+00:00', '--job-id', '141', '--raw', '--subdir', 'DAGS_FOLDER/dag_script.py', '--cfg-path', '/tmp/tmpfdb8z3gk']
[2025-01-25T20:13:40.035+0000] {standard_task_runner.py:105} INFO - Job 141: Subtask preprocess_documents_task
[2025-01-25T20:13:40.078+0000] {task_command.py:467} INFO - Running <TaskInstance: pull_gazettes_data.preprocess_documents_task manual__2025-01-25T20:13:16.586213+00:00 [running]> on host 41bcec3d818b
[2025-01-25T20:13:40.149+0000] {taskinstance.py:3131} INFO - Exporting env vars: AIRFLOW_CTX_DAG_EMAIL='***@example.com' AIRFLOW_CTX_DAG_OWNER='***' AIRFLOW_CTX_DAG_ID='pull_gazettes_data' AIRFLOW_CTX_TASK_ID='preprocess_documents_task' AIRFLOW_CTX_EXECUTION_DATE='2025-01-25T20:13:16.586213+00:00' AIRFLOW_CTX_TRY_NUMBER='1' AIRFLOW_CTX_DAG_RUN_ID='manual__2025-01-25T20:13:16.586213+00:00'
[2025-01-25T20:13:40.151+0000] {taskinstance.py:731} INFO - ::endgroup::
[2025-01-25T20:13:40.162+0000] {logging_mixin.py:190} INFO - Checking pre processed documents log
[2025-01-25T20:13:40.170+0000] {logging_mixin.py:190} INFO - Breaking down pdf 3106200_2024-12-17_7155.pdf into multiple PDF single pages
[2025-01-25T20:13:40.220+0000] {logging_mixin.py:190} INFO - File 3106200_2024-12-17_7155-page-0-0 already preprocessed
[2025-01-25T20:13:40.221+0000] {logging_mixin.py:190} INFO - File 3106200_2024-12-17_7155-page-1-1 already preprocessed
[2025-01-25T20:13:40.221+0000] {logging_mixin.py:190} INFO - File 3106200_2024-12-17_7155-page-2-2 already preprocessed
[2025-01-25T20:13:40.222+0000] {logging_mixin.py:190} INFO - File 3106200_2024-12-17_7155-page-3-3 already preprocessed
[2025-01-25T20:13:40.222+0000] {logging_mixin.py:190} INFO - File 3106200_2024-12-17_7155-page-4-4 already preprocessed
[2025-01-25T20:13:40.223+0000] {logging_mixin.py:190} INFO - File 3106200_2024-12-17_7155-page-5-5 already preprocessed
[2025-01-25T20:13:40.223+0000] {logging_mixin.py:190} INFO - File 3106200_2024-12-17_7155-page-6-6 already preprocessed
[2025-01-25T20:13:40.223+0000] {logging_mixin.py:190} INFO - File 3106200_2024-12-17_7155-page-7-7 already preprocessed
[2025-01-25T20:13:40.224+0000] {logging_mixin.py:190} INFO - File 3106200_2024-12-17_7155-page-8-8 already preprocessed
[2025-01-25T20:13:40.224+0000] {logging_mixin.py:190} INFO - File 3106200_2024-12-17_7155-page-9-9 already preprocessed
[2025-01-25T20:13:40.224+0000] {logging_mixin.py:190} INFO - File 3106200_2024-12-17_7155-page-10-10 already preprocessed
[2025-01-25T20:13:40.225+0000] {logging_mixin.py:190} INFO - File 3106200_2024-12-17_7155-page-11-11 already preprocessed
[2025-01-25T20:13:40.225+0000] {logging_mixin.py:190} INFO - File 3106200_2024-12-17_7155-page-12-12 already preprocessed
[2025-01-25T20:13:40.225+0000] {logging_mixin.py:190} INFO - File 3106200_2024-12-17_7155-page-13-13 already preprocessed
[2025-01-25T20:13:40.226+0000] {logging_mixin.py:190} INFO - File 3106200_2024-12-17_7155-page-14-14 already preprocessed
[2025-01-25T20:13:40.226+0000] {logging_mixin.py:190} INFO - File 3106200_2024-12-17_7155-page-15-15 already preprocessed
[2025-01-25T20:13:40.227+0000] {logging_mixin.py:190} INFO - File 3106200_2024-12-17_7155-page-16-16 already preprocessed
[2025-01-25T20:13:40.227+0000] {logging_mixin.py:190} INFO - File 3106200_2024-12-17_7155-page-17-17 already preprocessed
[2025-01-25T20:13:40.251+0000] {logging_mixin.py:190} INFO - File 3106200_2024-12-17_7155-page-20-20 already preprocessed
[2025-01-25T20:13:40.251+0000] {logging_mixin.py:190} INFO - File 3106200_2024-12-17_7155-page-21-21 already preprocessed
[2025-01-25T20:13:40.252+0000] {logging_mixin.py:190} INFO - File 3106200_2024-12-17_7155-page-22-22 already preprocessed
[2025-01-25T20:13:40.252+0000] {logging_mixin.py:190} INFO - File 3106200_2024-12-17_7155-page-23-23 already preprocessed
[2025-01-25T20:13:40.252+0000] {logging_mixin.py:190} INFO - File 3106200_2024-12-17_7155-page-24-24 already preprocessed
[2025-01-25T20:13:40.271+0000] {taskinstance.py:340} INFO - ::group::Post task execution logs
[2025-01-25T20:13:40.272+0000] {taskinstance.py:352} INFO - Marking task as SUCCESS. dag_id=pull_gazettes_data, task_id=preprocess_documents_task, run_id=manual__2025-01-25T20:13:16.586213+00:00, execution_date=20250125T201316, start_date=20250125T201339, end_date=20250125T201340
[2025-01-25T20:13:40.328+0000] {local_task_job_runner.py:266} INFO - Task exited with return code 0
[2025-01-25T20:13:40.356+0000] {taskinstance.py:3900} INFO - 3 downstream tasks scheduled from follow-on schedule check
[2025-01-25T20:13:40.358+0000] {local_task_job_runner.py:245} INFO - ::endgroup::
