[2025-01-21T23:39:07.442+0000] {local_task_job_runner.py:123} INFO - ::group::Pre task execution logs
[2025-01-21T23:39:07.458+0000] {taskinstance.py:2612} INFO - Dependencies all met for dep_context=non-requeueable deps ti=<TaskInstance: pull_gazettes_data.preprocess_documents_task manual__2025-01-21T23:27:16.719927+00:00 [queued]>
[2025-01-21T23:39:07.465+0000] {taskinstance.py:2612} INFO - Dependencies all met for dep_context=requeueable deps ti=<TaskInstance: pull_gazettes_data.preprocess_documents_task manual__2025-01-21T23:27:16.719927+00:00 [queued]>
[2025-01-21T23:39:07.465+0000] {taskinstance.py:2865} INFO - Starting attempt 2 of 2
[2025-01-21T23:39:07.476+0000] {taskinstance.py:2888} INFO - Executing <Task(PreprocessDocuments): preprocess_documents_task> on 2025-01-21 23:27:16.719927+00:00
[2025-01-21T23:39:07.488+0000] {warnings.py:112} WARNING - /home/***/.local/lib/python3.12/site-packages/***/task/task_runner/standard_task_runner.py:70: DeprecationWarning: This process (pid=857) is multi-threaded, use of fork() may lead to deadlocks in the child.
  pid = os.fork()

[2025-01-21T23:39:07.490+0000] {standard_task_runner.py:72} INFO - Started process 870 to run task
[2025-01-21T23:39:07.490+0000] {standard_task_runner.py:104} INFO - Running: ['***', 'tasks', 'run', 'pull_gazettes_data', 'preprocess_documents_task', 'manual__2025-01-21T23:27:16.719927+00:00', '--job-id', '9', '--raw', '--subdir', 'DAGS_FOLDER/dag_script.py', '--cfg-path', '/tmp/tmpuyy4labl']
[2025-01-21T23:39:07.492+0000] {standard_task_runner.py:105} INFO - Job 9: Subtask preprocess_documents_task
[2025-01-21T23:39:07.528+0000] {task_command.py:467} INFO - Running <TaskInstance: pull_gazettes_data.preprocess_documents_task manual__2025-01-21T23:27:16.719927+00:00 [running]> on host 5792905bcb6a
[2025-01-21T23:39:07.589+0000] {taskinstance.py:3131} INFO - Exporting env vars: AIRFLOW_CTX_DAG_EMAIL='***@example.com' AIRFLOW_CTX_DAG_OWNER='***' AIRFLOW_CTX_DAG_ID='pull_gazettes_data' AIRFLOW_CTX_TASK_ID='preprocess_documents_task' AIRFLOW_CTX_EXECUTION_DATE='2025-01-21T23:27:16.719927+00:00' AIRFLOW_CTX_TRY_NUMBER='2' AIRFLOW_CTX_DAG_RUN_ID='manual__2025-01-21T23:27:16.719927+00:00'
[2025-01-21T23:39:07.590+0000] {taskinstance.py:731} INFO - ::endgroup::
[2025-01-21T23:39:07.606+0000] {logging_mixin.py:190} INFO - Checking pre processed documents log
[2025-01-21T23:39:07.617+0000] {logging_mixin.py:190} INFO - Already preprocessed documents: set()
[2025-01-21T23:39:07.740+0000] {document_converter.py:238} INFO - Going to convert document batch...
[2025-01-21T23:39:08.048+0000] {accelerator_utils.py:41} INFO - Accelerator device: 'cpu'
[2025-01-21T23:39:10.128+0000] {accelerator_utils.py:41} INFO - Accelerator device: 'cpu'
[2025-01-21T23:39:10.686+0000] {accelerator_utils.py:41} INFO - Accelerator device: 'cpu'
[2025-01-21T23:39:11.144+0000] {base_pipeline.py:37} INFO - Processing document 3106200_2024-11-22_7138.pdf
[2025-01-21T23:41:50.051+0000] {document_converter.py:253} INFO - Finished converting document 3106200_2024-11-22_7138.pdf in 162.43 sec.
[2025-01-21T23:41:50.304+0000] {document_converter.py:238} INFO - Going to convert document batch...
[2025-01-21T23:41:50.479+0000] {accelerator_utils.py:41} INFO - Accelerator device: 'cpu'
[2025-01-21T23:41:52.586+0000] {accelerator_utils.py:41} INFO - Accelerator device: 'cpu'
[2025-01-21T23:41:53.023+0000] {accelerator_utils.py:41} INFO - Accelerator device: 'cpu'
[2025-01-21T23:41:53.387+0000] {base_pipeline.py:37} INFO - Processing document 3106200_2024-11-23_7139.pdf
[2025-01-21T23:43:23.343+0000] {document_converter.py:253} INFO - Finished converting document 3106200_2024-11-23_7139.pdf in 93.07 sec.
[2025-01-21T23:43:23.475+0000] {document_converter.py:238} INFO - Going to convert document batch...
[2025-01-21T23:43:23.640+0000] {accelerator_utils.py:41} INFO - Accelerator device: 'cpu'
[2025-01-21T23:43:25.561+0000] {accelerator_utils.py:41} INFO - Accelerator device: 'cpu'
[2025-01-21T23:43:25.973+0000] {accelerator_utils.py:41} INFO - Accelerator device: 'cpu'
[2025-01-21T23:43:26.282+0000] {base_pipeline.py:37} INFO - Processing document 3106200_2024-11-26_7140.pdf
[2025-01-21T23:43:31.690+0000] {local_task_job_runner.py:266} INFO - Task exited with return code -9For more information, see https://***.apache.org/docs/apache-***/stable/troubleshooting.html#LocalTaskJob-killed
[2025-01-21T23:43:31.773+0000] {taskinstance.py:3900} INFO - 0 downstream tasks scheduled from follow-on schedule check
[2025-01-21T23:43:31.775+0000] {local_task_job_runner.py:245} INFO - ::endgroup::
