[2025-01-25T20:15:46.977+0000] {local_task_job_runner.py:123} INFO - ::group::Pre task execution logs
[2025-01-25T20:15:46.992+0000] {taskinstance.py:2612} INFO - Dependencies all met for dep_context=non-requeueable deps ti=<TaskInstance: pull_gazettes_data.download_s3_index_version manual__2025-01-25T20:13:16.586213+00:00 [queued]>
[2025-01-25T20:15:47.000+0000] {taskinstance.py:2612} INFO - Dependencies all met for dep_context=requeueable deps ti=<TaskInstance: pull_gazettes_data.download_s3_index_version manual__2025-01-25T20:13:16.586213+00:00 [queued]>
[2025-01-25T20:15:47.001+0000] {taskinstance.py:2865} INFO - Starting attempt 2 of 3
[2025-01-25T20:15:47.012+0000] {taskinstance.py:2888} INFO - Executing <Task(DownloadContentFromS3): download_s3_index_version> on 2025-01-25 20:13:16.586213+00:00
[2025-01-25T20:15:47.024+0000] {warnings.py:112} WARNING - /home/***/.local/lib/python3.12/site-packages/***/task/task_runner/standard_task_runner.py:70: DeprecationWarning: This process (pid=24745) is multi-threaded, use of fork() may lead to deadlocks in the child.
  pid = os.fork()

[2025-01-25T20:15:47.026+0000] {standard_task_runner.py:72} INFO - Started process 24769 to run task
[2025-01-25T20:15:47.025+0000] {standard_task_runner.py:104} INFO - Running: ['***', 'tasks', 'run', 'pull_gazettes_data', 'download_s3_index_version', 'manual__2025-01-25T20:13:16.586213+00:00', '--job-id', '145', '--raw', '--subdir', 'DAGS_FOLDER/dag_script.py', '--cfg-path', '/tmp/tmp3u7gtoxz']
[2025-01-25T20:15:47.028+0000] {standard_task_runner.py:105} INFO - Job 145: Subtask download_s3_index_version
[2025-01-25T20:15:47.070+0000] {task_command.py:467} INFO - Running <TaskInstance: pull_gazettes_data.download_s3_index_version manual__2025-01-25T20:13:16.586213+00:00 [running]> on host 41bcec3d818b
[2025-01-25T20:15:47.141+0000] {taskinstance.py:3131} INFO - Exporting env vars: AIRFLOW_CTX_DAG_EMAIL='***@example.com' AIRFLOW_CTX_DAG_OWNER='***' AIRFLOW_CTX_DAG_ID='pull_gazettes_data' AIRFLOW_CTX_TASK_ID='download_s3_index_version' AIRFLOW_CTX_EXECUTION_DATE='2025-01-25T20:13:16.586213+00:00' AIRFLOW_CTX_TRY_NUMBER='2' AIRFLOW_CTX_DAG_RUN_ID='manual__2025-01-25T20:13:16.586213+00:00'
[2025-01-25T20:15:47.142+0000] {taskinstance.py:731} INFO - ::endgroup::
[2025-01-25T20:15:47.164+0000] {base.py:84} INFO - Retrieving connection 'minio_s3_conn_id'
[2025-01-25T20:15:47.165+0000] {connection_wrapper.py:391} INFO - AWS Connection (conn_id='minio_s3_conn_id', conn_type='aws') credentials retrieved from extra.
[2025-01-25T20:15:47.165+0000] {warnings.py:112} WARNING - <string>:9: AirflowProviderDeprecationWarning: extra['host'] is deprecated and will be removed in a future release. Please set extra['endpoint_url'] instead

[2025-01-25T20:15:47.402+0000] {s3.py:1422} INFO - Downloading source S3 file from Bucket diario-oficial-db-dump with path vector_db/index.faiss
[2025-01-25T20:15:47.664+0000] {s3.py:1422} INFO - Downloading source S3 file from Bucket diario-oficial-db-dump with path vector_db/index.pkl
[2025-01-25T20:15:47.720+0000] {logging_mixin.py:190} INFO - Bucket does not exists
[2025-01-25T20:15:47.730+0000] {taskinstance.py:340} INFO - ::group::Post task execution logs
[2025-01-25T20:15:47.731+0000] {taskinstance.py:352} INFO - Marking task as SUCCESS. dag_id=pull_gazettes_data, task_id=download_s3_index_version, run_id=manual__2025-01-25T20:13:16.586213+00:00, execution_date=20250125T201316, start_date=20250125T201546, end_date=20250125T201547
[2025-01-25T20:15:47.762+0000] {local_task_job_runner.py:266} INFO - Task exited with return code 0
[2025-01-25T20:15:47.792+0000] {taskinstance.py:3900} INFO - 1 downstream tasks scheduled from follow-on schedule check
[2025-01-25T20:15:47.794+0000] {local_task_job_runner.py:245} INFO - ::endgroup::
