[2025-01-27T00:00:49.620+0000] {local_task_job_runner.py:123} INFO - ::group::Pre task execution logs
[2025-01-27T00:00:49.636+0000] {taskinstance.py:2612} INFO - Dependencies all met for dep_context=non-requeueable deps ti=<TaskInstance: pull_gazettes_data.preprocess_documents_task scheduled__2025-01-26T00:00:00+00:00 [queued]>
[2025-01-27T00:00:49.645+0000] {taskinstance.py:2612} INFO - Dependencies all met for dep_context=requeueable deps ti=<TaskInstance: pull_gazettes_data.preprocess_documents_task scheduled__2025-01-26T00:00:00+00:00 [queued]>
[2025-01-27T00:00:49.646+0000] {taskinstance.py:2865} INFO - Starting attempt 1 of 2
[2025-01-27T00:00:49.659+0000] {taskinstance.py:2888} INFO - Executing <Task(PreprocessDocuments): preprocess_documents_task> on 2025-01-26 00:00:00+00:00
[2025-01-27T00:00:49.677+0000] {warnings.py:112} WARNING - /home/***/.local/lib/python3.12/site-packages/***/task/task_runner/standard_task_runner.py:70: DeprecationWarning: This process (pid=1355) is multi-threaded, use of fork() may lead to deadlocks in the child.
  pid = os.fork()

[2025-01-27T00:00:49.678+0000] {standard_task_runner.py:72} INFO - Started process 1368 to run task
[2025-01-27T00:00:49.678+0000] {standard_task_runner.py:104} INFO - Running: ['***', 'tasks', 'run', 'pull_gazettes_data', 'preprocess_documents_task', 'scheduled__2025-01-26T00:00:00+00:00', '--job-id', '228', '--raw', '--subdir', 'DAGS_FOLDER/dag_script.py', '--cfg-path', '/tmp/tmp4krtb57g']
[2025-01-27T00:00:49.681+0000] {standard_task_runner.py:105} INFO - Job 228: Subtask preprocess_documents_task
[2025-01-27T00:00:49.726+0000] {task_command.py:467} INFO - Running <TaskInstance: pull_gazettes_data.preprocess_documents_task scheduled__2025-01-26T00:00:00+00:00 [running]> on host 41bcec3d818b
[2025-01-27T00:00:49.814+0000] {taskinstance.py:3131} INFO - Exporting env vars: AIRFLOW_CTX_DAG_EMAIL='***@example.com' AIRFLOW_CTX_DAG_OWNER='***' AIRFLOW_CTX_DAG_ID='pull_gazettes_data' AIRFLOW_CTX_TASK_ID='preprocess_documents_task' AIRFLOW_CTX_EXECUTION_DATE='2025-01-26T00:00:00+00:00' AIRFLOW_CTX_TRY_NUMBER='1' AIRFLOW_CTX_DAG_RUN_ID='scheduled__2025-01-26T00:00:00+00:00'
[2025-01-27T00:00:49.816+0000] {taskinstance.py:731} INFO - ::endgroup::
[2025-01-27T00:00:49.827+0000] {logging_mixin.py:190} INFO - Checking pre processed documents log
[2025-01-27T00:00:49.829+0000] {logging_mixin.py:190} INFO - /usr/local/***/data/ingestion_checkpoint_logs/preprocessed_documents_log.csv False
[2025-01-27T00:00:49.850+0000] {logging_mixin.py:190} INFO - Breaking down pdf 3106200_2024-11-26_7140.pdf into multiple PDF single pages
[2025-01-27T00:00:49.920+0000] {logging_mixin.py:190} INFO - File 3106200_2024-11-26_7140-page-0-0 already preprocessed
[2025-01-27T00:00:49.921+0000] {logging_mixin.py:190} INFO - File 3106200_2024-11-26_7140-page-1-1 already preprocessed
[2025-01-27T00:00:49.944+0000] {logging_mixin.py:190} INFO - File 3106200_2024-11-26_7140-page-3-3 already preprocessed
[2025-01-27T00:00:49.944+0000] {logging_mixin.py:190} INFO - File 3106200_2024-11-26_7140-page-4-4 already preprocessed
[2025-01-27T00:00:49.945+0000] {logging_mixin.py:190} INFO - File 3106200_2024-11-26_7140-page-5-5 already preprocessed
[2025-01-27T00:00:49.945+0000] {logging_mixin.py:190} INFO - File 3106200_2024-11-26_7140-page-6-6 already preprocessed
[2025-01-27T00:00:49.945+0000] {logging_mixin.py:190} INFO - File 3106200_2024-11-26_7140-page-7-7 already preprocessed
[2025-01-27T00:00:49.946+0000] {logging_mixin.py:190} INFO - File 3106200_2024-11-26_7140-page-8-8 already preprocessed
[2025-01-27T00:00:49.946+0000] {logging_mixin.py:190} INFO - File 3106200_2024-11-26_7140-page-9-9 already preprocessed
[2025-01-27T00:00:49.947+0000] {logging_mixin.py:190} INFO - File 3106200_2024-11-26_7140-page-10-10 already preprocessed
[2025-01-27T00:00:49.947+0000] {logging_mixin.py:190} INFO - File 3106200_2024-11-26_7140-page-11-11 already preprocessed
[2025-01-27T00:00:49.948+0000] {logging_mixin.py:190} INFO - File 3106200_2024-11-26_7140-page-12-12 already preprocessed
[2025-01-27T00:00:49.948+0000] {logging_mixin.py:190} INFO - File 3106200_2024-11-26_7140-page-13-13 already preprocessed
[2025-01-27T00:00:49.949+0000] {logging_mixin.py:190} INFO - File 3106200_2024-11-26_7140-page-14-14 already preprocessed
[2025-01-27T00:00:49.949+0000] {logging_mixin.py:190} INFO - File 3106200_2024-11-26_7140-page-15-15 already preprocessed
[2025-01-27T00:00:49.950+0000] {logging_mixin.py:190} INFO - File 3106200_2024-11-26_7140-page-16-16 already preprocessed
[2025-01-27T00:00:49.950+0000] {logging_mixin.py:190} INFO - File 3106200_2024-11-26_7140-page-17-17 already preprocessed
[2025-01-27T00:00:49.951+0000] {logging_mixin.py:190} INFO - File 3106200_2024-11-26_7140-page-18-18 already preprocessed
[2025-01-27T00:00:49.951+0000] {logging_mixin.py:190} INFO - File 3106200_2024-11-26_7140-page-19-19 already preprocessed
[2025-01-27T00:00:49.951+0000] {logging_mixin.py:190} INFO - File 3106200_2024-11-26_7140-page-20-20 already preprocessed
[2025-01-27T00:00:49.952+0000] {logging_mixin.py:190} INFO - File 3106200_2024-11-26_7140-page-21-21 already preprocessed
[2025-01-27T00:00:49.952+0000] {logging_mixin.py:190} INFO - File 3106200_2024-11-26_7140-page-22-22 already preprocessed
[2025-01-27T00:00:49.953+0000] {logging_mixin.py:190} INFO - File 3106200_2024-11-26_7140-page-23-23 already preprocessed
[2025-01-27T00:00:49.953+0000] {logging_mixin.py:190} INFO - File 3106200_2024-11-26_7140-page-24-24 already preprocessed
[2025-01-27T00:00:49.953+0000] {logging_mixin.py:190} INFO - File 3106200_2024-11-26_7140-page-25-25 already preprocessed
[2025-01-27T00:00:49.954+0000] {logging_mixin.py:190} INFO - File 3106200_2024-11-26_7140-page-26-26 already preprocessed
[2025-01-27T00:00:49.954+0000] {logging_mixin.py:190} INFO - File 3106200_2024-11-26_7140-page-27-27 already preprocessed
[2025-01-27T00:00:49.955+0000] {logging_mixin.py:190} INFO - File 3106200_2024-11-26_7140-page-28-28 already preprocessed
[2025-01-27T00:00:49.955+0000] {logging_mixin.py:190} INFO - File 3106200_2024-11-26_7140-page-29-29 already preprocessed
[2025-01-27T00:00:49.955+0000] {logging_mixin.py:190} INFO - File 3106200_2024-11-26_7140-page-30-30 already preprocessed
[2025-01-27T00:00:49.956+0000] {logging_mixin.py:190} INFO - File 3106200_2024-11-26_7140-page-31-31 already preprocessed
[2025-01-27T00:00:49.956+0000] {logging_mixin.py:190} INFO - File 3106200_2024-11-26_7140-page-32-32 already preprocessed
[2025-01-27T00:00:49.960+0000] {logging_mixin.py:190} INFO - Breaking down pdf 3106200_2024-11-27_7141.pdf into multiple PDF single pages
[2025-01-27T00:00:50.043+0000] {logging_mixin.py:190} INFO - File 3106200_2024-11-27_7141-page-0-0 already preprocessed
[2025-01-27T00:00:50.044+0000] {logging_mixin.py:190} INFO - File 3106200_2024-11-27_7141-page-1-1 already preprocessed
[2025-01-27T00:00:50.045+0000] {logging_mixin.py:190} INFO - File 3106200_2024-11-27_7141-page-2-2 already preprocessed
[2025-01-27T00:00:50.045+0000] {logging_mixin.py:190} INFO - File 3106200_2024-11-27_7141-page-3-3 already preprocessed
[2025-01-27T00:00:50.045+0000] {logging_mixin.py:190} INFO - File 3106200_2024-11-27_7141-page-4-4 already preprocessed
[2025-01-27T00:00:50.046+0000] {logging_mixin.py:190} INFO - File 3106200_2024-11-27_7141-page-5-5 already preprocessed
[2025-01-27T00:00:50.046+0000] {logging_mixin.py:190} INFO - File 3106200_2024-11-27_7141-page-6-6 already preprocessed
[2025-01-27T00:00:50.047+0000] {logging_mixin.py:190} INFO - File 3106200_2024-11-27_7141-page-7-7 already preprocessed
[2025-01-27T00:00:50.047+0000] {logging_mixin.py:190} INFO - File 3106200_2024-11-27_7141-page-8-8 already preprocessed
[2025-01-27T00:00:50.048+0000] {logging_mixin.py:190} INFO - File 3106200_2024-11-27_7141-page-9-9 already preprocessed
[2025-01-27T00:00:50.048+0000] {logging_mixin.py:190} INFO - File 3106200_2024-11-27_7141-page-10-10 already preprocessed
[2025-01-27T00:00:50.048+0000] {logging_mixin.py:190} INFO - File 3106200_2024-11-27_7141-page-11-11 already preprocessed
[2025-01-27T00:00:50.049+0000] {logging_mixin.py:190} INFO - File 3106200_2024-11-27_7141-page-12-12 already preprocessed
[2025-01-27T00:00:50.049+0000] {logging_mixin.py:190} INFO - File 3106200_2024-11-27_7141-page-13-13 already preprocessed
[2025-01-27T00:00:50.050+0000] {logging_mixin.py:190} INFO - File 3106200_2024-11-27_7141-page-14-14 already preprocessed
[2025-01-27T00:00:50.050+0000] {logging_mixin.py:190} INFO - File 3106200_2024-11-27_7141-page-15-15 already preprocessed
[2025-01-27T00:00:50.051+0000] {logging_mixin.py:190} INFO - File 3106200_2024-11-27_7141-page-16-16 already preprocessed
[2025-01-27T00:00:50.051+0000] {logging_mixin.py:190} INFO - File 3106200_2024-11-27_7141-page-17-17 already preprocessed
[2025-01-27T00:00:50.052+0000] {logging_mixin.py:190} INFO - File 3106200_2024-11-27_7141-page-18-18 already preprocessed
[2025-01-27T00:00:50.053+0000] {logging_mixin.py:190} INFO - File 3106200_2024-11-27_7141-page-19-19 already preprocessed
[2025-01-27T00:00:50.053+0000] {logging_mixin.py:190} INFO - File 3106200_2024-11-27_7141-page-20-20 already preprocessed
[2025-01-27T00:00:50.053+0000] {logging_mixin.py:190} INFO - File 3106200_2024-11-27_7141-page-21-21 already preprocessed
[2025-01-27T00:00:50.054+0000] {logging_mixin.py:190} INFO - File 3106200_2024-11-27_7141-page-22-22 already preprocessed
[2025-01-27T00:00:50.054+0000] {logging_mixin.py:190} INFO - File 3106200_2024-11-27_7141-page-23-23 already preprocessed
[2025-01-27T00:00:50.055+0000] {logging_mixin.py:190} INFO - File 3106200_2024-11-27_7141-page-24-24 already preprocessed
[2025-01-27T00:00:50.055+0000] {logging_mixin.py:190} INFO - File 3106200_2024-11-27_7141-page-25-25 already preprocessed
[2025-01-27T00:00:50.056+0000] {logging_mixin.py:190} INFO - File 3106200_2024-11-27_7141-page-26-26 already preprocessed
[2025-01-27T00:00:50.056+0000] {logging_mixin.py:190} INFO - File 3106200_2024-11-27_7141-page-27-27 already preprocessed
[2025-01-27T00:00:50.057+0000] {logging_mixin.py:190} INFO - File 3106200_2024-11-27_7141-page-28-28 already preprocessed
[2025-01-27T00:00:50.057+0000] {logging_mixin.py:190} INFO - File 3106200_2024-11-27_7141-page-29-29 already preprocessed
[2025-01-27T00:00:50.057+0000] {logging_mixin.py:190} INFO - File 3106200_2024-11-27_7141-page-30-30 already preprocessed
[2025-01-27T00:00:50.058+0000] {logging_mixin.py:190} INFO - File 3106200_2024-11-27_7141-page-31-31 already preprocessed
[2025-01-27T00:00:50.058+0000] {logging_mixin.py:190} INFO - File 3106200_2024-11-27_7141-page-32-32 already preprocessed
[2025-01-27T00:00:50.059+0000] {logging_mixin.py:190} INFO - File 3106200_2024-11-27_7141-page-33-33 already preprocessed
[2025-01-27T00:00:50.059+0000] {logging_mixin.py:190} INFO - File 3106200_2024-11-27_7141-page-34-34 already preprocessed
[2025-01-27T00:00:50.060+0000] {logging_mixin.py:190} INFO - File 3106200_2024-11-27_7141-page-35-35 already preprocessed
[2025-01-27T00:00:50.060+0000] {logging_mixin.py:190} INFO - File 3106200_2024-11-27_7141-page-36-36 already preprocessed
[2025-01-27T00:00:50.064+0000] {logging_mixin.py:190} INFO - Breaking down pdf 3106200_2024-11-28_7142.pdf into multiple PDF single pages
[2025-01-27T00:00:50.134+0000] {logging_mixin.py:190} INFO - File 3106200_2024-11-28_7142-page-0-0 already preprocessed
[2025-01-27T00:00:50.135+0000] {logging_mixin.py:190} INFO - File 3106200_2024-11-28_7142-page-1-1 already preprocessed
[2025-01-27T00:00:50.136+0000] {logging_mixin.py:190} INFO - File 3106200_2024-11-28_7142-page-2-2 already preprocessed
[2025-01-27T00:00:50.136+0000] {logging_mixin.py:190} INFO - File 3106200_2024-11-28_7142-page-3-3 already preprocessed
[2025-01-27T00:00:50.137+0000] {logging_mixin.py:190} INFO - File 3106200_2024-11-28_7142-page-4-4 already preprocessed
[2025-01-27T00:00:50.137+0000] {logging_mixin.py:190} INFO - File 3106200_2024-11-28_7142-page-5-5 already preprocessed
[2025-01-27T00:00:50.138+0000] {logging_mixin.py:190} INFO - File 3106200_2024-11-28_7142-page-6-6 already preprocessed
[2025-01-27T00:00:50.138+0000] {logging_mixin.py:190} INFO - File 3106200_2024-11-28_7142-page-7-7 already preprocessed
[2025-01-27T00:00:50.138+0000] {logging_mixin.py:190} INFO - File 3106200_2024-11-28_7142-page-8-8 already preprocessed
[2025-01-27T00:00:50.139+0000] {logging_mixin.py:190} INFO - File 3106200_2024-11-28_7142-page-9-9 already preprocessed
[2025-01-27T00:00:50.139+0000] {logging_mixin.py:190} INFO - File 3106200_2024-11-28_7142-page-10-10 already preprocessed
[2025-01-27T00:00:50.140+0000] {logging_mixin.py:190} INFO - File 3106200_2024-11-28_7142-page-11-11 already preprocessed
[2025-01-27T00:00:50.140+0000] {logging_mixin.py:190} INFO - File 3106200_2024-11-28_7142-page-12-12 already preprocessed
[2025-01-27T00:00:50.141+0000] {logging_mixin.py:190} INFO - File 3106200_2024-11-28_7142-page-13-13 already preprocessed
[2025-01-27T00:00:50.141+0000] {logging_mixin.py:190} INFO - File 3106200_2024-11-28_7142-page-14-14 already preprocessed
[2025-01-27T00:00:50.142+0000] {logging_mixin.py:190} INFO - File 3106200_2024-11-28_7142-page-15-15 already preprocessed
[2025-01-27T00:00:50.142+0000] {logging_mixin.py:190} INFO - File 3106200_2024-11-28_7142-page-16-16 already preprocessed
[2025-01-27T00:00:50.143+0000] {logging_mixin.py:190} INFO - File 3106200_2024-11-28_7142-page-17-17 already preprocessed
[2025-01-27T00:00:50.143+0000] {logging_mixin.py:190} INFO - File 3106200_2024-11-28_7142-page-18-18 already preprocessed
[2025-01-27T00:00:50.143+0000] {logging_mixin.py:190} INFO - File 3106200_2024-11-28_7142-page-19-19 already preprocessed
[2025-01-27T00:00:50.144+0000] {logging_mixin.py:190} INFO - File 3106200_2024-11-28_7142-page-20-20 already preprocessed
[2025-01-27T00:00:50.145+0000] {logging_mixin.py:190} INFO - File 3106200_2024-11-28_7142-page-21-21 already preprocessed
[2025-01-27T00:00:50.145+0000] {logging_mixin.py:190} INFO - File 3106200_2024-11-28_7142-page-22-22 already preprocessed
[2025-01-27T00:00:50.146+0000] {logging_mixin.py:190} INFO - File 3106200_2024-11-28_7142-page-23-23 already preprocessed
[2025-01-27T00:00:50.146+0000] {logging_mixin.py:190} INFO - File 3106200_2024-11-28_7142-page-24-24 already preprocessed
[2025-01-27T00:00:50.147+0000] {logging_mixin.py:190} INFO - File 3106200_2024-11-28_7142-page-25-25 already preprocessed
[2025-01-27T00:00:50.147+0000] {logging_mixin.py:190} INFO - File 3106200_2024-11-28_7142-page-26-26 already preprocessed
[2025-01-27T00:00:50.148+0000] {logging_mixin.py:190} INFO - File 3106200_2024-11-28_7142-page-27-27 already preprocessed
[2025-01-27T00:00:50.148+0000] {logging_mixin.py:190} INFO - File 3106200_2024-11-28_7142-page-28-28 already preprocessed
[2025-01-27T00:00:50.149+0000] {logging_mixin.py:190} INFO - File 3106200_2024-11-28_7142-page-29-29 already preprocessed
[2025-01-27T00:00:50.150+0000] {logging_mixin.py:190} INFO - File 3106200_2024-11-28_7142-page-30-30 already preprocessed
[2025-01-27T00:00:50.150+0000] {logging_mixin.py:190} INFO - File 3106200_2024-11-28_7142-page-31-31 already preprocessed
[2025-01-27T00:00:50.151+0000] {logging_mixin.py:190} INFO - File 3106200_2024-11-28_7142-page-32-32 already preprocessed
[2025-01-27T00:00:50.152+0000] {logging_mixin.py:190} INFO - File 3106200_2024-11-28_7142-page-33-33 already preprocessed
[2025-01-27T00:00:50.152+0000] {logging_mixin.py:190} INFO - File 3106200_2024-11-28_7142-page-34-34 already preprocessed
[2025-01-27T00:00:50.153+0000] {logging_mixin.py:190} INFO - File 3106200_2024-11-28_7142-page-35-35 already preprocessed
[2025-01-27T00:00:50.153+0000] {logging_mixin.py:190} INFO - File 3106200_2024-11-28_7142-page-36-36 already preprocessed
[2025-01-27T00:00:50.153+0000] {logging_mixin.py:190} INFO - File 3106200_2024-11-28_7142-page-37-37 already preprocessed
[2025-01-27T00:00:50.154+0000] {logging_mixin.py:190} INFO - File 3106200_2024-11-28_7142-page-38-38 already preprocessed
[2025-01-27T00:00:50.154+0000] {logging_mixin.py:190} INFO - File 3106200_2024-11-28_7142-page-39-39 already preprocessed
[2025-01-27T00:00:50.155+0000] {logging_mixin.py:190} INFO - File 3106200_2024-11-28_7142-page-40-40 already preprocessed
[2025-01-27T00:00:50.155+0000] {logging_mixin.py:190} INFO - File 3106200_2024-11-28_7142-page-41-41 already preprocessed
[2025-01-27T00:00:50.156+0000] {logging_mixin.py:190} INFO - File 3106200_2024-11-28_7142-page-42-42 already preprocessed
[2025-01-27T00:00:50.156+0000] {logging_mixin.py:190} INFO - File 3106200_2024-11-28_7142-page-43-43 already preprocessed
[2025-01-27T00:00:50.157+0000] {logging_mixin.py:190} INFO - File 3106200_2024-11-28_7142-page-44-44 already preprocessed
[2025-01-27T00:00:50.157+0000] {logging_mixin.py:190} INFO - File 3106200_2024-11-28_7142-page-45-45 already preprocessed
[2025-01-27T00:00:50.161+0000] {logging_mixin.py:190} INFO - Breaking down pdf 3106200_2024-11-29_7143.pdf into multiple PDF single pages
[2025-01-27T00:00:50.230+0000] {logging_mixin.py:190} INFO - File 3106200_2024-11-29_7143-page-0-0 already preprocessed
[2025-01-27T00:00:50.231+0000] {logging_mixin.py:190} INFO - File 3106200_2024-11-29_7143-page-1-1 already preprocessed
[2025-01-27T00:00:50.231+0000] {logging_mixin.py:190} INFO - File 3106200_2024-11-29_7143-page-2-2 already preprocessed
[2025-01-27T00:00:50.232+0000] {logging_mixin.py:190} INFO - File 3106200_2024-11-29_7143-page-3-3 already preprocessed
[2025-01-27T00:00:50.232+0000] {logging_mixin.py:190} INFO - File 3106200_2024-11-29_7143-page-4-4 already preprocessed
[2025-01-27T00:00:50.233+0000] {logging_mixin.py:190} INFO - File 3106200_2024-11-29_7143-page-5-5 already preprocessed
[2025-01-27T00:00:50.233+0000] {logging_mixin.py:190} INFO - File 3106200_2024-11-29_7143-page-6-6 already preprocessed
[2025-01-27T00:00:50.233+0000] {logging_mixin.py:190} INFO - File 3106200_2024-11-29_7143-page-7-7 already preprocessed
[2025-01-27T00:00:50.234+0000] {logging_mixin.py:190} INFO - File 3106200_2024-11-29_7143-page-8-8 already preprocessed
[2025-01-27T00:00:50.234+0000] {logging_mixin.py:190} INFO - File 3106200_2024-11-29_7143-page-9-9 already preprocessed
[2025-01-27T00:00:50.235+0000] {logging_mixin.py:190} INFO - File 3106200_2024-11-29_7143-page-10-10 already preprocessed
[2025-01-27T00:00:50.235+0000] {logging_mixin.py:190} INFO - File 3106200_2024-11-29_7143-page-11-11 already preprocessed
[2025-01-27T00:00:50.235+0000] {logging_mixin.py:190} INFO - File 3106200_2024-11-29_7143-page-12-12 already preprocessed
[2025-01-27T00:00:50.236+0000] {logging_mixin.py:190} INFO - File 3106200_2024-11-29_7143-page-13-13 already preprocessed
[2025-01-27T00:00:50.236+0000] {logging_mixin.py:190} INFO - File 3106200_2024-11-29_7143-page-14-14 already preprocessed
[2025-01-27T00:00:50.237+0000] {logging_mixin.py:190} INFO - File 3106200_2024-11-29_7143-page-15-15 already preprocessed
[2025-01-27T00:00:50.237+0000] {logging_mixin.py:190} INFO - File 3106200_2024-11-29_7143-page-16-16 already preprocessed
[2025-01-27T00:00:50.237+0000] {logging_mixin.py:190} INFO - File 3106200_2024-11-29_7143-page-17-17 already preprocessed
[2025-01-27T00:00:50.238+0000] {logging_mixin.py:190} INFO - File 3106200_2024-11-29_7143-page-18-18 already preprocessed
[2025-01-27T00:00:50.238+0000] {logging_mixin.py:190} INFO - File 3106200_2024-11-29_7143-page-19-19 already preprocessed
[2025-01-27T00:00:50.239+0000] {logging_mixin.py:190} INFO - File 3106200_2024-11-29_7143-page-20-20 already preprocessed
[2025-01-27T00:00:50.239+0000] {logging_mixin.py:190} INFO - File 3106200_2024-11-29_7143-page-21-21 already preprocessed
[2025-01-27T00:00:50.239+0000] {logging_mixin.py:190} INFO - File 3106200_2024-11-29_7143-page-22-22 already preprocessed
[2025-01-27T00:00:50.240+0000] {logging_mixin.py:190} INFO - File 3106200_2024-11-29_7143-page-23-23 already preprocessed
[2025-01-27T00:00:50.240+0000] {logging_mixin.py:190} INFO - File 3106200_2024-11-29_7143-page-24-24 already preprocessed
[2025-01-27T00:00:50.241+0000] {logging_mixin.py:190} INFO - File 3106200_2024-11-29_7143-page-25-25 already preprocessed
[2025-01-27T00:00:50.241+0000] {logging_mixin.py:190} INFO - File 3106200_2024-11-29_7143-page-26-26 already preprocessed
[2025-01-27T00:00:50.242+0000] {logging_mixin.py:190} INFO - File 3106200_2024-11-29_7143-page-27-27 already preprocessed
[2025-01-27T00:00:50.242+0000] {logging_mixin.py:190} INFO - File 3106200_2024-11-29_7143-page-28-28 already preprocessed
[2025-01-27T00:00:50.243+0000] {logging_mixin.py:190} INFO - File 3106200_2024-11-29_7143-page-29-29 already preprocessed
[2025-01-27T00:00:50.243+0000] {logging_mixin.py:190} INFO - File 3106200_2024-11-29_7143-page-30-30 already preprocessed
[2025-01-27T00:00:50.244+0000] {logging_mixin.py:190} INFO - File 3106200_2024-11-29_7143-page-31-31 already preprocessed
[2025-01-27T00:00:50.244+0000] {logging_mixin.py:190} INFO - File 3106200_2024-11-29_7143-page-32-32 already preprocessed
[2025-01-27T00:00:50.245+0000] {logging_mixin.py:190} INFO - File 3106200_2024-11-29_7143-page-33-33 already preprocessed
[2025-01-27T00:00:50.245+0000] {logging_mixin.py:190} INFO - File 3106200_2024-11-29_7143-page-34-34 already preprocessed
[2025-01-27T00:00:50.245+0000] {logging_mixin.py:190} INFO - File 3106200_2024-11-29_7143-page-35-35 already preprocessed
[2025-01-27T00:00:50.246+0000] {logging_mixin.py:190} INFO - File 3106200_2024-11-29_7143-page-36-36 already preprocessed
[2025-01-27T00:00:50.246+0000] {logging_mixin.py:190} INFO - File 3106200_2024-11-29_7143-page-37-37 already preprocessed
[2025-01-27T00:00:50.247+0000] {logging_mixin.py:190} INFO - File 3106200_2024-11-29_7143-page-38-38 already preprocessed
[2025-01-27T00:00:50.250+0000] {logging_mixin.py:190} INFO - Breaking down pdf 3106200_2024-11-30_7144.pdf into multiple PDF single pages
[2025-01-27T00:00:50.317+0000] {logging_mixin.py:190} INFO - File 3106200_2024-11-30_7144-page-0-0 already preprocessed
[2025-01-27T00:00:50.318+0000] {logging_mixin.py:190} INFO - File 3106200_2024-11-30_7144-page-1-1 already preprocessed
[2025-01-27T00:00:50.319+0000] {logging_mixin.py:190} INFO - File 3106200_2024-11-30_7144-page-2-2 already preprocessed
[2025-01-27T00:00:50.320+0000] {logging_mixin.py:190} INFO - File 3106200_2024-11-30_7144-page-3-3 already preprocessed
[2025-01-27T00:00:50.320+0000] {logging_mixin.py:190} INFO - File 3106200_2024-11-30_7144-page-4-4 already preprocessed
[2025-01-27T00:00:50.321+0000] {logging_mixin.py:190} INFO - File 3106200_2024-11-30_7144-page-5-5 already preprocessed
[2025-01-27T00:00:50.321+0000] {logging_mixin.py:190} INFO - File 3106200_2024-11-30_7144-page-6-6 already preprocessed
[2025-01-27T00:00:50.322+0000] {logging_mixin.py:190} INFO - File 3106200_2024-11-30_7144-page-7-7 already preprocessed
[2025-01-27T00:00:50.322+0000] {logging_mixin.py:190} INFO - File 3106200_2024-11-30_7144-page-8-8 already preprocessed
[2025-01-27T00:00:50.322+0000] {logging_mixin.py:190} INFO - File 3106200_2024-11-30_7144-page-9-9 already preprocessed
[2025-01-27T00:00:50.323+0000] {logging_mixin.py:190} INFO - File 3106200_2024-11-30_7144-page-10-10 already preprocessed
[2025-01-27T00:00:50.323+0000] {logging_mixin.py:190} INFO - File 3106200_2024-11-30_7144-page-11-11 already preprocessed
[2025-01-27T00:00:50.324+0000] {logging_mixin.py:190} INFO - File 3106200_2024-11-30_7144-page-12-12 already preprocessed
[2025-01-27T00:00:50.324+0000] {logging_mixin.py:190} INFO - File 3106200_2024-11-30_7144-page-13-13 already preprocessed
[2025-01-27T00:00:50.324+0000] {logging_mixin.py:190} INFO - File 3106200_2024-11-30_7144-page-14-14 already preprocessed
[2025-01-27T00:00:50.325+0000] {logging_mixin.py:190} INFO - File 3106200_2024-11-30_7144-page-15-15 already preprocessed
[2025-01-27T00:00:50.325+0000] {logging_mixin.py:190} INFO - File 3106200_2024-11-30_7144-page-16-16 already preprocessed
[2025-01-27T00:00:50.325+0000] {logging_mixin.py:190} INFO - File 3106200_2024-11-30_7144-page-17-17 already preprocessed
[2025-01-27T00:00:50.326+0000] {logging_mixin.py:190} INFO - File 3106200_2024-11-30_7144-page-18-18 already preprocessed
[2025-01-27T00:00:50.326+0000] {logging_mixin.py:190} INFO - File 3106200_2024-11-30_7144-page-19-19 already preprocessed
[2025-01-27T00:00:50.327+0000] {logging_mixin.py:190} INFO - File 3106200_2024-11-30_7144-page-20-20 already preprocessed
[2025-01-27T00:00:50.327+0000] {logging_mixin.py:190} INFO - File 3106200_2024-11-30_7144-page-21-21 already preprocessed
[2025-01-27T00:00:50.327+0000] {logging_mixin.py:190} INFO - File 3106200_2024-11-30_7144-page-22-22 already preprocessed
[2025-01-27T00:00:50.328+0000] {logging_mixin.py:190} INFO - File 3106200_2024-11-30_7144-page-23-23 already preprocessed
[2025-01-27T00:00:50.328+0000] {logging_mixin.py:190} INFO - File 3106200_2024-11-30_7144-page-24-24 already preprocessed
[2025-01-27T00:00:50.329+0000] {logging_mixin.py:190} INFO - File 3106200_2024-11-30_7144-page-25-25 already preprocessed
[2025-01-27T00:00:50.329+0000] {logging_mixin.py:190} INFO - File 3106200_2024-11-30_7144-page-26-26 already preprocessed
[2025-01-27T00:00:50.329+0000] {logging_mixin.py:190} INFO - File 3106200_2024-11-30_7144-page-27-27 already preprocessed
[2025-01-27T00:00:50.330+0000] {logging_mixin.py:190} INFO - File 3106200_2024-11-30_7144-page-28-28 already preprocessed
[2025-01-27T00:00:50.330+0000] {logging_mixin.py:190} INFO - File 3106200_2024-11-30_7144-page-29-29 already preprocessed
[2025-01-27T00:00:50.331+0000] {logging_mixin.py:190} INFO - File 3106200_2024-11-30_7144-page-30-30 already preprocessed
[2025-01-27T00:00:50.332+0000] {logging_mixin.py:190} INFO - File 3106200_2024-11-30_7144-page-31-31 already preprocessed
[2025-01-27T00:00:50.332+0000] {logging_mixin.py:190} INFO - File 3106200_2024-11-30_7144-page-32-32 already preprocessed
[2025-01-27T00:00:50.332+0000] {logging_mixin.py:190} INFO - File 3106200_2024-11-30_7144-page-33-33 already preprocessed
[2025-01-27T00:00:50.333+0000] {logging_mixin.py:190} INFO - File 3106200_2024-11-30_7144-page-34-34 already preprocessed
[2025-01-27T00:00:50.333+0000] {logging_mixin.py:190} INFO - File 3106200_2024-11-30_7144-page-35-35 already preprocessed
[2025-01-27T00:00:50.334+0000] {logging_mixin.py:190} INFO - File 3106200_2024-11-30_7144-page-36-36 already preprocessed
[2025-01-27T00:00:50.358+0000] {logging_mixin.py:190} INFO - Breaking down pdf 3106200_2024-12-03_7145.pdf into multiple PDF single pages
[2025-01-27T00:00:50.429+0000] {logging_mixin.py:190} INFO - File 3106200_2024-12-03_7145-page-0-0 already preprocessed
[2025-01-27T00:00:50.430+0000] {logging_mixin.py:190} INFO - File 3106200_2024-12-03_7145-page-1-1 already preprocessed
[2025-01-27T00:00:50.430+0000] {logging_mixin.py:190} INFO - File 3106200_2024-12-03_7145-page-2-2 already preprocessed
[2025-01-27T00:00:50.431+0000] {logging_mixin.py:190} INFO - File 3106200_2024-12-03_7145-page-3-3 already preprocessed
[2025-01-27T00:00:50.431+0000] {logging_mixin.py:190} INFO - File 3106200_2024-12-03_7145-page-4-4 already preprocessed
[2025-01-27T00:00:50.432+0000] {logging_mixin.py:190} INFO - File 3106200_2024-12-03_7145-page-5-5 already preprocessed
[2025-01-27T00:00:50.432+0000] {logging_mixin.py:190} INFO - File 3106200_2024-12-03_7145-page-6-6 already preprocessed
[2025-01-27T00:00:50.433+0000] {logging_mixin.py:190} INFO - File 3106200_2024-12-03_7145-page-7-7 already preprocessed
[2025-01-27T00:00:50.433+0000] {logging_mixin.py:190} INFO - File 3106200_2024-12-03_7145-page-8-8 already preprocessed
[2025-01-27T00:00:50.433+0000] {logging_mixin.py:190} INFO - File 3106200_2024-12-03_7145-page-9-9 already preprocessed
[2025-01-27T00:00:50.434+0000] {logging_mixin.py:190} INFO - File 3106200_2024-12-03_7145-page-10-10 already preprocessed
[2025-01-27T00:00:50.435+0000] {logging_mixin.py:190} INFO - File 3106200_2024-12-03_7145-page-11-11 already preprocessed
[2025-01-27T00:00:50.436+0000] {logging_mixin.py:190} INFO - File 3106200_2024-12-03_7145-page-12-12 already preprocessed
[2025-01-27T00:00:50.436+0000] {logging_mixin.py:190} INFO - File 3106200_2024-12-03_7145-page-13-13 already preprocessed
[2025-01-27T00:00:50.437+0000] {logging_mixin.py:190} INFO - File 3106200_2024-12-03_7145-page-14-14 already preprocessed
[2025-01-27T00:00:50.437+0000] {logging_mixin.py:190} INFO - File 3106200_2024-12-03_7145-page-15-15 already preprocessed
[2025-01-27T00:00:50.437+0000] {logging_mixin.py:190} INFO - File 3106200_2024-12-03_7145-page-16-16 already preprocessed
[2025-01-27T00:00:50.438+0000] {logging_mixin.py:190} INFO - File 3106200_2024-12-03_7145-page-17-17 already preprocessed
[2025-01-27T00:00:50.438+0000] {logging_mixin.py:190} INFO - File 3106200_2024-12-03_7145-page-18-18 already preprocessed
[2025-01-27T00:00:50.439+0000] {logging_mixin.py:190} INFO - File 3106200_2024-12-03_7145-page-19-19 already preprocessed
[2025-01-27T00:00:50.439+0000] {logging_mixin.py:190} INFO - File 3106200_2024-12-03_7145-page-20-20 already preprocessed
[2025-01-27T00:00:50.440+0000] {logging_mixin.py:190} INFO - File 3106200_2024-12-03_7145-page-21-21 already preprocessed
[2025-01-27T00:00:50.440+0000] {logging_mixin.py:190} INFO - File 3106200_2024-12-03_7145-page-22-22 already preprocessed
[2025-01-27T00:00:50.441+0000] {logging_mixin.py:190} INFO - File 3106200_2024-12-03_7145-page-23-23 already preprocessed
[2025-01-27T00:00:50.441+0000] {logging_mixin.py:190} INFO - File 3106200_2024-12-03_7145-page-24-24 already preprocessed
[2025-01-27T00:00:50.442+0000] {logging_mixin.py:190} INFO - File 3106200_2024-12-03_7145-page-25-25 already preprocessed
[2025-01-27T00:00:50.442+0000] {logging_mixin.py:190} INFO - File 3106200_2024-12-03_7145-page-26-26 already preprocessed
[2025-01-27T00:00:50.443+0000] {logging_mixin.py:190} INFO - File 3106200_2024-12-03_7145-page-27-27 already preprocessed
[2025-01-27T00:00:50.443+0000] {logging_mixin.py:190} INFO - File 3106200_2024-12-03_7145-page-28-28 already preprocessed
[2025-01-27T00:00:50.443+0000] {logging_mixin.py:190} INFO - File 3106200_2024-12-03_7145-page-29-29 already preprocessed
[2025-01-27T00:00:50.444+0000] {logging_mixin.py:190} INFO - File 3106200_2024-12-03_7145-page-30-30 already preprocessed
[2025-01-27T00:00:50.444+0000] {logging_mixin.py:190} INFO - File 3106200_2024-12-03_7145-page-31-31 already preprocessed
[2025-01-27T00:00:50.445+0000] {logging_mixin.py:190} INFO - File 3106200_2024-12-03_7145-page-32-32 already preprocessed
[2025-01-27T00:00:50.445+0000] {logging_mixin.py:190} INFO - File 3106200_2024-12-03_7145-page-33-33 already preprocessed
[2025-01-27T00:00:50.446+0000] {logging_mixin.py:190} INFO - File 3106200_2024-12-03_7145-page-34-34 already preprocessed
[2025-01-27T00:00:50.448+0000] {logging_mixin.py:190} INFO - Breaking down pdf 3106200_2024-12-04_7146.pdf into multiple PDF single pages
[2025-01-27T00:00:50.514+0000] {logging_mixin.py:190} INFO - File 3106200_2024-12-04_7146-page-0-0 already preprocessed
[2025-01-27T00:00:50.514+0000] {logging_mixin.py:190} INFO - File 3106200_2024-12-04_7146-page-1-1 already preprocessed
[2025-01-27T00:00:50.515+0000] {logging_mixin.py:190} INFO - File 3106200_2024-12-04_7146-page-2-2 already preprocessed
[2025-01-27T00:00:50.515+0000] {logging_mixin.py:190} INFO - File 3106200_2024-12-04_7146-page-3-3 already preprocessed
[2025-01-27T00:00:50.515+0000] {logging_mixin.py:190} INFO - File 3106200_2024-12-04_7146-page-4-4 already preprocessed
[2025-01-27T00:00:50.516+0000] {logging_mixin.py:190} INFO - File 3106200_2024-12-04_7146-page-5-5 already preprocessed
[2025-01-27T00:00:50.516+0000] {logging_mixin.py:190} INFO - File 3106200_2024-12-04_7146-page-6-6 already preprocessed
[2025-01-27T00:00:50.517+0000] {logging_mixin.py:190} INFO - File 3106200_2024-12-04_7146-page-7-7 already preprocessed
[2025-01-27T00:00:50.517+0000] {logging_mixin.py:190} INFO - File 3106200_2024-12-04_7146-page-8-8 already preprocessed
[2025-01-27T00:00:50.517+0000] {logging_mixin.py:190} INFO - File 3106200_2024-12-04_7146-page-9-9 already preprocessed
[2025-01-27T00:00:50.518+0000] {logging_mixin.py:190} INFO - File 3106200_2024-12-04_7146-page-10-10 already preprocessed
[2025-01-27T00:00:50.518+0000] {logging_mixin.py:190} INFO - File 3106200_2024-12-04_7146-page-11-11 already preprocessed
[2025-01-27T00:00:50.518+0000] {logging_mixin.py:190} INFO - File 3106200_2024-12-04_7146-page-12-12 already preprocessed
[2025-01-27T00:00:50.519+0000] {logging_mixin.py:190} INFO - File 3106200_2024-12-04_7146-page-13-13 already preprocessed
[2025-01-27T00:00:50.520+0000] {logging_mixin.py:190} INFO - File 3106200_2024-12-04_7146-page-14-14 already preprocessed
[2025-01-27T00:00:50.520+0000] {logging_mixin.py:190} INFO - File 3106200_2024-12-04_7146-page-15-15 already preprocessed
[2025-01-27T00:00:50.521+0000] {logging_mixin.py:190} INFO - File 3106200_2024-12-04_7146-page-16-16 already preprocessed
[2025-01-27T00:00:50.521+0000] {logging_mixin.py:190} INFO - File 3106200_2024-12-04_7146-page-17-17 already preprocessed
[2025-01-27T00:00:50.522+0000] {logging_mixin.py:190} INFO - File 3106200_2024-12-04_7146-page-18-18 already preprocessed
[2025-01-27T00:00:50.522+0000] {logging_mixin.py:190} INFO - File 3106200_2024-12-04_7146-page-19-19 already preprocessed
[2025-01-27T00:00:50.523+0000] {logging_mixin.py:190} INFO - File 3106200_2024-12-04_7146-page-20-20 already preprocessed
[2025-01-27T00:00:50.523+0000] {logging_mixin.py:190} INFO - File 3106200_2024-12-04_7146-page-21-21 already preprocessed
[2025-01-27T00:00:50.523+0000] {logging_mixin.py:190} INFO - File 3106200_2024-12-04_7146-page-22-22 already preprocessed
[2025-01-27T00:00:50.524+0000] {logging_mixin.py:190} INFO - File 3106200_2024-12-04_7146-page-23-23 already preprocessed
[2025-01-27T00:00:50.524+0000] {logging_mixin.py:190} INFO - File 3106200_2024-12-04_7146-page-24-24 already preprocessed
[2025-01-27T00:00:50.524+0000] {logging_mixin.py:190} INFO - File 3106200_2024-12-04_7146-page-25-25 already preprocessed
[2025-01-27T00:00:50.525+0000] {logging_mixin.py:190} INFO - File 3106200_2024-12-04_7146-page-26-26 already preprocessed
[2025-01-27T00:00:50.525+0000] {logging_mixin.py:190} INFO - File 3106200_2024-12-04_7146-page-27-27 already preprocessed
[2025-01-27T00:00:50.525+0000] {logging_mixin.py:190} INFO - File 3106200_2024-12-04_7146-page-28-28 already preprocessed
[2025-01-27T00:00:50.526+0000] {logging_mixin.py:190} INFO - File 3106200_2024-12-04_7146-page-29-29 already preprocessed
[2025-01-27T00:00:50.526+0000] {logging_mixin.py:190} INFO - File 3106200_2024-12-04_7146-page-30-30 already preprocessed
[2025-01-27T00:00:50.526+0000] {logging_mixin.py:190} INFO - File 3106200_2024-12-04_7146-page-31-31 already preprocessed
[2025-01-27T00:00:50.527+0000] {logging_mixin.py:190} INFO - File 3106200_2024-12-04_7146-page-32-32 already preprocessed
[2025-01-27T00:00:50.529+0000] {logging_mixin.py:190} INFO - File 3106200_2024-12-04_7146-page-33-33 already preprocessed
[2025-01-27T00:00:50.529+0000] {logging_mixin.py:190} INFO - File 3106200_2024-12-04_7146-page-34-34 already preprocessed
[2025-01-27T00:00:50.529+0000] {logging_mixin.py:190} INFO - File 3106200_2024-12-04_7146-page-35-35 already preprocessed
[2025-01-27T00:00:50.530+0000] {logging_mixin.py:190} INFO - File 3106200_2024-12-04_7146-page-36-36 already preprocessed
[2025-01-27T00:00:50.531+0000] {logging_mixin.py:190} INFO - File 3106200_2024-12-04_7146-page-37-37 already preprocessed
[2025-01-27T00:00:50.531+0000] {logging_mixin.py:190} INFO - File 3106200_2024-12-04_7146-page-38-38 already preprocessed
[2025-01-27T00:00:50.531+0000] {logging_mixin.py:190} INFO - File 3106200_2024-12-04_7146-page-39-39 already preprocessed
[2025-01-27T00:00:50.534+0000] {logging_mixin.py:190} INFO - Breaking down pdf 3106200_2024-12-05_7147.pdf into multiple PDF single pages
[2025-01-27T00:00:50.598+0000] {logging_mixin.py:190} INFO - File 3106200_2024-12-05_7147-page-0-0 already preprocessed
[2025-01-27T00:00:50.599+0000] {logging_mixin.py:190} INFO - File 3106200_2024-12-05_7147-page-1-1 already preprocessed
[2025-01-27T00:00:50.600+0000] {logging_mixin.py:190} INFO - File 3106200_2024-12-05_7147-page-2-2 already preprocessed
[2025-01-27T00:00:50.600+0000] {logging_mixin.py:190} INFO - File 3106200_2024-12-05_7147-page-3-3 already preprocessed
[2025-01-27T00:00:50.600+0000] {logging_mixin.py:190} INFO - File 3106200_2024-12-05_7147-page-4-4 already preprocessed
[2025-01-27T00:00:50.601+0000] {logging_mixin.py:190} INFO - File 3106200_2024-12-05_7147-page-5-5 already preprocessed
[2025-01-27T00:00:50.601+0000] {logging_mixin.py:190} INFO - File 3106200_2024-12-05_7147-page-6-6 already preprocessed
[2025-01-27T00:00:50.602+0000] {logging_mixin.py:190} INFO - File 3106200_2024-12-05_7147-page-7-7 already preprocessed
[2025-01-27T00:00:50.602+0000] {logging_mixin.py:190} INFO - File 3106200_2024-12-05_7147-page-8-8 already preprocessed
[2025-01-27T00:00:50.602+0000] {logging_mixin.py:190} INFO - File 3106200_2024-12-05_7147-page-9-9 already preprocessed
[2025-01-27T00:00:50.603+0000] {logging_mixin.py:190} INFO - File 3106200_2024-12-05_7147-page-10-10 already preprocessed
[2025-01-27T00:00:50.603+0000] {logging_mixin.py:190} INFO - File 3106200_2024-12-05_7147-page-11-11 already preprocessed
[2025-01-27T00:00:50.604+0000] {logging_mixin.py:190} INFO - File 3106200_2024-12-05_7147-page-12-12 already preprocessed
[2025-01-27T00:00:50.604+0000] {logging_mixin.py:190} INFO - File 3106200_2024-12-05_7147-page-13-13 already preprocessed
[2025-01-27T00:00:50.604+0000] {logging_mixin.py:190} INFO - File 3106200_2024-12-05_7147-page-14-14 already preprocessed
[2025-01-27T00:00:50.605+0000] {logging_mixin.py:190} INFO - File 3106200_2024-12-05_7147-page-15-15 already preprocessed
[2025-01-27T00:00:50.605+0000] {logging_mixin.py:190} INFO - File 3106200_2024-12-05_7147-page-16-16 already preprocessed
[2025-01-27T00:00:50.605+0000] {logging_mixin.py:190} INFO - File 3106200_2024-12-05_7147-page-17-17 already preprocessed
[2025-01-27T00:00:50.606+0000] {logging_mixin.py:190} INFO - File 3106200_2024-12-05_7147-page-18-18 already preprocessed
[2025-01-27T00:00:50.606+0000] {logging_mixin.py:190} INFO - File 3106200_2024-12-05_7147-page-19-19 already preprocessed
[2025-01-27T00:00:50.606+0000] {logging_mixin.py:190} INFO - File 3106200_2024-12-05_7147-page-20-20 already preprocessed
[2025-01-27T00:00:50.607+0000] {logging_mixin.py:190} INFO - File 3106200_2024-12-05_7147-page-21-21 already preprocessed
[2025-01-27T00:00:50.607+0000] {logging_mixin.py:190} INFO - File 3106200_2024-12-05_7147-page-22-22 already preprocessed
[2025-01-27T00:00:50.609+0000] {logging_mixin.py:190} INFO - Breaking down pdf 3106200_2024-12-06_7148.pdf into multiple PDF single pages
[2025-01-27T00:00:50.665+0000] {logging_mixin.py:190} INFO - File 3106200_2024-12-06_7148-page-0-0 already preprocessed
[2025-01-27T00:00:50.665+0000] {logging_mixin.py:190} INFO - File 3106200_2024-12-06_7148-page-1-1 already preprocessed
[2025-01-27T00:00:50.666+0000] {logging_mixin.py:190} INFO - File 3106200_2024-12-06_7148-page-2-2 already preprocessed
[2025-01-27T00:00:50.666+0000] {logging_mixin.py:190} INFO - File 3106200_2024-12-06_7148-page-3-3 already preprocessed
[2025-01-27T00:00:50.666+0000] {logging_mixin.py:190} INFO - File 3106200_2024-12-06_7148-page-4-4 already preprocessed
[2025-01-27T00:00:50.667+0000] {logging_mixin.py:190} INFO - File 3106200_2024-12-06_7148-page-5-5 already preprocessed
[2025-01-27T00:00:50.667+0000] {logging_mixin.py:190} INFO - File 3106200_2024-12-06_7148-page-6-6 already preprocessed
[2025-01-27T00:00:50.668+0000] {logging_mixin.py:190} INFO - File 3106200_2024-12-06_7148-page-7-7 already preprocessed
[2025-01-27T00:00:50.668+0000] {logging_mixin.py:190} INFO - File 3106200_2024-12-06_7148-page-8-8 already preprocessed
[2025-01-27T00:00:50.669+0000] {logging_mixin.py:190} INFO - File 3106200_2024-12-06_7148-page-9-9 already preprocessed
[2025-01-27T00:00:50.669+0000] {logging_mixin.py:190} INFO - File 3106200_2024-12-06_7148-page-10-10 already preprocessed
[2025-01-27T00:00:50.670+0000] {logging_mixin.py:190} INFO - File 3106200_2024-12-06_7148-page-11-11 already preprocessed
[2025-01-27T00:00:50.670+0000] {logging_mixin.py:190} INFO - File 3106200_2024-12-06_7148-page-12-12 already preprocessed
[2025-01-27T00:00:50.670+0000] {logging_mixin.py:190} INFO - File 3106200_2024-12-06_7148-page-13-13 already preprocessed
[2025-01-27T00:00:50.671+0000] {logging_mixin.py:190} INFO - File 3106200_2024-12-06_7148-page-14-14 already preprocessed
[2025-01-27T00:00:50.671+0000] {logging_mixin.py:190} INFO - File 3106200_2024-12-06_7148-page-15-15 already preprocessed
[2025-01-27T00:00:50.672+0000] {logging_mixin.py:190} INFO - File 3106200_2024-12-06_7148-page-16-16 already preprocessed
[2025-01-27T00:00:50.672+0000] {logging_mixin.py:190} INFO - File 3106200_2024-12-06_7148-page-17-17 already preprocessed
[2025-01-27T00:00:50.673+0000] {logging_mixin.py:190} INFO - File 3106200_2024-12-06_7148-page-18-18 already preprocessed
[2025-01-27T00:00:50.673+0000] {logging_mixin.py:190} INFO - File 3106200_2024-12-06_7148-page-19-19 already preprocessed
[2025-01-27T00:00:50.673+0000] {logging_mixin.py:190} INFO - File 3106200_2024-12-06_7148-page-20-20 already preprocessed
[2025-01-27T00:00:50.674+0000] {logging_mixin.py:190} INFO - File 3106200_2024-12-06_7148-page-21-21 already preprocessed
[2025-01-27T00:00:50.674+0000] {logging_mixin.py:190} INFO - File 3106200_2024-12-06_7148-page-22-22 already preprocessed
[2025-01-27T00:00:50.674+0000] {logging_mixin.py:190} INFO - File 3106200_2024-12-06_7148-page-23-23 already preprocessed
[2025-01-27T00:00:50.675+0000] {logging_mixin.py:190} INFO - File 3106200_2024-12-06_7148-page-24-24 already preprocessed
[2025-01-27T00:00:50.675+0000] {logging_mixin.py:190} INFO - File 3106200_2024-12-06_7148-page-25-25 already preprocessed
[2025-01-27T00:00:50.675+0000] {logging_mixin.py:190} INFO - File 3106200_2024-12-06_7148-page-26-26 already preprocessed
[2025-01-27T00:00:50.676+0000] {logging_mixin.py:190} INFO - File 3106200_2024-12-06_7148-page-27-27 already preprocessed
[2025-01-27T00:00:50.676+0000] {logging_mixin.py:190} INFO - File 3106200_2024-12-06_7148-page-28-28 already preprocessed
[2025-01-27T00:00:50.677+0000] {logging_mixin.py:190} INFO - File 3106200_2024-12-06_7148-page-29-29 already preprocessed
[2025-01-27T00:00:50.677+0000] {logging_mixin.py:190} INFO - File 3106200_2024-12-06_7148-page-30-30 already preprocessed
[2025-01-27T00:00:50.677+0000] {logging_mixin.py:190} INFO - File 3106200_2024-12-06_7148-page-31-31 already preprocessed
[2025-01-27T00:00:50.678+0000] {logging_mixin.py:190} INFO - File 3106200_2024-12-06_7148-page-32-32 already preprocessed
[2025-01-27T00:00:50.678+0000] {logging_mixin.py:190} INFO - File 3106200_2024-12-06_7148-page-33-33 already preprocessed
[2025-01-27T00:00:50.678+0000] {logging_mixin.py:190} INFO - File 3106200_2024-12-06_7148-page-34-34 already preprocessed
[2025-01-27T00:00:50.679+0000] {logging_mixin.py:190} INFO - File 3106200_2024-12-06_7148-page-35-35 already preprocessed
[2025-01-27T00:00:50.679+0000] {logging_mixin.py:190} INFO - File 3106200_2024-12-06_7148-page-36-36 already preprocessed
[2025-01-27T00:00:50.680+0000] {logging_mixin.py:190} INFO - File 3106200_2024-12-06_7148-page-37-37 already preprocessed
[2025-01-27T00:00:50.680+0000] {logging_mixin.py:190} INFO - File 3106200_2024-12-06_7148-page-38-38 already preprocessed
[2025-01-27T00:00:50.680+0000] {logging_mixin.py:190} INFO - File 3106200_2024-12-06_7148-page-39-39 already preprocessed
[2025-01-27T00:00:50.683+0000] {logging_mixin.py:190} INFO - Breaking down pdf 3106200_2024-12-07_7149.pdf into multiple PDF single pages
[2025-01-27T00:00:50.740+0000] {logging_mixin.py:190} INFO - File 3106200_2024-12-07_7149-page-0-0 already preprocessed
[2025-01-27T00:00:50.741+0000] {logging_mixin.py:190} INFO - File 3106200_2024-12-07_7149-page-1-1 already preprocessed
[2025-01-27T00:00:50.767+0000] {logging_mixin.py:190} INFO - File 3106200_2024-12-07_7149-page-3-3 already preprocessed
[2025-01-27T00:00:50.767+0000] {logging_mixin.py:190} INFO - File 3106200_2024-12-07_7149-page-4-4 already preprocessed
[2025-01-27T00:00:50.768+0000] {logging_mixin.py:190} INFO - File 3106200_2024-12-07_7149-page-5-5 already preprocessed
[2025-01-27T00:00:50.768+0000] {logging_mixin.py:190} INFO - File 3106200_2024-12-07_7149-page-6-6 already preprocessed
[2025-01-27T00:00:50.769+0000] {logging_mixin.py:190} INFO - File 3106200_2024-12-07_7149-page-7-7 already preprocessed
[2025-01-27T00:00:50.769+0000] {logging_mixin.py:190} INFO - File 3106200_2024-12-07_7149-page-8-8 already preprocessed
[2025-01-27T00:00:50.770+0000] {logging_mixin.py:190} INFO - File 3106200_2024-12-07_7149-page-9-9 already preprocessed
[2025-01-27T00:00:50.770+0000] {logging_mixin.py:190} INFO - File 3106200_2024-12-07_7149-page-10-10 already preprocessed
[2025-01-27T00:00:50.770+0000] {logging_mixin.py:190} INFO - File 3106200_2024-12-07_7149-page-11-11 already preprocessed
[2025-01-27T00:00:50.771+0000] {logging_mixin.py:190} INFO - File 3106200_2024-12-07_7149-page-12-12 already preprocessed
[2025-01-27T00:00:50.771+0000] {logging_mixin.py:190} INFO - File 3106200_2024-12-07_7149-page-13-13 already preprocessed
[2025-01-27T00:00:50.772+0000] {logging_mixin.py:190} INFO - File 3106200_2024-12-07_7149-page-14-14 already preprocessed
[2025-01-27T00:00:50.772+0000] {logging_mixin.py:190} INFO - File 3106200_2024-12-07_7149-page-15-15 already preprocessed
[2025-01-27T00:00:50.772+0000] {logging_mixin.py:190} INFO - File 3106200_2024-12-07_7149-page-16-16 already preprocessed
[2025-01-27T00:00:50.773+0000] {logging_mixin.py:190} INFO - File 3106200_2024-12-07_7149-page-17-17 already preprocessed
[2025-01-27T00:00:50.773+0000] {logging_mixin.py:190} INFO - File 3106200_2024-12-07_7149-page-18-18 already preprocessed
[2025-01-27T00:00:50.773+0000] {logging_mixin.py:190} INFO - File 3106200_2024-12-07_7149-page-19-19 already preprocessed
[2025-01-27T00:00:50.774+0000] {logging_mixin.py:190} INFO - File 3106200_2024-12-07_7149-page-20-20 already preprocessed
[2025-01-27T00:00:50.774+0000] {logging_mixin.py:190} INFO - File 3106200_2024-12-07_7149-page-21-21 already preprocessed
[2025-01-27T00:00:50.774+0000] {logging_mixin.py:190} INFO - File 3106200_2024-12-07_7149-page-22-22 already preprocessed
[2025-01-27T00:00:50.775+0000] {logging_mixin.py:190} INFO - File 3106200_2024-12-07_7149-page-23-23 already preprocessed
[2025-01-27T00:00:50.775+0000] {logging_mixin.py:190} INFO - File 3106200_2024-12-07_7149-page-24-24 already preprocessed
[2025-01-27T00:00:50.776+0000] {logging_mixin.py:190} INFO - File 3106200_2024-12-07_7149-page-25-25 already preprocessed
[2025-01-27T00:00:50.776+0000] {logging_mixin.py:190} INFO - File 3106200_2024-12-07_7149-page-26-26 already preprocessed
[2025-01-27T00:00:50.776+0000] {logging_mixin.py:190} INFO - File 3106200_2024-12-07_7149-page-27-27 already preprocessed
[2025-01-27T00:00:50.777+0000] {logging_mixin.py:190} INFO - File 3106200_2024-12-07_7149-page-28-28 already preprocessed
[2025-01-27T00:00:50.777+0000] {logging_mixin.py:190} INFO - File 3106200_2024-12-07_7149-page-29-29 already preprocessed
[2025-01-27T00:00:50.778+0000] {logging_mixin.py:190} INFO - File 3106200_2024-12-07_7149-page-30-30 already preprocessed
[2025-01-27T00:00:50.778+0000] {logging_mixin.py:190} INFO - File 3106200_2024-12-07_7149-page-31-31 already preprocessed
[2025-01-27T00:00:50.778+0000] {logging_mixin.py:190} INFO - File 3106200_2024-12-07_7149-page-32-32 already preprocessed
[2025-01-27T00:00:50.779+0000] {logging_mixin.py:190} INFO - File 3106200_2024-12-07_7149-page-33-33 already preprocessed
[2025-01-27T00:00:50.779+0000] {logging_mixin.py:190} INFO - File 3106200_2024-12-07_7149-page-34-34 already preprocessed
[2025-01-27T00:00:50.779+0000] {logging_mixin.py:190} INFO - File 3106200_2024-12-07_7149-page-35-35 already preprocessed
[2025-01-27T00:00:50.780+0000] {logging_mixin.py:190} INFO - File 3106200_2024-12-07_7149-page-36-36 already preprocessed
[2025-01-27T00:00:50.780+0000] {logging_mixin.py:190} INFO - File 3106200_2024-12-07_7149-page-37-37 already preprocessed
[2025-01-27T00:00:50.780+0000] {logging_mixin.py:190} INFO - File 3106200_2024-12-07_7149-page-38-38 already preprocessed
[2025-01-27T00:00:50.781+0000] {logging_mixin.py:190} INFO - File 3106200_2024-12-07_7149-page-39-39 already preprocessed
[2025-01-27T00:00:50.781+0000] {logging_mixin.py:190} INFO - File 3106200_2024-12-07_7149-page-40-40 already preprocessed
[2025-01-27T00:00:50.781+0000] {logging_mixin.py:190} INFO - File 3106200_2024-12-07_7149-page-41-41 already preprocessed
[2025-01-27T00:00:50.782+0000] {logging_mixin.py:190} INFO - File 3106200_2024-12-07_7149-page-42-42 already preprocessed
[2025-01-27T00:00:50.782+0000] {logging_mixin.py:190} INFO - File 3106200_2024-12-07_7149-page-43-43 already preprocessed
[2025-01-27T00:00:50.782+0000] {logging_mixin.py:190} INFO - File 3106200_2024-12-07_7149-page-44-44 already preprocessed
[2025-01-27T00:00:50.783+0000] {logging_mixin.py:190} INFO - File 3106200_2024-12-07_7149-page-45-45 already preprocessed
[2025-01-27T00:00:50.786+0000] {logging_mixin.py:190} INFO - Breaking down pdf 3106200_2024-12-10_7150.pdf into multiple PDF single pages
[2025-01-27T00:00:50.837+0000] {logging_mixin.py:190} INFO - File 3106200_2024-12-10_7150-page-0-0 already preprocessed
[2025-01-27T00:00:50.837+0000] {logging_mixin.py:190} INFO - File 3106200_2024-12-10_7150-page-1-1 already preprocessed
[2025-01-27T00:00:50.838+0000] {logging_mixin.py:190} INFO - File 3106200_2024-12-10_7150-page-2-2 already preprocessed
[2025-01-27T00:00:50.838+0000] {logging_mixin.py:190} INFO - File 3106200_2024-12-10_7150-page-3-3 already preprocessed
[2025-01-27T00:00:50.838+0000] {logging_mixin.py:190} INFO - File 3106200_2024-12-10_7150-page-4-4 already preprocessed
[2025-01-27T00:00:50.839+0000] {logging_mixin.py:190} INFO - File 3106200_2024-12-10_7150-page-5-5 already preprocessed
[2025-01-27T00:00:50.839+0000] {logging_mixin.py:190} INFO - File 3106200_2024-12-10_7150-page-6-6 already preprocessed
[2025-01-27T00:00:50.840+0000] {logging_mixin.py:190} INFO - File 3106200_2024-12-10_7150-page-7-7 already preprocessed
[2025-01-27T00:00:50.840+0000] {logging_mixin.py:190} INFO - File 3106200_2024-12-10_7150-page-8-8 already preprocessed
[2025-01-27T00:00:50.841+0000] {logging_mixin.py:190} INFO - File 3106200_2024-12-10_7150-page-9-9 already preprocessed
[2025-01-27T00:00:50.841+0000] {logging_mixin.py:190} INFO - File 3106200_2024-12-10_7150-page-10-10 already preprocessed
[2025-01-27T00:00:50.841+0000] {logging_mixin.py:190} INFO - File 3106200_2024-12-10_7150-page-11-11 already preprocessed
[2025-01-27T00:00:50.842+0000] {logging_mixin.py:190} INFO - File 3106200_2024-12-10_7150-page-12-12 already preprocessed
[2025-01-27T00:00:50.842+0000] {logging_mixin.py:190} INFO - File 3106200_2024-12-10_7150-page-13-13 already preprocessed
[2025-01-27T00:00:50.842+0000] {logging_mixin.py:190} INFO - File 3106200_2024-12-10_7150-page-14-14 already preprocessed
[2025-01-27T00:00:50.843+0000] {logging_mixin.py:190} INFO - File 3106200_2024-12-10_7150-page-15-15 already preprocessed
[2025-01-27T00:00:50.843+0000] {logging_mixin.py:190} INFO - File 3106200_2024-12-10_7150-page-16-16 already preprocessed
[2025-01-27T00:00:50.844+0000] {logging_mixin.py:190} INFO - File 3106200_2024-12-10_7150-page-17-17 already preprocessed
[2025-01-27T00:00:50.844+0000] {logging_mixin.py:190} INFO - File 3106200_2024-12-10_7150-page-18-18 already preprocessed
[2025-01-27T00:00:50.844+0000] {logging_mixin.py:190} INFO - File 3106200_2024-12-10_7150-page-19-19 already preprocessed
[2025-01-27T00:00:50.845+0000] {logging_mixin.py:190} INFO - File 3106200_2024-12-10_7150-page-20-20 already preprocessed
[2025-01-27T00:00:50.846+0000] {logging_mixin.py:190} INFO - File 3106200_2024-12-10_7150-page-21-21 already preprocessed
[2025-01-27T00:00:50.850+0000] {logging_mixin.py:190} INFO - Breaking down pdf 3106200_2024-12-11_7151.pdf into multiple PDF single pages
[2025-01-27T00:00:50.929+0000] {logging_mixin.py:190} INFO - File 3106200_2024-12-11_7151-page-0-0 already preprocessed
[2025-01-27T00:00:50.929+0000] {logging_mixin.py:190} INFO - File 3106200_2024-12-11_7151-page-1-1 already preprocessed
[2025-01-27T00:00:50.929+0000] {logging_mixin.py:190} INFO - File 3106200_2024-12-11_7151-page-2-2 already preprocessed
[2025-01-27T00:00:50.930+0000] {logging_mixin.py:190} INFO - File 3106200_2024-12-11_7151-page-3-3 already preprocessed
[2025-01-27T00:00:50.930+0000] {logging_mixin.py:190} INFO - File 3106200_2024-12-11_7151-page-4-4 already preprocessed
[2025-01-27T00:00:50.931+0000] {logging_mixin.py:190} INFO - File 3106200_2024-12-11_7151-page-5-5 already preprocessed
[2025-01-27T00:00:50.931+0000] {logging_mixin.py:190} INFO - File 3106200_2024-12-11_7151-page-6-6 already preprocessed
[2025-01-27T00:00:50.931+0000] {logging_mixin.py:190} INFO - File 3106200_2024-12-11_7151-page-7-7 already preprocessed
[2025-01-27T00:00:50.932+0000] {logging_mixin.py:190} INFO - File 3106200_2024-12-11_7151-page-8-8 already preprocessed
[2025-01-27T00:00:50.932+0000] {logging_mixin.py:190} INFO - File 3106200_2024-12-11_7151-page-9-9 already preprocessed
[2025-01-27T00:00:50.932+0000] {logging_mixin.py:190} INFO - File 3106200_2024-12-11_7151-page-10-10 already preprocessed
[2025-01-27T00:00:50.933+0000] {logging_mixin.py:190} INFO - File 3106200_2024-12-11_7151-page-11-11 already preprocessed
[2025-01-27T00:00:50.933+0000] {logging_mixin.py:190} INFO - File 3106200_2024-12-11_7151-page-12-12 already preprocessed
[2025-01-27T00:00:50.933+0000] {logging_mixin.py:190} INFO - File 3106200_2024-12-11_7151-page-13-13 already preprocessed
[2025-01-27T00:00:50.934+0000] {logging_mixin.py:190} INFO - File 3106200_2024-12-11_7151-page-14-14 already preprocessed
[2025-01-27T00:00:50.934+0000] {logging_mixin.py:190} INFO - File 3106200_2024-12-11_7151-page-15-15 already preprocessed
[2025-01-27T00:00:50.934+0000] {logging_mixin.py:190} INFO - File 3106200_2024-12-11_7151-page-16-16 already preprocessed
[2025-01-27T00:00:50.935+0000] {logging_mixin.py:190} INFO - File 3106200_2024-12-11_7151-page-17-17 already preprocessed
[2025-01-27T00:00:50.935+0000] {logging_mixin.py:190} INFO - File 3106200_2024-12-11_7151-page-18-18 already preprocessed
[2025-01-27T00:00:50.936+0000] {logging_mixin.py:190} INFO - File 3106200_2024-12-11_7151-page-19-19 already preprocessed
[2025-01-27T00:00:50.936+0000] {logging_mixin.py:190} INFO - File 3106200_2024-12-11_7151-page-20-20 already preprocessed
[2025-01-27T00:00:50.936+0000] {logging_mixin.py:190} INFO - File 3106200_2024-12-11_7151-page-21-21 already preprocessed
[2025-01-27T00:00:50.937+0000] {logging_mixin.py:190} INFO - File 3106200_2024-12-11_7151-page-22-22 already preprocessed
[2025-01-27T00:00:50.937+0000] {logging_mixin.py:190} INFO - File 3106200_2024-12-11_7151-page-23-23 already preprocessed
[2025-01-27T00:00:50.938+0000] {logging_mixin.py:190} INFO - File 3106200_2024-12-11_7151-page-24-24 already preprocessed
[2025-01-27T00:00:50.938+0000] {logging_mixin.py:190} INFO - File 3106200_2024-12-11_7151-page-25-25 already preprocessed
[2025-01-27T00:00:50.939+0000] {logging_mixin.py:190} INFO - File 3106200_2024-12-11_7151-page-26-26 already preprocessed
[2025-01-27T00:00:50.939+0000] {logging_mixin.py:190} INFO - File 3106200_2024-12-11_7151-page-27-27 already preprocessed
[2025-01-27T00:00:50.940+0000] {logging_mixin.py:190} INFO - File 3106200_2024-12-11_7151-page-28-28 already preprocessed
[2025-01-27T00:00:50.940+0000] {logging_mixin.py:190} INFO - File 3106200_2024-12-11_7151-page-29-29 already preprocessed
[2025-01-27T00:00:50.940+0000] {logging_mixin.py:190} INFO - File 3106200_2024-12-11_7151-page-30-30 already preprocessed
[2025-01-27T00:00:50.941+0000] {logging_mixin.py:190} INFO - File 3106200_2024-12-11_7151-page-31-31 already preprocessed
[2025-01-27T00:00:50.941+0000] {logging_mixin.py:190} INFO - File 3106200_2024-12-11_7151-page-32-32 already preprocessed
[2025-01-27T00:00:50.941+0000] {logging_mixin.py:190} INFO - File 3106200_2024-12-11_7151-page-33-33 already preprocessed
[2025-01-27T00:00:50.942+0000] {logging_mixin.py:190} INFO - File 3106200_2024-12-11_7151-page-34-34 already preprocessed
[2025-01-27T00:00:50.942+0000] {logging_mixin.py:190} INFO - File 3106200_2024-12-11_7151-page-35-35 already preprocessed
[2025-01-27T00:00:50.944+0000] {logging_mixin.py:190} INFO - Breaking down pdf 3106200_2024-12-12_7152.pdf into multiple PDF single pages
[2025-01-27T00:00:51.001+0000] {logging_mixin.py:190} INFO - File 3106200_2024-12-12_7152-page-0-0 already preprocessed
[2025-01-27T00:00:51.002+0000] {logging_mixin.py:190} INFO - File 3106200_2024-12-12_7152-page-1-1 already preprocessed
[2025-01-27T00:00:51.003+0000] {logging_mixin.py:190} INFO - File 3106200_2024-12-12_7152-page-2-2 already preprocessed
[2025-01-27T00:00:51.023+0000] {logging_mixin.py:190} INFO - File 3106200_2024-12-12_7152-page-4-4 already preprocessed
[2025-01-27T00:00:51.023+0000] {logging_mixin.py:190} INFO - File 3106200_2024-12-12_7152-page-5-5 already preprocessed
[2025-01-27T00:00:51.023+0000] {logging_mixin.py:190} INFO - File 3106200_2024-12-12_7152-page-6-6 already preprocessed
[2025-01-27T00:00:51.024+0000] {logging_mixin.py:190} INFO - File 3106200_2024-12-12_7152-page-7-7 already preprocessed
[2025-01-27T00:00:51.024+0000] {logging_mixin.py:190} INFO - File 3106200_2024-12-12_7152-page-8-8 already preprocessed
[2025-01-27T00:00:51.024+0000] {logging_mixin.py:190} INFO - File 3106200_2024-12-12_7152-page-9-9 already preprocessed
[2025-01-27T00:00:51.025+0000] {logging_mixin.py:190} INFO - File 3106200_2024-12-12_7152-page-10-10 already preprocessed
[2025-01-27T00:00:51.025+0000] {logging_mixin.py:190} INFO - File 3106200_2024-12-12_7152-page-11-11 already preprocessed
[2025-01-27T00:00:51.025+0000] {logging_mixin.py:190} INFO - File 3106200_2024-12-12_7152-page-12-12 already preprocessed
[2025-01-27T00:00:51.026+0000] {logging_mixin.py:190} INFO - File 3106200_2024-12-12_7152-page-13-13 already preprocessed
[2025-01-27T00:00:51.026+0000] {logging_mixin.py:190} INFO - File 3106200_2024-12-12_7152-page-14-14 already preprocessed
[2025-01-27T00:00:51.027+0000] {logging_mixin.py:190} INFO - File 3106200_2024-12-12_7152-page-15-15 already preprocessed
[2025-01-27T00:00:51.027+0000] {logging_mixin.py:190} INFO - File 3106200_2024-12-12_7152-page-16-16 already preprocessed
[2025-01-27T00:00:51.027+0000] {logging_mixin.py:190} INFO - File 3106200_2024-12-12_7152-page-17-17 already preprocessed
[2025-01-27T00:00:51.028+0000] {logging_mixin.py:190} INFO - File 3106200_2024-12-12_7152-page-18-18 already preprocessed
[2025-01-27T00:00:51.028+0000] {logging_mixin.py:190} INFO - File 3106200_2024-12-12_7152-page-19-19 already preprocessed
[2025-01-27T00:00:51.029+0000] {logging_mixin.py:190} INFO - File 3106200_2024-12-12_7152-page-20-20 already preprocessed
[2025-01-27T00:00:51.029+0000] {logging_mixin.py:190} INFO - File 3106200_2024-12-12_7152-page-21-21 already preprocessed
[2025-01-27T00:00:51.030+0000] {logging_mixin.py:190} INFO - File 3106200_2024-12-12_7152-page-22-22 already preprocessed
[2025-01-27T00:00:51.030+0000] {logging_mixin.py:190} INFO - File 3106200_2024-12-12_7152-page-23-23 already preprocessed
[2025-01-27T00:00:51.031+0000] {logging_mixin.py:190} INFO - File 3106200_2024-12-12_7152-page-24-24 already preprocessed
[2025-01-27T00:00:51.033+0000] {logging_mixin.py:190} INFO - Breaking down pdf 3106200_2024-12-13_7153.pdf into multiple PDF single pages
[2025-01-27T00:00:51.088+0000] {logging_mixin.py:190} INFO - File 3106200_2024-12-13_7153-page-0-0 already preprocessed
[2025-01-27T00:00:51.088+0000] {logging_mixin.py:190} INFO - File 3106200_2024-12-13_7153-page-1-1 already preprocessed
[2025-01-27T00:00:51.088+0000] {logging_mixin.py:190} INFO - File 3106200_2024-12-13_7153-page-2-2 already preprocessed
[2025-01-27T00:00:51.089+0000] {logging_mixin.py:190} INFO - File 3106200_2024-12-13_7153-page-3-3 already preprocessed
[2025-01-27T00:00:51.089+0000] {logging_mixin.py:190} INFO - File 3106200_2024-12-13_7153-page-4-4 already preprocessed
[2025-01-27T00:00:51.090+0000] {logging_mixin.py:190} INFO - File 3106200_2024-12-13_7153-page-5-5 already preprocessed
[2025-01-27T00:00:51.090+0000] {logging_mixin.py:190} INFO - File 3106200_2024-12-13_7153-page-6-6 already preprocessed
[2025-01-27T00:00:51.090+0000] {logging_mixin.py:190} INFO - File 3106200_2024-12-13_7153-page-7-7 already preprocessed
[2025-01-27T00:00:51.091+0000] {logging_mixin.py:190} INFO - File 3106200_2024-12-13_7153-page-8-8 already preprocessed
[2025-01-27T00:00:51.091+0000] {logging_mixin.py:190} INFO - File 3106200_2024-12-13_7153-page-9-9 already preprocessed
[2025-01-27T00:00:51.092+0000] {logging_mixin.py:190} INFO - File 3106200_2024-12-13_7153-page-10-10 already preprocessed
[2025-01-27T00:00:51.092+0000] {logging_mixin.py:190} INFO - File 3106200_2024-12-13_7153-page-11-11 already preprocessed
[2025-01-27T00:00:51.093+0000] {logging_mixin.py:190} INFO - File 3106200_2024-12-13_7153-page-12-12 already preprocessed
[2025-01-27T00:00:51.093+0000] {logging_mixin.py:190} INFO - File 3106200_2024-12-13_7153-page-13-13 already preprocessed
[2025-01-27T00:00:51.093+0000] {logging_mixin.py:190} INFO - File 3106200_2024-12-13_7153-page-14-14 already preprocessed
[2025-01-27T00:00:51.094+0000] {logging_mixin.py:190} INFO - File 3106200_2024-12-13_7153-page-15-15 already preprocessed
[2025-01-27T00:00:51.094+0000] {logging_mixin.py:190} INFO - File 3106200_2024-12-13_7153-page-16-16 already preprocessed
[2025-01-27T00:00:51.095+0000] {logging_mixin.py:190} INFO - File 3106200_2024-12-13_7153-page-17-17 already preprocessed
[2025-01-27T00:00:51.095+0000] {logging_mixin.py:190} INFO - File 3106200_2024-12-13_7153-page-18-18 already preprocessed
[2025-01-27T00:00:51.095+0000] {logging_mixin.py:190} INFO - File 3106200_2024-12-13_7153-page-19-19 already preprocessed
[2025-01-27T00:00:51.096+0000] {logging_mixin.py:190} INFO - File 3106200_2024-12-13_7153-page-20-20 already preprocessed
[2025-01-27T00:00:51.096+0000] {logging_mixin.py:190} INFO - File 3106200_2024-12-13_7153-page-21-21 already preprocessed
[2025-01-27T00:00:51.097+0000] {logging_mixin.py:190} INFO - File 3106200_2024-12-13_7153-page-22-22 already preprocessed
[2025-01-27T00:00:51.097+0000] {logging_mixin.py:190} INFO - File 3106200_2024-12-13_7153-page-23-23 already preprocessed
[2025-01-27T00:00:51.098+0000] {logging_mixin.py:190} INFO - File 3106200_2024-12-13_7153-page-24-24 already preprocessed
[2025-01-27T00:00:51.099+0000] {logging_mixin.py:190} INFO - File 3106200_2024-12-13_7153-page-25-25 already preprocessed
[2025-01-27T00:00:51.099+0000] {logging_mixin.py:190} INFO - File 3106200_2024-12-13_7153-page-26-26 already preprocessed
[2025-01-27T00:00:51.099+0000] {logging_mixin.py:190} INFO - File 3106200_2024-12-13_7153-page-27-27 already preprocessed
[2025-01-27T00:00:51.100+0000] {logging_mixin.py:190} INFO - File 3106200_2024-12-13_7153-page-28-28 already preprocessed
[2025-01-27T00:00:51.101+0000] {logging_mixin.py:190} INFO - File 3106200_2024-12-13_7153-page-29-29 already preprocessed
[2025-01-27T00:00:51.101+0000] {logging_mixin.py:190} INFO - File 3106200_2024-12-13_7153-page-30-30 already preprocessed
[2025-01-27T00:00:51.102+0000] {logging_mixin.py:190} INFO - File 3106200_2024-12-13_7153-page-31-31 already preprocessed
[2025-01-27T00:00:51.102+0000] {logging_mixin.py:190} INFO - File 3106200_2024-12-13_7153-page-32-32 already preprocessed
[2025-01-27T00:00:51.103+0000] {logging_mixin.py:190} INFO - File 3106200_2024-12-13_7153-page-33-33 already preprocessed
[2025-01-27T00:00:51.105+0000] {logging_mixin.py:190} INFO - Breaking down pdf 3106200_2024-12-14_7154.pdf into multiple PDF single pages
[2025-01-27T00:00:51.171+0000] {logging_mixin.py:190} INFO - File 3106200_2024-12-14_7154-page-0-0 already preprocessed
[2025-01-27T00:00:51.172+0000] {logging_mixin.py:190} INFO - File 3106200_2024-12-14_7154-page-1-1 already preprocessed
[2025-01-27T00:00:51.172+0000] {logging_mixin.py:190} INFO - File 3106200_2024-12-14_7154-page-2-2 already preprocessed
[2025-01-27T00:00:51.173+0000] {logging_mixin.py:190} INFO - File 3106200_2024-12-14_7154-page-3-3 already preprocessed
[2025-01-27T00:00:51.173+0000] {logging_mixin.py:190} INFO - File 3106200_2024-12-14_7154-page-4-4 already preprocessed
[2025-01-27T00:00:51.174+0000] {logging_mixin.py:190} INFO - File 3106200_2024-12-14_7154-page-5-5 already preprocessed
[2025-01-27T00:00:51.174+0000] {logging_mixin.py:190} INFO - File 3106200_2024-12-14_7154-page-6-6 already preprocessed
[2025-01-27T00:00:51.175+0000] {logging_mixin.py:190} INFO - File 3106200_2024-12-14_7154-page-7-7 already preprocessed
[2025-01-27T00:00:51.175+0000] {logging_mixin.py:190} INFO - File 3106200_2024-12-14_7154-page-8-8 already preprocessed
[2025-01-27T00:00:51.176+0000] {logging_mixin.py:190} INFO - File 3106200_2024-12-14_7154-page-9-9 already preprocessed
[2025-01-27T00:00:51.176+0000] {logging_mixin.py:190} INFO - File 3106200_2024-12-14_7154-page-10-10 already preprocessed
[2025-01-27T00:00:51.176+0000] {logging_mixin.py:190} INFO - File 3106200_2024-12-14_7154-page-11-11 already preprocessed
[2025-01-27T00:00:51.177+0000] {logging_mixin.py:190} INFO - File 3106200_2024-12-14_7154-page-12-12 already preprocessed
[2025-01-27T00:00:51.177+0000] {logging_mixin.py:190} INFO - File 3106200_2024-12-14_7154-page-13-13 already preprocessed
[2025-01-27T00:00:51.178+0000] {logging_mixin.py:190} INFO - File 3106200_2024-12-14_7154-page-14-14 already preprocessed
[2025-01-27T00:00:51.178+0000] {logging_mixin.py:190} INFO - File 3106200_2024-12-14_7154-page-15-15 already preprocessed
[2025-01-27T00:00:51.179+0000] {logging_mixin.py:190} INFO - File 3106200_2024-12-14_7154-page-16-16 already preprocessed
[2025-01-27T00:00:51.179+0000] {logging_mixin.py:190} INFO - File 3106200_2024-12-14_7154-page-17-17 already preprocessed
[2025-01-27T00:00:51.179+0000] {logging_mixin.py:190} INFO - File 3106200_2024-12-14_7154-page-18-18 already preprocessed
[2025-01-27T00:00:51.180+0000] {logging_mixin.py:190} INFO - File 3106200_2024-12-14_7154-page-19-19 already preprocessed
[2025-01-27T00:00:51.180+0000] {logging_mixin.py:190} INFO - File 3106200_2024-12-14_7154-page-20-20 already preprocessed
[2025-01-27T00:00:51.181+0000] {logging_mixin.py:190} INFO - File 3106200_2024-12-14_7154-page-21-21 already preprocessed
[2025-01-27T00:00:51.181+0000] {logging_mixin.py:190} INFO - File 3106200_2024-12-14_7154-page-22-22 already preprocessed
[2025-01-27T00:00:51.182+0000] {logging_mixin.py:190} INFO - File 3106200_2024-12-14_7154-page-23-23 already preprocessed
[2025-01-27T00:00:51.182+0000] {logging_mixin.py:190} INFO - File 3106200_2024-12-14_7154-page-24-24 already preprocessed
[2025-01-27T00:00:51.183+0000] {logging_mixin.py:190} INFO - File 3106200_2024-12-14_7154-page-25-25 already preprocessed
[2025-01-27T00:00:51.183+0000] {logging_mixin.py:190} INFO - File 3106200_2024-12-14_7154-page-26-26 already preprocessed
[2025-01-27T00:00:51.183+0000] {logging_mixin.py:190} INFO - File 3106200_2024-12-14_7154-page-27-27 already preprocessed
[2025-01-27T00:00:51.184+0000] {logging_mixin.py:190} INFO - File 3106200_2024-12-14_7154-page-28-28 already preprocessed
[2025-01-27T00:00:51.184+0000] {logging_mixin.py:190} INFO - File 3106200_2024-12-14_7154-page-29-29 already preprocessed
[2025-01-27T00:00:51.184+0000] {logging_mixin.py:190} INFO - File 3106200_2024-12-14_7154-page-30-30 already preprocessed
[2025-01-27T00:00:51.185+0000] {logging_mixin.py:190} INFO - File 3106200_2024-12-14_7154-page-31-31 already preprocessed
[2025-01-27T00:00:51.188+0000] {logging_mixin.py:190} INFO - Breaking down pdf 3106200_2024-12-17_7155.pdf into multiple PDF single pages
[2025-01-27T00:00:51.257+0000] {logging_mixin.py:190} INFO - File 3106200_2024-12-17_7155-page-0-0 already preprocessed
[2025-01-27T00:00:51.258+0000] {logging_mixin.py:190} INFO - File 3106200_2024-12-17_7155-page-1-1 already preprocessed
[2025-01-27T00:00:51.259+0000] {logging_mixin.py:190} INFO - File 3106200_2024-12-17_7155-page-2-2 already preprocessed
[2025-01-27T00:00:51.259+0000] {logging_mixin.py:190} INFO - File 3106200_2024-12-17_7155-page-3-3 already preprocessed
[2025-01-27T00:00:51.260+0000] {logging_mixin.py:190} INFO - File 3106200_2024-12-17_7155-page-4-4 already preprocessed
[2025-01-27T00:00:51.260+0000] {logging_mixin.py:190} INFO - File 3106200_2024-12-17_7155-page-5-5 already preprocessed
[2025-01-27T00:00:51.261+0000] {logging_mixin.py:190} INFO - File 3106200_2024-12-17_7155-page-6-6 already preprocessed
[2025-01-27T00:00:51.261+0000] {logging_mixin.py:190} INFO - File 3106200_2024-12-17_7155-page-7-7 already preprocessed
[2025-01-27T00:00:51.261+0000] {logging_mixin.py:190} INFO - File 3106200_2024-12-17_7155-page-8-8 already preprocessed
[2025-01-27T00:00:51.262+0000] {logging_mixin.py:190} INFO - File 3106200_2024-12-17_7155-page-9-9 already preprocessed
[2025-01-27T00:00:51.262+0000] {logging_mixin.py:190} INFO - File 3106200_2024-12-17_7155-page-10-10 already preprocessed
[2025-01-27T00:00:51.263+0000] {logging_mixin.py:190} INFO - File 3106200_2024-12-17_7155-page-11-11 already preprocessed
[2025-01-27T00:00:51.263+0000] {logging_mixin.py:190} INFO - File 3106200_2024-12-17_7155-page-12-12 already preprocessed
[2025-01-27T00:00:51.263+0000] {logging_mixin.py:190} INFO - File 3106200_2024-12-17_7155-page-13-13 already preprocessed
[2025-01-27T00:00:51.264+0000] {logging_mixin.py:190} INFO - File 3106200_2024-12-17_7155-page-14-14 already preprocessed
[2025-01-27T00:00:51.264+0000] {logging_mixin.py:190} INFO - File 3106200_2024-12-17_7155-page-15-15 already preprocessed
[2025-01-27T00:00:51.265+0000] {logging_mixin.py:190} INFO - File 3106200_2024-12-17_7155-page-16-16 already preprocessed
[2025-01-27T00:00:51.265+0000] {logging_mixin.py:190} INFO - File 3106200_2024-12-17_7155-page-17-17 already preprocessed
[2025-01-27T00:00:51.285+0000] {logging_mixin.py:190} INFO - File 3106200_2024-12-17_7155-page-20-20 already preprocessed
[2025-01-27T00:00:51.286+0000] {logging_mixin.py:190} INFO - File 3106200_2024-12-17_7155-page-21-21 already preprocessed
[2025-01-27T00:00:51.286+0000] {logging_mixin.py:190} INFO - File 3106200_2024-12-17_7155-page-22-22 already preprocessed
[2025-01-27T00:00:51.287+0000] {logging_mixin.py:190} INFO - File 3106200_2024-12-17_7155-page-23-23 already preprocessed
[2025-01-27T00:00:51.287+0000] {logging_mixin.py:190} INFO - File 3106200_2024-12-17_7155-page-24-24 already preprocessed
[2025-01-27T00:00:51.308+0000] {taskinstance.py:340} INFO - ::group::Post task execution logs
[2025-01-27T00:00:51.309+0000] {taskinstance.py:352} INFO - Marking task as SUCCESS. dag_id=pull_gazettes_data, task_id=preprocess_documents_task, run_id=scheduled__2025-01-26T00:00:00+00:00, execution_date=20250126T000000, start_date=20250127T000049, end_date=20250127T000051
[2025-01-27T00:00:51.338+0000] {local_task_job_runner.py:266} INFO - Task exited with return code 0
[2025-01-27T00:00:51.367+0000] {taskinstance.py:3900} INFO - 1 downstream tasks scheduled from follow-on schedule check
[2025-01-27T00:00:51.369+0000] {local_task_job_runner.py:245} INFO - ::endgroup::
