[2025-01-25T15:53:28.676+0000] {local_task_job_runner.py:123} INFO - ::group::Pre task execution logs
[2025-01-25T15:53:28.691+0000] {taskinstance.py:2612} INFO - Dependencies all met for dep_context=non-requeueable deps ti=<TaskInstance: pull_gazettes_data.generate_indexes_task scheduled__2025-01-24T00:00:00+00:00 [queued]>
[2025-01-25T15:53:28.700+0000] {taskinstance.py:2612} INFO - Dependencies all met for dep_context=requeueable deps ti=<TaskInstance: pull_gazettes_data.generate_indexes_task scheduled__2025-01-24T00:00:00+00:00 [queued]>
[2025-01-25T15:53:28.700+0000] {taskinstance.py:2865} INFO - Starting attempt 9 of 10
[2025-01-25T15:53:28.713+0000] {taskinstance.py:2888} INFO - Executing <Task(GenerateIndexTask): generate_indexes_task> on 2025-01-24 00:00:00+00:00
[2025-01-25T15:53:28.724+0000] {warnings.py:112} WARNING - /home/***/.local/lib/python3.12/site-packages/***/task/task_runner/standard_task_runner.py:70: DeprecationWarning: This process (pid=13971) is multi-threaded, use of fork() may lead to deadlocks in the child.
  pid = os.fork()

[2025-01-25T15:53:28.726+0000] {standard_task_runner.py:72} INFO - Started process 13984 to run task
[2025-01-25T15:53:28.726+0000] {standard_task_runner.py:104} INFO - Running: ['***', 'tasks', 'run', 'pull_gazettes_data', 'generate_indexes_task', 'scheduled__2025-01-24T00:00:00+00:00', '--job-id', '87', '--raw', '--subdir', 'DAGS_FOLDER/dag_script.py', '--cfg-path', '/tmp/tmptcldv2g_']
[2025-01-25T15:53:28.727+0000] {standard_task_runner.py:105} INFO - Job 87: Subtask generate_indexes_task
[2025-01-25T15:53:28.771+0000] {task_command.py:467} INFO - Running <TaskInstance: pull_gazettes_data.generate_indexes_task scheduled__2025-01-24T00:00:00+00:00 [running]> on host 41bcec3d818b
[2025-01-25T15:53:28.834+0000] {taskinstance.py:3131} INFO - Exporting env vars: AIRFLOW_CTX_DAG_EMAIL='***@example.com' AIRFLOW_CTX_DAG_OWNER='***' AIRFLOW_CTX_DAG_ID='pull_gazettes_data' AIRFLOW_CTX_TASK_ID='generate_indexes_task' AIRFLOW_CTX_EXECUTION_DATE='2025-01-24T00:00:00+00:00' AIRFLOW_CTX_TRY_NUMBER='9' AIRFLOW_CTX_DAG_RUN_ID='scheduled__2025-01-24T00:00:00+00:00'
[2025-01-25T15:53:28.836+0000] {taskinstance.py:731} INFO - ::endgroup::
[2025-01-25T15:53:28.848+0000] {logging_mixin.py:190} INFO - Initializing database
[2025-01-25T15:53:30.265+0000] {_client.py:1026} INFO - HTTP Request: POST https://stg.api.cohere.ai/v1/embed "HTTP/1.1 200 OK"
[2025-01-25T15:53:30.286+0000] {logging_mixin.py:190} INFO - Parsing database current state
[2025-01-25T15:53:30.288+0000] {logging_mixin.py:190} INFO - instantiating new database /usr/local/***/data/vector_db/
[2025-01-25T15:53:30.289+0000] {logging_mixin.py:190} INFO - Reading file metadata
[2025-01-25T15:53:30.298+0000] {logging_mixin.py:190} INFO - Adding batch of documents
[2025-01-25T15:53:30.303+0000] {logging_mixin.py:190} INFO - 3106200_2024-11-26_7140-page-0-0.md
[2025-01-25T15:53:30.304+0000] {logging_mixin.py:190} INFO - 3106200_2024-11-26_7140-page-1-1.md
[2025-01-25T15:53:30.304+0000] {logging_mixin.py:190} INFO - 3106200_2024-11-26_7140-page-10-10.md
[2025-01-25T15:53:30.305+0000] {logging_mixin.py:190} INFO - 3106200_2024-11-26_7140-page-11-11.md
[2025-01-25T15:53:30.305+0000] {logging_mixin.py:190} INFO - 3106200_2024-11-26_7140-page-12-12.md
[2025-01-25T15:53:30.306+0000] {logging_mixin.py:190} INFO - 3106200_2024-11-26_7140-page-13-13.md
[2025-01-25T15:53:30.306+0000] {logging_mixin.py:190} INFO - 3106200_2024-11-26_7140-page-14-14.md
[2025-01-25T15:53:30.307+0000] {logging_mixin.py:190} INFO - 3106200_2024-11-26_7140-page-15-15.md
[2025-01-25T15:53:30.307+0000] {logging_mixin.py:190} INFO - 3106200_2024-11-26_7140-page-16-16.md
[2025-01-25T15:53:30.308+0000] {logging_mixin.py:190} INFO - 3106200_2024-11-26_7140-page-17-17.md
[2025-01-25T15:53:30.308+0000] {logging_mixin.py:190} INFO - 3106200_2024-11-26_7140-page-18-18.md
[2025-01-25T15:53:30.308+0000] {logging_mixin.py:190} INFO - 3106200_2024-11-26_7140-page-19-19.md
[2025-01-25T15:53:30.309+0000] {logging_mixin.py:190} INFO - 3106200_2024-11-26_7140-page-2-2.md
[2025-01-25T15:53:30.309+0000] {logging_mixin.py:190} INFO - 3106200_2024-11-26_7140-page-20-20.md
[2025-01-25T15:53:30.310+0000] {logging_mixin.py:190} INFO - 3106200_2024-11-26_7140-page-21-21.md
[2025-01-25T15:53:30.310+0000] {logging_mixin.py:190} INFO - 3106200_2024-11-26_7140-page-22-22.md
[2025-01-25T15:53:30.311+0000] {logging_mixin.py:190} INFO - 3106200_2024-11-26_7140-page-23-23.md
[2025-01-25T15:53:30.311+0000] {logging_mixin.py:190} INFO - 3106200_2024-11-26_7140-page-24-24.md
[2025-01-25T15:53:30.311+0000] {logging_mixin.py:190} INFO - 3106200_2024-11-26_7140-page-25-25.md
[2025-01-25T15:53:30.312+0000] {logging_mixin.py:190} INFO - 3106200_2024-11-26_7140-page-26-26.md
[2025-01-25T15:53:30.312+0000] {logging_mixin.py:190} INFO - 3106200_2024-11-26_7140-page-27-27.md
[2025-01-25T15:53:30.312+0000] {logging_mixin.py:190} INFO - 3106200_2024-11-26_7140-page-28-28.md
[2025-01-25T15:53:30.313+0000] {logging_mixin.py:190} INFO - 3106200_2024-11-26_7140-page-29-29.md
[2025-01-25T15:53:30.313+0000] {logging_mixin.py:190} INFO - 3106200_2024-11-26_7140-page-3-3.md
[2025-01-25T15:53:30.314+0000] {logging_mixin.py:190} INFO - 3106200_2024-11-26_7140-page-30-30.md
[2025-01-25T15:53:30.314+0000] {logging_mixin.py:190} INFO - 3106200_2024-11-26_7140-page-31-31.md
[2025-01-25T15:53:30.314+0000] {logging_mixin.py:190} INFO - 3106200_2024-11-26_7140-page-32-32.md
[2025-01-25T15:53:30.315+0000] {logging_mixin.py:190} INFO - 3106200_2024-11-26_7140-page-4-4.md
[2025-01-25T15:53:30.315+0000] {logging_mixin.py:190} INFO - 3106200_2024-11-26_7140-page-5-5.md
[2025-01-25T15:53:30.316+0000] {logging_mixin.py:190} INFO - 3106200_2024-11-26_7140-page-6-6.md
[2025-01-25T15:53:30.316+0000] {logging_mixin.py:190} INFO - 3106200_2024-11-26_7140-page-7-7.md
[2025-01-25T15:53:30.317+0000] {logging_mixin.py:190} INFO - 3106200_2024-11-26_7140-page-8-8.md
[2025-01-25T15:53:30.317+0000] {logging_mixin.py:190} INFO - 3106200_2024-11-26_7140-page-9-9.md
[2025-01-25T15:53:30.317+0000] {logging_mixin.py:190} INFO - 3106200_2024-11-27_7141-page-0-0.md
[2025-01-25T15:53:30.318+0000] {logging_mixin.py:190} INFO - 3106200_2024-11-27_7141-page-1-1.md
[2025-01-25T15:53:30.318+0000] {logging_mixin.py:190} INFO - 3106200_2024-11-27_7141-page-10-10.md
[2025-01-25T15:53:30.319+0000] {logging_mixin.py:190} INFO - 3106200_2024-11-27_7141-page-11-11.md
[2025-01-25T15:53:30.319+0000] {logging_mixin.py:190} INFO - 3106200_2024-11-27_7141-page-12-12.md
[2025-01-25T15:53:30.319+0000] {logging_mixin.py:190} INFO - 3106200_2024-11-27_7141-page-13-13.md
[2025-01-25T15:53:30.320+0000] {logging_mixin.py:190} INFO - 3106200_2024-11-27_7141-page-14-14.md
[2025-01-25T15:53:30.320+0000] {logging_mixin.py:190} INFO - 3106200_2024-11-27_7141-page-15-15.md
[2025-01-25T15:53:30.320+0000] {logging_mixin.py:190} INFO - 3106200_2024-11-27_7141-page-16-16.md
[2025-01-25T15:53:30.321+0000] {logging_mixin.py:190} INFO - 3106200_2024-11-27_7141-page-17-17.md
[2025-01-25T15:53:30.321+0000] {logging_mixin.py:190} INFO - 3106200_2024-11-27_7141-page-18-18.md
[2025-01-25T15:53:30.321+0000] {logging_mixin.py:190} INFO - 3106200_2024-11-27_7141-page-19-19.md
[2025-01-25T15:53:30.322+0000] {logging_mixin.py:190} INFO - 3106200_2024-11-27_7141-page-2-2.md
[2025-01-25T15:53:30.322+0000] {logging_mixin.py:190} INFO - 3106200_2024-11-27_7141-page-20-20.md
[2025-01-25T15:53:30.323+0000] {logging_mixin.py:190} INFO - 3106200_2024-11-27_7141-page-21-21.md
[2025-01-25T15:53:30.323+0000] {logging_mixin.py:190} INFO - 3106200_2024-11-27_7141-page-22-22.md
[2025-01-25T15:53:30.323+0000] {logging_mixin.py:190} INFO - 3106200_2024-11-27_7141-page-23-23.md
[2025-01-25T15:53:30.324+0000] {logging_mixin.py:190} INFO - 3106200_2024-11-27_7141-page-24-24.md
[2025-01-25T15:53:30.324+0000] {logging_mixin.py:190} INFO - 3106200_2024-11-27_7141-page-25-25.md
[2025-01-25T15:53:30.325+0000] {logging_mixin.py:190} INFO - 3106200_2024-11-27_7141-page-26-26.md
[2025-01-25T15:53:30.325+0000] {logging_mixin.py:190} INFO - 3106200_2024-11-27_7141-page-27-27.md
[2025-01-25T15:53:30.325+0000] {logging_mixin.py:190} INFO - 3106200_2024-11-27_7141-page-28-28.md
[2025-01-25T15:53:30.326+0000] {logging_mixin.py:190} INFO - 3106200_2024-11-27_7141-page-29-29.md
[2025-01-25T15:53:30.326+0000] {logging_mixin.py:190} INFO - 3106200_2024-11-27_7141-page-3-3.md
[2025-01-25T15:53:30.326+0000] {logging_mixin.py:190} INFO - 3106200_2024-11-27_7141-page-30-30.md
[2025-01-25T15:53:30.327+0000] {logging_mixin.py:190} INFO - 3106200_2024-11-27_7141-page-31-31.md
[2025-01-25T15:53:30.327+0000] {logging_mixin.py:190} INFO - 3106200_2024-11-27_7141-page-32-32.md
[2025-01-25T15:53:30.327+0000] {logging_mixin.py:190} INFO - 3106200_2024-11-27_7141-page-33-33.md
[2025-01-25T15:53:30.328+0000] {logging_mixin.py:190} INFO - 3106200_2024-11-27_7141-page-34-34.md
[2025-01-25T15:53:30.328+0000] {logging_mixin.py:190} INFO - 3106200_2024-11-27_7141-page-35-35.md
[2025-01-25T15:53:30.328+0000] {logging_mixin.py:190} INFO - 3106200_2024-11-27_7141-page-36-36.md
[2025-01-25T15:53:30.329+0000] {logging_mixin.py:190} INFO - 3106200_2024-11-27_7141-page-4-4.md
[2025-01-25T15:53:30.329+0000] {logging_mixin.py:190} INFO - 3106200_2024-11-27_7141-page-5-5.md
[2025-01-25T15:53:30.330+0000] {logging_mixin.py:190} INFO - 3106200_2024-11-27_7141-page-6-6.md
[2025-01-25T15:53:30.330+0000] {logging_mixin.py:190} INFO - 3106200_2024-11-27_7141-page-7-7.md
[2025-01-25T15:53:30.330+0000] {logging_mixin.py:190} INFO - 3106200_2024-11-27_7141-page-8-8.md
[2025-01-25T15:53:30.331+0000] {logging_mixin.py:190} INFO - 3106200_2024-11-27_7141-page-9-9.md
[2025-01-25T15:53:30.331+0000] {logging_mixin.py:190} INFO - 3106200_2024-11-28_7142-page-0-0.md
[2025-01-25T15:53:30.332+0000] {logging_mixin.py:190} INFO - 3106200_2024-11-28_7142-page-1-1.md
[2025-01-25T15:53:30.332+0000] {logging_mixin.py:190} INFO - 3106200_2024-11-28_7142-page-10-10.md
[2025-01-25T15:53:30.332+0000] {logging_mixin.py:190} INFO - 3106200_2024-11-28_7142-page-11-11.md
[2025-01-25T15:53:30.333+0000] {logging_mixin.py:190} INFO - 3106200_2024-11-28_7142-page-12-12.md
[2025-01-25T15:53:30.333+0000] {logging_mixin.py:190} INFO - 3106200_2024-11-28_7142-page-13-13.md
[2025-01-25T15:53:30.333+0000] {logging_mixin.py:190} INFO - 3106200_2024-11-28_7142-page-14-14.md
[2025-01-25T15:53:30.334+0000] {logging_mixin.py:190} INFO - 3106200_2024-11-28_7142-page-15-15.md
[2025-01-25T15:53:30.334+0000] {logging_mixin.py:190} INFO - 3106200_2024-11-28_7142-page-16-16.md
[2025-01-25T15:53:30.334+0000] {logging_mixin.py:190} INFO - 3106200_2024-11-28_7142-page-17-17.md
[2025-01-25T15:53:30.335+0000] {logging_mixin.py:190} INFO - 3106200_2024-11-28_7142-page-18-18.md
[2025-01-25T15:53:30.335+0000] {logging_mixin.py:190} INFO - 3106200_2024-11-28_7142-page-19-19.md
[2025-01-25T15:53:30.335+0000] {logging_mixin.py:190} INFO - 3106200_2024-11-28_7142-page-2-2.md
[2025-01-25T15:53:30.336+0000] {logging_mixin.py:190} INFO - 3106200_2024-11-28_7142-page-20-20.md
[2025-01-25T15:53:30.336+0000] {logging_mixin.py:190} INFO - 3106200_2024-11-28_7142-page-21-21.md
[2025-01-25T15:53:30.336+0000] {logging_mixin.py:190} INFO - 3106200_2024-11-28_7142-page-22-22.md
[2025-01-25T15:53:30.337+0000] {logging_mixin.py:190} INFO - 3106200_2024-11-28_7142-page-23-23.md
[2025-01-25T15:53:30.337+0000] {logging_mixin.py:190} INFO - 3106200_2024-11-28_7142-page-24-24.md
[2025-01-25T15:53:30.338+0000] {logging_mixin.py:190} INFO - 3106200_2024-11-28_7142-page-25-25.md
[2025-01-25T15:53:30.338+0000] {logging_mixin.py:190} INFO - 3106200_2024-11-28_7142-page-25-29.md
[2025-01-25T15:53:30.338+0000] {logging_mixin.py:190} INFO - 3106200_2024-11-28_7142-page-26-26.md
[2025-01-25T15:53:30.339+0000] {logging_mixin.py:190} INFO - 3106200_2024-11-28_7142-page-27-27.md
[2025-01-25T15:53:30.339+0000] {logging_mixin.py:190} INFO - 3106200_2024-11-28_7142-page-28-28.md
[2025-01-25T15:53:30.340+0000] {logging_mixin.py:190} INFO - 3106200_2024-11-28_7142-page-29-29.md
[2025-01-25T15:53:30.340+0000] {logging_mixin.py:190} INFO - 3106200_2024-11-28_7142-page-3-3.md
[2025-01-25T15:53:30.340+0000] {logging_mixin.py:190} INFO - 3106200_2024-11-28_7142-page-30-30.md
[2025-01-25T15:53:30.341+0000] {logging_mixin.py:190} INFO - 3106200_2024-11-28_7142-page-31-31.md
[2025-01-25T15:53:30.341+0000] {logging_mixin.py:190} INFO - 3106200_2024-11-28_7142-page-32-32.md
[2025-01-25T15:53:30.341+0000] {logging_mixin.py:190} INFO - 3106200_2024-11-28_7142-page-33-33.md
[2025-01-25T15:53:30.342+0000] {logging_mixin.py:190} INFO - 3106200_2024-11-28_7142-page-34-34.md
[2025-01-25T15:53:30.342+0000] {logging_mixin.py:190} INFO - 3106200_2024-11-28_7142-page-35-35.md
[2025-01-25T15:53:30.342+0000] {logging_mixin.py:190} INFO - 3106200_2024-11-28_7142-page-36-36.md
[2025-01-25T15:53:30.343+0000] {logging_mixin.py:190} INFO - 3106200_2024-11-28_7142-page-37-37.md
[2025-01-25T15:53:30.343+0000] {logging_mixin.py:190} INFO - 3106200_2024-11-28_7142-page-38-38.md
[2025-01-25T15:53:30.344+0000] {logging_mixin.py:190} INFO - 3106200_2024-11-28_7142-page-39-39.md
[2025-01-25T15:53:30.344+0000] {logging_mixin.py:190} INFO - 3106200_2024-11-28_7142-page-4-4.md
[2025-01-25T15:53:30.344+0000] {logging_mixin.py:190} INFO - 3106200_2024-11-28_7142-page-40-40.md
[2025-01-25T15:53:30.345+0000] {logging_mixin.py:190} INFO - 3106200_2024-11-28_7142-page-41-41.md
[2025-01-25T15:53:30.345+0000] {logging_mixin.py:190} INFO - 3106200_2024-11-28_7142-page-42-42.md
[2025-01-25T15:53:30.346+0000] {logging_mixin.py:190} INFO - 3106200_2024-11-28_7142-page-43-43.md
[2025-01-25T15:53:30.346+0000] {logging_mixin.py:190} INFO - 3106200_2024-11-28_7142-page-44-44.md
[2025-01-25T15:53:30.346+0000] {logging_mixin.py:190} INFO - 3106200_2024-11-28_7142-page-45-45.md
[2025-01-25T15:53:30.347+0000] {logging_mixin.py:190} INFO - 3106200_2024-11-28_7142-page-5-5.md
[2025-01-25T15:53:30.347+0000] {logging_mixin.py:190} INFO - 3106200_2024-11-28_7142-page-6-6.md
[2025-01-25T15:53:30.347+0000] {logging_mixin.py:190} INFO - 3106200_2024-11-28_7142-page-7-7.md
[2025-01-25T15:53:30.348+0000] {logging_mixin.py:190} INFO - 3106200_2024-11-28_7142-page-8-8.md
[2025-01-25T15:53:30.348+0000] {logging_mixin.py:190} INFO - 3106200_2024-11-28_7142-page-9-9.md
[2025-01-25T15:53:30.348+0000] {logging_mixin.py:190} INFO - 3106200_2024-11-29_7143-page-0-0.md
[2025-01-25T15:53:30.349+0000] {logging_mixin.py:190} INFO - 3106200_2024-11-29_7143-page-1-1.md
[2025-01-25T15:53:30.349+0000] {logging_mixin.py:190} INFO - 3106200_2024-11-29_7143-page-10-10.md
[2025-01-25T15:53:30.349+0000] {logging_mixin.py:190} INFO - 3106200_2024-11-29_7143-page-11-11.md
[2025-01-25T15:53:30.350+0000] {logging_mixin.py:190} INFO - 3106200_2024-11-29_7143-page-12-12.md
[2025-01-25T15:53:30.350+0000] {logging_mixin.py:190} INFO - 3106200_2024-11-29_7143-page-13-13.md
[2025-01-25T15:53:30.351+0000] {logging_mixin.py:190} INFO - 3106200_2024-11-29_7143-page-14-14.md
[2025-01-25T15:53:30.351+0000] {logging_mixin.py:190} INFO - 3106200_2024-11-29_7143-page-15-15.md
[2025-01-25T15:53:30.352+0000] {logging_mixin.py:190} INFO - 3106200_2024-11-29_7143-page-16-16.md
[2025-01-25T15:53:30.352+0000] {logging_mixin.py:190} INFO - 3106200_2024-11-29_7143-page-17-17.md
[2025-01-25T15:53:30.352+0000] {logging_mixin.py:190} INFO - 3106200_2024-11-29_7143-page-18-18.md
[2025-01-25T15:53:30.353+0000] {logging_mixin.py:190} INFO - 3106200_2024-11-29_7143-page-19-19.md
[2025-01-25T15:53:30.353+0000] {logging_mixin.py:190} INFO - 3106200_2024-11-29_7143-page-2-2.md
[2025-01-25T15:53:30.354+0000] {logging_mixin.py:190} INFO - 3106200_2024-11-29_7143-page-20-20.md
[2025-01-25T15:53:30.354+0000] {logging_mixin.py:190} INFO - 3106200_2024-11-29_7143-page-21-21.md
[2025-01-25T15:53:30.354+0000] {logging_mixin.py:190} INFO - 3106200_2024-11-29_7143-page-22-22.md
[2025-01-25T15:53:30.355+0000] {logging_mixin.py:190} INFO - 3106200_2024-11-29_7143-page-23-23.md
[2025-01-25T15:53:30.355+0000] {logging_mixin.py:190} INFO - 3106200_2024-11-29_7143-page-24-24.md
[2025-01-25T15:53:30.356+0000] {logging_mixin.py:190} INFO - 3106200_2024-11-29_7143-page-25-25.md
[2025-01-25T15:53:30.356+0000] {logging_mixin.py:190} INFO - 3106200_2024-11-29_7143-page-26-26.md
[2025-01-25T15:53:30.356+0000] {logging_mixin.py:190} INFO - 3106200_2024-11-29_7143-page-27-27.md
[2025-01-25T15:53:30.357+0000] {logging_mixin.py:190} INFO - 3106200_2024-11-29_7143-page-28-28.md
[2025-01-25T15:53:30.357+0000] {logging_mixin.py:190} INFO - 3106200_2024-11-29_7143-page-29-29.md
[2025-01-25T15:53:30.358+0000] {logging_mixin.py:190} INFO - 3106200_2024-11-29_7143-page-3-3.md
[2025-01-25T15:53:30.358+0000] {logging_mixin.py:190} INFO - 3106200_2024-11-29_7143-page-30-30.md
[2025-01-25T15:53:30.358+0000] {logging_mixin.py:190} INFO - 3106200_2024-11-29_7143-page-31-31.md
[2025-01-25T15:53:30.359+0000] {logging_mixin.py:190} INFO - 3106200_2024-11-29_7143-page-32-32.md
[2025-01-25T15:53:30.359+0000] {logging_mixin.py:190} INFO - 3106200_2024-11-29_7143-page-33-33.md
[2025-01-25T15:53:30.360+0000] {logging_mixin.py:190} INFO - 3106200_2024-11-29_7143-page-34-34.md
[2025-01-25T15:53:30.360+0000] {logging_mixin.py:190} INFO - 3106200_2024-11-29_7143-page-35-35.md
[2025-01-25T15:53:30.360+0000] {logging_mixin.py:190} INFO - 3106200_2024-11-29_7143-page-36-36.md
[2025-01-25T15:53:30.361+0000] {logging_mixin.py:190} INFO - 3106200_2024-11-29_7143-page-37-37.md
[2025-01-25T15:53:30.361+0000] {logging_mixin.py:190} INFO - 3106200_2024-11-29_7143-page-38-38.md
[2025-01-25T15:53:30.361+0000] {logging_mixin.py:190} INFO - 3106200_2024-11-29_7143-page-4-4.md
[2025-01-25T15:53:30.362+0000] {logging_mixin.py:190} INFO - 3106200_2024-11-29_7143-page-5-5.md
[2025-01-25T15:53:30.362+0000] {logging_mixin.py:190} INFO - 3106200_2024-11-29_7143-page-6-6.md
[2025-01-25T15:53:30.362+0000] {logging_mixin.py:190} INFO - 3106200_2024-11-29_7143-page-7-7.md
[2025-01-25T15:53:30.363+0000] {logging_mixin.py:190} INFO - 3106200_2024-11-29_7143-page-8-8.md
[2025-01-25T15:53:30.363+0000] {logging_mixin.py:190} INFO - 3106200_2024-11-29_7143-page-9-9.md
[2025-01-25T15:53:30.364+0000] {logging_mixin.py:190} INFO - 3106200_2024-11-30_7144-page-0-0.md
[2025-01-25T15:53:30.364+0000] {logging_mixin.py:190} INFO - 3106200_2024-11-30_7144-page-1-1.md
[2025-01-25T15:53:30.364+0000] {logging_mixin.py:190} INFO - 3106200_2024-11-30_7144-page-10-10.md
[2025-01-25T15:53:30.365+0000] {logging_mixin.py:190} INFO - 3106200_2024-11-30_7144-page-11-11.md
[2025-01-25T15:53:30.365+0000] {logging_mixin.py:190} INFO - 3106200_2024-11-30_7144-page-12-12.md
[2025-01-25T15:53:30.365+0000] {logging_mixin.py:190} INFO - 3106200_2024-11-30_7144-page-13-13.md
[2025-01-25T15:53:30.366+0000] {logging_mixin.py:190} INFO - 3106200_2024-11-30_7144-page-14-14.md
[2025-01-25T15:53:30.366+0000] {logging_mixin.py:190} INFO - 3106200_2024-11-30_7144-page-15-15.md
[2025-01-25T15:53:30.366+0000] {logging_mixin.py:190} INFO - 3106200_2024-11-30_7144-page-16-16.md
[2025-01-25T15:53:30.367+0000] {logging_mixin.py:190} INFO - 3106200_2024-11-30_7144-page-17-17.md
[2025-01-25T15:53:30.367+0000] {logging_mixin.py:190} INFO - 3106200_2024-11-30_7144-page-18-18.md
[2025-01-25T15:53:30.367+0000] {logging_mixin.py:190} INFO - 3106200_2024-11-30_7144-page-19-19.md
[2025-01-25T15:53:30.368+0000] {logging_mixin.py:190} INFO - 3106200_2024-11-30_7144-page-2-2.md
[2025-01-25T15:53:30.368+0000] {logging_mixin.py:190} INFO - 3106200_2024-11-30_7144-page-20-20.md
[2025-01-25T15:53:30.368+0000] {logging_mixin.py:190} INFO - 3106200_2024-11-30_7144-page-21-21.md
[2025-01-25T15:53:30.369+0000] {logging_mixin.py:190} INFO - 3106200_2024-11-30_7144-page-22-22.md
[2025-01-25T15:53:30.369+0000] {logging_mixin.py:190} INFO - 3106200_2024-11-30_7144-page-23-23.md
[2025-01-25T15:53:30.370+0000] {logging_mixin.py:190} INFO - 3106200_2024-11-30_7144-page-24-24.md
[2025-01-25T15:53:30.370+0000] {logging_mixin.py:190} INFO - 3106200_2024-11-30_7144-page-25-25.md
[2025-01-25T15:53:30.370+0000] {logging_mixin.py:190} INFO - 3106200_2024-11-30_7144-page-26-26.md
[2025-01-25T15:53:30.371+0000] {logging_mixin.py:190} INFO - 3106200_2024-11-30_7144-page-27-27.md
[2025-01-25T15:53:30.371+0000] {logging_mixin.py:190} INFO - 3106200_2024-11-30_7144-page-28-28.md
[2025-01-25T15:53:30.372+0000] {logging_mixin.py:190} INFO - 3106200_2024-11-30_7144-page-29-29.md
[2025-01-25T15:53:30.372+0000] {logging_mixin.py:190} INFO - 3106200_2024-11-30_7144-page-3-3.md
[2025-01-25T15:53:30.372+0000] {logging_mixin.py:190} INFO - 3106200_2024-11-30_7144-page-30-30.md
[2025-01-25T15:53:30.373+0000] {logging_mixin.py:190} INFO - 3106200_2024-11-30_7144-page-31-31.md
[2025-01-25T15:53:30.373+0000] {logging_mixin.py:190} INFO - 3106200_2024-11-30_7144-page-32-32.md
[2025-01-25T15:53:30.373+0000] {logging_mixin.py:190} INFO - 3106200_2024-11-30_7144-page-33-33.md
[2025-01-25T15:53:30.374+0000] {logging_mixin.py:190} INFO - 3106200_2024-11-30_7144-page-34-34.md
[2025-01-25T15:53:30.374+0000] {logging_mixin.py:190} INFO - 3106200_2024-11-30_7144-page-35-35.md
[2025-01-25T15:53:30.375+0000] {logging_mixin.py:190} INFO - 3106200_2024-11-30_7144-page-36-36.md
[2025-01-25T15:53:30.375+0000] {logging_mixin.py:190} INFO - 3106200_2024-11-30_7144-page-37-37.md
[2025-01-25T15:53:30.375+0000] {logging_mixin.py:190} INFO - 3106200_2024-11-30_7144-page-4-4.md
[2025-01-25T15:53:30.376+0000] {logging_mixin.py:190} INFO - 3106200_2024-11-30_7144-page-5-5.md
[2025-01-25T15:53:30.376+0000] {logging_mixin.py:190} INFO - 3106200_2024-11-30_7144-page-6-6.md
[2025-01-25T15:53:30.376+0000] {logging_mixin.py:190} INFO - 3106200_2024-11-30_7144-page-7-7.md
[2025-01-25T15:53:30.377+0000] {logging_mixin.py:190} INFO - 3106200_2024-11-30_7144-page-8-8.md
[2025-01-25T15:53:30.377+0000] {logging_mixin.py:190} INFO - 3106200_2024-11-30_7144-page-9-9.md
[2025-01-25T15:53:30.377+0000] {logging_mixin.py:190} INFO - 3106200_2024-12-03_7145-page-0-0.md
[2025-01-25T15:53:30.378+0000] {logging_mixin.py:190} INFO - 3106200_2024-12-03_7145-page-1-1.md
[2025-01-25T15:53:30.378+0000] {logging_mixin.py:190} INFO - 3106200_2024-12-03_7145-page-10-10.md
[2025-01-25T15:53:30.378+0000] {logging_mixin.py:190} INFO - 3106200_2024-12-03_7145-page-11-11.md
[2025-01-25T15:53:30.379+0000] {logging_mixin.py:190} INFO - 3106200_2024-12-03_7145-page-12-12.md
[2025-01-25T15:53:30.379+0000] {logging_mixin.py:190} INFO - 3106200_2024-12-03_7145-page-13-13.md
[2025-01-25T15:53:30.380+0000] {logging_mixin.py:190} INFO - 3106200_2024-12-03_7145-page-14-14.md
[2025-01-25T15:53:30.380+0000] {logging_mixin.py:190} INFO - 3106200_2024-12-03_7145-page-15-15.md
[2025-01-25T15:53:30.380+0000] {logging_mixin.py:190} INFO - 3106200_2024-12-03_7145-page-16-16.md
[2025-01-25T15:53:30.381+0000] {logging_mixin.py:190} INFO - 3106200_2024-12-03_7145-page-17-17.md
[2025-01-25T15:53:30.381+0000] {logging_mixin.py:190} INFO - 3106200_2024-12-03_7145-page-18-18.md
[2025-01-25T15:53:30.382+0000] {logging_mixin.py:190} INFO - 3106200_2024-12-03_7145-page-19-19.md
[2025-01-25T15:53:30.382+0000] {logging_mixin.py:190} INFO - 3106200_2024-12-03_7145-page-2-2.md
[2025-01-25T15:53:30.382+0000] {logging_mixin.py:190} INFO - 3106200_2024-12-03_7145-page-20-20.md
[2025-01-25T15:53:30.383+0000] {logging_mixin.py:190} INFO - 3106200_2024-12-03_7145-page-21-21.md
[2025-01-25T15:53:30.383+0000] {logging_mixin.py:190} INFO - 3106200_2024-12-03_7145-page-22-22.md
[2025-01-25T15:53:30.383+0000] {logging_mixin.py:190} INFO - 3106200_2024-12-03_7145-page-23-23.md
[2025-01-25T15:53:30.384+0000] {logging_mixin.py:190} INFO - 3106200_2024-12-03_7145-page-24-24.md
[2025-01-25T15:53:30.384+0000] {logging_mixin.py:190} INFO - 3106200_2024-12-03_7145-page-25-25.md
[2025-01-25T15:53:30.384+0000] {logging_mixin.py:190} INFO - 3106200_2024-12-03_7145-page-26-26.md
[2025-01-25T15:53:30.385+0000] {logging_mixin.py:190} INFO - 3106200_2024-12-03_7145-page-27-27.md
[2025-01-25T15:53:30.385+0000] {logging_mixin.py:190} INFO - 3106200_2024-12-03_7145-page-28-28.md
[2025-01-25T15:53:30.386+0000] {logging_mixin.py:190} INFO - 3106200_2024-12-03_7145-page-29-29.md
[2025-01-25T15:53:30.386+0000] {logging_mixin.py:190} INFO - 3106200_2024-12-03_7145-page-3-3.md
[2025-01-25T15:53:30.386+0000] {logging_mixin.py:190} INFO - 3106200_2024-12-03_7145-page-30-30.md
[2025-01-25T15:53:30.387+0000] {logging_mixin.py:190} INFO - 3106200_2024-12-03_7145-page-31-31.md
[2025-01-25T15:53:30.387+0000] {logging_mixin.py:190} INFO - 3106200_2024-12-03_7145-page-32-32.md
[2025-01-25T15:53:30.387+0000] {logging_mixin.py:190} INFO - 3106200_2024-12-03_7145-page-33-33.md
[2025-01-25T15:53:30.388+0000] {logging_mixin.py:190} INFO - 3106200_2024-12-03_7145-page-34-34.md
[2025-01-25T15:53:30.388+0000] {logging_mixin.py:190} INFO - 3106200_2024-12-03_7145-page-4-4.md
[2025-01-25T15:53:30.388+0000] {logging_mixin.py:190} INFO - 3106200_2024-12-03_7145-page-5-5.md
[2025-01-25T15:53:30.389+0000] {logging_mixin.py:190} INFO - 3106200_2024-12-03_7145-page-6-6.md
[2025-01-25T15:53:30.389+0000] {logging_mixin.py:190} INFO - 3106200_2024-12-03_7145-page-7-7.md
[2025-01-25T15:53:30.389+0000] {logging_mixin.py:190} INFO - 3106200_2024-12-03_7145-page-8-8.md
[2025-01-25T15:53:30.390+0000] {logging_mixin.py:190} INFO - 3106200_2024-12-03_7145-page-9-9.md
[2025-01-25T15:53:30.390+0000] {logging_mixin.py:190} INFO - 3106200_2024-12-04_7146-page-0-0.md
[2025-01-25T15:53:30.390+0000] {logging_mixin.py:190} INFO - 3106200_2024-12-04_7146-page-1-1.md
[2025-01-25T15:53:30.391+0000] {logging_mixin.py:190} INFO - 3106200_2024-12-04_7146-page-10-10.md
[2025-01-25T15:53:30.391+0000] {logging_mixin.py:190} INFO - 3106200_2024-12-04_7146-page-11-11.md
[2025-01-25T15:53:30.392+0000] {logging_mixin.py:190} INFO - 3106200_2024-12-04_7146-page-12-12.md
[2025-01-25T15:53:30.392+0000] {logging_mixin.py:190} INFO - 3106200_2024-12-04_7146-page-13-13.md
[2025-01-25T15:53:30.392+0000] {logging_mixin.py:190} INFO - 3106200_2024-12-04_7146-page-14-14.md
[2025-01-25T15:53:30.393+0000] {logging_mixin.py:190} INFO - 3106200_2024-12-04_7146-page-15-15.md
[2025-01-25T15:53:30.393+0000] {logging_mixin.py:190} INFO - 3106200_2024-12-04_7146-page-16-16.md
[2025-01-25T15:53:30.393+0000] {logging_mixin.py:190} INFO - 3106200_2024-12-04_7146-page-17-17.md
[2025-01-25T15:53:30.394+0000] {logging_mixin.py:190} INFO - 3106200_2024-12-04_7146-page-18-18.md
[2025-01-25T15:53:30.394+0000] {logging_mixin.py:190} INFO - 3106200_2024-12-04_7146-page-19-19.md
[2025-01-25T15:53:30.395+0000] {logging_mixin.py:190} INFO - 3106200_2024-12-04_7146-page-2-2.md
[2025-01-25T15:53:30.395+0000] {logging_mixin.py:190} INFO - 3106200_2024-12-04_7146-page-20-20.md
[2025-01-25T15:53:30.395+0000] {logging_mixin.py:190} INFO - 3106200_2024-12-04_7146-page-21-21.md
[2025-01-25T15:53:30.395+0000] {logging_mixin.py:190} INFO - 3106200_2024-12-04_7146-page-22-22.md
[2025-01-25T15:53:30.396+0000] {logging_mixin.py:190} INFO - 3106200_2024-12-04_7146-page-23-23.md
[2025-01-25T15:53:30.396+0000] {logging_mixin.py:190} INFO - 3106200_2024-12-04_7146-page-24-24.md
[2025-01-25T15:53:30.396+0000] {logging_mixin.py:190} INFO - 3106200_2024-12-04_7146-page-25-25.md
[2025-01-25T15:53:30.397+0000] {logging_mixin.py:190} INFO - 3106200_2024-12-04_7146-page-26-26.md
[2025-01-25T15:53:30.397+0000] {logging_mixin.py:190} INFO - 3106200_2024-12-04_7146-page-27-27.md
[2025-01-25T15:53:30.397+0000] {logging_mixin.py:190} INFO - 3106200_2024-12-04_7146-page-28-28.md
[2025-01-25T15:53:30.398+0000] {logging_mixin.py:190} INFO - 3106200_2024-12-04_7146-page-29-29.md
[2025-01-25T15:53:30.398+0000] {logging_mixin.py:190} INFO - 3106200_2024-12-04_7146-page-3-3.md
[2025-01-25T15:53:30.398+0000] {logging_mixin.py:190} INFO - 3106200_2024-12-04_7146-page-30-30.md
[2025-01-25T15:53:30.399+0000] {logging_mixin.py:190} INFO - 3106200_2024-12-04_7146-page-31-31.md
[2025-01-25T15:53:30.399+0000] {logging_mixin.py:190} INFO - 3106200_2024-12-04_7146-page-32-32.md
[2025-01-25T15:53:30.399+0000] {logging_mixin.py:190} INFO - 3106200_2024-12-04_7146-page-33-33.md
[2025-01-25T15:53:30.400+0000] {logging_mixin.py:190} INFO - 3106200_2024-12-04_7146-page-34-34.md
[2025-01-25T15:53:30.400+0000] {logging_mixin.py:190} INFO - 3106200_2024-12-04_7146-page-35-35.md
[2025-01-25T15:53:30.401+0000] {logging_mixin.py:190} INFO - 3106200_2024-12-04_7146-page-36-36.md
[2025-01-25T15:53:30.401+0000] {logging_mixin.py:190} INFO - 3106200_2024-12-04_7146-page-37-37.md
[2025-01-25T15:53:30.401+0000] {logging_mixin.py:190} INFO - 3106200_2024-12-04_7146-page-38-38.md
[2025-01-25T15:53:30.402+0000] {logging_mixin.py:190} INFO - 3106200_2024-12-04_7146-page-39-39.md
[2025-01-25T15:53:30.402+0000] {logging_mixin.py:190} INFO - 3106200_2024-12-04_7146-page-4-4.md
[2025-01-25T15:53:30.403+0000] {logging_mixin.py:190} INFO - 3106200_2024-12-04_7146-page-5-5.md
[2025-01-25T15:53:30.403+0000] {logging_mixin.py:190} INFO - 3106200_2024-12-04_7146-page-6-6.md
[2025-01-25T15:53:30.403+0000] {logging_mixin.py:190} INFO - 3106200_2024-12-04_7146-page-7-7.md
[2025-01-25T15:53:30.404+0000] {logging_mixin.py:190} INFO - 3106200_2024-12-04_7146-page-8-8.md
[2025-01-25T15:53:30.404+0000] {logging_mixin.py:190} INFO - 3106200_2024-12-04_7146-page-9-9.md
[2025-01-25T15:53:30.404+0000] {logging_mixin.py:190} INFO - 3106200_2024-12-05_7147-page-0-0.md
[2025-01-25T15:53:30.405+0000] {logging_mixin.py:190} INFO - 3106200_2024-12-05_7147-page-1-1.md
[2025-01-25T15:53:30.405+0000] {logging_mixin.py:190} INFO - 3106200_2024-12-05_7147-page-10-10.md
[2025-01-25T15:53:30.405+0000] {logging_mixin.py:190} INFO - 3106200_2024-12-05_7147-page-11-11.md
[2025-01-25T15:53:30.406+0000] {logging_mixin.py:190} INFO - 3106200_2024-12-05_7147-page-12-12.md
[2025-01-25T15:53:30.406+0000] {logging_mixin.py:190} INFO - 3106200_2024-12-05_7147-page-13-13.md
[2025-01-25T15:53:30.407+0000] {logging_mixin.py:190} INFO - 3106200_2024-12-05_7147-page-14-14.md
[2025-01-25T15:53:30.407+0000] {logging_mixin.py:190} INFO - 3106200_2024-12-05_7147-page-15-15.md
[2025-01-25T15:53:30.407+0000] {logging_mixin.py:190} INFO - 3106200_2024-12-05_7147-page-16-16.md
[2025-01-25T15:53:30.408+0000] {logging_mixin.py:190} INFO - 3106200_2024-12-05_7147-page-17-17.md
[2025-01-25T15:53:30.408+0000] {logging_mixin.py:190} INFO - 3106200_2024-12-05_7147-page-18-18.md
[2025-01-25T15:53:30.409+0000] {logging_mixin.py:190} INFO - 3106200_2024-12-05_7147-page-19-19.md
[2025-01-25T15:53:30.409+0000] {logging_mixin.py:190} INFO - 3106200_2024-12-05_7147-page-2-2.md
[2025-01-25T15:53:30.409+0000] {logging_mixin.py:190} INFO - 3106200_2024-12-05_7147-page-20-20.md
[2025-01-25T15:53:30.410+0000] {logging_mixin.py:190} INFO - 3106200_2024-12-05_7147-page-21-21.md
[2025-01-25T15:53:30.410+0000] {logging_mixin.py:190} INFO - 3106200_2024-12-05_7147-page-22-22.md
[2025-01-25T15:53:30.410+0000] {logging_mixin.py:190} INFO - 3106200_2024-12-05_7147-page-3-3.md
[2025-01-25T15:53:30.411+0000] {logging_mixin.py:190} INFO - 3106200_2024-12-05_7147-page-4-4.md
[2025-01-25T15:53:30.411+0000] {logging_mixin.py:190} INFO - 3106200_2024-12-05_7147-page-5-5.md
[2025-01-25T15:53:30.411+0000] {logging_mixin.py:190} INFO - 3106200_2024-12-05_7147-page-6-6.md
[2025-01-25T15:53:30.411+0000] {logging_mixin.py:190} INFO - 3106200_2024-12-05_7147-page-7-7.md
[2025-01-25T15:53:30.412+0000] {logging_mixin.py:190} INFO - 3106200_2024-12-05_7147-page-8-8.md
[2025-01-25T15:53:30.412+0000] {logging_mixin.py:190} INFO - 3106200_2024-12-05_7147-page-9-9.md
[2025-01-25T15:53:30.412+0000] {logging_mixin.py:190} INFO - 3106200_2024-12-06_7148-page-0-0.md
[2025-01-25T15:53:30.413+0000] {logging_mixin.py:190} INFO - 3106200_2024-12-06_7148-page-1-1.md
[2025-01-25T15:53:30.413+0000] {logging_mixin.py:190} INFO - 3106200_2024-12-06_7148-page-10-10.md
[2025-01-25T15:53:30.413+0000] {logging_mixin.py:190} INFO - 3106200_2024-12-06_7148-page-11-11.md
[2025-01-25T15:53:30.414+0000] {logging_mixin.py:190} INFO - 3106200_2024-12-06_7148-page-12-12.md
[2025-01-25T15:53:30.414+0000] {logging_mixin.py:190} INFO - 3106200_2024-12-06_7148-page-13-13.md
[2025-01-25T15:53:30.414+0000] {logging_mixin.py:190} INFO - 3106200_2024-12-06_7148-page-14-14.md
[2025-01-25T15:53:30.415+0000] {logging_mixin.py:190} INFO - 3106200_2024-12-06_7148-page-15-15.md
[2025-01-25T15:53:30.415+0000] {logging_mixin.py:190} INFO - 3106200_2024-12-06_7148-page-16-16.md
[2025-01-25T15:53:30.416+0000] {logging_mixin.py:190} INFO - 3106200_2024-12-06_7148-page-17-17.md
[2025-01-25T15:53:30.416+0000] {logging_mixin.py:190} INFO - 3106200_2024-12-06_7148-page-18-18.md
[2025-01-25T15:53:30.416+0000] {logging_mixin.py:190} INFO - 3106200_2024-12-06_7148-page-19-19.md
[2025-01-25T15:53:30.417+0000] {logging_mixin.py:190} INFO - 3106200_2024-12-06_7148-page-2-2.md
[2025-01-25T15:53:30.417+0000] {logging_mixin.py:190} INFO - 3106200_2024-12-06_7148-page-20-20.md
[2025-01-25T15:53:30.417+0000] {logging_mixin.py:190} INFO - 3106200_2024-12-06_7148-page-21-21.md
[2025-01-25T15:53:30.418+0000] {logging_mixin.py:190} INFO - 3106200_2024-12-06_7148-page-22-22.md
[2025-01-25T15:53:30.418+0000] {logging_mixin.py:190} INFO - 3106200_2024-12-06_7148-page-23-23.md
[2025-01-25T15:53:30.418+0000] {logging_mixin.py:190} INFO - 3106200_2024-12-06_7148-page-24-24.md
[2025-01-25T15:53:30.419+0000] {logging_mixin.py:190} INFO - 3106200_2024-12-06_7148-page-25-25.md
[2025-01-25T15:53:30.419+0000] {logging_mixin.py:190} INFO - 3106200_2024-12-06_7148-page-26-26.md
[2025-01-25T15:53:30.419+0000] {logging_mixin.py:190} INFO - 3106200_2024-12-06_7148-page-27-27.md
[2025-01-25T15:53:30.420+0000] {logging_mixin.py:190} INFO - 3106200_2024-12-06_7148-page-28-28.md
[2025-01-25T15:53:30.420+0000] {logging_mixin.py:190} INFO - 3106200_2024-12-06_7148-page-29-29.md
[2025-01-25T15:53:30.420+0000] {logging_mixin.py:190} INFO - 3106200_2024-12-06_7148-page-3-3.md
[2025-01-25T15:53:30.421+0000] {logging_mixin.py:190} INFO - 3106200_2024-12-06_7148-page-30-30.md
[2025-01-25T15:53:30.421+0000] {logging_mixin.py:190} INFO - 3106200_2024-12-06_7148-page-31-31.md
[2025-01-25T15:53:30.422+0000] {logging_mixin.py:190} INFO - 3106200_2024-12-06_7148-page-32-32.md
[2025-01-25T15:53:30.422+0000] {logging_mixin.py:190} INFO - 3106200_2024-12-06_7148-page-33-33.md
[2025-01-25T15:53:30.423+0000] {logging_mixin.py:190} INFO - 3106200_2024-12-06_7148-page-34-34.md
[2025-01-25T15:53:30.423+0000] {logging_mixin.py:190} INFO - 3106200_2024-12-06_7148-page-35-35.md
[2025-01-25T15:53:30.423+0000] {logging_mixin.py:190} INFO - 3106200_2024-12-06_7148-page-36-36.md
[2025-01-25T15:53:30.423+0000] {logging_mixin.py:190} INFO - 3106200_2024-12-06_7148-page-37-37.md
[2025-01-25T15:53:30.424+0000] {logging_mixin.py:190} INFO - 3106200_2024-12-06_7148-page-38-38.md
[2025-01-25T15:53:30.424+0000] {logging_mixin.py:190} INFO - 3106200_2024-12-06_7148-page-39-39.md
[2025-01-25T15:53:30.424+0000] {logging_mixin.py:190} INFO - 3106200_2024-12-06_7148-page-4-4.md
[2025-01-25T15:53:30.425+0000] {logging_mixin.py:190} INFO - 3106200_2024-12-06_7148-page-5-5.md
[2025-01-25T15:53:30.425+0000] {logging_mixin.py:190} INFO - 3106200_2024-12-06_7148-page-6-6.md
[2025-01-25T15:53:30.425+0000] {logging_mixin.py:190} INFO - 3106200_2024-12-06_7148-page-7-7.md
[2025-01-25T15:53:30.426+0000] {logging_mixin.py:190} INFO - 3106200_2024-12-06_7148-page-8-8.md
[2025-01-25T15:53:30.426+0000] {logging_mixin.py:190} INFO - 3106200_2024-12-06_7148-page-9-9.md
[2025-01-25T15:53:30.426+0000] {logging_mixin.py:190} INFO - 3106200_2024-12-07_7149-page-0-0.md
[2025-01-25T15:53:30.427+0000] {logging_mixin.py:190} INFO - 3106200_2024-12-07_7149-page-1-1.md
[2025-01-25T15:53:30.427+0000] {logging_mixin.py:190} INFO - 3106200_2024-12-07_7149-page-10-10.md
[2025-01-25T15:53:30.428+0000] {logging_mixin.py:190} INFO - 3106200_2024-12-07_7149-page-11-11.md
[2025-01-25T15:53:30.428+0000] {logging_mixin.py:190} INFO - 3106200_2024-12-07_7149-page-12-12.md
[2025-01-25T15:53:30.428+0000] {logging_mixin.py:190} INFO - 3106200_2024-12-07_7149-page-13-13.md
[2025-01-25T15:53:30.429+0000] {logging_mixin.py:190} INFO - 3106200_2024-12-07_7149-page-14-14.md
[2025-01-25T15:53:30.429+0000] {logging_mixin.py:190} INFO - 3106200_2024-12-07_7149-page-15-15.md
[2025-01-25T15:53:30.429+0000] {logging_mixin.py:190} INFO - 3106200_2024-12-07_7149-page-16-16.md
[2025-01-25T15:53:30.430+0000] {logging_mixin.py:190} INFO - 3106200_2024-12-07_7149-page-17-17.md
[2025-01-25T15:53:30.430+0000] {logging_mixin.py:190} INFO - 3106200_2024-12-07_7149-page-18-18.md
[2025-01-25T15:53:30.430+0000] {logging_mixin.py:190} INFO - 3106200_2024-12-07_7149-page-19-19.md
[2025-01-25T15:53:30.430+0000] {logging_mixin.py:190} INFO - 3106200_2024-12-07_7149-page-2-2.md
[2025-01-25T15:53:30.431+0000] {logging_mixin.py:190} INFO - 3106200_2024-12-07_7149-page-20-20.md
[2025-01-25T15:53:30.431+0000] {logging_mixin.py:190} INFO - 3106200_2024-12-07_7149-page-21-21.md
[2025-01-25T15:53:30.431+0000] {logging_mixin.py:190} INFO - 3106200_2024-12-07_7149-page-22-22.md
[2025-01-25T15:53:30.432+0000] {logging_mixin.py:190} INFO - 3106200_2024-12-07_7149-page-23-23.md
[2025-01-25T15:53:30.432+0000] {logging_mixin.py:190} INFO - 3106200_2024-12-07_7149-page-24-24.md
[2025-01-25T15:53:30.433+0000] {logging_mixin.py:190} INFO - 3106200_2024-12-07_7149-page-25-25.md
[2025-01-25T15:53:30.433+0000] {logging_mixin.py:190} INFO - 3106200_2024-12-07_7149-page-26-26.md
[2025-01-25T15:53:30.433+0000] {logging_mixin.py:190} INFO - 3106200_2024-12-07_7149-page-27-27.md
[2025-01-25T15:53:30.434+0000] {logging_mixin.py:190} INFO - 3106200_2024-12-07_7149-page-28-28.md
[2025-01-25T15:53:30.434+0000] {logging_mixin.py:190} INFO - 3106200_2024-12-07_7149-page-29-29.md
[2025-01-25T15:53:30.434+0000] {logging_mixin.py:190} INFO - 3106200_2024-12-07_7149-page-3-3.md
[2025-01-25T15:53:30.435+0000] {logging_mixin.py:190} INFO - 3106200_2024-12-07_7149-page-30-30.md
[2025-01-25T15:53:30.436+0000] {logging_mixin.py:190} INFO - 3106200_2024-12-07_7149-page-31-31.md
[2025-01-25T15:53:30.436+0000] {logging_mixin.py:190} INFO - 3106200_2024-12-07_7149-page-32-32.md
[2025-01-25T15:53:30.436+0000] {logging_mixin.py:190} INFO - 3106200_2024-12-07_7149-page-33-33.md
[2025-01-25T15:53:30.437+0000] {logging_mixin.py:190} INFO - 3106200_2024-12-07_7149-page-34-34.md
[2025-01-25T15:53:30.437+0000] {logging_mixin.py:190} INFO - 3106200_2024-12-07_7149-page-35-35.md
[2025-01-25T15:53:30.437+0000] {logging_mixin.py:190} INFO - 3106200_2024-12-07_7149-page-36-36.md
[2025-01-25T15:53:30.438+0000] {logging_mixin.py:190} INFO - 3106200_2024-12-07_7149-page-37-37.md
[2025-01-25T15:53:30.438+0000] {logging_mixin.py:190} INFO - 3106200_2024-12-07_7149-page-38-38.md
[2025-01-25T15:53:30.438+0000] {logging_mixin.py:190} INFO - 3106200_2024-12-07_7149-page-39-39.md
[2025-01-25T15:53:30.438+0000] {logging_mixin.py:190} INFO - 3106200_2024-12-07_7149-page-4-4.md
[2025-01-25T15:53:30.439+0000] {logging_mixin.py:190} INFO - 3106200_2024-12-07_7149-page-40-40.md
[2025-01-25T15:53:30.439+0000] {logging_mixin.py:190} INFO - 3106200_2024-12-07_7149-page-41-41.md
[2025-01-25T15:53:30.439+0000] {logging_mixin.py:190} INFO - 3106200_2024-12-07_7149-page-42-42.md
[2025-01-25T15:53:30.440+0000] {logging_mixin.py:190} INFO - 3106200_2024-12-07_7149-page-43-43.md
[2025-01-25T15:53:30.440+0000] {logging_mixin.py:190} INFO - 3106200_2024-12-07_7149-page-44-44.md
[2025-01-25T15:53:30.440+0000] {logging_mixin.py:190} INFO - 3106200_2024-12-07_7149-page-45-45.md
[2025-01-25T15:53:30.441+0000] {logging_mixin.py:190} INFO - 3106200_2024-12-07_7149-page-5-5.md
[2025-01-25T15:53:30.441+0000] {logging_mixin.py:190} INFO - 3106200_2024-12-07_7149-page-6-6.md
[2025-01-25T15:53:30.441+0000] {logging_mixin.py:190} INFO - 3106200_2024-12-07_7149-page-7-7.md
[2025-01-25T15:53:30.442+0000] {logging_mixin.py:190} INFO - 3106200_2024-12-07_7149-page-8-8.md
[2025-01-25T15:53:30.442+0000] {logging_mixin.py:190} INFO - 3106200_2024-12-07_7149-page-9-9.md
[2025-01-25T15:53:30.443+0000] {logging_mixin.py:190} INFO - 3106200_2024-12-10_7150-page-0-0.md
[2025-01-25T15:53:30.443+0000] {logging_mixin.py:190} INFO - 3106200_2024-12-10_7150-page-1-1.md
[2025-01-25T15:53:30.443+0000] {logging_mixin.py:190} INFO - 3106200_2024-12-10_7150-page-10-10.md
[2025-01-25T15:53:30.444+0000] {logging_mixin.py:190} INFO - 3106200_2024-12-10_7150-page-11-11.md
[2025-01-25T15:53:30.444+0000] {logging_mixin.py:190} INFO - 3106200_2024-12-10_7150-page-12-12.md
[2025-01-25T15:53:30.444+0000] {logging_mixin.py:190} INFO - 3106200_2024-12-10_7150-page-13-13.md
[2025-01-25T15:53:30.445+0000] {logging_mixin.py:190} INFO - 3106200_2024-12-10_7150-page-14-14.md
[2025-01-25T15:53:30.445+0000] {logging_mixin.py:190} INFO - 3106200_2024-12-10_7150-page-15-15.md
[2025-01-25T15:53:30.445+0000] {logging_mixin.py:190} INFO - 3106200_2024-12-10_7150-page-16-16.md
[2025-01-25T15:53:30.446+0000] {logging_mixin.py:190} INFO - 3106200_2024-12-10_7150-page-17-17.md
[2025-01-25T15:53:30.446+0000] {logging_mixin.py:190} INFO - 3106200_2024-12-10_7150-page-18-18.md
[2025-01-25T15:53:30.446+0000] {logging_mixin.py:190} INFO - 3106200_2024-12-10_7150-page-19-19.md
[2025-01-25T15:53:30.447+0000] {logging_mixin.py:190} INFO - 3106200_2024-12-10_7150-page-2-2.md
[2025-01-25T15:53:30.447+0000] {logging_mixin.py:190} INFO - 3106200_2024-12-10_7150-page-20-20.md
[2025-01-25T15:53:30.448+0000] {logging_mixin.py:190} INFO - 3106200_2024-12-10_7150-page-21-21.md
[2025-01-25T15:53:30.448+0000] {logging_mixin.py:190} INFO - 3106200_2024-12-10_7150-page-3-3.md
[2025-01-25T15:53:30.448+0000] {logging_mixin.py:190} INFO - 3106200_2024-12-10_7150-page-4-4.md
[2025-01-25T15:53:30.449+0000] {logging_mixin.py:190} INFO - 3106200_2024-12-10_7150-page-5-5.md
[2025-01-25T15:53:30.449+0000] {logging_mixin.py:190} INFO - 3106200_2024-12-10_7150-page-6-6.md
[2025-01-25T15:53:30.450+0000] {logging_mixin.py:190} INFO - 3106200_2024-12-10_7150-page-7-7.md
[2025-01-25T15:53:30.450+0000] {logging_mixin.py:190} INFO - 3106200_2024-12-10_7150-page-8-8.md
[2025-01-25T15:53:30.450+0000] {logging_mixin.py:190} INFO - 3106200_2024-12-10_7150-page-9-9.md
[2025-01-25T15:53:30.451+0000] {logging_mixin.py:190} INFO - 3106200_2024-12-11_7151-page-0-0.md
[2025-01-25T15:53:30.451+0000] {logging_mixin.py:190} INFO - 3106200_2024-12-11_7151-page-1-1.md
[2025-01-25T15:53:30.451+0000] {logging_mixin.py:190} INFO - 3106200_2024-12-11_7151-page-10-10.md
[2025-01-25T15:53:30.452+0000] {logging_mixin.py:190} INFO - 3106200_2024-12-11_7151-page-11-11.md
[2025-01-25T15:53:30.452+0000] {logging_mixin.py:190} INFO - 3106200_2024-12-11_7151-page-12-12.md
[2025-01-25T15:53:30.452+0000] {logging_mixin.py:190} INFO - 3106200_2024-12-11_7151-page-13-13.md
[2025-01-25T15:53:30.453+0000] {logging_mixin.py:190} INFO - 3106200_2024-12-11_7151-page-14-14.md
[2025-01-25T15:53:30.453+0000] {logging_mixin.py:190} INFO - 3106200_2024-12-11_7151-page-15-15.md
[2025-01-25T15:53:30.453+0000] {logging_mixin.py:190} INFO - 3106200_2024-12-11_7151-page-16-16.md
[2025-01-25T15:53:30.454+0000] {logging_mixin.py:190} INFO - 3106200_2024-12-11_7151-page-17-17.md
[2025-01-25T15:53:30.454+0000] {logging_mixin.py:190} INFO - 3106200_2024-12-11_7151-page-18-18.md
[2025-01-25T15:53:30.455+0000] {logging_mixin.py:190} INFO - 3106200_2024-12-11_7151-page-19-19.md
[2025-01-25T15:53:30.455+0000] {logging_mixin.py:190} INFO - 3106200_2024-12-11_7151-page-2-2.md
[2025-01-25T15:53:30.455+0000] {logging_mixin.py:190} INFO - 3106200_2024-12-11_7151-page-20-20.md
[2025-01-25T15:53:30.456+0000] {logging_mixin.py:190} INFO - 3106200_2024-12-11_7151-page-21-21.md
[2025-01-25T15:53:30.456+0000] {logging_mixin.py:190} INFO - 3106200_2024-12-11_7151-page-22-22.md
[2025-01-25T15:53:30.456+0000] {logging_mixin.py:190} INFO - 3106200_2024-12-11_7151-page-23-23.md
[2025-01-25T15:53:30.457+0000] {logging_mixin.py:190} INFO - 3106200_2024-12-11_7151-page-24-24.md
[2025-01-25T15:53:30.457+0000] {logging_mixin.py:190} INFO - 3106200_2024-12-11_7151-page-25-25.md
[2025-01-25T15:53:30.457+0000] {logging_mixin.py:190} INFO - 3106200_2024-12-11_7151-page-26-26.md
[2025-01-25T15:53:30.458+0000] {logging_mixin.py:190} INFO - 3106200_2024-12-11_7151-page-27-27.md
[2025-01-25T15:53:30.458+0000] {logging_mixin.py:190} INFO - 3106200_2024-12-11_7151-page-28-28.md
[2025-01-25T15:53:30.458+0000] {logging_mixin.py:190} INFO - 3106200_2024-12-11_7151-page-29-29.md
[2025-01-25T15:53:30.459+0000] {logging_mixin.py:190} INFO - 3106200_2024-12-11_7151-page-3-3.md
[2025-01-25T15:53:30.459+0000] {logging_mixin.py:190} INFO - 3106200_2024-12-11_7151-page-30-30.md
[2025-01-25T15:53:30.459+0000] {logging_mixin.py:190} INFO - 3106200_2024-12-11_7151-page-31-31.md
[2025-01-25T15:53:30.460+0000] {logging_mixin.py:190} INFO - 3106200_2024-12-11_7151-page-32-32.md
[2025-01-25T15:53:30.460+0000] {logging_mixin.py:190} INFO - 3106200_2024-12-11_7151-page-33-33.md
[2025-01-25T15:53:30.460+0000] {logging_mixin.py:190} INFO - 3106200_2024-12-11_7151-page-34-34.md
[2025-01-25T15:53:30.461+0000] {logging_mixin.py:190} INFO - 3106200_2024-12-11_7151-page-35-35.md
[2025-01-25T15:53:30.461+0000] {logging_mixin.py:190} INFO - 3106200_2024-12-11_7151-page-4-4.md
[2025-01-25T15:53:30.461+0000] {logging_mixin.py:190} INFO - 3106200_2024-12-11_7151-page-5-5.md
[2025-01-25T15:53:30.462+0000] {logging_mixin.py:190} INFO - 3106200_2024-12-11_7151-page-6-6.md
[2025-01-25T15:53:30.462+0000] {logging_mixin.py:190} INFO - 3106200_2024-12-11_7151-page-7-7.md
[2025-01-25T15:53:30.463+0000] {logging_mixin.py:190} INFO - 3106200_2024-12-11_7151-page-8-8.md
[2025-01-25T15:53:30.463+0000] {logging_mixin.py:190} INFO - 3106200_2024-12-11_7151-page-9-9.md
[2025-01-25T15:53:30.463+0000] {logging_mixin.py:190} INFO - 3106200_2024-12-12_7152-page-0-0.md
[2025-01-25T15:53:30.464+0000] {logging_mixin.py:190} INFO - 3106200_2024-12-12_7152-page-1-1.md
[2025-01-25T15:53:30.464+0000] {logging_mixin.py:190} INFO - 3106200_2024-12-12_7152-page-2-2.md
[2025-01-25T15:53:30.465+0000] {logging_mixin.py:190} INFO - Saving current vector index status
[2025-01-25T15:53:30.476+0000] {logging_mixin.py:190} INFO - Finishing index processing
[2025-01-25T15:53:30.486+0000] {taskinstance.py:340} INFO - ::group::Post task execution logs
[2025-01-25T15:53:30.487+0000] {taskinstance.py:352} INFO - Marking task as SUCCESS. dag_id=pull_gazettes_data, task_id=generate_indexes_task, run_id=scheduled__2025-01-24T00:00:00+00:00, execution_date=20250124T000000, start_date=20250125T155328, end_date=20250125T155330
[2025-01-25T15:53:30.546+0000] {local_task_job_runner.py:266} INFO - Task exited with return code 0
[2025-01-25T15:53:30.567+0000] {taskinstance.py:3900} INFO - 1 downstream tasks scheduled from follow-on schedule check
[2025-01-25T15:53:30.568+0000] {local_task_job_runner.py:245} INFO - ::endgroup::
