[2025-01-24T21:40:19.150+0000] {local_task_job_runner.py:123} INFO - ::group::Pre task execution logs
[2025-01-24T21:40:19.165+0000] {taskinstance.py:2612} INFO - Dependencies all met for dep_context=non-requeueable deps ti=<TaskInstance: pull_gazettes_data.preprocess_documents_task manual__2025-01-24T21:10:42.449118+00:00 [queued]>
[2025-01-24T21:40:19.173+0000] {taskinstance.py:2612} INFO - Dependencies all met for dep_context=requeueable deps ti=<TaskInstance: pull_gazettes_data.preprocess_documents_task manual__2025-01-24T21:10:42.449118+00:00 [queued]>
[2025-01-24T21:40:19.174+0000] {taskinstance.py:2865} INFO - Starting attempt 4 of 5
[2025-01-24T21:40:19.188+0000] {taskinstance.py:2888} INFO - Executing <Task(PreprocessDocuments): preprocess_documents_task> on 2025-01-24 21:10:42.449118+00:00
[2025-01-24T21:40:19.202+0000] {warnings.py:112} WARNING - /home/***/.local/lib/python3.12/site-packages/***/task/task_runner/standard_task_runner.py:70: DeprecationWarning: This process (pid=1662) is multi-threaded, use of fork() may lead to deadlocks in the child.
  pid = os.fork()

[2025-01-24T21:40:19.203+0000] {standard_task_runner.py:72} INFO - Started process 1675 to run task
[2025-01-24T21:40:19.204+0000] {standard_task_runner.py:104} INFO - Running: ['***', 'tasks', 'run', 'pull_gazettes_data', 'preprocess_documents_task', 'manual__2025-01-24T21:10:42.449118+00:00', '--job-id', '16', '--raw', '--subdir', 'DAGS_FOLDER/dag_script.py', '--cfg-path', '/tmp/tmpw2g77w6w']
[2025-01-24T21:40:19.206+0000] {standard_task_runner.py:105} INFO - Job 16: Subtask preprocess_documents_task
[2025-01-24T21:40:19.246+0000] {task_command.py:467} INFO - Running <TaskInstance: pull_gazettes_data.preprocess_documents_task manual__2025-01-24T21:10:42.449118+00:00 [running]> on host 9e85c216a3c8
[2025-01-24T21:40:19.308+0000] {taskinstance.py:3131} INFO - Exporting env vars: AIRFLOW_CTX_DAG_EMAIL='***@example.com' AIRFLOW_CTX_DAG_OWNER='***' AIRFLOW_CTX_DAG_ID='pull_gazettes_data' AIRFLOW_CTX_TASK_ID='preprocess_documents_task' AIRFLOW_CTX_EXECUTION_DATE='2025-01-24T21:10:42.449118+00:00' AIRFLOW_CTX_TRY_NUMBER='4' AIRFLOW_CTX_DAG_RUN_ID='manual__2025-01-24T21:10:42.449118+00:00'
[2025-01-24T21:40:19.310+0000] {taskinstance.py:731} INFO - ::endgroup::
[2025-01-24T21:40:19.321+0000] {logging_mixin.py:190} INFO - Checking pre processed documents log
[2025-01-24T21:40:19.328+0000] {logging_mixin.py:190} INFO - Already preprocessed documents: set()
[2025-01-24T21:40:19.331+0000] {logging_mixin.py:190} INFO - Breaking down pdf 3106200_2024-11-22_7138.pdf into multiple PDF single pages
[2025-01-24T21:40:19.478+0000] {logging_mixin.py:190} INFO - File 3106200_2024-11-22_7138-page-0-9.pdf already broken down into
[2025-01-24T21:40:19.478+0000] {logging_mixin.py:190} INFO - File 3106200_2024-11-22_7138-page-10-19.pdf already broken down into
[2025-01-24T21:40:19.479+0000] {logging_mixin.py:190} INFO - File 3106200_2024-11-22_7138-page-20-29.pdf already broken down into
[2025-01-24T21:40:19.479+0000] {logging_mixin.py:190} INFO - File 3106200_2024-11-22_7138-page-30-39.pdf already broken down into
[2025-01-24T21:40:19.480+0000] {logging_mixin.py:190} INFO - File 3106200_2024-11-22_7138-page-40-43.pdf already broken down into
[2025-01-24T21:40:19.480+0000] {logging_mixin.py:190} INFO - Breaking down pdf 3106200_2024-11-23_7139.pdf into multiple PDF single pages
[2025-01-24T21:40:19.568+0000] {logging_mixin.py:190} INFO - File 3106200_2024-11-23_7139-page-0-9.pdf already broken down into
[2025-01-24T21:40:19.569+0000] {logging_mixin.py:190} INFO - File 3106200_2024-11-23_7139-page-10-19.pdf already broken down into
[2025-01-24T21:40:19.570+0000] {logging_mixin.py:190} INFO - File 3106200_2024-11-23_7139-page-20-25.pdf already broken down into
[2025-01-24T21:40:19.570+0000] {logging_mixin.py:190} INFO - Breaking down pdf 3106200_2024-11-26_7140.pdf into multiple PDF single pages
[2025-01-24T21:40:19.684+0000] {logging_mixin.py:190} INFO - File 3106200_2024-11-26_7140-page-0-9.pdf already broken down into
[2025-01-24T21:40:19.685+0000] {logging_mixin.py:190} INFO - File 3106200_2024-11-26_7140-page-10-19.pdf already broken down into
[2025-01-24T21:40:19.685+0000] {logging_mixin.py:190} INFO - File 3106200_2024-11-26_7140-page-20-29.pdf already broken down into
[2025-01-24T21:40:19.685+0000] {logging_mixin.py:190} INFO - File 3106200_2024-11-26_7140-page-30-32.pdf already broken down into
[2025-01-24T21:40:19.686+0000] {logging_mixin.py:190} INFO - Breaking down pdf 3106200_2024-11-27_7141.pdf into multiple PDF single pages
[2025-01-24T21:40:19.827+0000] {logging_mixin.py:190} INFO - File 3106200_2024-11-27_7141-page-0-9.pdf already broken down into
[2025-01-24T21:40:19.828+0000] {logging_mixin.py:190} INFO - File 3106200_2024-11-27_7141-page-10-19.pdf already broken down into
[2025-01-24T21:40:19.829+0000] {logging_mixin.py:190} INFO - File 3106200_2024-11-27_7141-page-20-29.pdf already broken down into
[2025-01-24T21:40:19.829+0000] {logging_mixin.py:190} INFO - File 3106200_2024-11-27_7141-page-30-36.pdf already broken down into
[2025-01-24T21:40:19.830+0000] {logging_mixin.py:190} INFO - Breaking down pdf 3106200_2024-11-28_7142.pdf into multiple PDF single pages
[2025-01-24T21:40:19.982+0000] {logging_mixin.py:190} INFO - File 3106200_2024-11-28_7142-page-0-9.pdf already broken down into
[2025-01-24T21:40:19.983+0000] {logging_mixin.py:190} INFO - File 3106200_2024-11-28_7142-page-10-19.pdf already broken down into
[2025-01-24T21:40:19.983+0000] {logging_mixin.py:190} INFO - File 3106200_2024-11-28_7142-page-20-29.pdf already broken down into
[2025-01-24T21:40:19.984+0000] {logging_mixin.py:190} INFO - File 3106200_2024-11-28_7142-page-30-39.pdf already broken down into
[2025-01-24T21:40:19.984+0000] {logging_mixin.py:190} INFO - File 3106200_2024-11-28_7142-page-40-45.pdf already broken down into
[2025-01-24T21:40:19.985+0000] {logging_mixin.py:190} INFO - Breaking down pdf 3106200_2024-11-29_7143.pdf into multiple PDF single pages
[2025-01-24T21:40:20.125+0000] {logging_mixin.py:190} INFO - File 3106200_2024-11-29_7143-page-0-9.pdf already broken down into
[2025-01-24T21:40:20.125+0000] {logging_mixin.py:190} INFO - File 3106200_2024-11-29_7143-page-10-19.pdf already broken down into
[2025-01-24T21:40:20.126+0000] {logging_mixin.py:190} INFO - File 3106200_2024-11-29_7143-page-20-29.pdf already broken down into
[2025-01-24T21:40:20.126+0000] {logging_mixin.py:190} INFO - File 3106200_2024-11-29_7143-page-30-38.pdf already broken down into
[2025-01-24T21:40:20.126+0000] {logging_mixin.py:190} INFO - Breaking down pdf 3106200_2024-11-30_7144.pdf into multiple PDF single pages
[2025-01-24T21:40:20.259+0000] {logging_mixin.py:190} INFO - File 3106200_2024-11-30_7144-page-0-9.pdf already broken down into
[2025-01-24T21:40:20.260+0000] {logging_mixin.py:190} INFO - File 3106200_2024-11-30_7144-page-10-19.pdf already broken down into
[2025-01-24T21:40:20.260+0000] {logging_mixin.py:190} INFO - File 3106200_2024-11-30_7144-page-20-29.pdf already broken down into
[2025-01-24T21:40:20.261+0000] {logging_mixin.py:190} INFO - File 3106200_2024-11-30_7144-page-30-37.pdf already broken down into
[2025-01-24T21:40:20.261+0000] {logging_mixin.py:190} INFO - Breaking down pdf 3106200_2024-12-03_7145.pdf into multiple PDF single pages
[2025-01-24T21:40:20.765+0000] {logging_mixin.py:190} INFO - File 3106200_2024-12-03_7145-page-0-9.pdf already broken down into
[2025-01-24T21:40:20.766+0000] {logging_mixin.py:190} INFO - File 3106200_2024-12-03_7145-page-10-19.pdf already broken down into
[2025-01-24T21:40:20.766+0000] {logging_mixin.py:190} INFO - File 3106200_2024-12-03_7145-page-20-29.pdf already broken down into
[2025-01-24T21:40:20.767+0000] {logging_mixin.py:190} INFO - File 3106200_2024-12-03_7145-page-30-34.pdf already broken down into
[2025-01-24T21:40:20.768+0000] {logging_mixin.py:190} INFO - Breaking down pdf 3106200_2024-12-04_7146.pdf into multiple PDF single pages
[2025-01-24T21:40:20.900+0000] {logging_mixin.py:190} INFO - File 3106200_2024-12-04_7146-page-0-9.pdf already broken down into
[2025-01-24T21:40:20.901+0000] {logging_mixin.py:190} INFO - File 3106200_2024-12-04_7146-page-10-19.pdf already broken down into
[2025-01-24T21:40:20.901+0000] {logging_mixin.py:190} INFO - File 3106200_2024-12-04_7146-page-20-29.pdf already broken down into
[2025-01-24T21:40:20.902+0000] {logging_mixin.py:190} INFO - File 3106200_2024-12-04_7146-page-30-39.pdf already broken down into
[2025-01-24T21:40:20.902+0000] {logging_mixin.py:190} INFO - Breaking down pdf 3106200_2024-12-05_7147.pdf into multiple PDF single pages
[2025-01-24T21:40:20.988+0000] {logging_mixin.py:190} INFO - File 3106200_2024-12-05_7147-page-0-9.pdf already broken down into
[2025-01-24T21:40:20.989+0000] {logging_mixin.py:190} INFO - File 3106200_2024-12-05_7147-page-10-19.pdf already broken down into
[2025-01-24T21:40:20.989+0000] {logging_mixin.py:190} INFO - File 3106200_2024-12-05_7147-page-20-22.pdf already broken down into
[2025-01-24T21:40:20.990+0000] {logging_mixin.py:190} INFO - Breaking down pdf 3106200_2024-12-06_7148.pdf into multiple PDF single pages
[2025-01-24T21:40:21.133+0000] {logging_mixin.py:190} INFO - File 3106200_2024-12-06_7148-page-0-9.pdf already broken down into
[2025-01-24T21:40:21.133+0000] {logging_mixin.py:190} INFO - File 3106200_2024-12-06_7148-page-10-19.pdf already broken down into
[2025-01-24T21:40:21.133+0000] {logging_mixin.py:190} INFO - File 3106200_2024-12-06_7148-page-20-29.pdf already broken down into
[2025-01-24T21:40:21.134+0000] {logging_mixin.py:190} INFO - File 3106200_2024-12-06_7148-page-30-39.pdf already broken down into
[2025-01-24T21:40:21.134+0000] {logging_mixin.py:190} INFO - Breaking down pdf 3106200_2024-12-07_7149.pdf into multiple PDF single pages
[2025-01-24T21:40:21.289+0000] {logging_mixin.py:190} INFO - File 3106200_2024-12-07_7149-page-0-9.pdf already broken down into
[2025-01-24T21:40:21.290+0000] {logging_mixin.py:190} INFO - File 3106200_2024-12-07_7149-page-10-19.pdf already broken down into
[2025-01-24T21:40:21.290+0000] {logging_mixin.py:190} INFO - File 3106200_2024-12-07_7149-page-20-29.pdf already broken down into
[2025-01-24T21:40:21.291+0000] {logging_mixin.py:190} INFO - File 3106200_2024-12-07_7149-page-30-39.pdf already broken down into
[2025-01-24T21:40:21.291+0000] {logging_mixin.py:190} INFO - File 3106200_2024-12-07_7149-page-40-45.pdf already broken down into
[2025-01-24T21:40:21.291+0000] {logging_mixin.py:190} INFO - Breaking down pdf 3106200_2024-12-10_7150.pdf into multiple PDF single pages
[2025-01-24T21:40:21.359+0000] {logging_mixin.py:190} INFO - File 3106200_2024-12-10_7150-page-0-9.pdf already broken down into
[2025-01-24T21:40:21.359+0000] {logging_mixin.py:190} INFO - File 3106200_2024-12-10_7150-page-10-19.pdf already broken down into
[2025-01-24T21:40:21.360+0000] {logging_mixin.py:190} INFO - File 3106200_2024-12-10_7150-page-20-21.pdf already broken down into
[2025-01-24T21:40:21.360+0000] {logging_mixin.py:190} INFO - Breaking down pdf 3106200_2024-12-11_7151.pdf into multiple PDF single pages
[2025-01-24T21:40:21.504+0000] {logging_mixin.py:190} INFO - File 3106200_2024-12-11_7151-page-0-9.pdf already broken down into
[2025-01-24T21:40:21.504+0000] {logging_mixin.py:190} INFO - File 3106200_2024-12-11_7151-page-10-19.pdf already broken down into
[2025-01-24T21:40:21.505+0000] {logging_mixin.py:190} INFO - File 3106200_2024-12-11_7151-page-20-29.pdf already broken down into
[2025-01-24T21:40:21.505+0000] {logging_mixin.py:190} INFO - File 3106200_2024-12-11_7151-page-30-35.pdf already broken down into
[2025-01-24T21:40:21.506+0000] {logging_mixin.py:190} INFO - Breaking down pdf 3106200_2024-12-12_7152.pdf into multiple PDF single pages
[2025-01-24T21:40:21.584+0000] {logging_mixin.py:190} INFO - File 3106200_2024-12-12_7152-page-0-9.pdf already broken down into
[2025-01-24T21:40:21.585+0000] {logging_mixin.py:190} INFO - File 3106200_2024-12-12_7152-page-10-19.pdf already broken down into
[2025-01-24T21:40:21.585+0000] {logging_mixin.py:190} INFO - File 3106200_2024-12-12_7152-page-20-24.pdf already broken down into
[2025-01-24T21:40:21.586+0000] {logging_mixin.py:190} INFO - Breaking down pdf 3106200_2024-12-13_7153.pdf into multiple PDF single pages
[2025-01-24T21:40:21.690+0000] {logging_mixin.py:190} INFO - File 3106200_2024-12-13_7153-page-0-9.pdf already broken down into
[2025-01-24T21:40:21.690+0000] {logging_mixin.py:190} INFO - File 3106200_2024-12-13_7153-page-10-19.pdf already broken down into
[2025-01-24T21:40:21.691+0000] {logging_mixin.py:190} INFO - File 3106200_2024-12-13_7153-page-20-29.pdf already broken down into
[2025-01-24T21:40:21.691+0000] {logging_mixin.py:190} INFO - File 3106200_2024-12-13_7153-page-30-33.pdf already broken down into
[2025-01-24T21:40:21.692+0000] {logging_mixin.py:190} INFO - Breaking down pdf 3106200_2024-12-14_7154.pdf into multiple PDF single pages
[2025-01-24T21:40:21.805+0000] {logging_mixin.py:190} INFO - File 3106200_2024-12-14_7154-page-0-9.pdf already broken down into
[2025-01-24T21:40:21.805+0000] {logging_mixin.py:190} INFO - File 3106200_2024-12-14_7154-page-10-19.pdf already broken down into
[2025-01-24T21:40:21.806+0000] {logging_mixin.py:190} INFO - File 3106200_2024-12-14_7154-page-20-29.pdf already broken down into
[2025-01-24T21:40:21.806+0000] {logging_mixin.py:190} INFO - File 3106200_2024-12-14_7154-page-30-31.pdf already broken down into
[2025-01-24T21:40:21.807+0000] {logging_mixin.py:190} INFO - Breaking down pdf 3106200_2024-12-17_7155.pdf into multiple PDF single pages
[2025-01-24T21:40:21.904+0000] {logging_mixin.py:190} INFO - File 3106200_2024-12-17_7155-page-0-9.pdf already broken down into
[2025-01-24T21:40:21.904+0000] {logging_mixin.py:190} INFO - File 3106200_2024-12-17_7155-page-10-19.pdf already broken down into
[2025-01-24T21:40:21.904+0000] {logging_mixin.py:190} INFO - File 3106200_2024-12-17_7155-page-20-24.pdf already broken down into
[2025-01-24T21:40:21.905+0000] {logging_mixin.py:190} INFO - Breaking down pdf 3106200_2024-12-18_7156.pdf into multiple PDF single pages
[2025-01-24T21:40:22.153+0000] {logging_mixin.py:190} INFO - File 3106200_2024-12-18_7156-page-0-9.pdf already broken down into
[2025-01-24T21:40:22.154+0000] {logging_mixin.py:190} INFO - File 3106200_2024-12-18_7156-page-10-19.pdf already broken down into
[2025-01-24T21:40:22.154+0000] {logging_mixin.py:190} INFO - File 3106200_2024-12-18_7156-page-20-29.pdf already broken down into
[2025-01-24T21:40:22.154+0000] {logging_mixin.py:190} INFO - File 3106200_2024-12-18_7156-page-30-39.pdf already broken down into
[2025-01-24T21:40:22.155+0000] {logging_mixin.py:190} INFO - File 3106200_2024-12-18_7156-page-40-49.pdf already broken down into
[2025-01-24T21:40:22.155+0000] {logging_mixin.py:190} INFO - File 3106200_2024-12-18_7156-page-50-59.pdf already broken down into
[2025-01-24T21:40:22.156+0000] {logging_mixin.py:190} INFO - File 3106200_2024-12-18_7156-page-60-69.pdf already broken down into
[2025-01-24T21:40:22.156+0000] {logging_mixin.py:190} INFO - File 3106200_2024-12-18_7156-page-70-71.pdf already broken down into
[2025-01-24T21:40:22.157+0000] {logging_mixin.py:190} INFO - Breaking down pdf 3106200_2024-12-19_7157.pdf into multiple PDF single pages
[2025-01-24T21:40:22.298+0000] {logging_mixin.py:190} INFO - File 3106200_2024-12-19_7157-page-0-9.pdf already broken down into
[2025-01-24T21:40:22.299+0000] {logging_mixin.py:190} INFO - File 3106200_2024-12-19_7157-page-10-19.pdf already broken down into
[2025-01-24T21:40:22.299+0000] {logging_mixin.py:190} INFO - File 3106200_2024-12-19_7157-page-20-29.pdf already broken down into
[2025-01-24T21:40:22.299+0000] {logging_mixin.py:190} INFO - File 3106200_2024-12-19_7157-page-30-34.pdf already broken down into
[2025-01-24T21:40:22.300+0000] {logging_mixin.py:190} INFO - [{'file_uuid': '3106200_2024-11-22_7138-page-0-9', 'file_path': '/usr/local/***/data/pdf_single_page/3106200_2024-11-22_7138-page-0-9.pdf'}, {'file_uuid': '3106200_2024-11-22_7138-page-10-19', 'file_path': '/usr/local/***/data/pdf_single_page/3106200_2024-11-22_7138-page-10-19.pdf'}, {'file_uuid': '3106200_2024-11-22_7138-page-20-29', 'file_path': '/usr/local/***/data/pdf_single_page/3106200_2024-11-22_7138-page-20-29.pdf'}, {'file_uuid': '3106200_2024-11-22_7138-page-30-39', 'file_path': '/usr/local/***/data/pdf_single_page/3106200_2024-11-22_7138-page-30-39.pdf'}, {'file_uuid': '3106200_2024-11-22_7138-page-40-43', 'file_path': '/usr/local/***/data/pdf_single_page/3106200_2024-11-22_7138-page-40-43.pdf'}, {'file_uuid': '3106200_2024-11-23_7139-page-0-9', 'file_path': '/usr/local/***/data/pdf_single_page/3106200_2024-11-23_7139-page-0-9.pdf'}, {'file_uuid': '3106200_2024-11-23_7139-page-10-19', 'file_path': '/usr/local/***/data/pdf_single_page/3106200_2024-11-23_7139-page-10-19.pdf'}, {'file_uuid': '3106200_2024-11-23_7139-page-20-25', 'file_path': '/usr/local/***/data/pdf_single_page/3106200_2024-11-23_7139-page-20-25.pdf'}, {'file_uuid': '3106200_2024-11-26_7140-page-0-9', 'file_path': '/usr/local/***/data/pdf_single_page/3106200_2024-11-26_7140-page-0-9.pdf'}, {'file_uuid': '3106200_2024-11-26_7140-page-10-19', 'file_path': '/usr/local/***/data/pdf_single_page/3106200_2024-11-26_7140-page-10-19.pdf'}, {'file_uuid': '3106200_2024-11-26_7140-page-20-29', 'file_path': '/usr/local/***/data/pdf_single_page/3106200_2024-11-26_7140-page-20-29.pdf'}, {'file_uuid': '3106200_2024-11-26_7140-page-30-32', 'file_path': '/usr/local/***/data/pdf_single_page/3106200_2024-11-26_7140-page-30-32.pdf'}, {'file_uuid': '3106200_2024-11-27_7141-page-0-9', 'file_path': '/usr/local/***/data/pdf_single_page/3106200_2024-11-27_7141-page-0-9.pdf'}, {'file_uuid': '3106200_2024-11-27_7141-page-10-19', 'file_path': '/usr/local/***/data/pdf_single_page/3106200_2024-11-27_7141-page-10-19.pdf'}, {'file_uuid': '3106200_2024-11-27_7141-page-20-29', 'file_path': '/usr/local/***/data/pdf_single_page/3106200_2024-11-27_7141-page-20-29.pdf'}, {'file_uuid': '3106200_2024-11-27_7141-page-30-36', 'file_path': '/usr/local/***/data/pdf_single_page/3106200_2024-11-27_7141-page-30-36.pdf'}, {'file_uuid': '3106200_2024-11-28_7142-page-0-9', 'file_path': '/usr/local/***/data/pdf_single_page/3106200_2024-11-28_7142-page-0-9.pdf'}, {'file_uuid': '3106200_2024-11-28_7142-page-10-19', 'file_path': '/usr/local/***/data/pdf_single_page/3106200_2024-11-28_7142-page-10-19.pdf'}, {'file_uuid': '3106200_2024-11-28_7142-page-20-29', 'file_path': '/usr/local/***/data/pdf_single_page/3106200_2024-11-28_7142-page-20-29.pdf'}, {'file_uuid': '3106200_2024-11-28_7142-page-30-39', 'file_path': '/usr/local/***/data/pdf_single_page/3106200_2024-11-28_7142-page-30-39.pdf'}, {'file_uuid': '3106200_2024-11-28_7142-page-40-45', 'file_path': '/usr/local/***/data/pdf_single_page/3106200_2024-11-28_7142-page-40-45.pdf'}, {'file_uuid': '3106200_2024-11-29_7143-page-0-9', 'file_path': '/usr/local/***/data/pdf_single_page/3106200_2024-11-29_7143-page-0-9.pdf'}, {'file_uuid': '3106200_2024-11-29_7143-page-10-19', 'file_path': '/usr/local/***/data/pdf_single_page/3106200_2024-11-29_7143-page-10-19.pdf'}, {'file_uuid': '3106200_2024-11-29_7143-page-20-29', 'file_path': '/usr/local/***/data/pdf_single_page/3106200_2024-11-29_7143-page-20-29.pdf'}, {'file_uuid': '3106200_2024-11-29_7143-page-30-38', 'file_path': '/usr/local/***/data/pdf_single_page/3106200_2024-11-29_7143-page-30-38.pdf'}, {'file_uuid': '3106200_2024-11-30_7144-page-0-9', 'file_path': '/usr/local/***/data/pdf_single_page/3106200_2024-11-30_7144-page-0-9.pdf'}, {'file_uuid': '3106200_2024-11-30_7144-page-10-19', 'file_path': '/usr/local/***/data/pdf_single_page/3106200_2024-11-30_7144-page-10-19.pdf'}, {'file_uuid': '3106200_2024-11-30_7144-page-20-29', 'file_path': '/usr/local/***/data/pdf_single_page/3106200_2024-11-30_7144-page-20-29.pdf'}, {'file_uuid': '3106200_2024-11-30_7144-page-30-37', 'file_path': '/usr/local/***/data/pdf_single_page/3106200_2024-11-30_7144-page-30-37.pdf'}, {'file_uuid': '3106200_2024-12-03_7145-page-0-9', 'file_path': '/usr/local/***/data/pdf_single_page/3106200_2024-12-03_7145-page-0-9.pdf'}, {'file_uuid': '3106200_2024-12-03_7145-page-10-19', 'file_path': '/usr/local/***/data/pdf_single_page/3106200_2024-12-03_7145-page-10-19.pdf'}, {'file_uuid': '3106200_2024-12-03_7145-page-20-29', 'file_path': '/usr/local/***/data/pdf_single_page/3106200_2024-12-03_7145-page-20-29.pdf'}, {'file_uuid': '3106200_2024-12-03_7145-page-30-34', 'file_path': '/usr/local/***/data/pdf_single_page/3106200_2024-12-03_7145-page-30-34.pdf'}, {'file_uuid': '3106200_2024-12-04_7146-page-0-9', 'file_path': '/usr/local/***/data/pdf_single_page/3106200_2024-12-04_7146-page-0-9.pdf'}, {'file_uuid': '3106200_2024-12-04_7146-page-10-19', 'file_path': '/usr/local/***/data/pdf_single_page/3106200_2024-12-04_7146-page-10-19.pdf'}, {'file_uuid': '3106200_2024-12-04_7146-page-20-29', 'file_path': '/usr/local/***/data/pdf_single_page/3106200_2024-12-04_7146-page-20-29.pdf'}, {'file_uuid': '3106200_2024-12-04_7146-page-30-39', 'file_path': '/usr/local/***/data/pdf_single_page/3106200_2024-12-04_7146-page-30-39.pdf'}, {'file_uuid': '3106200_2024-12-05_7147-page-0-9', 'file_path': '/usr/local/***/data/pdf_single_page/3106200_2024-12-05_7147-page-0-9.pdf'}, {'file_uuid': '3106200_2024-12-05_7147-page-10-19', 'file_path': '/usr/local/***/data/pdf_single_page/3106200_2024-12-05_7147-page-10-19.pdf'}, {'file_uuid': '3106200_2024-12-05_7147-page-20-22', 'file_path': '/usr/local/***/data/pdf_single_page/3106200_2024-12-05_7147-page-20-22.pdf'}, {'file_uuid': '3106200_2024-12-06_7148-page-0-9', 'file_path': '/usr/local/***/data/pdf_single_page/3106200_2024-12-06_7148-page-0-9.pdf'}, {'file_uuid': '3106200_2024-12-06_7148-page-10-19', 'file_path': '/usr/local/***/data/pdf_single_page/3106200_2024-12-06_7148-page-10-19.pdf'}, {'file_uuid': '3106200_2024-12-06_7148-page-20-29', 'file_path': '/usr/local/***/data/pdf_single_page/3106200_2024-12-06_7148-page-20-29.pdf'}, {'file_uuid': '3106200_2024-12-06_7148-page-30-39', 'file_path': '/usr/local/***/data/pdf_single_page/3106200_2024-12-06_7148-page-30-39.pdf'}, {'file_uuid': '3106200_2024-12-07_7149-page-0-9', 'file_path': '/usr/local/***/data/pdf_single_page/3106200_2024-12-07_7149-page-0-9.pdf'}, {'file_uuid': '3106200_2024-12-07_7149-page-10-19', 'file_path': '/usr/local/***/data/pdf_single_page/3106200_2024-12-07_7149-page-10-19.pdf'}, {'file_uuid': '3106200_2024-12-07_7149-page-20-29', 'file_path': '/usr/local/***/data/pdf_single_page/3106200_2024-12-07_7149-page-20-29.pdf'}, {'file_uuid': '3106200_2024-12-07_7149-page-30-39', 'file_path': '/usr/local/***/data/pdf_single_page/3106200_2024-12-07_7149-page-30-39.pdf'}, {'file_uuid': '3106200_2024-12-07_7149-page-40-45', 'file_path': '/usr/local/***/data/pdf_single_page/3106200_2024-12-07_7149-page-40-45.pdf'}, {'file_uuid': '3106200_2024-12-10_7150-page-0-9', 'file_path': '/usr/local/***/data/pdf_single_page/3106200_2024-12-10_7150-page-0-9.pdf'}, {'file_uuid': '3106200_2024-12-10_7150-page-10-19', 'file_path': '/usr/local/***/data/pdf_single_page/3106200_2024-12-10_7150-page-10-19.pdf'}, {'file_uuid': '3106200_2024-12-10_7150-page-20-21', 'file_path': '/usr/local/***/data/pdf_single_page/3106200_2024-12-10_7150-page-20-21.pdf'}, {'file_uuid': '3106200_2024-12-11_7151-page-0-9', 'file_path': '/usr/local/***/data/pdf_single_page/3106200_2024-12-11_7151-page-0-9.pdf'}, {'file_uuid': '3106200_2024-12-11_7151-page-10-19', 'file_path': '/usr/local/***/data/pdf_single_page/3106200_2024-12-11_7151-page-10-19.pdf'}, {'file_uuid': '3106200_2024-12-11_7151-page-20-29', 'file_path': '/usr/local/***/data/pdf_single_page/3106200_2024-12-11_7151-page-20-29.pdf'}, {'file_uuid': '3106200_2024-12-11_7151-page-30-35', 'file_path': '/usr/local/***/data/pdf_single_page/3106200_2024-12-11_7151-page-30-35.pdf'}, {'file_uuid': '3106200_2024-12-12_7152-page-0-9', 'file_path': '/usr/local/***/data/pdf_single_page/3106200_2024-12-12_7152-page-0-9.pdf'}, {'file_uuid': '3106200_2024-12-12_7152-page-10-19', 'file_path': '/usr/local/***/data/pdf_single_page/3106200_2024-12-12_7152-page-10-19.pdf'}, {'file_uuid': '3106200_2024-12-12_7152-page-20-24', 'file_path': '/usr/local/***/data/pdf_single_page/3106200_2024-12-12_7152-page-20-24.pdf'}, {'file_uuid': '3106200_2024-12-13_7153-page-0-9', 'file_path': '/usr/local/***/data/pdf_single_page/3106200_2024-12-13_7153-page-0-9.pdf'}, {'file_uuid': '3106200_2024-12-13_7153-page-10-19', 'file_path': '/usr/local/***/data/pdf_single_page/3106200_2024-12-13_7153-page-10-19.pdf'}, {'file_uuid': '3106200_2024-12-13_7153-page-20-29', 'file_path': '/usr/local/***/data/pdf_single_page/3106200_2024-12-13_7153-page-20-29.pdf'}, {'file_uuid': '3106200_2024-12-13_7153-page-30-33', 'file_path': '/usr/local/***/data/pdf_single_page/3106200_2024-12-13_7153-page-30-33.pdf'}, {'file_uuid': '3106200_2024-12-14_7154-page-0-9', 'file_path': '/usr/local/***/data/pdf_single_page/3106200_2024-12-14_7154-page-0-9.pdf'}, {'file_uuid': '3106200_2024-12-14_7154-page-10-19', 'file_path': '/usr/local/***/data/pdf_single_page/3106200_2024-12-14_7154-page-10-19.pdf'}, {'file_uuid': '3106200_2024-12-14_7154-page-20-29', 'file_path': '/usr/local/***/data/pdf_single_page/3106200_2024-12-14_7154-page-20-29.pdf'}, {'file_uuid': '3106200_2024-12-14_7154-page-30-31', 'file_path': '/usr/local/***/data/pdf_single_page/3106200_2024-12-14_7154-page-30-31.pdf'}, {'file_uuid': '3106200_2024-12-17_7155-page-0-9', 'file_path': '/usr/local/***/data/pdf_single_page/3106200_2024-12-17_7155-page-0-9.pdf'}, {'file_uuid': '3106200_2024-12-17_7155-page-10-19', 'file_path': '/usr/local/***/data/pdf_single_page/3106200_2024-12-17_7155-page-10-19.pdf'}, {'file_uuid': '3106200_2024-12-17_7155-page-20-24', 'file_path': '/usr/local/***/data/pdf_single_page/3106200_2024-12-17_7155-page-20-24.pdf'}, {'file_uuid': '3106200_2024-12-18_7156-page-0-9', 'file_path': '/usr/local/***/data/pdf_single_page/3106200_2024-12-18_7156-page-0-9.pdf'}, {'file_uuid': '3106200_2024-12-18_7156-page-10-19', 'file_path': '/usr/local/***/data/pdf_single_page/3106200_2024-12-18_7156-page-10-19.pdf'}, {'file_uuid': '3106200_2024-12-18_7156-page-20-29', 'file_path': '/usr/local/***/data/pdf_single_page/3106200_2024-12-18_7156-page-20-29.pdf'}, {'file_uuid': '3106200_2024-12-18_7156-page-30-39', 'file_path': '/usr/local/***/data/pdf_single_page/3106200_2024-12-18_7156-page-30-39.pdf'}, {'file_uuid': '3106200_2024-12-18_7156-page-40-49', 'file_path': '/usr/local/***/data/pdf_single_page/3106200_2024-12-18_7156-page-40-49.pdf'}, {'file_uuid': '3106200_2024-12-18_7156-page-50-59', 'file_path': '/usr/local/***/data/pdf_single_page/3106200_2024-12-18_7156-page-50-59.pdf'}, {'file_uuid': '3106200_2024-12-18_7156-page-60-69', 'file_path': '/usr/local/***/data/pdf_single_page/3106200_2024-12-18_7156-page-60-69.pdf'}, {'file_uuid': '3106200_2024-12-18_7156-page-70-71', 'file_path': '/usr/local/***/data/pdf_single_page/3106200_2024-12-18_7156-page-70-71.pdf'}, {'file_uuid': '3106200_2024-12-19_7157-page-0-9', 'file_path': '/usr/local/***/data/pdf_single_page/3106200_2024-12-19_7157-page-0-9.pdf'}, {'file_uuid': '3106200_2024-12-19_7157-page-10-19', 'file_path': '/usr/local/***/data/pdf_single_page/3106200_2024-12-19_7157-page-10-19.pdf'}, {'file_uuid': '3106200_2024-12-19_7157-page-20-29', 'file_path': '/usr/local/***/data/pdf_single_page/3106200_2024-12-19_7157-page-20-29.pdf'}, {'file_uuid': '3106200_2024-12-19_7157-page-30-34', 'file_path': '/usr/local/***/data/pdf_single_page/3106200_2024-12-19_7157-page-30-34.pdf'}]
[2025-01-24T21:40:22.381+0000] {document_converter.py:242} INFO - Going to convert document batch...
[2025-01-24T21:40:22.695+0000] {accelerator_utils.py:41} INFO - Accelerator device: 'cpu'
[2025-01-24T21:40:25.138+0000] {accelerator_utils.py:41} INFO - Accelerator device: 'cpu'
[2025-01-24T21:40:25.714+0000] {accelerator_utils.py:41} INFO - Accelerator device: 'cpu'
[2025-01-24T21:40:26.182+0000] {base_pipeline.py:38} INFO - Processing document 3106200_2024-11-22_7138-page-0-9.pdf
[2025-01-24T21:41:46.752+0000] {document_converter.py:257} INFO - Finished converting document 3106200_2024-11-22_7138-page-0-9.pdf in 84.45 sec.
[2025-01-24T21:41:46.851+0000] {warnings.py:112} WARNING - /opt/***/dags/utils/preprocess_documents.py:110: FutureWarning: The behavior of DataFrame concatenation with empty or all-NA entries is deprecated. In a future version, this will no longer exclude empty or all-NA columns when determining the result dtypes. To retain the old behavior, exclude the relevant entries before the concat operation.
  metadata = pd.concat([metadata, pd.DataFrame(data_to_append)])

[2025-01-24T21:41:46.858+0000] {logging_mixin.py:190} INFO - Saving in path: /usr/local/***/data/preprocessed_documents/3106200_2024-11-22_7138-page-0-9.md
[2025-01-24T21:41:46.870+0000] {document_converter.py:242} INFO - Going to convert document batch...
[2025-01-24T21:41:47.056+0000] {accelerator_utils.py:41} INFO - Accelerator device: 'cpu'
[2025-01-24T21:41:49.080+0000] {accelerator_utils.py:41} INFO - Accelerator device: 'cpu'
[2025-01-24T21:41:49.508+0000] {accelerator_utils.py:41} INFO - Accelerator device: 'cpu'
[2025-01-24T21:41:49.835+0000] {base_pipeline.py:38} INFO - Processing document 3106200_2024-11-22_7138-page-10-19.pdf
[2025-01-24T21:42:05.663+0000] {document_converter.py:257} INFO - Finished converting document 3106200_2024-11-22_7138-page-10-19.pdf in 18.80 sec.
[2025-01-24T21:42:05.700+0000] {warnings.py:112} WARNING - /opt/***/dags/utils/preprocess_documents.py:110: FutureWarning: The behavior of DataFrame concatenation with empty or all-NA entries is deprecated. In a future version, this will no longer exclude empty or all-NA columns when determining the result dtypes. To retain the old behavior, exclude the relevant entries before the concat operation.
  metadata = pd.concat([metadata, pd.DataFrame(data_to_append)])

[2025-01-24T21:42:05.706+0000] {logging_mixin.py:190} INFO - Saving in path: /usr/local/***/data/preprocessed_documents/3106200_2024-11-22_7138-page-10-19.md
[2025-01-24T21:42:05.717+0000] {document_converter.py:242} INFO - Going to convert document batch...
[2025-01-24T21:42:06.090+0000] {accelerator_utils.py:41} INFO - Accelerator device: 'cpu'
[2025-01-24T21:42:08.091+0000] {accelerator_utils.py:41} INFO - Accelerator device: 'cpu'
[2025-01-24T21:42:08.488+0000] {accelerator_utils.py:41} INFO - Accelerator device: 'cpu'
[2025-01-24T21:42:08.836+0000] {base_pipeline.py:38} INFO - Processing document 3106200_2024-11-22_7138-page-20-29.pdf
[2025-01-24T21:42:31.208+0000] {document_converter.py:257} INFO - Finished converting document 3106200_2024-11-22_7138-page-20-29.pdf in 25.50 sec.
[2025-01-24T21:42:31.239+0000] {warnings.py:112} WARNING - /opt/***/dags/utils/preprocess_documents.py:110: FutureWarning: The behavior of DataFrame concatenation with empty or all-NA entries is deprecated. In a future version, this will no longer exclude empty or all-NA columns when determining the result dtypes. To retain the old behavior, exclude the relevant entries before the concat operation.
  metadata = pd.concat([metadata, pd.DataFrame(data_to_append)])

[2025-01-24T21:42:31.245+0000] {logging_mixin.py:190} INFO - Saving in path: /usr/local/***/data/preprocessed_documents/3106200_2024-11-22_7138-page-20-29.md
[2025-01-24T21:42:31.260+0000] {document_converter.py:242} INFO - Going to convert document batch...
[2025-01-24T21:42:31.405+0000] {accelerator_utils.py:41} INFO - Accelerator device: 'cpu'
[2025-01-24T21:42:33.439+0000] {accelerator_utils.py:41} INFO - Accelerator device: 'cpu'
[2025-01-24T21:42:33.869+0000] {accelerator_utils.py:41} INFO - Accelerator device: 'cpu'
[2025-01-24T21:42:34.216+0000] {base_pipeline.py:38} INFO - Processing document 3106200_2024-11-22_7138-page-30-39.pdf
[2025-01-24T21:43:12.270+0000] {document_converter.py:257} INFO - Finished converting document 3106200_2024-11-22_7138-page-30-39.pdf in 41.02 sec.
[2025-01-24T21:43:12.326+0000] {warnings.py:112} WARNING - /opt/***/dags/utils/preprocess_documents.py:110: FutureWarning: The behavior of DataFrame concatenation with empty or all-NA entries is deprecated. In a future version, this will no longer exclude empty or all-NA columns when determining the result dtypes. To retain the old behavior, exclude the relevant entries before the concat operation.
  metadata = pd.concat([metadata, pd.DataFrame(data_to_append)])

[2025-01-24T21:43:12.331+0000] {logging_mixin.py:190} INFO - Saving in path: /usr/local/***/data/preprocessed_documents/3106200_2024-11-22_7138-page-30-39.md
[2025-01-24T21:43:12.345+0000] {document_converter.py:242} INFO - Going to convert document batch...
[2025-01-24T21:43:12.503+0000] {accelerator_utils.py:41} INFO - Accelerator device: 'cpu'
[2025-01-24T21:43:14.660+0000] {accelerator_utils.py:41} INFO - Accelerator device: 'cpu'
[2025-01-24T21:43:15.087+0000] {accelerator_utils.py:41} INFO - Accelerator device: 'cpu'
[2025-01-24T21:43:15.483+0000] {base_pipeline.py:38} INFO - Processing document 3106200_2024-11-22_7138-page-40-43.pdf
[2025-01-24T21:43:38.418+0000] {document_converter.py:257} INFO - Finished converting document 3106200_2024-11-22_7138-page-40-43.pdf in 26.08 sec.
[2025-01-24T21:43:38.440+0000] {warnings.py:112} WARNING - /opt/***/dags/utils/preprocess_documents.py:110: FutureWarning: The behavior of DataFrame concatenation with empty or all-NA entries is deprecated. In a future version, this will no longer exclude empty or all-NA columns when determining the result dtypes. To retain the old behavior, exclude the relevant entries before the concat operation.
  metadata = pd.concat([metadata, pd.DataFrame(data_to_append)])

[2025-01-24T21:43:38.445+0000] {logging_mixin.py:190} INFO - Saving in path: /usr/local/***/data/preprocessed_documents/3106200_2024-11-22_7138-page-40-43.md
[2025-01-24T21:43:38.456+0000] {document_converter.py:242} INFO - Going to convert document batch...
[2025-01-24T21:43:38.616+0000] {accelerator_utils.py:41} INFO - Accelerator device: 'cpu'
[2025-01-24T21:43:40.685+0000] {accelerator_utils.py:41} INFO - Accelerator device: 'cpu'
[2025-01-24T21:43:41.509+0000] {accelerator_utils.py:41} INFO - Accelerator device: 'cpu'
[2025-01-24T21:43:41.843+0000] {base_pipeline.py:38} INFO - Processing document 3106200_2024-11-23_7139-page-0-9.pdf
[2025-01-24T21:44:09.496+0000] {document_converter.py:257} INFO - Finished converting document 3106200_2024-11-23_7139-page-0-9.pdf in 31.05 sec.
[2025-01-24T21:44:09.527+0000] {warnings.py:112} WARNING - /opt/***/dags/utils/preprocess_documents.py:110: FutureWarning: The behavior of DataFrame concatenation with empty or all-NA entries is deprecated. In a future version, this will no longer exclude empty or all-NA columns when determining the result dtypes. To retain the old behavior, exclude the relevant entries before the concat operation.
  metadata = pd.concat([metadata, pd.DataFrame(data_to_append)])

[2025-01-24T21:44:09.532+0000] {logging_mixin.py:190} INFO - Saving in path: /usr/local/***/data/preprocessed_documents/3106200_2024-11-23_7139-page-0-9.md
[2025-01-24T21:44:09.544+0000] {document_converter.py:242} INFO - Going to convert document batch...
[2025-01-24T21:44:09.702+0000] {accelerator_utils.py:41} INFO - Accelerator device: 'cpu'
[2025-01-24T21:44:12.009+0000] {accelerator_utils.py:41} INFO - Accelerator device: 'cpu'
[2025-01-24T21:44:12.400+0000] {accelerator_utils.py:41} INFO - Accelerator device: 'cpu'
[2025-01-24T21:44:12.723+0000] {base_pipeline.py:38} INFO - Processing document 3106200_2024-11-23_7139-page-10-19.pdf
[2025-01-24T21:44:53.306+0000] {document_converter.py:257} INFO - Finished converting document 3106200_2024-11-23_7139-page-10-19.pdf in 43.77 sec.
[2025-01-24T21:44:53.358+0000] {warnings.py:112} WARNING - /opt/***/dags/utils/preprocess_documents.py:110: FutureWarning: The behavior of DataFrame concatenation with empty or all-NA entries is deprecated. In a future version, this will no longer exclude empty or all-NA columns when determining the result dtypes. To retain the old behavior, exclude the relevant entries before the concat operation.
  metadata = pd.concat([metadata, pd.DataFrame(data_to_append)])

[2025-01-24T21:44:53.365+0000] {logging_mixin.py:190} INFO - Saving in path: /usr/local/***/data/preprocessed_documents/3106200_2024-11-23_7139-page-10-19.md
[2025-01-24T21:44:53.381+0000] {document_converter.py:242} INFO - Going to convert document batch...
[2025-01-24T21:44:53.551+0000] {accelerator_utils.py:41} INFO - Accelerator device: 'cpu'
[2025-01-24T21:44:55.832+0000] {accelerator_utils.py:41} INFO - Accelerator device: 'cpu'
[2025-01-24T21:44:56.257+0000] {accelerator_utils.py:41} INFO - Accelerator device: 'cpu'
[2025-01-24T21:44:56.589+0000] {base_pipeline.py:38} INFO - Processing document 3106200_2024-11-23_7139-page-20-25.pdf
[2025-01-24T21:45:36.035+0000] {document_converter.py:257} INFO - Finished converting document 3106200_2024-11-23_7139-page-20-25.pdf in 42.66 sec.
[2025-01-24T21:45:36.067+0000] {warnings.py:112} WARNING - /opt/***/dags/utils/preprocess_documents.py:110: FutureWarning: The behavior of DataFrame concatenation with empty or all-NA entries is deprecated. In a future version, this will no longer exclude empty or all-NA columns when determining the result dtypes. To retain the old behavior, exclude the relevant entries before the concat operation.
  metadata = pd.concat([metadata, pd.DataFrame(data_to_append)])

[2025-01-24T21:45:36.072+0000] {logging_mixin.py:190} INFO - Saving in path: /usr/local/***/data/preprocessed_documents/3106200_2024-11-23_7139-page-20-25.md
[2025-01-24T21:45:36.097+0000] {document_converter.py:242} INFO - Going to convert document batch...
[2025-01-24T21:45:36.307+0000] {accelerator_utils.py:41} INFO - Accelerator device: 'cpu'
[2025-01-24T21:45:38.496+0000] {accelerator_utils.py:41} INFO - Accelerator device: 'cpu'
[2025-01-24T21:45:38.984+0000] {accelerator_utils.py:41} INFO - Accelerator device: 'cpu'
[2025-01-24T21:45:39.327+0000] {base_pipeline.py:38} INFO - Processing document 3106200_2024-11-26_7140-page-0-9.pdf
[2025-01-24T21:45:57.537+0000] {job.py:229} INFO - Heartbeat recovered after 14.93 seconds
[2025-01-24T21:45:57.551+0000] {local_task_job_runner.py:266} INFO - Task exited with return code -9For more information, see https://***.apache.org/docs/apache-***/stable/troubleshooting.html#LocalTaskJob-killed
[2025-01-24T21:45:57.584+0000] {taskinstance.py:3900} INFO - 0 downstream tasks scheduled from follow-on schedule check
[2025-01-24T21:45:57.588+0000] {local_task_job_runner.py:245} INFO - ::endgroup::
