[2025-01-24T21:55:07.429+0000] {local_task_job_runner.py:123} INFO - ::group::Pre task execution logs
[2025-01-24T21:55:07.446+0000] {taskinstance.py:2612} INFO - Dependencies all met for dep_context=non-requeueable deps ti=<TaskInstance: pull_gazettes_data.preprocess_documents_task manual__2025-01-24T21:10:42.449118+00:00 [queued]>
[2025-01-24T21:55:07.455+0000] {taskinstance.py:2612} INFO - Dependencies all met for dep_context=requeueable deps ti=<TaskInstance: pull_gazettes_data.preprocess_documents_task manual__2025-01-24T21:10:42.449118+00:00 [queued]>
[2025-01-24T21:55:07.456+0000] {taskinstance.py:2865} INFO - Starting attempt 8 of 9
[2025-01-24T21:55:07.468+0000] {taskinstance.py:2888} INFO - Executing <Task(PreprocessDocuments): preprocess_documents_task> on 2025-01-24 21:10:42.449118+00:00
[2025-01-24T21:55:07.482+0000] {warnings.py:112} WARNING - /home/***/.local/lib/python3.12/site-packages/***/task/task_runner/standard_task_runner.py:70: DeprecationWarning: This process (pid=2352) is multi-threaded, use of fork() may lead to deadlocks in the child.
  pid = os.fork()

[2025-01-24T21:55:07.483+0000] {standard_task_runner.py:72} INFO - Started process 2365 to run task
[2025-01-24T21:55:07.483+0000] {standard_task_runner.py:104} INFO - Running: ['***', 'tasks', 'run', 'pull_gazettes_data', 'preprocess_documents_task', 'manual__2025-01-24T21:10:42.449118+00:00', '--job-id', '20', '--raw', '--subdir', 'DAGS_FOLDER/dag_script.py', '--cfg-path', '/tmp/tmpu15evumh']
[2025-01-24T21:55:07.485+0000] {standard_task_runner.py:105} INFO - Job 20: Subtask preprocess_documents_task
[2025-01-24T21:55:07.525+0000] {task_command.py:467} INFO - Running <TaskInstance: pull_gazettes_data.preprocess_documents_task manual__2025-01-24T21:10:42.449118+00:00 [running]> on host 9e85c216a3c8
[2025-01-24T21:55:07.590+0000] {taskinstance.py:3131} INFO - Exporting env vars: AIRFLOW_CTX_DAG_EMAIL='***@example.com' AIRFLOW_CTX_DAG_OWNER='***' AIRFLOW_CTX_DAG_ID='pull_gazettes_data' AIRFLOW_CTX_TASK_ID='preprocess_documents_task' AIRFLOW_CTX_EXECUTION_DATE='2025-01-24T21:10:42.449118+00:00' AIRFLOW_CTX_TRY_NUMBER='8' AIRFLOW_CTX_DAG_RUN_ID='manual__2025-01-24T21:10:42.449118+00:00'
[2025-01-24T21:55:07.591+0000] {taskinstance.py:731} INFO - ::endgroup::
[2025-01-24T21:55:07.603+0000] {logging_mixin.py:190} INFO - Checking pre processed documents log
[2025-01-24T21:55:07.611+0000] {logging_mixin.py:190} INFO - Already preprocessed documents: {'3106200_2024-11-23_7139-page-20-25', '3106200_2024-11-23_7139-page-10-19', '3106200_2024-11-22_7138-page-40-43', '3106200_2024-11-23_7139-page-0-9', '3106200_2024-11-22_7138-page-10-19', '3106200_2024-11-22_7138-page-30-39', '3106200_2024-11-22_7138-page-20-29', '3106200_2024-11-22_7138-page-0-9'}
[2025-01-24T21:55:07.613+0000] {logging_mixin.py:190} INFO - Breaking down pdf 3106200_2024-11-22_7138.pdf into multiple PDF single pages
[2025-01-24T21:55:07.773+0000] {logging_mixin.py:190} INFO - File 3106200_2024-11-22_7138-page-0-9.pdf already broken down into
[2025-01-24T21:55:07.773+0000] {logging_mixin.py:190} INFO - File 3106200_2024-11-22_7138-page-10-19.pdf already broken down into
[2025-01-24T21:55:07.774+0000] {logging_mixin.py:190} INFO - File 3106200_2024-11-22_7138-page-20-29.pdf already broken down into
[2025-01-24T21:55:07.774+0000] {logging_mixin.py:190} INFO - File 3106200_2024-11-22_7138-page-30-39.pdf already broken down into
[2025-01-24T21:55:07.775+0000] {logging_mixin.py:190} INFO - File 3106200_2024-11-22_7138-page-40-43.pdf already broken down into
[2025-01-24T21:55:07.775+0000] {logging_mixin.py:190} INFO - 3106200_2024-11-22_7138 {'3106200_2024-11-23_7139-page-20-25', '3106200_2024-11-23_7139-page-10-19', '3106200_2024-11-22_7138-page-40-43', '3106200_2024-11-23_7139-page-0-9', '3106200_2024-11-22_7138-page-10-19', '3106200_2024-11-22_7138-page-30-39', '3106200_2024-11-22_7138-page-20-29', '3106200_2024-11-22_7138-page-0-9'}
[2025-01-24T21:55:07.776+0000] {logging_mixin.py:190} INFO - 3106200_2024-11-22_7138 {'3106200_2024-11-23_7139-page-20-25', '3106200_2024-11-23_7139-page-10-19', '3106200_2024-11-22_7138-page-40-43', '3106200_2024-11-23_7139-page-0-9', '3106200_2024-11-22_7138-page-10-19', '3106200_2024-11-22_7138-page-30-39', '3106200_2024-11-22_7138-page-20-29', '3106200_2024-11-22_7138-page-0-9'}
[2025-01-24T21:55:07.776+0000] {logging_mixin.py:190} INFO - 3106200_2024-11-22_7138 {'3106200_2024-11-23_7139-page-20-25', '3106200_2024-11-23_7139-page-10-19', '3106200_2024-11-22_7138-page-40-43', '3106200_2024-11-23_7139-page-0-9', '3106200_2024-11-22_7138-page-10-19', '3106200_2024-11-22_7138-page-30-39', '3106200_2024-11-22_7138-page-20-29', '3106200_2024-11-22_7138-page-0-9'}
[2025-01-24T21:55:07.776+0000] {logging_mixin.py:190} INFO - 3106200_2024-11-22_7138 {'3106200_2024-11-23_7139-page-20-25', '3106200_2024-11-23_7139-page-10-19', '3106200_2024-11-22_7138-page-40-43', '3106200_2024-11-23_7139-page-0-9', '3106200_2024-11-22_7138-page-10-19', '3106200_2024-11-22_7138-page-30-39', '3106200_2024-11-22_7138-page-20-29', '3106200_2024-11-22_7138-page-0-9'}
[2025-01-24T21:55:07.777+0000] {logging_mixin.py:190} INFO - 3106200_2024-11-22_7138 {'3106200_2024-11-23_7139-page-20-25', '3106200_2024-11-23_7139-page-10-19', '3106200_2024-11-22_7138-page-40-43', '3106200_2024-11-23_7139-page-0-9', '3106200_2024-11-22_7138-page-10-19', '3106200_2024-11-22_7138-page-30-39', '3106200_2024-11-22_7138-page-20-29', '3106200_2024-11-22_7138-page-0-9'}
[2025-01-24T21:55:07.777+0000] {logging_mixin.py:190} INFO - Breaking down pdf 3106200_2024-11-23_7139.pdf into multiple PDF single pages
[2025-01-24T21:55:07.877+0000] {logging_mixin.py:190} INFO - File 3106200_2024-11-23_7139-page-0-9.pdf already broken down into
[2025-01-24T21:55:07.878+0000] {logging_mixin.py:190} INFO - File 3106200_2024-11-23_7139-page-10-19.pdf already broken down into
[2025-01-24T21:55:07.879+0000] {logging_mixin.py:190} INFO - File 3106200_2024-11-23_7139-page-20-25.pdf already broken down into
[2025-01-24T21:55:07.879+0000] {logging_mixin.py:190} INFO - 3106200_2024-11-23_7139 {'3106200_2024-11-23_7139-page-20-25', '3106200_2024-11-23_7139-page-10-19', '3106200_2024-11-22_7138-page-40-43', '3106200_2024-11-23_7139-page-0-9', '3106200_2024-11-22_7138-page-10-19', '3106200_2024-11-22_7138-page-30-39', '3106200_2024-11-22_7138-page-20-29', '3106200_2024-11-22_7138-page-0-9'}
[2025-01-24T21:55:07.880+0000] {logging_mixin.py:190} INFO - 3106200_2024-11-23_7139 {'3106200_2024-11-23_7139-page-20-25', '3106200_2024-11-23_7139-page-10-19', '3106200_2024-11-22_7138-page-40-43', '3106200_2024-11-23_7139-page-0-9', '3106200_2024-11-22_7138-page-10-19', '3106200_2024-11-22_7138-page-30-39', '3106200_2024-11-22_7138-page-20-29', '3106200_2024-11-22_7138-page-0-9'}
[2025-01-24T21:55:07.881+0000] {logging_mixin.py:190} INFO - 3106200_2024-11-23_7139 {'3106200_2024-11-23_7139-page-20-25', '3106200_2024-11-23_7139-page-10-19', '3106200_2024-11-22_7138-page-40-43', '3106200_2024-11-23_7139-page-0-9', '3106200_2024-11-22_7138-page-10-19', '3106200_2024-11-22_7138-page-30-39', '3106200_2024-11-22_7138-page-20-29', '3106200_2024-11-22_7138-page-0-9'}
[2025-01-24T21:55:07.881+0000] {logging_mixin.py:190} INFO - Breaking down pdf 3106200_2024-11-26_7140.pdf into multiple PDF single pages
[2025-01-24T21:55:07.993+0000] {logging_mixin.py:190} INFO - File 3106200_2024-11-26_7140-page-0-9.pdf already broken down into
[2025-01-24T21:55:07.993+0000] {logging_mixin.py:190} INFO - File 3106200_2024-11-26_7140-page-10-19.pdf already broken down into
[2025-01-24T21:55:07.994+0000] {logging_mixin.py:190} INFO - File 3106200_2024-11-26_7140-page-20-29.pdf already broken down into
[2025-01-24T21:55:07.994+0000] {logging_mixin.py:190} INFO - File 3106200_2024-11-26_7140-page-30-32.pdf already broken down into
[2025-01-24T21:55:07.994+0000] {logging_mixin.py:190} INFO - 3106200_2024-11-26_7140 {'3106200_2024-11-23_7139-page-20-25', '3106200_2024-11-23_7139-page-10-19', '3106200_2024-11-22_7138-page-40-43', '3106200_2024-11-23_7139-page-0-9', '3106200_2024-11-22_7138-page-10-19', '3106200_2024-11-22_7138-page-30-39', '3106200_2024-11-22_7138-page-20-29', '3106200_2024-11-22_7138-page-0-9'}
[2025-01-24T21:55:07.995+0000] {logging_mixin.py:190} INFO - 3106200_2024-11-26_7140 {'3106200_2024-11-23_7139-page-20-25', '3106200_2024-11-23_7139-page-10-19', '3106200_2024-11-22_7138-page-40-43', '3106200_2024-11-23_7139-page-0-9', '3106200_2024-11-22_7138-page-10-19', '3106200_2024-11-22_7138-page-30-39', '3106200_2024-11-22_7138-page-20-29', '3106200_2024-11-22_7138-page-0-9'}
[2025-01-24T21:55:07.995+0000] {logging_mixin.py:190} INFO - 3106200_2024-11-26_7140 {'3106200_2024-11-23_7139-page-20-25', '3106200_2024-11-23_7139-page-10-19', '3106200_2024-11-22_7138-page-40-43', '3106200_2024-11-23_7139-page-0-9', '3106200_2024-11-22_7138-page-10-19', '3106200_2024-11-22_7138-page-30-39', '3106200_2024-11-22_7138-page-20-29', '3106200_2024-11-22_7138-page-0-9'}
[2025-01-24T21:55:07.996+0000] {logging_mixin.py:190} INFO - 3106200_2024-11-26_7140 {'3106200_2024-11-23_7139-page-20-25', '3106200_2024-11-23_7139-page-10-19', '3106200_2024-11-22_7138-page-40-43', '3106200_2024-11-23_7139-page-0-9', '3106200_2024-11-22_7138-page-10-19', '3106200_2024-11-22_7138-page-30-39', '3106200_2024-11-22_7138-page-20-29', '3106200_2024-11-22_7138-page-0-9'}
[2025-01-24T21:55:07.996+0000] {logging_mixin.py:190} INFO - Breaking down pdf 3106200_2024-11-27_7141.pdf into multiple PDF single pages
[2025-01-24T21:55:08.154+0000] {logging_mixin.py:190} INFO - File 3106200_2024-11-27_7141-page-0-9.pdf already broken down into
[2025-01-24T21:55:08.155+0000] {logging_mixin.py:190} INFO - File 3106200_2024-11-27_7141-page-10-19.pdf already broken down into
[2025-01-24T21:55:08.155+0000] {logging_mixin.py:190} INFO - File 3106200_2024-11-27_7141-page-20-29.pdf already broken down into
[2025-01-24T21:55:08.156+0000] {logging_mixin.py:190} INFO - File 3106200_2024-11-27_7141-page-30-36.pdf already broken down into
[2025-01-24T21:55:08.156+0000] {logging_mixin.py:190} INFO - 3106200_2024-11-27_7141 {'3106200_2024-11-23_7139-page-20-25', '3106200_2024-11-23_7139-page-10-19', '3106200_2024-11-22_7138-page-40-43', '3106200_2024-11-23_7139-page-0-9', '3106200_2024-11-22_7138-page-10-19', '3106200_2024-11-22_7138-page-30-39', '3106200_2024-11-22_7138-page-20-29', '3106200_2024-11-22_7138-page-0-9'}
[2025-01-24T21:55:08.156+0000] {logging_mixin.py:190} INFO - 3106200_2024-11-27_7141 {'3106200_2024-11-23_7139-page-20-25', '3106200_2024-11-23_7139-page-10-19', '3106200_2024-11-22_7138-page-40-43', '3106200_2024-11-23_7139-page-0-9', '3106200_2024-11-22_7138-page-10-19', '3106200_2024-11-22_7138-page-30-39', '3106200_2024-11-22_7138-page-20-29', '3106200_2024-11-22_7138-page-0-9'}
[2025-01-24T21:55:08.157+0000] {logging_mixin.py:190} INFO - 3106200_2024-11-27_7141 {'3106200_2024-11-23_7139-page-20-25', '3106200_2024-11-23_7139-page-10-19', '3106200_2024-11-22_7138-page-40-43', '3106200_2024-11-23_7139-page-0-9', '3106200_2024-11-22_7138-page-10-19', '3106200_2024-11-22_7138-page-30-39', '3106200_2024-11-22_7138-page-20-29', '3106200_2024-11-22_7138-page-0-9'}
[2025-01-24T21:55:08.157+0000] {logging_mixin.py:190} INFO - 3106200_2024-11-27_7141 {'3106200_2024-11-23_7139-page-20-25', '3106200_2024-11-23_7139-page-10-19', '3106200_2024-11-22_7138-page-40-43', '3106200_2024-11-23_7139-page-0-9', '3106200_2024-11-22_7138-page-10-19', '3106200_2024-11-22_7138-page-30-39', '3106200_2024-11-22_7138-page-20-29', '3106200_2024-11-22_7138-page-0-9'}
[2025-01-24T21:55:08.158+0000] {logging_mixin.py:190} INFO - Breaking down pdf 3106200_2024-11-28_7142.pdf into multiple PDF single pages
[2025-01-24T21:55:08.308+0000] {logging_mixin.py:190} INFO - File 3106200_2024-11-28_7142-page-0-9.pdf already broken down into
[2025-01-24T21:55:08.308+0000] {logging_mixin.py:190} INFO - File 3106200_2024-11-28_7142-page-10-19.pdf already broken down into
[2025-01-24T21:55:08.309+0000] {logging_mixin.py:190} INFO - File 3106200_2024-11-28_7142-page-20-29.pdf already broken down into
[2025-01-24T21:55:08.309+0000] {logging_mixin.py:190} INFO - File 3106200_2024-11-28_7142-page-30-39.pdf already broken down into
[2025-01-24T21:55:08.310+0000] {logging_mixin.py:190} INFO - File 3106200_2024-11-28_7142-page-40-45.pdf already broken down into
[2025-01-24T21:55:08.310+0000] {logging_mixin.py:190} INFO - 3106200_2024-11-28_7142 {'3106200_2024-11-23_7139-page-20-25', '3106200_2024-11-23_7139-page-10-19', '3106200_2024-11-22_7138-page-40-43', '3106200_2024-11-23_7139-page-0-9', '3106200_2024-11-22_7138-page-10-19', '3106200_2024-11-22_7138-page-30-39', '3106200_2024-11-22_7138-page-20-29', '3106200_2024-11-22_7138-page-0-9'}
[2025-01-24T21:55:08.311+0000] {logging_mixin.py:190} INFO - 3106200_2024-11-28_7142 {'3106200_2024-11-23_7139-page-20-25', '3106200_2024-11-23_7139-page-10-19', '3106200_2024-11-22_7138-page-40-43', '3106200_2024-11-23_7139-page-0-9', '3106200_2024-11-22_7138-page-10-19', '3106200_2024-11-22_7138-page-30-39', '3106200_2024-11-22_7138-page-20-29', '3106200_2024-11-22_7138-page-0-9'}
[2025-01-24T21:55:08.311+0000] {logging_mixin.py:190} INFO - 3106200_2024-11-28_7142 {'3106200_2024-11-23_7139-page-20-25', '3106200_2024-11-23_7139-page-10-19', '3106200_2024-11-22_7138-page-40-43', '3106200_2024-11-23_7139-page-0-9', '3106200_2024-11-22_7138-page-10-19', '3106200_2024-11-22_7138-page-30-39', '3106200_2024-11-22_7138-page-20-29', '3106200_2024-11-22_7138-page-0-9'}
[2025-01-24T21:55:08.311+0000] {logging_mixin.py:190} INFO - 3106200_2024-11-28_7142 {'3106200_2024-11-23_7139-page-20-25', '3106200_2024-11-23_7139-page-10-19', '3106200_2024-11-22_7138-page-40-43', '3106200_2024-11-23_7139-page-0-9', '3106200_2024-11-22_7138-page-10-19', '3106200_2024-11-22_7138-page-30-39', '3106200_2024-11-22_7138-page-20-29', '3106200_2024-11-22_7138-page-0-9'}
[2025-01-24T21:55:08.312+0000] {logging_mixin.py:190} INFO - 3106200_2024-11-28_7142 {'3106200_2024-11-23_7139-page-20-25', '3106200_2024-11-23_7139-page-10-19', '3106200_2024-11-22_7138-page-40-43', '3106200_2024-11-23_7139-page-0-9', '3106200_2024-11-22_7138-page-10-19', '3106200_2024-11-22_7138-page-30-39', '3106200_2024-11-22_7138-page-20-29', '3106200_2024-11-22_7138-page-0-9'}
[2025-01-24T21:55:08.312+0000] {logging_mixin.py:190} INFO - Breaking down pdf 3106200_2024-11-29_7143.pdf into multiple PDF single pages
[2025-01-24T21:55:08.460+0000] {logging_mixin.py:190} INFO - File 3106200_2024-11-29_7143-page-0-9.pdf already broken down into
[2025-01-24T21:55:08.461+0000] {logging_mixin.py:190} INFO - File 3106200_2024-11-29_7143-page-10-19.pdf already broken down into
[2025-01-24T21:55:08.461+0000] {logging_mixin.py:190} INFO - File 3106200_2024-11-29_7143-page-20-29.pdf already broken down into
[2025-01-24T21:55:08.461+0000] {logging_mixin.py:190} INFO - File 3106200_2024-11-29_7143-page-30-38.pdf already broken down into
[2025-01-24T21:55:08.462+0000] {logging_mixin.py:190} INFO - 3106200_2024-11-29_7143 {'3106200_2024-11-23_7139-page-20-25', '3106200_2024-11-23_7139-page-10-19', '3106200_2024-11-22_7138-page-40-43', '3106200_2024-11-23_7139-page-0-9', '3106200_2024-11-22_7138-page-10-19', '3106200_2024-11-22_7138-page-30-39', '3106200_2024-11-22_7138-page-20-29', '3106200_2024-11-22_7138-page-0-9'}
[2025-01-24T21:55:08.463+0000] {logging_mixin.py:190} INFO - 3106200_2024-11-29_7143 {'3106200_2024-11-23_7139-page-20-25', '3106200_2024-11-23_7139-page-10-19', '3106200_2024-11-22_7138-page-40-43', '3106200_2024-11-23_7139-page-0-9', '3106200_2024-11-22_7138-page-10-19', '3106200_2024-11-22_7138-page-30-39', '3106200_2024-11-22_7138-page-20-29', '3106200_2024-11-22_7138-page-0-9'}
[2025-01-24T21:55:08.463+0000] {logging_mixin.py:190} INFO - 3106200_2024-11-29_7143 {'3106200_2024-11-23_7139-page-20-25', '3106200_2024-11-23_7139-page-10-19', '3106200_2024-11-22_7138-page-40-43', '3106200_2024-11-23_7139-page-0-9', '3106200_2024-11-22_7138-page-10-19', '3106200_2024-11-22_7138-page-30-39', '3106200_2024-11-22_7138-page-20-29', '3106200_2024-11-22_7138-page-0-9'}
[2025-01-24T21:55:08.463+0000] {logging_mixin.py:190} INFO - 3106200_2024-11-29_7143 {'3106200_2024-11-23_7139-page-20-25', '3106200_2024-11-23_7139-page-10-19', '3106200_2024-11-22_7138-page-40-43', '3106200_2024-11-23_7139-page-0-9', '3106200_2024-11-22_7138-page-10-19', '3106200_2024-11-22_7138-page-30-39', '3106200_2024-11-22_7138-page-20-29', '3106200_2024-11-22_7138-page-0-9'}
[2025-01-24T21:55:08.464+0000] {logging_mixin.py:190} INFO - Breaking down pdf 3106200_2024-11-30_7144.pdf into multiple PDF single pages
[2025-01-24T21:55:08.600+0000] {logging_mixin.py:190} INFO - File 3106200_2024-11-30_7144-page-0-9.pdf already broken down into
[2025-01-24T21:55:08.600+0000] {logging_mixin.py:190} INFO - File 3106200_2024-11-30_7144-page-10-19.pdf already broken down into
[2025-01-24T21:55:08.601+0000] {logging_mixin.py:190} INFO - File 3106200_2024-11-30_7144-page-20-29.pdf already broken down into
[2025-01-24T21:55:08.601+0000] {logging_mixin.py:190} INFO - File 3106200_2024-11-30_7144-page-30-37.pdf already broken down into
[2025-01-24T21:55:08.601+0000] {logging_mixin.py:190} INFO - 3106200_2024-11-30_7144 {'3106200_2024-11-23_7139-page-20-25', '3106200_2024-11-23_7139-page-10-19', '3106200_2024-11-22_7138-page-40-43', '3106200_2024-11-23_7139-page-0-9', '3106200_2024-11-22_7138-page-10-19', '3106200_2024-11-22_7138-page-30-39', '3106200_2024-11-22_7138-page-20-29', '3106200_2024-11-22_7138-page-0-9'}
[2025-01-24T21:55:08.602+0000] {logging_mixin.py:190} INFO - 3106200_2024-11-30_7144 {'3106200_2024-11-23_7139-page-20-25', '3106200_2024-11-23_7139-page-10-19', '3106200_2024-11-22_7138-page-40-43', '3106200_2024-11-23_7139-page-0-9', '3106200_2024-11-22_7138-page-10-19', '3106200_2024-11-22_7138-page-30-39', '3106200_2024-11-22_7138-page-20-29', '3106200_2024-11-22_7138-page-0-9'}
[2025-01-24T21:55:08.602+0000] {logging_mixin.py:190} INFO - 3106200_2024-11-30_7144 {'3106200_2024-11-23_7139-page-20-25', '3106200_2024-11-23_7139-page-10-19', '3106200_2024-11-22_7138-page-40-43', '3106200_2024-11-23_7139-page-0-9', '3106200_2024-11-22_7138-page-10-19', '3106200_2024-11-22_7138-page-30-39', '3106200_2024-11-22_7138-page-20-29', '3106200_2024-11-22_7138-page-0-9'}
[2025-01-24T21:55:08.603+0000] {logging_mixin.py:190} INFO - 3106200_2024-11-30_7144 {'3106200_2024-11-23_7139-page-20-25', '3106200_2024-11-23_7139-page-10-19', '3106200_2024-11-22_7138-page-40-43', '3106200_2024-11-23_7139-page-0-9', '3106200_2024-11-22_7138-page-10-19', '3106200_2024-11-22_7138-page-30-39', '3106200_2024-11-22_7138-page-20-29', '3106200_2024-11-22_7138-page-0-9'}
[2025-01-24T21:55:08.603+0000] {logging_mixin.py:190} INFO - Breaking down pdf 3106200_2024-12-03_7145.pdf into multiple PDF single pages
[2025-01-24T21:55:09.114+0000] {logging_mixin.py:190} INFO - File 3106200_2024-12-03_7145-page-0-9.pdf already broken down into
[2025-01-24T21:55:09.114+0000] {logging_mixin.py:190} INFO - File 3106200_2024-12-03_7145-page-10-19.pdf already broken down into
[2025-01-24T21:55:09.114+0000] {logging_mixin.py:190} INFO - File 3106200_2024-12-03_7145-page-20-29.pdf already broken down into
[2025-01-24T21:55:09.115+0000] {logging_mixin.py:190} INFO - File 3106200_2024-12-03_7145-page-30-34.pdf already broken down into
[2025-01-24T21:55:09.115+0000] {logging_mixin.py:190} INFO - 3106200_2024-12-03_7145 {'3106200_2024-11-23_7139-page-20-25', '3106200_2024-11-23_7139-page-10-19', '3106200_2024-11-22_7138-page-40-43', '3106200_2024-11-23_7139-page-0-9', '3106200_2024-11-22_7138-page-10-19', '3106200_2024-11-22_7138-page-30-39', '3106200_2024-11-22_7138-page-20-29', '3106200_2024-11-22_7138-page-0-9'}
[2025-01-24T21:55:09.116+0000] {logging_mixin.py:190} INFO - 3106200_2024-12-03_7145 {'3106200_2024-11-23_7139-page-20-25', '3106200_2024-11-23_7139-page-10-19', '3106200_2024-11-22_7138-page-40-43', '3106200_2024-11-23_7139-page-0-9', '3106200_2024-11-22_7138-page-10-19', '3106200_2024-11-22_7138-page-30-39', '3106200_2024-11-22_7138-page-20-29', '3106200_2024-11-22_7138-page-0-9'}
[2025-01-24T21:55:09.116+0000] {logging_mixin.py:190} INFO - 3106200_2024-12-03_7145 {'3106200_2024-11-23_7139-page-20-25', '3106200_2024-11-23_7139-page-10-19', '3106200_2024-11-22_7138-page-40-43', '3106200_2024-11-23_7139-page-0-9', '3106200_2024-11-22_7138-page-10-19', '3106200_2024-11-22_7138-page-30-39', '3106200_2024-11-22_7138-page-20-29', '3106200_2024-11-22_7138-page-0-9'}
[2025-01-24T21:55:09.116+0000] {logging_mixin.py:190} INFO - 3106200_2024-12-03_7145 {'3106200_2024-11-23_7139-page-20-25', '3106200_2024-11-23_7139-page-10-19', '3106200_2024-11-22_7138-page-40-43', '3106200_2024-11-23_7139-page-0-9', '3106200_2024-11-22_7138-page-10-19', '3106200_2024-11-22_7138-page-30-39', '3106200_2024-11-22_7138-page-20-29', '3106200_2024-11-22_7138-page-0-9'}
[2025-01-24T21:55:09.117+0000] {logging_mixin.py:190} INFO - Breaking down pdf 3106200_2024-12-04_7146.pdf into multiple PDF single pages
[2025-01-24T21:55:09.244+0000] {logging_mixin.py:190} INFO - File 3106200_2024-12-04_7146-page-0-9.pdf already broken down into
[2025-01-24T21:55:09.244+0000] {logging_mixin.py:190} INFO - File 3106200_2024-12-04_7146-page-10-19.pdf already broken down into
[2025-01-24T21:55:09.245+0000] {logging_mixin.py:190} INFO - File 3106200_2024-12-04_7146-page-20-29.pdf already broken down into
[2025-01-24T21:55:09.245+0000] {logging_mixin.py:190} INFO - File 3106200_2024-12-04_7146-page-30-39.pdf already broken down into
[2025-01-24T21:55:09.245+0000] {logging_mixin.py:190} INFO - 3106200_2024-12-04_7146 {'3106200_2024-11-23_7139-page-20-25', '3106200_2024-11-23_7139-page-10-19', '3106200_2024-11-22_7138-page-40-43', '3106200_2024-11-23_7139-page-0-9', '3106200_2024-11-22_7138-page-10-19', '3106200_2024-11-22_7138-page-30-39', '3106200_2024-11-22_7138-page-20-29', '3106200_2024-11-22_7138-page-0-9'}
[2025-01-24T21:55:09.246+0000] {logging_mixin.py:190} INFO - 3106200_2024-12-04_7146 {'3106200_2024-11-23_7139-page-20-25', '3106200_2024-11-23_7139-page-10-19', '3106200_2024-11-22_7138-page-40-43', '3106200_2024-11-23_7139-page-0-9', '3106200_2024-11-22_7138-page-10-19', '3106200_2024-11-22_7138-page-30-39', '3106200_2024-11-22_7138-page-20-29', '3106200_2024-11-22_7138-page-0-9'}
[2025-01-24T21:55:09.246+0000] {logging_mixin.py:190} INFO - 3106200_2024-12-04_7146 {'3106200_2024-11-23_7139-page-20-25', '3106200_2024-11-23_7139-page-10-19', '3106200_2024-11-22_7138-page-40-43', '3106200_2024-11-23_7139-page-0-9', '3106200_2024-11-22_7138-page-10-19', '3106200_2024-11-22_7138-page-30-39', '3106200_2024-11-22_7138-page-20-29', '3106200_2024-11-22_7138-page-0-9'}
[2025-01-24T21:55:09.246+0000] {logging_mixin.py:190} INFO - 3106200_2024-12-04_7146 {'3106200_2024-11-23_7139-page-20-25', '3106200_2024-11-23_7139-page-10-19', '3106200_2024-11-22_7138-page-40-43', '3106200_2024-11-23_7139-page-0-9', '3106200_2024-11-22_7138-page-10-19', '3106200_2024-11-22_7138-page-30-39', '3106200_2024-11-22_7138-page-20-29', '3106200_2024-11-22_7138-page-0-9'}
[2025-01-24T21:55:09.247+0000] {logging_mixin.py:190} INFO - Breaking down pdf 3106200_2024-12-05_7147.pdf into multiple PDF single pages
[2025-01-24T21:55:09.344+0000] {logging_mixin.py:190} INFO - File 3106200_2024-12-05_7147-page-0-9.pdf already broken down into
[2025-01-24T21:55:09.344+0000] {logging_mixin.py:190} INFO - File 3106200_2024-12-05_7147-page-10-19.pdf already broken down into
[2025-01-24T21:55:09.345+0000] {logging_mixin.py:190} INFO - File 3106200_2024-12-05_7147-page-20-22.pdf already broken down into
[2025-01-24T21:55:09.346+0000] {logging_mixin.py:190} INFO - 3106200_2024-12-05_7147 {'3106200_2024-11-23_7139-page-20-25', '3106200_2024-11-23_7139-page-10-19', '3106200_2024-11-22_7138-page-40-43', '3106200_2024-11-23_7139-page-0-9', '3106200_2024-11-22_7138-page-10-19', '3106200_2024-11-22_7138-page-30-39', '3106200_2024-11-22_7138-page-20-29', '3106200_2024-11-22_7138-page-0-9'}
[2025-01-24T21:55:09.346+0000] {logging_mixin.py:190} INFO - 3106200_2024-12-05_7147 {'3106200_2024-11-23_7139-page-20-25', '3106200_2024-11-23_7139-page-10-19', '3106200_2024-11-22_7138-page-40-43', '3106200_2024-11-23_7139-page-0-9', '3106200_2024-11-22_7138-page-10-19', '3106200_2024-11-22_7138-page-30-39', '3106200_2024-11-22_7138-page-20-29', '3106200_2024-11-22_7138-page-0-9'}
[2025-01-24T21:55:09.346+0000] {logging_mixin.py:190} INFO - 3106200_2024-12-05_7147 {'3106200_2024-11-23_7139-page-20-25', '3106200_2024-11-23_7139-page-10-19', '3106200_2024-11-22_7138-page-40-43', '3106200_2024-11-23_7139-page-0-9', '3106200_2024-11-22_7138-page-10-19', '3106200_2024-11-22_7138-page-30-39', '3106200_2024-11-22_7138-page-20-29', '3106200_2024-11-22_7138-page-0-9'}
[2025-01-24T21:55:09.347+0000] {logging_mixin.py:190} INFO - Breaking down pdf 3106200_2024-12-06_7148.pdf into multiple PDF single pages
[2025-01-24T21:55:09.475+0000] {logging_mixin.py:190} INFO - File 3106200_2024-12-06_7148-page-0-9.pdf already broken down into
[2025-01-24T21:55:09.476+0000] {logging_mixin.py:190} INFO - File 3106200_2024-12-06_7148-page-10-19.pdf already broken down into
[2025-01-24T21:55:09.476+0000] {logging_mixin.py:190} INFO - File 3106200_2024-12-06_7148-page-20-29.pdf already broken down into
[2025-01-24T21:55:09.476+0000] {logging_mixin.py:190} INFO - File 3106200_2024-12-06_7148-page-30-39.pdf already broken down into
[2025-01-24T21:55:09.477+0000] {logging_mixin.py:190} INFO - 3106200_2024-12-06_7148 {'3106200_2024-11-23_7139-page-20-25', '3106200_2024-11-23_7139-page-10-19', '3106200_2024-11-22_7138-page-40-43', '3106200_2024-11-23_7139-page-0-9', '3106200_2024-11-22_7138-page-10-19', '3106200_2024-11-22_7138-page-30-39', '3106200_2024-11-22_7138-page-20-29', '3106200_2024-11-22_7138-page-0-9'}
[2025-01-24T21:55:09.477+0000] {logging_mixin.py:190} INFO - 3106200_2024-12-06_7148 {'3106200_2024-11-23_7139-page-20-25', '3106200_2024-11-23_7139-page-10-19', '3106200_2024-11-22_7138-page-40-43', '3106200_2024-11-23_7139-page-0-9', '3106200_2024-11-22_7138-page-10-19', '3106200_2024-11-22_7138-page-30-39', '3106200_2024-11-22_7138-page-20-29', '3106200_2024-11-22_7138-page-0-9'}
[2025-01-24T21:55:09.478+0000] {logging_mixin.py:190} INFO - 3106200_2024-12-06_7148 {'3106200_2024-11-23_7139-page-20-25', '3106200_2024-11-23_7139-page-10-19', '3106200_2024-11-22_7138-page-40-43', '3106200_2024-11-23_7139-page-0-9', '3106200_2024-11-22_7138-page-10-19', '3106200_2024-11-22_7138-page-30-39', '3106200_2024-11-22_7138-page-20-29', '3106200_2024-11-22_7138-page-0-9'}
[2025-01-24T21:55:09.478+0000] {logging_mixin.py:190} INFO - 3106200_2024-12-06_7148 {'3106200_2024-11-23_7139-page-20-25', '3106200_2024-11-23_7139-page-10-19', '3106200_2024-11-22_7138-page-40-43', '3106200_2024-11-23_7139-page-0-9', '3106200_2024-11-22_7138-page-10-19', '3106200_2024-11-22_7138-page-30-39', '3106200_2024-11-22_7138-page-20-29', '3106200_2024-11-22_7138-page-0-9'}
[2025-01-24T21:55:09.478+0000] {logging_mixin.py:190} INFO - Breaking down pdf 3106200_2024-12-07_7149.pdf into multiple PDF single pages
[2025-01-24T21:55:09.619+0000] {logging_mixin.py:190} INFO - File 3106200_2024-12-07_7149-page-0-9.pdf already broken down into
[2025-01-24T21:55:09.620+0000] {logging_mixin.py:190} INFO - File 3106200_2024-12-07_7149-page-10-19.pdf already broken down into
[2025-01-24T21:55:09.620+0000] {logging_mixin.py:190} INFO - File 3106200_2024-12-07_7149-page-20-29.pdf already broken down into
[2025-01-24T21:55:09.620+0000] {logging_mixin.py:190} INFO - File 3106200_2024-12-07_7149-page-30-39.pdf already broken down into
[2025-01-24T21:55:09.621+0000] {logging_mixin.py:190} INFO - File 3106200_2024-12-07_7149-page-40-45.pdf already broken down into
[2025-01-24T21:55:09.621+0000] {logging_mixin.py:190} INFO - 3106200_2024-12-07_7149 {'3106200_2024-11-23_7139-page-20-25', '3106200_2024-11-23_7139-page-10-19', '3106200_2024-11-22_7138-page-40-43', '3106200_2024-11-23_7139-page-0-9', '3106200_2024-11-22_7138-page-10-19', '3106200_2024-11-22_7138-page-30-39', '3106200_2024-11-22_7138-page-20-29', '3106200_2024-11-22_7138-page-0-9'}
[2025-01-24T21:55:09.621+0000] {logging_mixin.py:190} INFO - 3106200_2024-12-07_7149 {'3106200_2024-11-23_7139-page-20-25', '3106200_2024-11-23_7139-page-10-19', '3106200_2024-11-22_7138-page-40-43', '3106200_2024-11-23_7139-page-0-9', '3106200_2024-11-22_7138-page-10-19', '3106200_2024-11-22_7138-page-30-39', '3106200_2024-11-22_7138-page-20-29', '3106200_2024-11-22_7138-page-0-9'}
[2025-01-24T21:55:09.622+0000] {logging_mixin.py:190} INFO - 3106200_2024-12-07_7149 {'3106200_2024-11-23_7139-page-20-25', '3106200_2024-11-23_7139-page-10-19', '3106200_2024-11-22_7138-page-40-43', '3106200_2024-11-23_7139-page-0-9', '3106200_2024-11-22_7138-page-10-19', '3106200_2024-11-22_7138-page-30-39', '3106200_2024-11-22_7138-page-20-29', '3106200_2024-11-22_7138-page-0-9'}
[2025-01-24T21:55:09.622+0000] {logging_mixin.py:190} INFO - 3106200_2024-12-07_7149 {'3106200_2024-11-23_7139-page-20-25', '3106200_2024-11-23_7139-page-10-19', '3106200_2024-11-22_7138-page-40-43', '3106200_2024-11-23_7139-page-0-9', '3106200_2024-11-22_7138-page-10-19', '3106200_2024-11-22_7138-page-30-39', '3106200_2024-11-22_7138-page-20-29', '3106200_2024-11-22_7138-page-0-9'}
[2025-01-24T21:55:09.623+0000] {logging_mixin.py:190} INFO - 3106200_2024-12-07_7149 {'3106200_2024-11-23_7139-page-20-25', '3106200_2024-11-23_7139-page-10-19', '3106200_2024-11-22_7138-page-40-43', '3106200_2024-11-23_7139-page-0-9', '3106200_2024-11-22_7138-page-10-19', '3106200_2024-11-22_7138-page-30-39', '3106200_2024-11-22_7138-page-20-29', '3106200_2024-11-22_7138-page-0-9'}
[2025-01-24T21:55:09.623+0000] {logging_mixin.py:190} INFO - Breaking down pdf 3106200_2024-12-10_7150.pdf into multiple PDF single pages
[2025-01-24T21:55:09.699+0000] {logging_mixin.py:190} INFO - File 3106200_2024-12-10_7150-page-0-9.pdf already broken down into
[2025-01-24T21:55:09.699+0000] {logging_mixin.py:190} INFO - File 3106200_2024-12-10_7150-page-10-19.pdf already broken down into
[2025-01-24T21:55:09.700+0000] {logging_mixin.py:190} INFO - File 3106200_2024-12-10_7150-page-20-21.pdf already broken down into
[2025-01-24T21:55:09.700+0000] {logging_mixin.py:190} INFO - 3106200_2024-12-10_7150 {'3106200_2024-11-23_7139-page-20-25', '3106200_2024-11-23_7139-page-10-19', '3106200_2024-11-22_7138-page-40-43', '3106200_2024-11-23_7139-page-0-9', '3106200_2024-11-22_7138-page-10-19', '3106200_2024-11-22_7138-page-30-39', '3106200_2024-11-22_7138-page-20-29', '3106200_2024-11-22_7138-page-0-9'}
[2025-01-24T21:55:09.701+0000] {logging_mixin.py:190} INFO - 3106200_2024-12-10_7150 {'3106200_2024-11-23_7139-page-20-25', '3106200_2024-11-23_7139-page-10-19', '3106200_2024-11-22_7138-page-40-43', '3106200_2024-11-23_7139-page-0-9', '3106200_2024-11-22_7138-page-10-19', '3106200_2024-11-22_7138-page-30-39', '3106200_2024-11-22_7138-page-20-29', '3106200_2024-11-22_7138-page-0-9'}
[2025-01-24T21:55:09.701+0000] {logging_mixin.py:190} INFO - 3106200_2024-12-10_7150 {'3106200_2024-11-23_7139-page-20-25', '3106200_2024-11-23_7139-page-10-19', '3106200_2024-11-22_7138-page-40-43', '3106200_2024-11-23_7139-page-0-9', '3106200_2024-11-22_7138-page-10-19', '3106200_2024-11-22_7138-page-30-39', '3106200_2024-11-22_7138-page-20-29', '3106200_2024-11-22_7138-page-0-9'}
[2025-01-24T21:55:09.701+0000] {logging_mixin.py:190} INFO - Breaking down pdf 3106200_2024-12-11_7151.pdf into multiple PDF single pages
[2025-01-24T21:55:09.847+0000] {logging_mixin.py:190} INFO - File 3106200_2024-12-11_7151-page-0-9.pdf already broken down into
[2025-01-24T21:55:09.847+0000] {logging_mixin.py:190} INFO - File 3106200_2024-12-11_7151-page-10-19.pdf already broken down into
[2025-01-24T21:55:09.848+0000] {logging_mixin.py:190} INFO - File 3106200_2024-12-11_7151-page-20-29.pdf already broken down into
[2025-01-24T21:55:09.848+0000] {logging_mixin.py:190} INFO - File 3106200_2024-12-11_7151-page-30-35.pdf already broken down into
[2025-01-24T21:55:09.848+0000] {logging_mixin.py:190} INFO - 3106200_2024-12-11_7151 {'3106200_2024-11-23_7139-page-20-25', '3106200_2024-11-23_7139-page-10-19', '3106200_2024-11-22_7138-page-40-43', '3106200_2024-11-23_7139-page-0-9', '3106200_2024-11-22_7138-page-10-19', '3106200_2024-11-22_7138-page-30-39', '3106200_2024-11-22_7138-page-20-29', '3106200_2024-11-22_7138-page-0-9'}
[2025-01-24T21:55:09.849+0000] {logging_mixin.py:190} INFO - 3106200_2024-12-11_7151 {'3106200_2024-11-23_7139-page-20-25', '3106200_2024-11-23_7139-page-10-19', '3106200_2024-11-22_7138-page-40-43', '3106200_2024-11-23_7139-page-0-9', '3106200_2024-11-22_7138-page-10-19', '3106200_2024-11-22_7138-page-30-39', '3106200_2024-11-22_7138-page-20-29', '3106200_2024-11-22_7138-page-0-9'}
[2025-01-24T21:55:09.849+0000] {logging_mixin.py:190} INFO - 3106200_2024-12-11_7151 {'3106200_2024-11-23_7139-page-20-25', '3106200_2024-11-23_7139-page-10-19', '3106200_2024-11-22_7138-page-40-43', '3106200_2024-11-23_7139-page-0-9', '3106200_2024-11-22_7138-page-10-19', '3106200_2024-11-22_7138-page-30-39', '3106200_2024-11-22_7138-page-20-29', '3106200_2024-11-22_7138-page-0-9'}
[2025-01-24T21:55:09.849+0000] {logging_mixin.py:190} INFO - 3106200_2024-12-11_7151 {'3106200_2024-11-23_7139-page-20-25', '3106200_2024-11-23_7139-page-10-19', '3106200_2024-11-22_7138-page-40-43', '3106200_2024-11-23_7139-page-0-9', '3106200_2024-11-22_7138-page-10-19', '3106200_2024-11-22_7138-page-30-39', '3106200_2024-11-22_7138-page-20-29', '3106200_2024-11-22_7138-page-0-9'}
[2025-01-24T21:55:09.850+0000] {logging_mixin.py:190} INFO - Breaking down pdf 3106200_2024-12-12_7152.pdf into multiple PDF single pages
[2025-01-24T21:55:09.936+0000] {logging_mixin.py:190} INFO - File 3106200_2024-12-12_7152-page-0-9.pdf already broken down into
[2025-01-24T21:55:09.936+0000] {logging_mixin.py:190} INFO - File 3106200_2024-12-12_7152-page-10-19.pdf already broken down into
[2025-01-24T21:55:09.937+0000] {logging_mixin.py:190} INFO - File 3106200_2024-12-12_7152-page-20-24.pdf already broken down into
[2025-01-24T21:55:09.937+0000] {logging_mixin.py:190} INFO - 3106200_2024-12-12_7152 {'3106200_2024-11-23_7139-page-20-25', '3106200_2024-11-23_7139-page-10-19', '3106200_2024-11-22_7138-page-40-43', '3106200_2024-11-23_7139-page-0-9', '3106200_2024-11-22_7138-page-10-19', '3106200_2024-11-22_7138-page-30-39', '3106200_2024-11-22_7138-page-20-29', '3106200_2024-11-22_7138-page-0-9'}
[2025-01-24T21:55:09.938+0000] {logging_mixin.py:190} INFO - 3106200_2024-12-12_7152 {'3106200_2024-11-23_7139-page-20-25', '3106200_2024-11-23_7139-page-10-19', '3106200_2024-11-22_7138-page-40-43', '3106200_2024-11-23_7139-page-0-9', '3106200_2024-11-22_7138-page-10-19', '3106200_2024-11-22_7138-page-30-39', '3106200_2024-11-22_7138-page-20-29', '3106200_2024-11-22_7138-page-0-9'}
[2025-01-24T21:55:09.939+0000] {logging_mixin.py:190} INFO - 3106200_2024-12-12_7152 {'3106200_2024-11-23_7139-page-20-25', '3106200_2024-11-23_7139-page-10-19', '3106200_2024-11-22_7138-page-40-43', '3106200_2024-11-23_7139-page-0-9', '3106200_2024-11-22_7138-page-10-19', '3106200_2024-11-22_7138-page-30-39', '3106200_2024-11-22_7138-page-20-29', '3106200_2024-11-22_7138-page-0-9'}
[2025-01-24T21:55:09.939+0000] {logging_mixin.py:190} INFO - Breaking down pdf 3106200_2024-12-13_7153.pdf into multiple PDF single pages
[2025-01-24T21:55:10.049+0000] {logging_mixin.py:190} INFO - File 3106200_2024-12-13_7153-page-0-9.pdf already broken down into
[2025-01-24T21:55:10.049+0000] {logging_mixin.py:190} INFO - File 3106200_2024-12-13_7153-page-10-19.pdf already broken down into
[2025-01-24T21:55:10.050+0000] {logging_mixin.py:190} INFO - File 3106200_2024-12-13_7153-page-20-29.pdf already broken down into
[2025-01-24T21:55:10.050+0000] {logging_mixin.py:190} INFO - File 3106200_2024-12-13_7153-page-30-33.pdf already broken down into
[2025-01-24T21:55:10.051+0000] {logging_mixin.py:190} INFO - 3106200_2024-12-13_7153 {'3106200_2024-11-23_7139-page-20-25', '3106200_2024-11-23_7139-page-10-19', '3106200_2024-11-22_7138-page-40-43', '3106200_2024-11-23_7139-page-0-9', '3106200_2024-11-22_7138-page-10-19', '3106200_2024-11-22_7138-page-30-39', '3106200_2024-11-22_7138-page-20-29', '3106200_2024-11-22_7138-page-0-9'}
[2025-01-24T21:55:10.051+0000] {logging_mixin.py:190} INFO - 3106200_2024-12-13_7153 {'3106200_2024-11-23_7139-page-20-25', '3106200_2024-11-23_7139-page-10-19', '3106200_2024-11-22_7138-page-40-43', '3106200_2024-11-23_7139-page-0-9', '3106200_2024-11-22_7138-page-10-19', '3106200_2024-11-22_7138-page-30-39', '3106200_2024-11-22_7138-page-20-29', '3106200_2024-11-22_7138-page-0-9'}
[2025-01-24T21:55:10.051+0000] {logging_mixin.py:190} INFO - 3106200_2024-12-13_7153 {'3106200_2024-11-23_7139-page-20-25', '3106200_2024-11-23_7139-page-10-19', '3106200_2024-11-22_7138-page-40-43', '3106200_2024-11-23_7139-page-0-9', '3106200_2024-11-22_7138-page-10-19', '3106200_2024-11-22_7138-page-30-39', '3106200_2024-11-22_7138-page-20-29', '3106200_2024-11-22_7138-page-0-9'}
[2025-01-24T21:55:10.052+0000] {logging_mixin.py:190} INFO - 3106200_2024-12-13_7153 {'3106200_2024-11-23_7139-page-20-25', '3106200_2024-11-23_7139-page-10-19', '3106200_2024-11-22_7138-page-40-43', '3106200_2024-11-23_7139-page-0-9', '3106200_2024-11-22_7138-page-10-19', '3106200_2024-11-22_7138-page-30-39', '3106200_2024-11-22_7138-page-20-29', '3106200_2024-11-22_7138-page-0-9'}
[2025-01-24T21:55:10.052+0000] {logging_mixin.py:190} INFO - Breaking down pdf 3106200_2024-12-14_7154.pdf into multiple PDF single pages
[2025-01-24T21:55:10.181+0000] {logging_mixin.py:190} INFO - File 3106200_2024-12-14_7154-page-0-9.pdf already broken down into
[2025-01-24T21:55:10.182+0000] {logging_mixin.py:190} INFO - File 3106200_2024-12-14_7154-page-10-19.pdf already broken down into
[2025-01-24T21:55:10.183+0000] {logging_mixin.py:190} INFO - File 3106200_2024-12-14_7154-page-20-29.pdf already broken down into
[2025-01-24T21:55:10.183+0000] {logging_mixin.py:190} INFO - File 3106200_2024-12-14_7154-page-30-31.pdf already broken down into
[2025-01-24T21:55:10.183+0000] {logging_mixin.py:190} INFO - 3106200_2024-12-14_7154 {'3106200_2024-11-23_7139-page-20-25', '3106200_2024-11-23_7139-page-10-19', '3106200_2024-11-22_7138-page-40-43', '3106200_2024-11-23_7139-page-0-9', '3106200_2024-11-22_7138-page-10-19', '3106200_2024-11-22_7138-page-30-39', '3106200_2024-11-22_7138-page-20-29', '3106200_2024-11-22_7138-page-0-9'}
[2025-01-24T21:55:10.184+0000] {logging_mixin.py:190} INFO - 3106200_2024-12-14_7154 {'3106200_2024-11-23_7139-page-20-25', '3106200_2024-11-23_7139-page-10-19', '3106200_2024-11-22_7138-page-40-43', '3106200_2024-11-23_7139-page-0-9', '3106200_2024-11-22_7138-page-10-19', '3106200_2024-11-22_7138-page-30-39', '3106200_2024-11-22_7138-page-20-29', '3106200_2024-11-22_7138-page-0-9'}
[2025-01-24T21:55:10.184+0000] {logging_mixin.py:190} INFO - 3106200_2024-12-14_7154 {'3106200_2024-11-23_7139-page-20-25', '3106200_2024-11-23_7139-page-10-19', '3106200_2024-11-22_7138-page-40-43', '3106200_2024-11-23_7139-page-0-9', '3106200_2024-11-22_7138-page-10-19', '3106200_2024-11-22_7138-page-30-39', '3106200_2024-11-22_7138-page-20-29', '3106200_2024-11-22_7138-page-0-9'}
[2025-01-24T21:55:10.184+0000] {logging_mixin.py:190} INFO - 3106200_2024-12-14_7154 {'3106200_2024-11-23_7139-page-20-25', '3106200_2024-11-23_7139-page-10-19', '3106200_2024-11-22_7138-page-40-43', '3106200_2024-11-23_7139-page-0-9', '3106200_2024-11-22_7138-page-10-19', '3106200_2024-11-22_7138-page-30-39', '3106200_2024-11-22_7138-page-20-29', '3106200_2024-11-22_7138-page-0-9'}
[2025-01-24T21:55:10.185+0000] {logging_mixin.py:190} INFO - Breaking down pdf 3106200_2024-12-17_7155.pdf into multiple PDF single pages
[2025-01-24T21:55:10.285+0000] {logging_mixin.py:190} INFO - File 3106200_2024-12-17_7155-page-0-9.pdf already broken down into
[2025-01-24T21:55:10.286+0000] {logging_mixin.py:190} INFO - File 3106200_2024-12-17_7155-page-10-19.pdf already broken down into
[2025-01-24T21:55:10.287+0000] {logging_mixin.py:190} INFO - File 3106200_2024-12-17_7155-page-20-24.pdf already broken down into
[2025-01-24T21:55:10.287+0000] {logging_mixin.py:190} INFO - 3106200_2024-12-17_7155 {'3106200_2024-11-23_7139-page-20-25', '3106200_2024-11-23_7139-page-10-19', '3106200_2024-11-22_7138-page-40-43', '3106200_2024-11-23_7139-page-0-9', '3106200_2024-11-22_7138-page-10-19', '3106200_2024-11-22_7138-page-30-39', '3106200_2024-11-22_7138-page-20-29', '3106200_2024-11-22_7138-page-0-9'}
[2025-01-24T21:55:10.288+0000] {logging_mixin.py:190} INFO - 3106200_2024-12-17_7155 {'3106200_2024-11-23_7139-page-20-25', '3106200_2024-11-23_7139-page-10-19', '3106200_2024-11-22_7138-page-40-43', '3106200_2024-11-23_7139-page-0-9', '3106200_2024-11-22_7138-page-10-19', '3106200_2024-11-22_7138-page-30-39', '3106200_2024-11-22_7138-page-20-29', '3106200_2024-11-22_7138-page-0-9'}
[2025-01-24T21:55:10.288+0000] {logging_mixin.py:190} INFO - 3106200_2024-12-17_7155 {'3106200_2024-11-23_7139-page-20-25', '3106200_2024-11-23_7139-page-10-19', '3106200_2024-11-22_7138-page-40-43', '3106200_2024-11-23_7139-page-0-9', '3106200_2024-11-22_7138-page-10-19', '3106200_2024-11-22_7138-page-30-39', '3106200_2024-11-22_7138-page-20-29', '3106200_2024-11-22_7138-page-0-9'}
[2025-01-24T21:55:10.289+0000] {logging_mixin.py:190} INFO - Breaking down pdf 3106200_2024-12-18_7156.pdf into multiple PDF single pages
[2025-01-24T21:55:10.512+0000] {logging_mixin.py:190} INFO - File 3106200_2024-12-18_7156-page-0-9.pdf already broken down into
[2025-01-24T21:55:10.512+0000] {logging_mixin.py:190} INFO - File 3106200_2024-12-18_7156-page-10-19.pdf already broken down into
[2025-01-24T21:55:10.513+0000] {logging_mixin.py:190} INFO - File 3106200_2024-12-18_7156-page-20-29.pdf already broken down into
[2025-01-24T21:55:10.513+0000] {logging_mixin.py:190} INFO - File 3106200_2024-12-18_7156-page-30-39.pdf already broken down into
[2025-01-24T21:55:10.513+0000] {logging_mixin.py:190} INFO - File 3106200_2024-12-18_7156-page-40-49.pdf already broken down into
[2025-01-24T21:55:10.514+0000] {logging_mixin.py:190} INFO - File 3106200_2024-12-18_7156-page-50-59.pdf already broken down into
[2025-01-24T21:55:10.514+0000] {logging_mixin.py:190} INFO - File 3106200_2024-12-18_7156-page-60-69.pdf already broken down into
[2025-01-24T21:55:10.515+0000] {logging_mixin.py:190} INFO - File 3106200_2024-12-18_7156-page-70-71.pdf already broken down into
[2025-01-24T21:55:10.515+0000] {logging_mixin.py:190} INFO - 3106200_2024-12-18_7156 {'3106200_2024-11-23_7139-page-20-25', '3106200_2024-11-23_7139-page-10-19', '3106200_2024-11-22_7138-page-40-43', '3106200_2024-11-23_7139-page-0-9', '3106200_2024-11-22_7138-page-10-19', '3106200_2024-11-22_7138-page-30-39', '3106200_2024-11-22_7138-page-20-29', '3106200_2024-11-22_7138-page-0-9'}
[2025-01-24T21:55:10.515+0000] {logging_mixin.py:190} INFO - 3106200_2024-12-18_7156 {'3106200_2024-11-23_7139-page-20-25', '3106200_2024-11-23_7139-page-10-19', '3106200_2024-11-22_7138-page-40-43', '3106200_2024-11-23_7139-page-0-9', '3106200_2024-11-22_7138-page-10-19', '3106200_2024-11-22_7138-page-30-39', '3106200_2024-11-22_7138-page-20-29', '3106200_2024-11-22_7138-page-0-9'}
[2025-01-24T21:55:10.516+0000] {logging_mixin.py:190} INFO - 3106200_2024-12-18_7156 {'3106200_2024-11-23_7139-page-20-25', '3106200_2024-11-23_7139-page-10-19', '3106200_2024-11-22_7138-page-40-43', '3106200_2024-11-23_7139-page-0-9', '3106200_2024-11-22_7138-page-10-19', '3106200_2024-11-22_7138-page-30-39', '3106200_2024-11-22_7138-page-20-29', '3106200_2024-11-22_7138-page-0-9'}
[2025-01-24T21:55:10.516+0000] {logging_mixin.py:190} INFO - 3106200_2024-12-18_7156 {'3106200_2024-11-23_7139-page-20-25', '3106200_2024-11-23_7139-page-10-19', '3106200_2024-11-22_7138-page-40-43', '3106200_2024-11-23_7139-page-0-9', '3106200_2024-11-22_7138-page-10-19', '3106200_2024-11-22_7138-page-30-39', '3106200_2024-11-22_7138-page-20-29', '3106200_2024-11-22_7138-page-0-9'}
[2025-01-24T21:55:10.517+0000] {logging_mixin.py:190} INFO - 3106200_2024-12-18_7156 {'3106200_2024-11-23_7139-page-20-25', '3106200_2024-11-23_7139-page-10-19', '3106200_2024-11-22_7138-page-40-43', '3106200_2024-11-23_7139-page-0-9', '3106200_2024-11-22_7138-page-10-19', '3106200_2024-11-22_7138-page-30-39', '3106200_2024-11-22_7138-page-20-29', '3106200_2024-11-22_7138-page-0-9'}
[2025-01-24T21:55:10.517+0000] {logging_mixin.py:190} INFO - 3106200_2024-12-18_7156 {'3106200_2024-11-23_7139-page-20-25', '3106200_2024-11-23_7139-page-10-19', '3106200_2024-11-22_7138-page-40-43', '3106200_2024-11-23_7139-page-0-9', '3106200_2024-11-22_7138-page-10-19', '3106200_2024-11-22_7138-page-30-39', '3106200_2024-11-22_7138-page-20-29', '3106200_2024-11-22_7138-page-0-9'}
[2025-01-24T21:55:10.517+0000] {logging_mixin.py:190} INFO - 3106200_2024-12-18_7156 {'3106200_2024-11-23_7139-page-20-25', '3106200_2024-11-23_7139-page-10-19', '3106200_2024-11-22_7138-page-40-43', '3106200_2024-11-23_7139-page-0-9', '3106200_2024-11-22_7138-page-10-19', '3106200_2024-11-22_7138-page-30-39', '3106200_2024-11-22_7138-page-20-29', '3106200_2024-11-22_7138-page-0-9'}
[2025-01-24T21:55:10.518+0000] {logging_mixin.py:190} INFO - 3106200_2024-12-18_7156 {'3106200_2024-11-23_7139-page-20-25', '3106200_2024-11-23_7139-page-10-19', '3106200_2024-11-22_7138-page-40-43', '3106200_2024-11-23_7139-page-0-9', '3106200_2024-11-22_7138-page-10-19', '3106200_2024-11-22_7138-page-30-39', '3106200_2024-11-22_7138-page-20-29', '3106200_2024-11-22_7138-page-0-9'}
[2025-01-24T21:55:10.518+0000] {logging_mixin.py:190} INFO - Breaking down pdf 3106200_2024-12-19_7157.pdf into multiple PDF single pages
[2025-01-24T21:55:10.632+0000] {logging_mixin.py:190} INFO - File 3106200_2024-12-19_7157-page-0-9.pdf already broken down into
[2025-01-24T21:55:10.633+0000] {logging_mixin.py:190} INFO - File 3106200_2024-12-19_7157-page-10-19.pdf already broken down into
[2025-01-24T21:55:10.633+0000] {logging_mixin.py:190} INFO - File 3106200_2024-12-19_7157-page-20-29.pdf already broken down into
[2025-01-24T21:55:10.633+0000] {logging_mixin.py:190} INFO - File 3106200_2024-12-19_7157-page-30-34.pdf already broken down into
[2025-01-24T21:55:10.634+0000] {logging_mixin.py:190} INFO - 3106200_2024-12-19_7157 {'3106200_2024-11-23_7139-page-20-25', '3106200_2024-11-23_7139-page-10-19', '3106200_2024-11-22_7138-page-40-43', '3106200_2024-11-23_7139-page-0-9', '3106200_2024-11-22_7138-page-10-19', '3106200_2024-11-22_7138-page-30-39', '3106200_2024-11-22_7138-page-20-29', '3106200_2024-11-22_7138-page-0-9'}
[2025-01-24T21:55:10.634+0000] {logging_mixin.py:190} INFO - 3106200_2024-12-19_7157 {'3106200_2024-11-23_7139-page-20-25', '3106200_2024-11-23_7139-page-10-19', '3106200_2024-11-22_7138-page-40-43', '3106200_2024-11-23_7139-page-0-9', '3106200_2024-11-22_7138-page-10-19', '3106200_2024-11-22_7138-page-30-39', '3106200_2024-11-22_7138-page-20-29', '3106200_2024-11-22_7138-page-0-9'}
[2025-01-24T21:55:10.635+0000] {logging_mixin.py:190} INFO - 3106200_2024-12-19_7157 {'3106200_2024-11-23_7139-page-20-25', '3106200_2024-11-23_7139-page-10-19', '3106200_2024-11-22_7138-page-40-43', '3106200_2024-11-23_7139-page-0-9', '3106200_2024-11-22_7138-page-10-19', '3106200_2024-11-22_7138-page-30-39', '3106200_2024-11-22_7138-page-20-29', '3106200_2024-11-22_7138-page-0-9'}
[2025-01-24T21:55:10.635+0000] {logging_mixin.py:190} INFO - 3106200_2024-12-19_7157 {'3106200_2024-11-23_7139-page-20-25', '3106200_2024-11-23_7139-page-10-19', '3106200_2024-11-22_7138-page-40-43', '3106200_2024-11-23_7139-page-0-9', '3106200_2024-11-22_7138-page-10-19', '3106200_2024-11-22_7138-page-30-39', '3106200_2024-11-22_7138-page-20-29', '3106200_2024-11-22_7138-page-0-9'}
[2025-01-24T21:55:10.635+0000] {logging_mixin.py:190} INFO - [{'file_uuid': '3106200_2024-11-22_7138-page-0-9', 'file_path': '/usr/local/***/data/pdf_single_page/3106200_2024-11-22_7138-page-0-9.pdf'}, {'file_uuid': '3106200_2024-11-22_7138-page-10-19', 'file_path': '/usr/local/***/data/pdf_single_page/3106200_2024-11-22_7138-page-10-19.pdf'}, {'file_uuid': '3106200_2024-11-22_7138-page-20-29', 'file_path': '/usr/local/***/data/pdf_single_page/3106200_2024-11-22_7138-page-20-29.pdf'}, {'file_uuid': '3106200_2024-11-22_7138-page-30-39', 'file_path': '/usr/local/***/data/pdf_single_page/3106200_2024-11-22_7138-page-30-39.pdf'}, {'file_uuid': '3106200_2024-11-22_7138-page-40-43', 'file_path': '/usr/local/***/data/pdf_single_page/3106200_2024-11-22_7138-page-40-43.pdf'}, {'file_uuid': '3106200_2024-11-23_7139-page-0-9', 'file_path': '/usr/local/***/data/pdf_single_page/3106200_2024-11-23_7139-page-0-9.pdf'}, {'file_uuid': '3106200_2024-11-23_7139-page-10-19', 'file_path': '/usr/local/***/data/pdf_single_page/3106200_2024-11-23_7139-page-10-19.pdf'}, {'file_uuid': '3106200_2024-11-23_7139-page-20-25', 'file_path': '/usr/local/***/data/pdf_single_page/3106200_2024-11-23_7139-page-20-25.pdf'}, {'file_uuid': '3106200_2024-11-26_7140-page-0-9', 'file_path': '/usr/local/***/data/pdf_single_page/3106200_2024-11-26_7140-page-0-9.pdf'}, {'file_uuid': '3106200_2024-11-26_7140-page-10-19', 'file_path': '/usr/local/***/data/pdf_single_page/3106200_2024-11-26_7140-page-10-19.pdf'}, {'file_uuid': '3106200_2024-11-26_7140-page-20-29', 'file_path': '/usr/local/***/data/pdf_single_page/3106200_2024-11-26_7140-page-20-29.pdf'}, {'file_uuid': '3106200_2024-11-26_7140-page-30-32', 'file_path': '/usr/local/***/data/pdf_single_page/3106200_2024-11-26_7140-page-30-32.pdf'}, {'file_uuid': '3106200_2024-11-27_7141-page-0-9', 'file_path': '/usr/local/***/data/pdf_single_page/3106200_2024-11-27_7141-page-0-9.pdf'}, {'file_uuid': '3106200_2024-11-27_7141-page-10-19', 'file_path': '/usr/local/***/data/pdf_single_page/3106200_2024-11-27_7141-page-10-19.pdf'}, {'file_uuid': '3106200_2024-11-27_7141-page-20-29', 'file_path': '/usr/local/***/data/pdf_single_page/3106200_2024-11-27_7141-page-20-29.pdf'}, {'file_uuid': '3106200_2024-11-27_7141-page-30-36', 'file_path': '/usr/local/***/data/pdf_single_page/3106200_2024-11-27_7141-page-30-36.pdf'}, {'file_uuid': '3106200_2024-11-28_7142-page-0-9', 'file_path': '/usr/local/***/data/pdf_single_page/3106200_2024-11-28_7142-page-0-9.pdf'}, {'file_uuid': '3106200_2024-11-28_7142-page-10-19', 'file_path': '/usr/local/***/data/pdf_single_page/3106200_2024-11-28_7142-page-10-19.pdf'}, {'file_uuid': '3106200_2024-11-28_7142-page-20-29', 'file_path': '/usr/local/***/data/pdf_single_page/3106200_2024-11-28_7142-page-20-29.pdf'}, {'file_uuid': '3106200_2024-11-28_7142-page-30-39', 'file_path': '/usr/local/***/data/pdf_single_page/3106200_2024-11-28_7142-page-30-39.pdf'}, {'file_uuid': '3106200_2024-11-28_7142-page-40-45', 'file_path': '/usr/local/***/data/pdf_single_page/3106200_2024-11-28_7142-page-40-45.pdf'}, {'file_uuid': '3106200_2024-11-29_7143-page-0-9', 'file_path': '/usr/local/***/data/pdf_single_page/3106200_2024-11-29_7143-page-0-9.pdf'}, {'file_uuid': '3106200_2024-11-29_7143-page-10-19', 'file_path': '/usr/local/***/data/pdf_single_page/3106200_2024-11-29_7143-page-10-19.pdf'}, {'file_uuid': '3106200_2024-11-29_7143-page-20-29', 'file_path': '/usr/local/***/data/pdf_single_page/3106200_2024-11-29_7143-page-20-29.pdf'}, {'file_uuid': '3106200_2024-11-29_7143-page-30-38', 'file_path': '/usr/local/***/data/pdf_single_page/3106200_2024-11-29_7143-page-30-38.pdf'}, {'file_uuid': '3106200_2024-11-30_7144-page-0-9', 'file_path': '/usr/local/***/data/pdf_single_page/3106200_2024-11-30_7144-page-0-9.pdf'}, {'file_uuid': '3106200_2024-11-30_7144-page-10-19', 'file_path': '/usr/local/***/data/pdf_single_page/3106200_2024-11-30_7144-page-10-19.pdf'}, {'file_uuid': '3106200_2024-11-30_7144-page-20-29', 'file_path': '/usr/local/***/data/pdf_single_page/3106200_2024-11-30_7144-page-20-29.pdf'}, {'file_uuid': '3106200_2024-11-30_7144-page-30-37', 'file_path': '/usr/local/***/data/pdf_single_page/3106200_2024-11-30_7144-page-30-37.pdf'}, {'file_uuid': '3106200_2024-12-03_7145-page-0-9', 'file_path': '/usr/local/***/data/pdf_single_page/3106200_2024-12-03_7145-page-0-9.pdf'}, {'file_uuid': '3106200_2024-12-03_7145-page-10-19', 'file_path': '/usr/local/***/data/pdf_single_page/3106200_2024-12-03_7145-page-10-19.pdf'}, {'file_uuid': '3106200_2024-12-03_7145-page-20-29', 'file_path': '/usr/local/***/data/pdf_single_page/3106200_2024-12-03_7145-page-20-29.pdf'}, {'file_uuid': '3106200_2024-12-03_7145-page-30-34', 'file_path': '/usr/local/***/data/pdf_single_page/3106200_2024-12-03_7145-page-30-34.pdf'}, {'file_uuid': '3106200_2024-12-04_7146-page-0-9', 'file_path': '/usr/local/***/data/pdf_single_page/3106200_2024-12-04_7146-page-0-9.pdf'}, {'file_uuid': '3106200_2024-12-04_7146-page-10-19', 'file_path': '/usr/local/***/data/pdf_single_page/3106200_2024-12-04_7146-page-10-19.pdf'}, {'file_uuid': '3106200_2024-12-04_7146-page-20-29', 'file_path': '/usr/local/***/data/pdf_single_page/3106200_2024-12-04_7146-page-20-29.pdf'}, {'file_uuid': '3106200_2024-12-04_7146-page-30-39', 'file_path': '/usr/local/***/data/pdf_single_page/3106200_2024-12-04_7146-page-30-39.pdf'}, {'file_uuid': '3106200_2024-12-05_7147-page-0-9', 'file_path': '/usr/local/***/data/pdf_single_page/3106200_2024-12-05_7147-page-0-9.pdf'}, {'file_uuid': '3106200_2024-12-05_7147-page-10-19', 'file_path': '/usr/local/***/data/pdf_single_page/3106200_2024-12-05_7147-page-10-19.pdf'}, {'file_uuid': '3106200_2024-12-05_7147-page-20-22', 'file_path': '/usr/local/***/data/pdf_single_page/3106200_2024-12-05_7147-page-20-22.pdf'}, {'file_uuid': '3106200_2024-12-06_7148-page-0-9', 'file_path': '/usr/local/***/data/pdf_single_page/3106200_2024-12-06_7148-page-0-9.pdf'}, {'file_uuid': '3106200_2024-12-06_7148-page-10-19', 'file_path': '/usr/local/***/data/pdf_single_page/3106200_2024-12-06_7148-page-10-19.pdf'}, {'file_uuid': '3106200_2024-12-06_7148-page-20-29', 'file_path': '/usr/local/***/data/pdf_single_page/3106200_2024-12-06_7148-page-20-29.pdf'}, {'file_uuid': '3106200_2024-12-06_7148-page-30-39', 'file_path': '/usr/local/***/data/pdf_single_page/3106200_2024-12-06_7148-page-30-39.pdf'}, {'file_uuid': '3106200_2024-12-07_7149-page-0-9', 'file_path': '/usr/local/***/data/pdf_single_page/3106200_2024-12-07_7149-page-0-9.pdf'}, {'file_uuid': '3106200_2024-12-07_7149-page-10-19', 'file_path': '/usr/local/***/data/pdf_single_page/3106200_2024-12-07_7149-page-10-19.pdf'}, {'file_uuid': '3106200_2024-12-07_7149-page-20-29', 'file_path': '/usr/local/***/data/pdf_single_page/3106200_2024-12-07_7149-page-20-29.pdf'}, {'file_uuid': '3106200_2024-12-07_7149-page-30-39', 'file_path': '/usr/local/***/data/pdf_single_page/3106200_2024-12-07_7149-page-30-39.pdf'}, {'file_uuid': '3106200_2024-12-07_7149-page-40-45', 'file_path': '/usr/local/***/data/pdf_single_page/3106200_2024-12-07_7149-page-40-45.pdf'}, {'file_uuid': '3106200_2024-12-10_7150-page-0-9', 'file_path': '/usr/local/***/data/pdf_single_page/3106200_2024-12-10_7150-page-0-9.pdf'}, {'file_uuid': '3106200_2024-12-10_7150-page-10-19', 'file_path': '/usr/local/***/data/pdf_single_page/3106200_2024-12-10_7150-page-10-19.pdf'}, {'file_uuid': '3106200_2024-12-10_7150-page-20-21', 'file_path': '/usr/local/***/data/pdf_single_page/3106200_2024-12-10_7150-page-20-21.pdf'}, {'file_uuid': '3106200_2024-12-11_7151-page-0-9', 'file_path': '/usr/local/***/data/pdf_single_page/3106200_2024-12-11_7151-page-0-9.pdf'}, {'file_uuid': '3106200_2024-12-11_7151-page-10-19', 'file_path': '/usr/local/***/data/pdf_single_page/3106200_2024-12-11_7151-page-10-19.pdf'}, {'file_uuid': '3106200_2024-12-11_7151-page-20-29', 'file_path': '/usr/local/***/data/pdf_single_page/3106200_2024-12-11_7151-page-20-29.pdf'}, {'file_uuid': '3106200_2024-12-11_7151-page-30-35', 'file_path': '/usr/local/***/data/pdf_single_page/3106200_2024-12-11_7151-page-30-35.pdf'}, {'file_uuid': '3106200_2024-12-12_7152-page-0-9', 'file_path': '/usr/local/***/data/pdf_single_page/3106200_2024-12-12_7152-page-0-9.pdf'}, {'file_uuid': '3106200_2024-12-12_7152-page-10-19', 'file_path': '/usr/local/***/data/pdf_single_page/3106200_2024-12-12_7152-page-10-19.pdf'}, {'file_uuid': '3106200_2024-12-12_7152-page-20-24', 'file_path': '/usr/local/***/data/pdf_single_page/3106200_2024-12-12_7152-page-20-24.pdf'}, {'file_uuid': '3106200_2024-12-13_7153-page-0-9', 'file_path': '/usr/local/***/data/pdf_single_page/3106200_2024-12-13_7153-page-0-9.pdf'}, {'file_uuid': '3106200_2024-12-13_7153-page-10-19', 'file_path': '/usr/local/***/data/pdf_single_page/3106200_2024-12-13_7153-page-10-19.pdf'}, {'file_uuid': '3106200_2024-12-13_7153-page-20-29', 'file_path': '/usr/local/***/data/pdf_single_page/3106200_2024-12-13_7153-page-20-29.pdf'}, {'file_uuid': '3106200_2024-12-13_7153-page-30-33', 'file_path': '/usr/local/***/data/pdf_single_page/3106200_2024-12-13_7153-page-30-33.pdf'}, {'file_uuid': '3106200_2024-12-14_7154-page-0-9', 'file_path': '/usr/local/***/data/pdf_single_page/3106200_2024-12-14_7154-page-0-9.pdf'}, {'file_uuid': '3106200_2024-12-14_7154-page-10-19', 'file_path': '/usr/local/***/data/pdf_single_page/3106200_2024-12-14_7154-page-10-19.pdf'}, {'file_uuid': '3106200_2024-12-14_7154-page-20-29', 'file_path': '/usr/local/***/data/pdf_single_page/3106200_2024-12-14_7154-page-20-29.pdf'}, {'file_uuid': '3106200_2024-12-14_7154-page-30-31', 'file_path': '/usr/local/***/data/pdf_single_page/3106200_2024-12-14_7154-page-30-31.pdf'}, {'file_uuid': '3106200_2024-12-17_7155-page-0-9', 'file_path': '/usr/local/***/data/pdf_single_page/3106200_2024-12-17_7155-page-0-9.pdf'}, {'file_uuid': '3106200_2024-12-17_7155-page-10-19', 'file_path': '/usr/local/***/data/pdf_single_page/3106200_2024-12-17_7155-page-10-19.pdf'}, {'file_uuid': '3106200_2024-12-17_7155-page-20-24', 'file_path': '/usr/local/***/data/pdf_single_page/3106200_2024-12-17_7155-page-20-24.pdf'}, {'file_uuid': '3106200_2024-12-18_7156-page-0-9', 'file_path': '/usr/local/***/data/pdf_single_page/3106200_2024-12-18_7156-page-0-9.pdf'}, {'file_uuid': '3106200_2024-12-18_7156-page-10-19', 'file_path': '/usr/local/***/data/pdf_single_page/3106200_2024-12-18_7156-page-10-19.pdf'}, {'file_uuid': '3106200_2024-12-18_7156-page-20-29', 'file_path': '/usr/local/***/data/pdf_single_page/3106200_2024-12-18_7156-page-20-29.pdf'}, {'file_uuid': '3106200_2024-12-18_7156-page-30-39', 'file_path': '/usr/local/***/data/pdf_single_page/3106200_2024-12-18_7156-page-30-39.pdf'}, {'file_uuid': '3106200_2024-12-18_7156-page-40-49', 'file_path': '/usr/local/***/data/pdf_single_page/3106200_2024-12-18_7156-page-40-49.pdf'}, {'file_uuid': '3106200_2024-12-18_7156-page-50-59', 'file_path': '/usr/local/***/data/pdf_single_page/3106200_2024-12-18_7156-page-50-59.pdf'}, {'file_uuid': '3106200_2024-12-18_7156-page-60-69', 'file_path': '/usr/local/***/data/pdf_single_page/3106200_2024-12-18_7156-page-60-69.pdf'}, {'file_uuid': '3106200_2024-12-18_7156-page-70-71', 'file_path': '/usr/local/***/data/pdf_single_page/3106200_2024-12-18_7156-page-70-71.pdf'}, {'file_uuid': '3106200_2024-12-19_7157-page-0-9', 'file_path': '/usr/local/***/data/pdf_single_page/3106200_2024-12-19_7157-page-0-9.pdf'}, {'file_uuid': '3106200_2024-12-19_7157-page-10-19', 'file_path': '/usr/local/***/data/pdf_single_page/3106200_2024-12-19_7157-page-10-19.pdf'}, {'file_uuid': '3106200_2024-12-19_7157-page-20-29', 'file_path': '/usr/local/***/data/pdf_single_page/3106200_2024-12-19_7157-page-20-29.pdf'}, {'file_uuid': '3106200_2024-12-19_7157-page-30-34', 'file_path': '/usr/local/***/data/pdf_single_page/3106200_2024-12-19_7157-page-30-34.pdf'}]
[2025-01-24T21:55:10.657+0000] {document_converter.py:242} INFO - Going to convert document batch...
[2025-01-24T21:55:10.918+0000] {accelerator_utils.py:41} INFO - Accelerator device: 'cpu'
[2025-01-24T21:55:12.955+0000] {accelerator_utils.py:41} INFO - Accelerator device: 'cpu'
[2025-01-24T21:55:13.493+0000] {accelerator_utils.py:41} INFO - Accelerator device: 'cpu'
[2025-01-24T21:55:13.886+0000] {base_pipeline.py:38} INFO - Processing document 3106200_2024-11-22_7138-page-0-9.pdf
[2025-01-24T21:55:32.763+0000] {local_task_job_runner.py:346} WARNING - State of this instance has been externally set to queued. Terminating instance.
[2025-01-24T21:55:32.765+0000] {local_task_job_runner.py:245} INFO - ::endgroup::
[2025-01-24T21:55:32.767+0000] {process_utils.py:132} INFO - Sending 15 to group 2365. PIDs of all processes in the group: [2365]
[2025-01-24T21:55:32.767+0000] {process_utils.py:87} INFO - Sending the signal 15 to group 2365
[2025-01-24T21:55:32.769+0000] {taskinstance.py:3092} ERROR - Received SIGTERM. Terminating subprocesses.
[2025-01-24T21:55:32.770+0000] {logging_mixin.py:190} WARNING - Exception ignored on calling ctypes callback function: <pypdfium2.internal.utils._buffer_reader object at 0x7f7d133a11c0>
[2025-01-24T21:55:32.770+0000] {logging_mixin.py:190} WARNING - Traceback (most recent call last):
[2025-01-24T21:55:32.770+0000] {logging_mixin.py:190} WARNING -   File "/home/***/.local/lib/python3.12/site-packages/pypdfium2/internal/utils.py", line 47, in __call__
[2025-01-24T21:55:32.771+0000] {logging_mixin.py:190} WARNING -     def __call__(self, _, position, p_buf, size):
[2025-01-24T21:55:32.772+0000] {logging_mixin.py:190} WARNING -   File "/home/***/.local/lib/python3.12/site-packages/***/models/taskinstance.py", line 3094, in signal_handler
[2025-01-24T21:55:32.773+0000] {logging_mixin.py:190} WARNING -     raise AirflowTaskTerminated("Task received SIGTERM signal")
[2025-01-24T21:55:32.773+0000] {logging_mixin.py:190} WARNING - ***.exceptions.AirflowTaskTerminated: Task received SIGTERM signal
[2025-01-24T21:56:32.775+0000] {process_utils.py:150} WARNING - process psutil.Process(pid=2365, name='airflow task ru', status='running', started='21:55:07') did not respond to SIGTERM. Trying SIGKILL
[2025-01-24T21:56:32.778+0000] {process_utils.py:87} INFO - Sending the signal 9 to group 2365
[2025-01-24T21:56:32.831+0000] {process_utils.py:80} INFO - Process psutil.Process(pid=2365, name='airflow task ru', status='terminated', exitcode=<Negsignal.SIGKILL: -9>, started='21:55:07') (2365) terminated with exit code -9
[2025-01-24T21:56:32.832+0000] {standard_task_runner.py:190} ERROR - ('Job 20 was killed before it finished (likely due to running out of memory)', 'For more information, see https://***.apache.org/docs/apache-***/stable/troubleshooting.html#LocalTaskJob-killed')
