[2025-01-24T22:11:31.492+0000] {local_task_job_runner.py:123} INFO - ::group::Pre task execution logs
[2025-01-24T22:11:31.506+0000] {taskinstance.py:2612} INFO - Dependencies all met for dep_context=non-requeueable deps ti=<TaskInstance: pull_gazettes_data.preprocess_documents_task manual__2025-01-24T21:10:42.449118+00:00 [queued]>
[2025-01-24T22:11:31.513+0000] {taskinstance.py:2612} INFO - Dependencies all met for dep_context=requeueable deps ti=<TaskInstance: pull_gazettes_data.preprocess_documents_task manual__2025-01-24T21:10:42.449118+00:00 [queued]>
[2025-01-24T22:11:31.514+0000] {taskinstance.py:2865} INFO - Starting attempt 13 of 13
[2025-01-24T22:11:31.524+0000] {taskinstance.py:2888} INFO - Executing <Task(PreprocessDocuments): preprocess_documents_task> on 2025-01-24 21:10:42.449118+00:00
[2025-01-24T22:11:31.536+0000] {warnings.py:112} WARNING - /home/***/.local/lib/python3.12/site-packages/***/task/task_runner/standard_task_runner.py:70: DeprecationWarning: This process (pid=3134) is multi-threaded, use of fork() may lead to deadlocks in the child.
  pid = os.fork()

[2025-01-24T22:11:31.538+0000] {standard_task_runner.py:72} INFO - Started process 3147 to run task
[2025-01-24T22:11:31.538+0000] {standard_task_runner.py:104} INFO - Running: ['***', 'tasks', 'run', 'pull_gazettes_data', 'preprocess_documents_task', 'manual__2025-01-24T21:10:42.449118+00:00', '--job-id', '25', '--raw', '--subdir', 'DAGS_FOLDER/dag_script.py', '--cfg-path', '/tmp/tmp95_ovqj4']
[2025-01-24T22:11:31.540+0000] {standard_task_runner.py:105} INFO - Job 25: Subtask preprocess_documents_task
[2025-01-24T22:11:31.575+0000] {task_command.py:467} INFO - Running <TaskInstance: pull_gazettes_data.preprocess_documents_task manual__2025-01-24T21:10:42.449118+00:00 [running]> on host 9e85c216a3c8
[2025-01-24T22:11:31.631+0000] {taskinstance.py:3131} INFO - Exporting env vars: AIRFLOW_CTX_DAG_EMAIL='***@example.com' AIRFLOW_CTX_DAG_OWNER='***' AIRFLOW_CTX_DAG_ID='pull_gazettes_data' AIRFLOW_CTX_TASK_ID='preprocess_documents_task' AIRFLOW_CTX_EXECUTION_DATE='2025-01-24T21:10:42.449118+00:00' AIRFLOW_CTX_TRY_NUMBER='13' AIRFLOW_CTX_DAG_RUN_ID='manual__2025-01-24T21:10:42.449118+00:00'
[2025-01-24T22:11:31.632+0000] {taskinstance.py:731} INFO - ::endgroup::
[2025-01-24T22:11:31.649+0000] {logging_mixin.py:190} INFO - Checking pre processed documents log
[2025-01-24T22:11:31.656+0000] {logging_mixin.py:190} INFO - Already preprocessed documents: set()
[2025-01-24T22:11:31.658+0000] {logging_mixin.py:190} INFO - Breaking down pdf 3106200_2024-11-22_7138.pdf into multiple PDF single pages
[2025-01-24T22:11:32.262+0000] {logging_mixin.py:190} INFO - Breaking down pdf 3106200_2024-11-23_7139.pdf into multiple PDF single pages
[2025-01-24T22:11:33.183+0000] {logging_mixin.py:190} INFO - Breaking down pdf 3106200_2024-11-26_7140.pdf into multiple PDF single pages
[2025-01-24T22:11:33.706+0000] {logging_mixin.py:190} INFO - Breaking down pdf 3106200_2024-11-27_7141.pdf into multiple PDF single pages
[2025-01-24T22:11:34.245+0000] {logging_mixin.py:190} INFO - Breaking down pdf 3106200_2024-11-28_7142.pdf into multiple PDF single pages
[2025-01-24T22:11:35.093+0000] {logging_mixin.py:190} INFO - Breaking down pdf 3106200_2024-11-29_7143.pdf into multiple PDF single pages
[2025-01-24T22:11:35.966+0000] {logging_mixin.py:190} INFO - Breaking down pdf 3106200_2024-11-30_7144.pdf into multiple PDF single pages
[2025-01-24T22:11:36.488+0000] {logging_mixin.py:190} INFO - Breaking down pdf 3106200_2024-12-03_7145.pdf into multiple PDF single pages
[2025-01-24T22:11:37.005+0000] {logging_mixin.py:190} INFO - Breaking down pdf 3106200_2024-12-04_7146.pdf into multiple PDF single pages
[2025-01-24T22:11:37.647+0000] {logging_mixin.py:190} INFO - Breaking down pdf 3106200_2024-12-05_7147.pdf into multiple PDF single pages
[2025-01-24T22:11:38.062+0000] {logging_mixin.py:190} INFO - Breaking down pdf 3106200_2024-12-06_7148.pdf into multiple PDF single pages
[2025-01-24T22:11:39.041+0000] {logging_mixin.py:190} INFO - Breaking down pdf 3106200_2024-12-07_7149.pdf into multiple PDF single pages
[2025-01-24T22:11:39.696+0000] {logging_mixin.py:190} INFO - Breaking down pdf 3106200_2024-12-10_7150.pdf into multiple PDF single pages
[2025-01-24T22:11:40.035+0000] {logging_mixin.py:190} INFO - Breaking down pdf 3106200_2024-12-11_7151.pdf into multiple PDF single pages
[2025-01-24T22:11:40.905+0000] {logging_mixin.py:190} INFO - Breaking down pdf 3106200_2024-12-12_7152.pdf into multiple PDF single pages
[2025-01-24T22:11:41.428+0000] {logging_mixin.py:190} INFO - Breaking down pdf 3106200_2024-12-13_7153.pdf into multiple PDF single pages
[2025-01-24T22:11:41.944+0000] {logging_mixin.py:190} INFO - Breaking down pdf 3106200_2024-12-14_7154.pdf into multiple PDF single pages
[2025-01-24T22:11:42.462+0000] {logging_mixin.py:190} INFO - Breaking down pdf 3106200_2024-12-17_7155.pdf into multiple PDF single pages
[2025-01-24T22:11:42.893+0000] {logging_mixin.py:190} INFO - Breaking down pdf 3106200_2024-12-18_7156.pdf into multiple PDF single pages
[2025-01-24T22:11:44.457+0000] {logging_mixin.py:190} INFO - Breaking down pdf 3106200_2024-12-19_7157.pdf into multiple PDF single pages
[2025-01-24T22:11:44.968+0000] {logging_mixin.py:190} INFO - [{'file_uuid': '3106200_2024-11-22_7138-page-0-4', 'file_path': '/usr/local/***/data/pdf_single_page/3106200_2024-11-22_7138-page-0-4.pdf'}, {'file_uuid': '3106200_2024-11-22_7138-page-5-9', 'file_path': '/usr/local/***/data/pdf_single_page/3106200_2024-11-22_7138-page-5-9.pdf'}, {'file_uuid': '3106200_2024-11-22_7138-page-10-14', 'file_path': '/usr/local/***/data/pdf_single_page/3106200_2024-11-22_7138-page-10-14.pdf'}, {'file_uuid': '3106200_2024-11-22_7138-page-15-19', 'file_path': '/usr/local/***/data/pdf_single_page/3106200_2024-11-22_7138-page-15-19.pdf'}, {'file_uuid': '3106200_2024-11-22_7138-page-20-24', 'file_path': '/usr/local/***/data/pdf_single_page/3106200_2024-11-22_7138-page-20-24.pdf'}, {'file_uuid': '3106200_2024-11-22_7138-page-25-29', 'file_path': '/usr/local/***/data/pdf_single_page/3106200_2024-11-22_7138-page-25-29.pdf'}, {'file_uuid': '3106200_2024-11-22_7138-page-30-34', 'file_path': '/usr/local/***/data/pdf_single_page/3106200_2024-11-22_7138-page-30-34.pdf'}, {'file_uuid': '3106200_2024-11-22_7138-page-35-39', 'file_path': '/usr/local/***/data/pdf_single_page/3106200_2024-11-22_7138-page-35-39.pdf'}, {'file_uuid': '3106200_2024-11-22_7138-page-40-43', 'file_path': '/usr/local/***/data/pdf_single_page/3106200_2024-11-22_7138-page-40-43.pdf'}, {'file_uuid': '3106200_2024-11-23_7139-page-0-4', 'file_path': '/usr/local/***/data/pdf_single_page/3106200_2024-11-23_7139-page-0-4.pdf'}, {'file_uuid': '3106200_2024-11-23_7139-page-5-9', 'file_path': '/usr/local/***/data/pdf_single_page/3106200_2024-11-23_7139-page-5-9.pdf'}, {'file_uuid': '3106200_2024-11-23_7139-page-10-14', 'file_path': '/usr/local/***/data/pdf_single_page/3106200_2024-11-23_7139-page-10-14.pdf'}, {'file_uuid': '3106200_2024-11-23_7139-page-15-19', 'file_path': '/usr/local/***/data/pdf_single_page/3106200_2024-11-23_7139-page-15-19.pdf'}, {'file_uuid': '3106200_2024-11-23_7139-page-20-24', 'file_path': '/usr/local/***/data/pdf_single_page/3106200_2024-11-23_7139-page-20-24.pdf'}, {'file_uuid': '3106200_2024-11-23_7139-page-25-25', 'file_path': '/usr/local/***/data/pdf_single_page/3106200_2024-11-23_7139-page-25-25.pdf'}, {'file_uuid': '3106200_2024-11-26_7140-page-0-4', 'file_path': '/usr/local/***/data/pdf_single_page/3106200_2024-11-26_7140-page-0-4.pdf'}, {'file_uuid': '3106200_2024-11-26_7140-page-5-9', 'file_path': '/usr/local/***/data/pdf_single_page/3106200_2024-11-26_7140-page-5-9.pdf'}, {'file_uuid': '3106200_2024-11-26_7140-page-10-14', 'file_path': '/usr/local/***/data/pdf_single_page/3106200_2024-11-26_7140-page-10-14.pdf'}, {'file_uuid': '3106200_2024-11-26_7140-page-15-19', 'file_path': '/usr/local/***/data/pdf_single_page/3106200_2024-11-26_7140-page-15-19.pdf'}, {'file_uuid': '3106200_2024-11-26_7140-page-20-24', 'file_path': '/usr/local/***/data/pdf_single_page/3106200_2024-11-26_7140-page-20-24.pdf'}, {'file_uuid': '3106200_2024-11-26_7140-page-25-29', 'file_path': '/usr/local/***/data/pdf_single_page/3106200_2024-11-26_7140-page-25-29.pdf'}, {'file_uuid': '3106200_2024-11-26_7140-page-30-32', 'file_path': '/usr/local/***/data/pdf_single_page/3106200_2024-11-26_7140-page-30-32.pdf'}, {'file_uuid': '3106200_2024-11-27_7141-page-0-4', 'file_path': '/usr/local/***/data/pdf_single_page/3106200_2024-11-27_7141-page-0-4.pdf'}, {'file_uuid': '3106200_2024-11-27_7141-page-5-9', 'file_path': '/usr/local/***/data/pdf_single_page/3106200_2024-11-27_7141-page-5-9.pdf'}, {'file_uuid': '3106200_2024-11-27_7141-page-10-14', 'file_path': '/usr/local/***/data/pdf_single_page/3106200_2024-11-27_7141-page-10-14.pdf'}, {'file_uuid': '3106200_2024-11-27_7141-page-15-19', 'file_path': '/usr/local/***/data/pdf_single_page/3106200_2024-11-27_7141-page-15-19.pdf'}, {'file_uuid': '3106200_2024-11-27_7141-page-20-24', 'file_path': '/usr/local/***/data/pdf_single_page/3106200_2024-11-27_7141-page-20-24.pdf'}, {'file_uuid': '3106200_2024-11-27_7141-page-25-29', 'file_path': '/usr/local/***/data/pdf_single_page/3106200_2024-11-27_7141-page-25-29.pdf'}, {'file_uuid': '3106200_2024-11-27_7141-page-30-34', 'file_path': '/usr/local/***/data/pdf_single_page/3106200_2024-11-27_7141-page-30-34.pdf'}, {'file_uuid': '3106200_2024-11-27_7141-page-35-36', 'file_path': '/usr/local/***/data/pdf_single_page/3106200_2024-11-27_7141-page-35-36.pdf'}, {'file_uuid': '3106200_2024-11-28_7142-page-0-4', 'file_path': '/usr/local/***/data/pdf_single_page/3106200_2024-11-28_7142-page-0-4.pdf'}, {'file_uuid': '3106200_2024-11-28_7142-page-5-9', 'file_path': '/usr/local/***/data/pdf_single_page/3106200_2024-11-28_7142-page-5-9.pdf'}, {'file_uuid': '3106200_2024-11-28_7142-page-10-14', 'file_path': '/usr/local/***/data/pdf_single_page/3106200_2024-11-28_7142-page-10-14.pdf'}, {'file_uuid': '3106200_2024-11-28_7142-page-15-19', 'file_path': '/usr/local/***/data/pdf_single_page/3106200_2024-11-28_7142-page-15-19.pdf'}, {'file_uuid': '3106200_2024-11-28_7142-page-20-24', 'file_path': '/usr/local/***/data/pdf_single_page/3106200_2024-11-28_7142-page-20-24.pdf'}, {'file_uuid': '3106200_2024-11-28_7142-page-25-29', 'file_path': '/usr/local/***/data/pdf_single_page/3106200_2024-11-28_7142-page-25-29.pdf'}, {'file_uuid': '3106200_2024-11-28_7142-page-30-34', 'file_path': '/usr/local/***/data/pdf_single_page/3106200_2024-11-28_7142-page-30-34.pdf'}, {'file_uuid': '3106200_2024-11-28_7142-page-35-39', 'file_path': '/usr/local/***/data/pdf_single_page/3106200_2024-11-28_7142-page-35-39.pdf'}, {'file_uuid': '3106200_2024-11-28_7142-page-40-44', 'file_path': '/usr/local/***/data/pdf_single_page/3106200_2024-11-28_7142-page-40-44.pdf'}, {'file_uuid': '3106200_2024-11-28_7142-page-45-45', 'file_path': '/usr/local/***/data/pdf_single_page/3106200_2024-11-28_7142-page-45-45.pdf'}, {'file_uuid': '3106200_2024-11-29_7143-page-0-4', 'file_path': '/usr/local/***/data/pdf_single_page/3106200_2024-11-29_7143-page-0-4.pdf'}, {'file_uuid': '3106200_2024-11-29_7143-page-5-9', 'file_path': '/usr/local/***/data/pdf_single_page/3106200_2024-11-29_7143-page-5-9.pdf'}, {'file_uuid': '3106200_2024-11-29_7143-page-10-14', 'file_path': '/usr/local/***/data/pdf_single_page/3106200_2024-11-29_7143-page-10-14.pdf'}, {'file_uuid': '3106200_2024-11-29_7143-page-15-19', 'file_path': '/usr/local/***/data/pdf_single_page/3106200_2024-11-29_7143-page-15-19.pdf'}, {'file_uuid': '3106200_2024-11-29_7143-page-20-24', 'file_path': '/usr/local/***/data/pdf_single_page/3106200_2024-11-29_7143-page-20-24.pdf'}, {'file_uuid': '3106200_2024-11-29_7143-page-25-29', 'file_path': '/usr/local/***/data/pdf_single_page/3106200_2024-11-29_7143-page-25-29.pdf'}, {'file_uuid': '3106200_2024-11-29_7143-page-30-34', 'file_path': '/usr/local/***/data/pdf_single_page/3106200_2024-11-29_7143-page-30-34.pdf'}, {'file_uuid': '3106200_2024-11-29_7143-page-35-38', 'file_path': '/usr/local/***/data/pdf_single_page/3106200_2024-11-29_7143-page-35-38.pdf'}, {'file_uuid': '3106200_2024-11-30_7144-page-0-4', 'file_path': '/usr/local/***/data/pdf_single_page/3106200_2024-11-30_7144-page-0-4.pdf'}, {'file_uuid': '3106200_2024-11-30_7144-page-5-9', 'file_path': '/usr/local/***/data/pdf_single_page/3106200_2024-11-30_7144-page-5-9.pdf'}, {'file_uuid': '3106200_2024-11-30_7144-page-10-14', 'file_path': '/usr/local/***/data/pdf_single_page/3106200_2024-11-30_7144-page-10-14.pdf'}, {'file_uuid': '3106200_2024-11-30_7144-page-15-19', 'file_path': '/usr/local/***/data/pdf_single_page/3106200_2024-11-30_7144-page-15-19.pdf'}, {'file_uuid': '3106200_2024-11-30_7144-page-20-24', 'file_path': '/usr/local/***/data/pdf_single_page/3106200_2024-11-30_7144-page-20-24.pdf'}, {'file_uuid': '3106200_2024-11-30_7144-page-25-29', 'file_path': '/usr/local/***/data/pdf_single_page/3106200_2024-11-30_7144-page-25-29.pdf'}, {'file_uuid': '3106200_2024-11-30_7144-page-30-34', 'file_path': '/usr/local/***/data/pdf_single_page/3106200_2024-11-30_7144-page-30-34.pdf'}, {'file_uuid': '3106200_2024-11-30_7144-page-35-37', 'file_path': '/usr/local/***/data/pdf_single_page/3106200_2024-11-30_7144-page-35-37.pdf'}, {'file_uuid': '3106200_2024-12-03_7145-page-0-4', 'file_path': '/usr/local/***/data/pdf_single_page/3106200_2024-12-03_7145-page-0-4.pdf'}, {'file_uuid': '3106200_2024-12-03_7145-page-5-9', 'file_path': '/usr/local/***/data/pdf_single_page/3106200_2024-12-03_7145-page-5-9.pdf'}, {'file_uuid': '3106200_2024-12-03_7145-page-10-14', 'file_path': '/usr/local/***/data/pdf_single_page/3106200_2024-12-03_7145-page-10-14.pdf'}, {'file_uuid': '3106200_2024-12-03_7145-page-15-19', 'file_path': '/usr/local/***/data/pdf_single_page/3106200_2024-12-03_7145-page-15-19.pdf'}, {'file_uuid': '3106200_2024-12-03_7145-page-20-24', 'file_path': '/usr/local/***/data/pdf_single_page/3106200_2024-12-03_7145-page-20-24.pdf'}, {'file_uuid': '3106200_2024-12-03_7145-page-25-29', 'file_path': '/usr/local/***/data/pdf_single_page/3106200_2024-12-03_7145-page-25-29.pdf'}, {'file_uuid': '3106200_2024-12-03_7145-page-30-34', 'file_path': '/usr/local/***/data/pdf_single_page/3106200_2024-12-03_7145-page-30-34.pdf'}, {'file_uuid': '3106200_2024-12-04_7146-page-0-4', 'file_path': '/usr/local/***/data/pdf_single_page/3106200_2024-12-04_7146-page-0-4.pdf'}, {'file_uuid': '3106200_2024-12-04_7146-page-5-9', 'file_path': '/usr/local/***/data/pdf_single_page/3106200_2024-12-04_7146-page-5-9.pdf'}, {'file_uuid': '3106200_2024-12-04_7146-page-10-14', 'file_path': '/usr/local/***/data/pdf_single_page/3106200_2024-12-04_7146-page-10-14.pdf'}, {'file_uuid': '3106200_2024-12-04_7146-page-15-19', 'file_path': '/usr/local/***/data/pdf_single_page/3106200_2024-12-04_7146-page-15-19.pdf'}, {'file_uuid': '3106200_2024-12-04_7146-page-20-24', 'file_path': '/usr/local/***/data/pdf_single_page/3106200_2024-12-04_7146-page-20-24.pdf'}, {'file_uuid': '3106200_2024-12-04_7146-page-25-29', 'file_path': '/usr/local/***/data/pdf_single_page/3106200_2024-12-04_7146-page-25-29.pdf'}, {'file_uuid': '3106200_2024-12-04_7146-page-30-34', 'file_path': '/usr/local/***/data/pdf_single_page/3106200_2024-12-04_7146-page-30-34.pdf'}, {'file_uuid': '3106200_2024-12-04_7146-page-35-39', 'file_path': '/usr/local/***/data/pdf_single_page/3106200_2024-12-04_7146-page-35-39.pdf'}, {'file_uuid': '3106200_2024-12-05_7147-page-0-4', 'file_path': '/usr/local/***/data/pdf_single_page/3106200_2024-12-05_7147-page-0-4.pdf'}, {'file_uuid': '3106200_2024-12-05_7147-page-5-9', 'file_path': '/usr/local/***/data/pdf_single_page/3106200_2024-12-05_7147-page-5-9.pdf'}, {'file_uuid': '3106200_2024-12-05_7147-page-10-14', 'file_path': '/usr/local/***/data/pdf_single_page/3106200_2024-12-05_7147-page-10-14.pdf'}, {'file_uuid': '3106200_2024-12-05_7147-page-15-19', 'file_path': '/usr/local/***/data/pdf_single_page/3106200_2024-12-05_7147-page-15-19.pdf'}, {'file_uuid': '3106200_2024-12-05_7147-page-20-22', 'file_path': '/usr/local/***/data/pdf_single_page/3106200_2024-12-05_7147-page-20-22.pdf'}, {'file_uuid': '3106200_2024-12-06_7148-page-0-4', 'file_path': '/usr/local/***/data/pdf_single_page/3106200_2024-12-06_7148-page-0-4.pdf'}, {'file_uuid': '3106200_2024-12-06_7148-page-5-9', 'file_path': '/usr/local/***/data/pdf_single_page/3106200_2024-12-06_7148-page-5-9.pdf'}, {'file_uuid': '3106200_2024-12-06_7148-page-10-14', 'file_path': '/usr/local/***/data/pdf_single_page/3106200_2024-12-06_7148-page-10-14.pdf'}, {'file_uuid': '3106200_2024-12-06_7148-page-15-19', 'file_path': '/usr/local/***/data/pdf_single_page/3106200_2024-12-06_7148-page-15-19.pdf'}, {'file_uuid': '3106200_2024-12-06_7148-page-20-24', 'file_path': '/usr/local/***/data/pdf_single_page/3106200_2024-12-06_7148-page-20-24.pdf'}, {'file_uuid': '3106200_2024-12-06_7148-page-25-29', 'file_path': '/usr/local/***/data/pdf_single_page/3106200_2024-12-06_7148-page-25-29.pdf'}, {'file_uuid': '3106200_2024-12-06_7148-page-30-34', 'file_path': '/usr/local/***/data/pdf_single_page/3106200_2024-12-06_7148-page-30-34.pdf'}, {'file_uuid': '3106200_2024-12-06_7148-page-35-39', 'file_path': '/usr/local/***/data/pdf_single_page/3106200_2024-12-06_7148-page-35-39.pdf'}, {'file_uuid': '3106200_2024-12-07_7149-page-0-4', 'file_path': '/usr/local/***/data/pdf_single_page/3106200_2024-12-07_7149-page-0-4.pdf'}, {'file_uuid': '3106200_2024-12-07_7149-page-5-9', 'file_path': '/usr/local/***/data/pdf_single_page/3106200_2024-12-07_7149-page-5-9.pdf'}, {'file_uuid': '3106200_2024-12-07_7149-page-10-14', 'file_path': '/usr/local/***/data/pdf_single_page/3106200_2024-12-07_7149-page-10-14.pdf'}, {'file_uuid': '3106200_2024-12-07_7149-page-15-19', 'file_path': '/usr/local/***/data/pdf_single_page/3106200_2024-12-07_7149-page-15-19.pdf'}, {'file_uuid': '3106200_2024-12-07_7149-page-20-24', 'file_path': '/usr/local/***/data/pdf_single_page/3106200_2024-12-07_7149-page-20-24.pdf'}, {'file_uuid': '3106200_2024-12-07_7149-page-25-29', 'file_path': '/usr/local/***/data/pdf_single_page/3106200_2024-12-07_7149-page-25-29.pdf'}, {'file_uuid': '3106200_2024-12-07_7149-page-30-34', 'file_path': '/usr/local/***/data/pdf_single_page/3106200_2024-12-07_7149-page-30-34.pdf'}, {'file_uuid': '3106200_2024-12-07_7149-page-35-39', 'file_path': '/usr/local/***/data/pdf_single_page/3106200_2024-12-07_7149-page-35-39.pdf'}, {'file_uuid': '3106200_2024-12-07_7149-page-40-44', 'file_path': '/usr/local/***/data/pdf_single_page/3106200_2024-12-07_7149-page-40-44.pdf'}, {'file_uuid': '3106200_2024-12-07_7149-page-45-45', 'file_path': '/usr/local/***/data/pdf_single_page/3106200_2024-12-07_7149-page-45-45.pdf'}, {'file_uuid': '3106200_2024-12-10_7150-page-0-4', 'file_path': '/usr/local/***/data/pdf_single_page/3106200_2024-12-10_7150-page-0-4.pdf'}, {'file_uuid': '3106200_2024-12-10_7150-page-5-9', 'file_path': '/usr/local/***/data/pdf_single_page/3106200_2024-12-10_7150-page-5-9.pdf'}, {'file_uuid': '3106200_2024-12-10_7150-page-10-14', 'file_path': '/usr/local/***/data/pdf_single_page/3106200_2024-12-10_7150-page-10-14.pdf'}, {'file_uuid': '3106200_2024-12-10_7150-page-15-19', 'file_path': '/usr/local/***/data/pdf_single_page/3106200_2024-12-10_7150-page-15-19.pdf'}, {'file_uuid': '3106200_2024-12-10_7150-page-20-21', 'file_path': '/usr/local/***/data/pdf_single_page/3106200_2024-12-10_7150-page-20-21.pdf'}, {'file_uuid': '3106200_2024-12-11_7151-page-0-4', 'file_path': '/usr/local/***/data/pdf_single_page/3106200_2024-12-11_7151-page-0-4.pdf'}, {'file_uuid': '3106200_2024-12-11_7151-page-5-9', 'file_path': '/usr/local/***/data/pdf_single_page/3106200_2024-12-11_7151-page-5-9.pdf'}, {'file_uuid': '3106200_2024-12-11_7151-page-10-14', 'file_path': '/usr/local/***/data/pdf_single_page/3106200_2024-12-11_7151-page-10-14.pdf'}, {'file_uuid': '3106200_2024-12-11_7151-page-15-19', 'file_path': '/usr/local/***/data/pdf_single_page/3106200_2024-12-11_7151-page-15-19.pdf'}, {'file_uuid': '3106200_2024-12-11_7151-page-20-24', 'file_path': '/usr/local/***/data/pdf_single_page/3106200_2024-12-11_7151-page-20-24.pdf'}, {'file_uuid': '3106200_2024-12-11_7151-page-25-29', 'file_path': '/usr/local/***/data/pdf_single_page/3106200_2024-12-11_7151-page-25-29.pdf'}, {'file_uuid': '3106200_2024-12-11_7151-page-30-34', 'file_path': '/usr/local/***/data/pdf_single_page/3106200_2024-12-11_7151-page-30-34.pdf'}, {'file_uuid': '3106200_2024-12-11_7151-page-35-35', 'file_path': '/usr/local/***/data/pdf_single_page/3106200_2024-12-11_7151-page-35-35.pdf'}, {'file_uuid': '3106200_2024-12-12_7152-page-0-4', 'file_path': '/usr/local/***/data/pdf_single_page/3106200_2024-12-12_7152-page-0-4.pdf'}, {'file_uuid': '3106200_2024-12-12_7152-page-5-9', 'file_path': '/usr/local/***/data/pdf_single_page/3106200_2024-12-12_7152-page-5-9.pdf'}, {'file_uuid': '3106200_2024-12-12_7152-page-10-14', 'file_path': '/usr/local/***/data/pdf_single_page/3106200_2024-12-12_7152-page-10-14.pdf'}, {'file_uuid': '3106200_2024-12-12_7152-page-15-19', 'file_path': '/usr/local/***/data/pdf_single_page/3106200_2024-12-12_7152-page-15-19.pdf'}, {'file_uuid': '3106200_2024-12-12_7152-page-20-24', 'file_path': '/usr/local/***/data/pdf_single_page/3106200_2024-12-12_7152-page-20-24.pdf'}, {'file_uuid': '3106200_2024-12-13_7153-page-0-4', 'file_path': '/usr/local/***/data/pdf_single_page/3106200_2024-12-13_7153-page-0-4.pdf'}, {'file_uuid': '3106200_2024-12-13_7153-page-5-9', 'file_path': '/usr/local/***/data/pdf_single_page/3106200_2024-12-13_7153-page-5-9.pdf'}, {'file_uuid': '3106200_2024-12-13_7153-page-10-14', 'file_path': '/usr/local/***/data/pdf_single_page/3106200_2024-12-13_7153-page-10-14.pdf'}, {'file_uuid': '3106200_2024-12-13_7153-page-15-19', 'file_path': '/usr/local/***/data/pdf_single_page/3106200_2024-12-13_7153-page-15-19.pdf'}, {'file_uuid': '3106200_2024-12-13_7153-page-20-24', 'file_path': '/usr/local/***/data/pdf_single_page/3106200_2024-12-13_7153-page-20-24.pdf'}, {'file_uuid': '3106200_2024-12-13_7153-page-25-29', 'file_path': '/usr/local/***/data/pdf_single_page/3106200_2024-12-13_7153-page-25-29.pdf'}, {'file_uuid': '3106200_2024-12-13_7153-page-30-33', 'file_path': '/usr/local/***/data/pdf_single_page/3106200_2024-12-13_7153-page-30-33.pdf'}, {'file_uuid': '3106200_2024-12-14_7154-page-0-4', 'file_path': '/usr/local/***/data/pdf_single_page/3106200_2024-12-14_7154-page-0-4.pdf'}, {'file_uuid': '3106200_2024-12-14_7154-page-5-9', 'file_path': '/usr/local/***/data/pdf_single_page/3106200_2024-12-14_7154-page-5-9.pdf'}, {'file_uuid': '3106200_2024-12-14_7154-page-10-14', 'file_path': '/usr/local/***/data/pdf_single_page/3106200_2024-12-14_7154-page-10-14.pdf'}, {'file_uuid': '3106200_2024-12-14_7154-page-15-19', 'file_path': '/usr/local/***/data/pdf_single_page/3106200_2024-12-14_7154-page-15-19.pdf'}, {'file_uuid': '3106200_2024-12-14_7154-page-20-24', 'file_path': '/usr/local/***/data/pdf_single_page/3106200_2024-12-14_7154-page-20-24.pdf'}, {'file_uuid': '3106200_2024-12-14_7154-page-25-29', 'file_path': '/usr/local/***/data/pdf_single_page/3106200_2024-12-14_7154-page-25-29.pdf'}, {'file_uuid': '3106200_2024-12-14_7154-page-30-31', 'file_path': '/usr/local/***/data/pdf_single_page/3106200_2024-12-14_7154-page-30-31.pdf'}, {'file_uuid': '3106200_2024-12-17_7155-page-0-4', 'file_path': '/usr/local/***/data/pdf_single_page/3106200_2024-12-17_7155-page-0-4.pdf'}, {'file_uuid': '3106200_2024-12-17_7155-page-5-9', 'file_path': '/usr/local/***/data/pdf_single_page/3106200_2024-12-17_7155-page-5-9.pdf'}, {'file_uuid': '3106200_2024-12-17_7155-page-10-14', 'file_path': '/usr/local/***/data/pdf_single_page/3106200_2024-12-17_7155-page-10-14.pdf'}, {'file_uuid': '3106200_2024-12-17_7155-page-15-19', 'file_path': '/usr/local/***/data/pdf_single_page/3106200_2024-12-17_7155-page-15-19.pdf'}, {'file_uuid': '3106200_2024-12-17_7155-page-20-24', 'file_path': '/usr/local/***/data/pdf_single_page/3106200_2024-12-17_7155-page-20-24.pdf'}, {'file_uuid': '3106200_2024-12-18_7156-page-0-4', 'file_path': '/usr/local/***/data/pdf_single_page/3106200_2024-12-18_7156-page-0-4.pdf'}, {'file_uuid': '3106200_2024-12-18_7156-page-5-9', 'file_path': '/usr/local/***/data/pdf_single_page/3106200_2024-12-18_7156-page-5-9.pdf'}, {'file_uuid': '3106200_2024-12-18_7156-page-10-14', 'file_path': '/usr/local/***/data/pdf_single_page/3106200_2024-12-18_7156-page-10-14.pdf'}, {'file_uuid': '3106200_2024-12-18_7156-page-15-19', 'file_path': '/usr/local/***/data/pdf_single_page/3106200_2024-12-18_7156-page-15-19.pdf'}, {'file_uuid': '3106200_2024-12-18_7156-page-20-24', 'file_path': '/usr/local/***/data/pdf_single_page/3106200_2024-12-18_7156-page-20-24.pdf'}, {'file_uuid': '3106200_2024-12-18_7156-page-25-29', 'file_path': '/usr/local/***/data/pdf_single_page/3106200_2024-12-18_7156-page-25-29.pdf'}, {'file_uuid': '3106200_2024-12-18_7156-page-30-34', 'file_path': '/usr/local/***/data/pdf_single_page/3106200_2024-12-18_7156-page-30-34.pdf'}, {'file_uuid': '3106200_2024-12-18_7156-page-35-39', 'file_path': '/usr/local/***/data/pdf_single_page/3106200_2024-12-18_7156-page-35-39.pdf'}, {'file_uuid': '3106200_2024-12-18_7156-page-40-44', 'file_path': '/usr/local/***/data/pdf_single_page/3106200_2024-12-18_7156-page-40-44.pdf'}, {'file_uuid': '3106200_2024-12-18_7156-page-45-49', 'file_path': '/usr/local/***/data/pdf_single_page/3106200_2024-12-18_7156-page-45-49.pdf'}, {'file_uuid': '3106200_2024-12-18_7156-page-50-54', 'file_path': '/usr/local/***/data/pdf_single_page/3106200_2024-12-18_7156-page-50-54.pdf'}, {'file_uuid': '3106200_2024-12-18_7156-page-55-59', 'file_path': '/usr/local/***/data/pdf_single_page/3106200_2024-12-18_7156-page-55-59.pdf'}, {'file_uuid': '3106200_2024-12-18_7156-page-60-64', 'file_path': '/usr/local/***/data/pdf_single_page/3106200_2024-12-18_7156-page-60-64.pdf'}, {'file_uuid': '3106200_2024-12-18_7156-page-65-69', 'file_path': '/usr/local/***/data/pdf_single_page/3106200_2024-12-18_7156-page-65-69.pdf'}, {'file_uuid': '3106200_2024-12-18_7156-page-70-71', 'file_path': '/usr/local/***/data/pdf_single_page/3106200_2024-12-18_7156-page-70-71.pdf'}, {'file_uuid': '3106200_2024-12-19_7157-page-0-4', 'file_path': '/usr/local/***/data/pdf_single_page/3106200_2024-12-19_7157-page-0-4.pdf'}, {'file_uuid': '3106200_2024-12-19_7157-page-5-9', 'file_path': '/usr/local/***/data/pdf_single_page/3106200_2024-12-19_7157-page-5-9.pdf'}, {'file_uuid': '3106200_2024-12-19_7157-page-10-14', 'file_path': '/usr/local/***/data/pdf_single_page/3106200_2024-12-19_7157-page-10-14.pdf'}, {'file_uuid': '3106200_2024-12-19_7157-page-15-19', 'file_path': '/usr/local/***/data/pdf_single_page/3106200_2024-12-19_7157-page-15-19.pdf'}, {'file_uuid': '3106200_2024-12-19_7157-page-20-24', 'file_path': '/usr/local/***/data/pdf_single_page/3106200_2024-12-19_7157-page-20-24.pdf'}, {'file_uuid': '3106200_2024-12-19_7157-page-25-29', 'file_path': '/usr/local/***/data/pdf_single_page/3106200_2024-12-19_7157-page-25-29.pdf'}, {'file_uuid': '3106200_2024-12-19_7157-page-30-34', 'file_path': '/usr/local/***/data/pdf_single_page/3106200_2024-12-19_7157-page-30-34.pdf'}]
[2025-01-24T22:11:45.048+0000] {document_converter.py:242} INFO - Going to convert document batch...
[2025-01-24T22:11:45.379+0000] {accelerator_utils.py:41} INFO - Accelerator device: 'cpu'
[2025-01-24T22:11:47.576+0000] {accelerator_utils.py:41} INFO - Accelerator device: 'cpu'
[2025-01-24T22:11:48.151+0000] {accelerator_utils.py:41} INFO - Accelerator device: 'cpu'
[2025-01-24T22:11:48.622+0000] {base_pipeline.py:38} INFO - Processing document 3106200_2024-11-22_7138-page-0-4.pdf
[2025-01-24T22:12:08.322+0000] {document_converter.py:257} INFO - Finished converting document 3106200_2024-11-22_7138-page-0-4.pdf in 23.35 sec.
[2025-01-24T22:12:08.355+0000] {warnings.py:112} WARNING - /opt/***/dags/utils/preprocess_documents.py:112: FutureWarning: The behavior of DataFrame concatenation with empty or all-NA entries is deprecated. In a future version, this will no longer exclude empty or all-NA columns when determining the result dtypes. To retain the old behavior, exclude the relevant entries before the concat operation.
  metadata = pd.concat([metadata, pd.DataFrame(data_to_append)])

[2025-01-24T22:12:08.356+0000] {logging_mixin.py:190} INFO - Saving in path: /usr/local/***/data/preprocessed_documents/3106200_2024-11-22_7138-page-0-4.md
[2025-01-24T22:12:08.367+0000] {document_converter.py:242} INFO - Going to convert document batch...
[2025-01-24T22:12:08.525+0000] {accelerator_utils.py:41} INFO - Accelerator device: 'cpu'
[2025-01-24T22:12:10.484+0000] {accelerator_utils.py:41} INFO - Accelerator device: 'cpu'
[2025-01-24T22:12:11.234+0000] {accelerator_utils.py:41} INFO - Accelerator device: 'cpu'
[2025-01-24T22:12:11.558+0000] {base_pipeline.py:38} INFO - Processing document 3106200_2024-11-22_7138-page-5-9.pdf
[2025-01-24T22:13:05.986+0000] {document_converter.py:257} INFO - Finished converting document 3106200_2024-11-22_7138-page-5-9.pdf in 57.63 sec.
[2025-01-24T22:13:06.049+0000] {logging_mixin.py:190} INFO - Saving in path: /usr/local/***/data/preprocessed_documents/3106200_2024-11-22_7138-page-5-9.md
[2025-01-24T22:13:06.061+0000] {document_converter.py:242} INFO - Going to convert document batch...
[2025-01-24T22:13:06.222+0000] {accelerator_utils.py:41} INFO - Accelerator device: 'cpu'
[2025-01-24T22:13:08.145+0000] {accelerator_utils.py:41} INFO - Accelerator device: 'cpu'
[2025-01-24T22:13:08.521+0000] {accelerator_utils.py:41} INFO - Accelerator device: 'cpu'
[2025-01-24T22:13:08.830+0000] {base_pipeline.py:38} INFO - Processing document 3106200_2024-11-22_7138-page-10-14.pdf
[2025-01-24T22:13:16.276+0000] {document_converter.py:257} INFO - Finished converting document 3106200_2024-11-22_7138-page-10-14.pdf in 10.22 sec.
[2025-01-24T22:13:16.299+0000] {logging_mixin.py:190} INFO - Saving in path: /usr/local/***/data/preprocessed_documents/3106200_2024-11-22_7138-page-10-14.md
[2025-01-24T22:13:16.309+0000] {document_converter.py:242} INFO - Going to convert document batch...
[2025-01-24T22:13:16.484+0000] {accelerator_utils.py:41} INFO - Accelerator device: 'cpu'
[2025-01-24T22:13:18.558+0000] {accelerator_utils.py:41} INFO - Accelerator device: 'cpu'
[2025-01-24T22:13:18.943+0000] {accelerator_utils.py:41} INFO - Accelerator device: 'cpu'
[2025-01-24T22:13:19.265+0000] {base_pipeline.py:38} INFO - Processing document 3106200_2024-11-22_7138-page-15-19.pdf
[2025-01-24T22:13:27.242+0000] {document_converter.py:257} INFO - Finished converting document 3106200_2024-11-22_7138-page-15-19.pdf in 10.94 sec.
[2025-01-24T22:13:27.265+0000] {logging_mixin.py:190} INFO - Saving in path: /usr/local/***/data/preprocessed_documents/3106200_2024-11-22_7138-page-15-19.md
[2025-01-24T22:13:27.276+0000] {document_converter.py:242} INFO - Going to convert document batch...
[2025-01-24T22:13:27.425+0000] {accelerator_utils.py:41} INFO - Accelerator device: 'cpu'
[2025-01-24T22:13:29.333+0000] {accelerator_utils.py:41} INFO - Accelerator device: 'cpu'
[2025-01-24T22:13:29.746+0000] {accelerator_utils.py:41} INFO - Accelerator device: 'cpu'
[2025-01-24T22:13:30.055+0000] {base_pipeline.py:38} INFO - Processing document 3106200_2024-11-22_7138-page-20-24.pdf
[2025-01-24T22:13:40.136+0000] {document_converter.py:257} INFO - Finished converting document 3106200_2024-11-22_7138-page-20-24.pdf in 12.87 sec.
[2025-01-24T22:13:40.151+0000] {logging_mixin.py:190} INFO - Saving in path: /usr/local/***/data/preprocessed_documents/3106200_2024-11-22_7138-page-20-24.md
[2025-01-24T22:13:40.161+0000] {document_converter.py:242} INFO - Going to convert document batch...
[2025-01-24T22:13:40.322+0000] {accelerator_utils.py:41} INFO - Accelerator device: 'cpu'
[2025-01-24T22:13:42.420+0000] {accelerator_utils.py:41} INFO - Accelerator device: 'cpu'
[2025-01-24T22:13:42.815+0000] {accelerator_utils.py:41} INFO - Accelerator device: 'cpu'
[2025-01-24T22:13:43.145+0000] {base_pipeline.py:38} INFO - Processing document 3106200_2024-11-22_7138-page-25-29.pdf
[2025-01-24T22:13:52.833+0000] {document_converter.py:257} INFO - Finished converting document 3106200_2024-11-22_7138-page-25-29.pdf in 12.68 sec.
[2025-01-24T22:13:52.847+0000] {logging_mixin.py:190} INFO - Saving in path: /usr/local/***/data/preprocessed_documents/3106200_2024-11-22_7138-page-25-29.md
[2025-01-24T22:13:52.861+0000] {document_converter.py:242} INFO - Going to convert document batch...
[2025-01-24T22:13:53.040+0000] {accelerator_utils.py:41} INFO - Accelerator device: 'cpu'
[2025-01-24T22:13:55.042+0000] {accelerator_utils.py:41} INFO - Accelerator device: 'cpu'
[2025-01-24T22:13:55.787+0000] {accelerator_utils.py:41} INFO - Accelerator device: 'cpu'
[2025-01-24T22:13:56.108+0000] {base_pipeline.py:38} INFO - Processing document 3106200_2024-11-22_7138-page-30-34.pdf
[2025-01-24T22:14:09.136+0000] {document_converter.py:257} INFO - Finished converting document 3106200_2024-11-22_7138-page-30-34.pdf in 16.28 sec.
[2025-01-24T22:14:09.156+0000] {logging_mixin.py:190} INFO - Saving in path: /usr/local/***/data/preprocessed_documents/3106200_2024-11-22_7138-page-30-34.md
[2025-01-24T22:14:09.166+0000] {document_converter.py:242} INFO - Going to convert document batch...
[2025-01-24T22:14:09.411+0000] {accelerator_utils.py:41} INFO - Accelerator device: 'cpu'
[2025-01-24T22:14:11.362+0000] {accelerator_utils.py:41} INFO - Accelerator device: 'cpu'
[2025-01-24T22:14:11.739+0000] {accelerator_utils.py:41} INFO - Accelerator device: 'cpu'
[2025-01-24T22:14:12.043+0000] {base_pipeline.py:38} INFO - Processing document 3106200_2024-11-22_7138-page-35-39.pdf
[2025-01-24T22:14:33.495+0000] {document_converter.py:257} INFO - Finished converting document 3106200_2024-11-22_7138-page-35-39.pdf in 24.33 sec.
[2025-01-24T22:14:33.524+0000] {logging_mixin.py:190} INFO - Saving in path: /usr/local/***/data/preprocessed_documents/3106200_2024-11-22_7138-page-35-39.md
[2025-01-24T22:14:33.534+0000] {document_converter.py:242} INFO - Going to convert document batch...
[2025-01-24T22:14:33.840+0000] {accelerator_utils.py:41} INFO - Accelerator device: 'cpu'
[2025-01-24T22:14:35.805+0000] {accelerator_utils.py:41} INFO - Accelerator device: 'cpu'
[2025-01-24T22:14:36.230+0000] {accelerator_utils.py:41} INFO - Accelerator device: 'cpu'
[2025-01-24T22:14:36.562+0000] {base_pipeline.py:38} INFO - Processing document 3106200_2024-11-22_7138-page-40-43.pdf
[2025-01-24T22:14:57.983+0000] {document_converter.py:257} INFO - Finished converting document 3106200_2024-11-22_7138-page-40-43.pdf in 24.45 sec.
[2025-01-24T22:14:58.005+0000] {logging_mixin.py:190} INFO - Saving in path: /usr/local/***/data/preprocessed_documents/3106200_2024-11-22_7138-page-40-43.md
[2025-01-24T22:14:58.015+0000] {document_converter.py:242} INFO - Going to convert document batch...
[2025-01-24T22:14:58.166+0000] {accelerator_utils.py:41} INFO - Accelerator device: 'cpu'
[2025-01-24T22:15:00.149+0000] {accelerator_utils.py:41} INFO - Accelerator device: 'cpu'
[2025-01-24T22:15:00.590+0000] {accelerator_utils.py:41} INFO - Accelerator device: 'cpu'
[2025-01-24T22:15:00.948+0000] {base_pipeline.py:38} INFO - Processing document 3106200_2024-11-23_7139-page-0-4.pdf
[2025-01-24T22:15:12.007+0000] {document_converter.py:257} INFO - Finished converting document 3106200_2024-11-23_7139-page-0-4.pdf in 14.00 sec.
[2025-01-24T22:15:12.022+0000] {logging_mixin.py:190} INFO - Saving in path: /usr/local/***/data/preprocessed_documents/3106200_2024-11-23_7139-page-0-4.md
[2025-01-24T22:15:12.033+0000] {document_converter.py:242} INFO - Going to convert document batch...
[2025-01-24T22:15:12.234+0000] {accelerator_utils.py:41} INFO - Accelerator device: 'cpu'
[2025-01-24T22:15:14.163+0000] {accelerator_utils.py:41} INFO - Accelerator device: 'cpu'
[2025-01-24T22:15:14.555+0000] {accelerator_utils.py:41} INFO - Accelerator device: 'cpu'
[2025-01-24T22:15:14.863+0000] {base_pipeline.py:38} INFO - Processing document 3106200_2024-11-23_7139-page-5-9.pdf
[2025-01-24T22:15:27.231+0000] {document_converter.py:257} INFO - Finished converting document 3106200_2024-11-23_7139-page-5-9.pdf in 15.20 sec.
[2025-01-24T22:15:27.245+0000] {logging_mixin.py:190} INFO - Saving in path: /usr/local/***/data/preprocessed_documents/3106200_2024-11-23_7139-page-5-9.md
[2025-01-24T22:15:27.256+0000] {document_converter.py:242} INFO - Going to convert document batch...
[2025-01-24T22:15:27.418+0000] {accelerator_utils.py:41} INFO - Accelerator device: 'cpu'
[2025-01-24T22:15:29.371+0000] {accelerator_utils.py:41} INFO - Accelerator device: 'cpu'
[2025-01-24T22:15:29.816+0000] {accelerator_utils.py:41} INFO - Accelerator device: 'cpu'
[2025-01-24T22:15:30.140+0000] {base_pipeline.py:38} INFO - Processing document 3106200_2024-11-23_7139-page-10-14.pdf
[2025-01-24T22:15:41.453+0000] {document_converter.py:257} INFO - Finished converting document 3106200_2024-11-23_7139-page-10-14.pdf in 14.20 sec.
[2025-01-24T22:15:41.473+0000] {logging_mixin.py:190} INFO - Saving in path: /usr/local/***/data/preprocessed_documents/3106200_2024-11-23_7139-page-10-14.md
[2025-01-24T22:15:41.484+0000] {document_converter.py:242} INFO - Going to convert document batch...
[2025-01-24T22:15:41.637+0000] {accelerator_utils.py:41} INFO - Accelerator device: 'cpu'
[2025-01-24T22:15:43.685+0000] {accelerator_utils.py:41} INFO - Accelerator device: 'cpu'
[2025-01-24T22:15:44.153+0000] {accelerator_utils.py:41} INFO - Accelerator device: 'cpu'
[2025-01-24T22:15:44.521+0000] {base_pipeline.py:38} INFO - Processing document 3106200_2024-11-23_7139-page-15-19.pdf
[2025-01-24T22:16:08.094+0000] {document_converter.py:257} INFO - Finished converting document 3106200_2024-11-23_7139-page-15-19.pdf in 26.62 sec.
[2025-01-24T22:16:08.134+0000] {logging_mixin.py:190} INFO - Saving in path: /usr/local/***/data/preprocessed_documents/3106200_2024-11-23_7139-page-15-19.md
[2025-01-24T22:16:08.145+0000] {document_converter.py:242} INFO - Going to convert document batch...
[2025-01-24T22:16:08.334+0000] {accelerator_utils.py:41} INFO - Accelerator device: 'cpu'
[2025-01-24T22:16:10.289+0000] {accelerator_utils.py:41} INFO - Accelerator device: 'cpu'
[2025-01-24T22:16:10.713+0000] {accelerator_utils.py:41} INFO - Accelerator device: 'cpu'
[2025-01-24T22:16:11.047+0000] {base_pipeline.py:38} INFO - Processing document 3106200_2024-11-23_7139-page-20-24.pdf
[2025-01-24T22:16:37.001+0000] {document_converter.py:257} INFO - Finished converting document 3106200_2024-11-23_7139-page-20-24.pdf in 28.86 sec.
[2025-01-24T22:16:37.030+0000] {logging_mixin.py:190} INFO - Saving in path: /usr/local/***/data/preprocessed_documents/3106200_2024-11-23_7139-page-20-24.md
[2025-01-24T22:16:37.040+0000] {document_converter.py:242} INFO - Going to convert document batch...
[2025-01-24T22:16:37.206+0000] {accelerator_utils.py:41} INFO - Accelerator device: 'cpu'
[2025-01-24T22:16:39.156+0000] {accelerator_utils.py:41} INFO - Accelerator device: 'cpu'
[2025-01-24T22:16:39.557+0000] {accelerator_utils.py:41} INFO - Accelerator device: 'cpu'
[2025-01-24T22:16:39.864+0000] {base_pipeline.py:38} INFO - Processing document 3106200_2024-11-23_7139-page-25-25.pdf
[2025-01-24T22:16:48.610+0000] {document_converter.py:257} INFO - Finished converting document 3106200_2024-11-23_7139-page-25-25.pdf in 11.57 sec.
[2025-01-24T22:16:48.618+0000] {logging_mixin.py:190} INFO - Saving in path: /usr/local/***/data/preprocessed_documents/3106200_2024-11-23_7139-page-25-25.md
[2025-01-24T22:16:48.644+0000] {document_converter.py:242} INFO - Going to convert document batch...
[2025-01-24T22:16:48.838+0000] {accelerator_utils.py:41} INFO - Accelerator device: 'cpu'
[2025-01-24T22:16:50.889+0000] {accelerator_utils.py:41} INFO - Accelerator device: 'cpu'
[2025-01-24T22:16:51.315+0000] {accelerator_utils.py:41} INFO - Accelerator device: 'cpu'
[2025-01-24T22:16:51.658+0000] {base_pipeline.py:38} INFO - Processing document 3106200_2024-11-26_7140-page-0-4.pdf
[2025-01-24T22:17:06.359+0000] {job.py:229} INFO - Heartbeat recovered after 11.82 seconds
[2025-01-24T22:17:06.378+0000] {local_task_job_runner.py:266} INFO - Task exited with return code -9For more information, see https://***.apache.org/docs/apache-***/stable/troubleshooting.html#LocalTaskJob-killed
[2025-01-24T22:17:06.416+0000] {taskinstance.py:3900} INFO - 0 downstream tasks scheduled from follow-on schedule check
[2025-01-24T22:17:06.418+0000] {local_task_job_runner.py:245} INFO - ::endgroup::
