[2025-01-24T21:23:44.908+0000] {local_task_job_runner.py:123} INFO - ::group::Pre task execution logs
[2025-01-24T21:23:44.924+0000] {taskinstance.py:2612} INFO - Dependencies all met for dep_context=non-requeueable deps ti=<TaskInstance: pull_gazettes_data.preprocess_documents_task manual__2025-01-24T21:10:42.449118+00:00 [queued]>
[2025-01-24T21:23:44.931+0000] {taskinstance.py:2612} INFO - Dependencies all met for dep_context=requeueable deps ti=<TaskInstance: pull_gazettes_data.preprocess_documents_task manual__2025-01-24T21:10:42.449118+00:00 [queued]>
[2025-01-24T21:23:44.931+0000] {taskinstance.py:2865} INFO - Starting attempt 2 of 2
[2025-01-24T21:23:44.945+0000] {taskinstance.py:2888} INFO - Executing <Task(PreprocessDocuments): preprocess_documents_task> on 2025-01-24 21:10:42.449118+00:00
[2025-01-24T21:23:44.960+0000] {warnings.py:112} WARNING - /home/***/.local/lib/python3.12/site-packages/***/task/task_runner/standard_task_runner.py:70: DeprecationWarning: This process (pid=984) is multi-threaded, use of fork() may lead to deadlocks in the child.
  pid = os.fork()

[2025-01-24T21:23:44.962+0000] {standard_task_runner.py:72} INFO - Started process 997 to run task
[2025-01-24T21:23:44.962+0000] {standard_task_runner.py:104} INFO - Running: ['***', 'tasks', 'run', 'pull_gazettes_data', 'preprocess_documents_task', 'manual__2025-01-24T21:10:42.449118+00:00', '--job-id', '11', '--raw', '--subdir', 'DAGS_FOLDER/dag_script.py', '--cfg-path', '/tmp/tmpg_znv__u']
[2025-01-24T21:23:44.964+0000] {standard_task_runner.py:105} INFO - Job 11: Subtask preprocess_documents_task
[2025-01-24T21:23:45.020+0000] {task_command.py:467} INFO - Running <TaskInstance: pull_gazettes_data.preprocess_documents_task manual__2025-01-24T21:10:42.449118+00:00 [running]> on host 9e85c216a3c8
[2025-01-24T21:23:45.087+0000] {taskinstance.py:3131} INFO - Exporting env vars: AIRFLOW_CTX_DAG_EMAIL='***@example.com' AIRFLOW_CTX_DAG_OWNER='***' AIRFLOW_CTX_DAG_ID='pull_gazettes_data' AIRFLOW_CTX_TASK_ID='preprocess_documents_task' AIRFLOW_CTX_EXECUTION_DATE='2025-01-24T21:10:42.449118+00:00' AIRFLOW_CTX_TRY_NUMBER='2' AIRFLOW_CTX_DAG_RUN_ID='manual__2025-01-24T21:10:42.449118+00:00'
[2025-01-24T21:23:45.089+0000] {taskinstance.py:731} INFO - ::endgroup::
[2025-01-24T21:23:45.109+0000] {logging_mixin.py:190} INFO - Checking pre processed documents log
[2025-01-24T21:23:45.120+0000] {logging_mixin.py:190} INFO - Already preprocessed documents: set()
[2025-01-24T21:23:45.122+0000] {logging_mixin.py:190} INFO - Breaking down pdf 3106200_2024-11-22_7138.pdf into multiple PDF single pages
[2025-01-24T21:23:45.647+0000] {logging_mixin.py:190} INFO - Breaking down pdf 3106200_2024-11-23_7139.pdf into multiple PDF single pages
[2025-01-24T21:23:46.422+0000] {logging_mixin.py:190} INFO - Breaking down pdf 3106200_2024-11-26_7140.pdf into multiple PDF single pages
[2025-01-24T21:23:46.902+0000] {logging_mixin.py:190} INFO - Breaking down pdf 3106200_2024-11-27_7141.pdf into multiple PDF single pages
[2025-01-24T21:23:47.399+0000] {logging_mixin.py:190} INFO - Breaking down pdf 3106200_2024-11-28_7142.pdf into multiple PDF single pages
[2025-01-24T21:23:48.269+0000] {logging_mixin.py:190} INFO - Breaking down pdf 3106200_2024-11-29_7143.pdf into multiple PDF single pages
[2025-01-24T21:23:49.250+0000] {logging_mixin.py:190} INFO - Breaking down pdf 3106200_2024-11-30_7144.pdf into multiple PDF single pages
[2025-01-24T21:23:49.790+0000] {logging_mixin.py:190} INFO - Breaking down pdf 3106200_2024-12-03_7145.pdf into multiple PDF single pages
[2025-01-24T21:23:50.262+0000] {logging_mixin.py:190} INFO - Breaking down pdf 3106200_2024-12-04_7146.pdf into multiple PDF single pages
[2025-01-24T21:23:50.955+0000] {logging_mixin.py:190} INFO - Breaking down pdf 3106200_2024-12-05_7147.pdf into multiple PDF single pages
[2025-01-24T21:23:51.323+0000] {logging_mixin.py:190} INFO - Breaking down pdf 3106200_2024-12-06_7148.pdf into multiple PDF single pages
[2025-01-24T21:23:52.327+0000] {logging_mixin.py:190} INFO - Breaking down pdf 3106200_2024-12-07_7149.pdf into multiple PDF single pages
[2025-01-24T21:23:52.962+0000] {logging_mixin.py:190} INFO - Breaking down pdf 3106200_2024-12-10_7150.pdf into multiple PDF single pages
[2025-01-24T21:23:53.305+0000] {logging_mixin.py:190} INFO - Breaking down pdf 3106200_2024-12-11_7151.pdf into multiple PDF single pages
[2025-01-24T21:23:53.873+0000] {logging_mixin.py:190} INFO - Breaking down pdf 3106200_2024-12-12_7152.pdf into multiple PDF single pages
[2025-01-24T21:23:54.787+0000] {logging_mixin.py:190} INFO - Breaking down pdf 3106200_2024-12-13_7153.pdf into multiple PDF single pages
[2025-01-24T21:23:55.282+0000] {logging_mixin.py:190} INFO - Breaking down pdf 3106200_2024-12-14_7154.pdf into multiple PDF single pages
[2025-01-24T21:23:55.788+0000] {logging_mixin.py:190} INFO - Breaking down pdf 3106200_2024-12-17_7155.pdf into multiple PDF single pages
[2025-01-24T21:23:56.232+0000] {logging_mixin.py:190} INFO - Breaking down pdf 3106200_2024-12-18_7156.pdf into multiple PDF single pages
[2025-01-24T21:23:57.866+0000] {logging_mixin.py:190} INFO - Breaking down pdf 3106200_2024-12-19_7157.pdf into multiple PDF single pages
[2025-01-24T21:23:58.339+0000] {logging_mixin.py:190} INFO - [{'file_uuid': '3106200_2024-11-22_7138-page-0-9', 'file_path': '/usr/local/***/data/pdf_single_page/3106200_2024-11-22_7138-page-0-9.pdf'}, {'file_uuid': '3106200_2024-11-22_7138-page-10-19', 'file_path': '/usr/local/***/data/pdf_single_page/3106200_2024-11-22_7138-page-10-19.pdf'}, {'file_uuid': '3106200_2024-11-22_7138-page-20-29', 'file_path': '/usr/local/***/data/pdf_single_page/3106200_2024-11-22_7138-page-20-29.pdf'}, {'file_uuid': '3106200_2024-11-22_7138-page-30-39', 'file_path': '/usr/local/***/data/pdf_single_page/3106200_2024-11-22_7138-page-30-39.pdf'}, {'file_uuid': '3106200_2024-11-22_7138-page-40-43', 'file_path': '/usr/local/***/data/pdf_single_page/3106200_2024-11-22_7138-page-40-43.pdf'}, {'file_uuid': '3106200_2024-11-23_7139-page-0-9', 'file_path': '/usr/local/***/data/pdf_single_page/3106200_2024-11-23_7139-page-0-9.pdf'}, {'file_uuid': '3106200_2024-11-23_7139-page-10-19', 'file_path': '/usr/local/***/data/pdf_single_page/3106200_2024-11-23_7139-page-10-19.pdf'}, {'file_uuid': '3106200_2024-11-23_7139-page-20-25', 'file_path': '/usr/local/***/data/pdf_single_page/3106200_2024-11-23_7139-page-20-25.pdf'}, {'file_uuid': '3106200_2024-11-26_7140-page-0-9', 'file_path': '/usr/local/***/data/pdf_single_page/3106200_2024-11-26_7140-page-0-9.pdf'}, {'file_uuid': '3106200_2024-11-26_7140-page-10-19', 'file_path': '/usr/local/***/data/pdf_single_page/3106200_2024-11-26_7140-page-10-19.pdf'}, {'file_uuid': '3106200_2024-11-26_7140-page-20-29', 'file_path': '/usr/local/***/data/pdf_single_page/3106200_2024-11-26_7140-page-20-29.pdf'}, {'file_uuid': '3106200_2024-11-26_7140-page-30-32', 'file_path': '/usr/local/***/data/pdf_single_page/3106200_2024-11-26_7140-page-30-32.pdf'}, {'file_uuid': '3106200_2024-11-27_7141-page-0-9', 'file_path': '/usr/local/***/data/pdf_single_page/3106200_2024-11-27_7141-page-0-9.pdf'}, {'file_uuid': '3106200_2024-11-27_7141-page-10-19', 'file_path': '/usr/local/***/data/pdf_single_page/3106200_2024-11-27_7141-page-10-19.pdf'}, {'file_uuid': '3106200_2024-11-27_7141-page-20-29', 'file_path': '/usr/local/***/data/pdf_single_page/3106200_2024-11-27_7141-page-20-29.pdf'}, {'file_uuid': '3106200_2024-11-27_7141-page-30-36', 'file_path': '/usr/local/***/data/pdf_single_page/3106200_2024-11-27_7141-page-30-36.pdf'}, {'file_uuid': '3106200_2024-11-28_7142-page-0-9', 'file_path': '/usr/local/***/data/pdf_single_page/3106200_2024-11-28_7142-page-0-9.pdf'}, {'file_uuid': '3106200_2024-11-28_7142-page-10-19', 'file_path': '/usr/local/***/data/pdf_single_page/3106200_2024-11-28_7142-page-10-19.pdf'}, {'file_uuid': '3106200_2024-11-28_7142-page-20-29', 'file_path': '/usr/local/***/data/pdf_single_page/3106200_2024-11-28_7142-page-20-29.pdf'}, {'file_uuid': '3106200_2024-11-28_7142-page-30-39', 'file_path': '/usr/local/***/data/pdf_single_page/3106200_2024-11-28_7142-page-30-39.pdf'}, {'file_uuid': '3106200_2024-11-28_7142-page-40-45', 'file_path': '/usr/local/***/data/pdf_single_page/3106200_2024-11-28_7142-page-40-45.pdf'}, {'file_uuid': '3106200_2024-11-29_7143-page-0-9', 'file_path': '/usr/local/***/data/pdf_single_page/3106200_2024-11-29_7143-page-0-9.pdf'}, {'file_uuid': '3106200_2024-11-29_7143-page-10-19', 'file_path': '/usr/local/***/data/pdf_single_page/3106200_2024-11-29_7143-page-10-19.pdf'}, {'file_uuid': '3106200_2024-11-29_7143-page-20-29', 'file_path': '/usr/local/***/data/pdf_single_page/3106200_2024-11-29_7143-page-20-29.pdf'}, {'file_uuid': '3106200_2024-11-29_7143-page-30-38', 'file_path': '/usr/local/***/data/pdf_single_page/3106200_2024-11-29_7143-page-30-38.pdf'}, {'file_uuid': '3106200_2024-11-30_7144-page-0-9', 'file_path': '/usr/local/***/data/pdf_single_page/3106200_2024-11-30_7144-page-0-9.pdf'}, {'file_uuid': '3106200_2024-11-30_7144-page-10-19', 'file_path': '/usr/local/***/data/pdf_single_page/3106200_2024-11-30_7144-page-10-19.pdf'}, {'file_uuid': '3106200_2024-11-30_7144-page-20-29', 'file_path': '/usr/local/***/data/pdf_single_page/3106200_2024-11-30_7144-page-20-29.pdf'}, {'file_uuid': '3106200_2024-11-30_7144-page-30-37', 'file_path': '/usr/local/***/data/pdf_single_page/3106200_2024-11-30_7144-page-30-37.pdf'}, {'file_uuid': '3106200_2024-12-03_7145-page-0-9', 'file_path': '/usr/local/***/data/pdf_single_page/3106200_2024-12-03_7145-page-0-9.pdf'}, {'file_uuid': '3106200_2024-12-03_7145-page-10-19', 'file_path': '/usr/local/***/data/pdf_single_page/3106200_2024-12-03_7145-page-10-19.pdf'}, {'file_uuid': '3106200_2024-12-03_7145-page-20-29', 'file_path': '/usr/local/***/data/pdf_single_page/3106200_2024-12-03_7145-page-20-29.pdf'}, {'file_uuid': '3106200_2024-12-03_7145-page-30-34', 'file_path': '/usr/local/***/data/pdf_single_page/3106200_2024-12-03_7145-page-30-34.pdf'}, {'file_uuid': '3106200_2024-12-04_7146-page-0-9', 'file_path': '/usr/local/***/data/pdf_single_page/3106200_2024-12-04_7146-page-0-9.pdf'}, {'file_uuid': '3106200_2024-12-04_7146-page-10-19', 'file_path': '/usr/local/***/data/pdf_single_page/3106200_2024-12-04_7146-page-10-19.pdf'}, {'file_uuid': '3106200_2024-12-04_7146-page-20-29', 'file_path': '/usr/local/***/data/pdf_single_page/3106200_2024-12-04_7146-page-20-29.pdf'}, {'file_uuid': '3106200_2024-12-04_7146-page-30-39', 'file_path': '/usr/local/***/data/pdf_single_page/3106200_2024-12-04_7146-page-30-39.pdf'}, {'file_uuid': '3106200_2024-12-05_7147-page-0-9', 'file_path': '/usr/local/***/data/pdf_single_page/3106200_2024-12-05_7147-page-0-9.pdf'}, {'file_uuid': '3106200_2024-12-05_7147-page-10-19', 'file_path': '/usr/local/***/data/pdf_single_page/3106200_2024-12-05_7147-page-10-19.pdf'}, {'file_uuid': '3106200_2024-12-05_7147-page-20-22', 'file_path': '/usr/local/***/data/pdf_single_page/3106200_2024-12-05_7147-page-20-22.pdf'}, {'file_uuid': '3106200_2024-12-06_7148-page-0-9', 'file_path': '/usr/local/***/data/pdf_single_page/3106200_2024-12-06_7148-page-0-9.pdf'}, {'file_uuid': '3106200_2024-12-06_7148-page-10-19', 'file_path': '/usr/local/***/data/pdf_single_page/3106200_2024-12-06_7148-page-10-19.pdf'}, {'file_uuid': '3106200_2024-12-06_7148-page-20-29', 'file_path': '/usr/local/***/data/pdf_single_page/3106200_2024-12-06_7148-page-20-29.pdf'}, {'file_uuid': '3106200_2024-12-06_7148-page-30-39', 'file_path': '/usr/local/***/data/pdf_single_page/3106200_2024-12-06_7148-page-30-39.pdf'}, {'file_uuid': '3106200_2024-12-07_7149-page-0-9', 'file_path': '/usr/local/***/data/pdf_single_page/3106200_2024-12-07_7149-page-0-9.pdf'}, {'file_uuid': '3106200_2024-12-07_7149-page-10-19', 'file_path': '/usr/local/***/data/pdf_single_page/3106200_2024-12-07_7149-page-10-19.pdf'}, {'file_uuid': '3106200_2024-12-07_7149-page-20-29', 'file_path': '/usr/local/***/data/pdf_single_page/3106200_2024-12-07_7149-page-20-29.pdf'}, {'file_uuid': '3106200_2024-12-07_7149-page-30-39', 'file_path': '/usr/local/***/data/pdf_single_page/3106200_2024-12-07_7149-page-30-39.pdf'}, {'file_uuid': '3106200_2024-12-07_7149-page-40-45', 'file_path': '/usr/local/***/data/pdf_single_page/3106200_2024-12-07_7149-page-40-45.pdf'}, {'file_uuid': '3106200_2024-12-10_7150-page-0-9', 'file_path': '/usr/local/***/data/pdf_single_page/3106200_2024-12-10_7150-page-0-9.pdf'}, {'file_uuid': '3106200_2024-12-10_7150-page-10-19', 'file_path': '/usr/local/***/data/pdf_single_page/3106200_2024-12-10_7150-page-10-19.pdf'}, {'file_uuid': '3106200_2024-12-10_7150-page-20-21', 'file_path': '/usr/local/***/data/pdf_single_page/3106200_2024-12-10_7150-page-20-21.pdf'}, {'file_uuid': '3106200_2024-12-11_7151-page-0-9', 'file_path': '/usr/local/***/data/pdf_single_page/3106200_2024-12-11_7151-page-0-9.pdf'}, {'file_uuid': '3106200_2024-12-11_7151-page-10-19', 'file_path': '/usr/local/***/data/pdf_single_page/3106200_2024-12-11_7151-page-10-19.pdf'}, {'file_uuid': '3106200_2024-12-11_7151-page-20-29', 'file_path': '/usr/local/***/data/pdf_single_page/3106200_2024-12-11_7151-page-20-29.pdf'}, {'file_uuid': '3106200_2024-12-11_7151-page-30-35', 'file_path': '/usr/local/***/data/pdf_single_page/3106200_2024-12-11_7151-page-30-35.pdf'}, {'file_uuid': '3106200_2024-12-12_7152-page-0-9', 'file_path': '/usr/local/***/data/pdf_single_page/3106200_2024-12-12_7152-page-0-9.pdf'}, {'file_uuid': '3106200_2024-12-12_7152-page-10-19', 'file_path': '/usr/local/***/data/pdf_single_page/3106200_2024-12-12_7152-page-10-19.pdf'}, {'file_uuid': '3106200_2024-12-12_7152-page-20-24', 'file_path': '/usr/local/***/data/pdf_single_page/3106200_2024-12-12_7152-page-20-24.pdf'}, {'file_uuid': '3106200_2024-12-13_7153-page-0-9', 'file_path': '/usr/local/***/data/pdf_single_page/3106200_2024-12-13_7153-page-0-9.pdf'}, {'file_uuid': '3106200_2024-12-13_7153-page-10-19', 'file_path': '/usr/local/***/data/pdf_single_page/3106200_2024-12-13_7153-page-10-19.pdf'}, {'file_uuid': '3106200_2024-12-13_7153-page-20-29', 'file_path': '/usr/local/***/data/pdf_single_page/3106200_2024-12-13_7153-page-20-29.pdf'}, {'file_uuid': '3106200_2024-12-13_7153-page-30-33', 'file_path': '/usr/local/***/data/pdf_single_page/3106200_2024-12-13_7153-page-30-33.pdf'}, {'file_uuid': '3106200_2024-12-14_7154-page-0-9', 'file_path': '/usr/local/***/data/pdf_single_page/3106200_2024-12-14_7154-page-0-9.pdf'}, {'file_uuid': '3106200_2024-12-14_7154-page-10-19', 'file_path': '/usr/local/***/data/pdf_single_page/3106200_2024-12-14_7154-page-10-19.pdf'}, {'file_uuid': '3106200_2024-12-14_7154-page-20-29', 'file_path': '/usr/local/***/data/pdf_single_page/3106200_2024-12-14_7154-page-20-29.pdf'}, {'file_uuid': '3106200_2024-12-14_7154-page-30-31', 'file_path': '/usr/local/***/data/pdf_single_page/3106200_2024-12-14_7154-page-30-31.pdf'}, {'file_uuid': '3106200_2024-12-17_7155-page-0-9', 'file_path': '/usr/local/***/data/pdf_single_page/3106200_2024-12-17_7155-page-0-9.pdf'}, {'file_uuid': '3106200_2024-12-17_7155-page-10-19', 'file_path': '/usr/local/***/data/pdf_single_page/3106200_2024-12-17_7155-page-10-19.pdf'}, {'file_uuid': '3106200_2024-12-17_7155-page-20-24', 'file_path': '/usr/local/***/data/pdf_single_page/3106200_2024-12-17_7155-page-20-24.pdf'}, {'file_uuid': '3106200_2024-12-18_7156-page-0-9', 'file_path': '/usr/local/***/data/pdf_single_page/3106200_2024-12-18_7156-page-0-9.pdf'}, {'file_uuid': '3106200_2024-12-18_7156-page-10-19', 'file_path': '/usr/local/***/data/pdf_single_page/3106200_2024-12-18_7156-page-10-19.pdf'}, {'file_uuid': '3106200_2024-12-18_7156-page-20-29', 'file_path': '/usr/local/***/data/pdf_single_page/3106200_2024-12-18_7156-page-20-29.pdf'}, {'file_uuid': '3106200_2024-12-18_7156-page-30-39', 'file_path': '/usr/local/***/data/pdf_single_page/3106200_2024-12-18_7156-page-30-39.pdf'}, {'file_uuid': '3106200_2024-12-18_7156-page-40-49', 'file_path': '/usr/local/***/data/pdf_single_page/3106200_2024-12-18_7156-page-40-49.pdf'}, {'file_uuid': '3106200_2024-12-18_7156-page-50-59', 'file_path': '/usr/local/***/data/pdf_single_page/3106200_2024-12-18_7156-page-50-59.pdf'}, {'file_uuid': '3106200_2024-12-18_7156-page-60-69', 'file_path': '/usr/local/***/data/pdf_single_page/3106200_2024-12-18_7156-page-60-69.pdf'}, {'file_uuid': '3106200_2024-12-18_7156-page-70-71', 'file_path': '/usr/local/***/data/pdf_single_page/3106200_2024-12-18_7156-page-70-71.pdf'}, {'file_uuid': '3106200_2024-12-19_7157-page-0-9', 'file_path': '/usr/local/***/data/pdf_single_page/3106200_2024-12-19_7157-page-0-9.pdf'}, {'file_uuid': '3106200_2024-12-19_7157-page-10-19', 'file_path': '/usr/local/***/data/pdf_single_page/3106200_2024-12-19_7157-page-10-19.pdf'}, {'file_uuid': '3106200_2024-12-19_7157-page-20-29', 'file_path': '/usr/local/***/data/pdf_single_page/3106200_2024-12-19_7157-page-20-29.pdf'}, {'file_uuid': '3106200_2024-12-19_7157-page-30-34', 'file_path': '/usr/local/***/data/pdf_single_page/3106200_2024-12-19_7157-page-30-34.pdf'}]
[2025-01-24T21:23:58.419+0000] {document_converter.py:242} INFO - Going to convert document batch...
[2025-01-24T21:23:58.733+0000] {accelerator_utils.py:41} INFO - Accelerator device: 'cpu'
[2025-01-24T21:24:00.891+0000] {accelerator_utils.py:41} INFO - Accelerator device: 'cpu'
[2025-01-24T21:24:01.462+0000] {accelerator_utils.py:41} INFO - Accelerator device: 'cpu'
[2025-01-24T21:24:01.951+0000] {base_pipeline.py:38} INFO - Processing document 3106200_2024-11-22_7138-page-0-9.pdf
[2025-01-24T21:25:19.498+0000] {document_converter.py:257} INFO - Finished converting document 3106200_2024-11-22_7138-page-0-9.pdf in 81.16 sec.
[2025-01-24T21:25:19.610+0000] {document_converter.py:242} INFO - Going to convert document batch...
[2025-01-24T21:25:19.766+0000] {accelerator_utils.py:41} INFO - Accelerator device: 'cpu'
[2025-01-24T21:25:21.774+0000] {accelerator_utils.py:41} INFO - Accelerator device: 'cpu'
[2025-01-24T21:25:22.202+0000] {accelerator_utils.py:41} INFO - Accelerator device: 'cpu'
[2025-01-24T21:25:22.537+0000] {base_pipeline.py:38} INFO - Processing document 3106200_2024-11-22_7138-page-10-19.pdf
[2025-01-24T21:25:38.434+0000] {document_converter.py:257} INFO - Finished converting document 3106200_2024-11-22_7138-page-10-19.pdf in 18.83 sec.
[2025-01-24T21:25:38.483+0000] {document_converter.py:242} INFO - Going to convert document batch...
[2025-01-24T21:25:38.667+0000] {accelerator_utils.py:41} INFO - Accelerator device: 'cpu'
[2025-01-24T21:25:40.761+0000] {accelerator_utils.py:41} INFO - Accelerator device: 'cpu'
[2025-01-24T21:25:41.217+0000] {accelerator_utils.py:41} INFO - Accelerator device: 'cpu'
[2025-01-24T21:25:41.549+0000] {base_pipeline.py:38} INFO - Processing document 3106200_2024-11-22_7138-page-20-29.pdf
[2025-01-24T21:26:02.831+0000] {document_converter.py:257} INFO - Finished converting document 3106200_2024-11-22_7138-page-20-29.pdf in 24.36 sec.
[2025-01-24T21:26:02.867+0000] {document_converter.py:242} INFO - Going to convert document batch...
[2025-01-24T21:26:03.017+0000] {accelerator_utils.py:41} INFO - Accelerator device: 'cpu'
[2025-01-24T21:26:05.048+0000] {accelerator_utils.py:41} INFO - Accelerator device: 'cpu'
[2025-01-24T21:26:05.484+0000] {accelerator_utils.py:41} INFO - Accelerator device: 'cpu'
[2025-01-24T21:26:05.834+0000] {base_pipeline.py:38} INFO - Processing document 3106200_2024-11-22_7138-page-30-39.pdf
[2025-01-24T21:26:42.379+0000] {document_converter.py:257} INFO - Finished converting document 3106200_2024-11-22_7138-page-30-39.pdf in 39.52 sec.
[2025-01-24T21:26:42.434+0000] {document_converter.py:242} INFO - Going to convert document batch...
[2025-01-24T21:26:42.586+0000] {accelerator_utils.py:41} INFO - Accelerator device: 'cpu'
[2025-01-24T21:26:44.705+0000] {accelerator_utils.py:41} INFO - Accelerator device: 'cpu'
[2025-01-24T21:26:45.186+0000] {accelerator_utils.py:41} INFO - Accelerator device: 'cpu'
[2025-01-24T21:26:45.531+0000] {base_pipeline.py:38} INFO - Processing document 3106200_2024-11-22_7138-page-40-43.pdf
[2025-01-24T21:27:07.367+0000] {document_converter.py:257} INFO - Finished converting document 3106200_2024-11-22_7138-page-40-43.pdf in 24.94 sec.
[2025-01-24T21:27:07.397+0000] {document_converter.py:242} INFO - Going to convert document batch...
[2025-01-24T21:27:07.544+0000] {accelerator_utils.py:41} INFO - Accelerator device: 'cpu'
[2025-01-24T21:27:09.640+0000] {accelerator_utils.py:41} INFO - Accelerator device: 'cpu'
[2025-01-24T21:27:10.154+0000] {accelerator_utils.py:41} INFO - Accelerator device: 'cpu'
[2025-01-24T21:27:10.514+0000] {base_pipeline.py:38} INFO - Processing document 3106200_2024-11-23_7139-page-0-9.pdf
[2025-01-24T21:27:35.976+0000] {document_converter.py:257} INFO - Finished converting document 3106200_2024-11-23_7139-page-0-9.pdf in 28.59 sec.
[2025-01-24T21:27:36.011+0000] {document_converter.py:242} INFO - Going to convert document batch...
[2025-01-24T21:27:36.163+0000] {accelerator_utils.py:41} INFO - Accelerator device: 'cpu'
[2025-01-24T21:27:38.289+0000] {accelerator_utils.py:41} INFO - Accelerator device: 'cpu'
[2025-01-24T21:27:39.128+0000] {accelerator_utils.py:41} INFO - Accelerator device: 'cpu'
[2025-01-24T21:27:39.465+0000] {base_pipeline.py:38} INFO - Processing document 3106200_2024-11-23_7139-page-10-19.pdf
[2025-01-24T21:28:16.551+0000] {document_converter.py:257} INFO - Finished converting document 3106200_2024-11-23_7139-page-10-19.pdf in 40.55 sec.
[2025-01-24T21:28:16.609+0000] {document_converter.py:242} INFO - Going to convert document batch...
[2025-01-24T21:28:16.761+0000] {accelerator_utils.py:41} INFO - Accelerator device: 'cpu'
[2025-01-24T21:28:18.885+0000] {accelerator_utils.py:41} INFO - Accelerator device: 'cpu'
[2025-01-24T21:28:19.372+0000] {accelerator_utils.py:41} INFO - Accelerator device: 'cpu'
[2025-01-24T21:28:19.724+0000] {base_pipeline.py:38} INFO - Processing document 3106200_2024-11-23_7139-page-20-25.pdf
[2025-01-24T21:28:56.541+0000] {document_converter.py:257} INFO - Finished converting document 3106200_2024-11-23_7139-page-20-25.pdf in 39.94 sec.
[2025-01-24T21:28:56.600+0000] {document_converter.py:242} INFO - Going to convert document batch...
[2025-01-24T21:28:56.749+0000] {accelerator_utils.py:41} INFO - Accelerator device: 'cpu'
[2025-01-24T21:28:58.820+0000] {accelerator_utils.py:41} INFO - Accelerator device: 'cpu'
[2025-01-24T21:28:59.279+0000] {accelerator_utils.py:41} INFO - Accelerator device: 'cpu'
[2025-01-24T21:28:59.637+0000] {base_pipeline.py:38} INFO - Processing document 3106200_2024-11-26_7140-page-0-9.pdf
[2025-01-24T21:29:25.962+0000] {job.py:229} INFO - Heartbeat recovered after 22.74 seconds
[2025-01-24T21:29:25.973+0000] {local_task_job_runner.py:266} INFO - Task exited with return code -9For more information, see https://***.apache.org/docs/apache-***/stable/troubleshooting.html#LocalTaskJob-killed
[2025-01-24T21:29:26.006+0000] {taskinstance.py:3900} INFO - 0 downstream tasks scheduled from follow-on schedule check
[2025-01-24T21:29:26.008+0000] {local_task_job_runner.py:245} INFO - ::endgroup::
