[2025-01-24T21:58:28.276+0000] {local_task_job_runner.py:123} INFO - ::group::Pre task execution logs
[2025-01-24T21:58:28.295+0000] {taskinstance.py:2612} INFO - Dependencies all met for dep_context=non-requeueable deps ti=<TaskInstance: pull_gazettes_data.preprocess_documents_task manual__2025-01-24T21:10:42.449118+00:00 [queued]>
[2025-01-24T21:58:28.306+0000] {taskinstance.py:2612} INFO - Dependencies all met for dep_context=requeueable deps ti=<TaskInstance: pull_gazettes_data.preprocess_documents_task manual__2025-01-24T21:10:42.449118+00:00 [queued]>
[2025-01-24T21:58:28.307+0000] {taskinstance.py:2865} INFO - Starting attempt 11 of 12
[2025-01-24T21:58:28.322+0000] {taskinstance.py:2888} INFO - Executing <Task(PreprocessDocuments): preprocess_documents_task> on 2025-01-24 21:10:42.449118+00:00
[2025-01-24T21:58:28.339+0000] {warnings.py:112} WARNING - /home/***/.local/lib/python3.12/site-packages/***/task/task_runner/standard_task_runner.py:70: DeprecationWarning: This process (pid=2546) is multi-threaded, use of fork() may lead to deadlocks in the child.
  pid = os.fork()

[2025-01-24T21:58:28.341+0000] {standard_task_runner.py:72} INFO - Started process 2577 to run task
[2025-01-24T21:58:28.341+0000] {standard_task_runner.py:104} INFO - Running: ['***', 'tasks', 'run', 'pull_gazettes_data', 'preprocess_documents_task', 'manual__2025-01-24T21:10:42.449118+00:00', '--job-id', '23', '--raw', '--subdir', 'DAGS_FOLDER/dag_script.py', '--cfg-path', '/tmp/tmpjz8s2h1k']
[2025-01-24T21:58:28.343+0000] {standard_task_runner.py:105} INFO - Job 23: Subtask preprocess_documents_task
[2025-01-24T21:58:28.387+0000] {task_command.py:467} INFO - Running <TaskInstance: pull_gazettes_data.preprocess_documents_task manual__2025-01-24T21:10:42.449118+00:00 [running]> on host 9e85c216a3c8
[2025-01-24T21:58:28.459+0000] {taskinstance.py:3131} INFO - Exporting env vars: AIRFLOW_CTX_DAG_EMAIL='***@example.com' AIRFLOW_CTX_DAG_OWNER='***' AIRFLOW_CTX_DAG_ID='pull_gazettes_data' AIRFLOW_CTX_TASK_ID='preprocess_documents_task' AIRFLOW_CTX_EXECUTION_DATE='2025-01-24T21:10:42.449118+00:00' AIRFLOW_CTX_TRY_NUMBER='11' AIRFLOW_CTX_DAG_RUN_ID='manual__2025-01-24T21:10:42.449118+00:00'
[2025-01-24T21:58:28.461+0000] {taskinstance.py:731} INFO - ::endgroup::
[2025-01-24T21:58:28.480+0000] {logging_mixin.py:190} INFO - Checking pre processed documents log
[2025-01-24T21:58:28.492+0000] {logging_mixin.py:190} INFO - Already preprocessed documents: {'3106200_2024-11-23_7139-page-20-25', '3106200_2024-11-23_7139-page-10-19', '3106200_2024-11-22_7138-page-40-43', '3106200_2024-11-23_7139-page-0-9', '3106200_2024-11-22_7138-page-10-19', '3106200_2024-11-22_7138-page-30-39', '3106200_2024-11-22_7138-page-20-29', '3106200_2024-11-22_7138-page-0-9'}
[2025-01-24T21:58:28.495+0000] {logging_mixin.py:190} INFO - Breaking down pdf 3106200_2024-11-22_7138.pdf into multiple PDF single pages
[2025-01-24T21:58:29.142+0000] {logging_mixin.py:190} INFO - File 3106200_2024-11-22_7138-page-40-43.pdf already broken down into
[2025-01-24T21:58:29.143+0000] {logging_mixin.py:190} INFO - File 3106200_2024-11-22_7138-page-40-43.pdf already preprocessed
[2025-01-24T21:58:29.143+0000] {logging_mixin.py:190} INFO - Breaking down pdf 3106200_2024-11-23_7139.pdf into multiple PDF single pages
[2025-01-24T21:58:30.074+0000] {logging_mixin.py:190} INFO - Breaking down pdf 3106200_2024-11-26_7140.pdf into multiple PDF single pages
[2025-01-24T21:58:30.633+0000] {logging_mixin.py:190} INFO - File 3106200_2024-11-26_7140-page-30-32.pdf already broken down into
[2025-01-24T21:58:30.634+0000] {logging_mixin.py:190} INFO - Breaking down pdf 3106200_2024-11-27_7141.pdf into multiple PDF single pages
[2025-01-24T21:58:31.203+0000] {logging_mixin.py:190} INFO - Breaking down pdf 3106200_2024-11-28_7142.pdf into multiple PDF single pages
[2025-01-24T21:58:32.118+0000] {logging_mixin.py:190} INFO - Breaking down pdf 3106200_2024-11-29_7143.pdf into multiple PDF single pages
[2025-01-24T21:58:33.205+0000] {logging_mixin.py:190} INFO - Breaking down pdf 3106200_2024-11-30_7144.pdf into multiple PDF single pages
[2025-01-24T21:58:33.817+0000] {logging_mixin.py:190} INFO - Breaking down pdf 3106200_2024-12-03_7145.pdf into multiple PDF single pages
[2025-01-24T21:58:34.279+0000] {logging_mixin.py:190} INFO - File 3106200_2024-12-03_7145-page-30-34.pdf already broken down into
[2025-01-24T21:58:34.280+0000] {logging_mixin.py:190} INFO - Breaking down pdf 3106200_2024-12-04_7146.pdf into multiple PDF single pages
[2025-01-24T21:58:34.970+0000] {logging_mixin.py:190} INFO - Breaking down pdf 3106200_2024-12-05_7147.pdf into multiple PDF single pages
[2025-01-24T21:58:35.328+0000] {logging_mixin.py:190} INFO - File 3106200_2024-12-05_7147-page-20-22.pdf already broken down into
[2025-01-24T21:58:35.328+0000] {logging_mixin.py:190} INFO - Breaking down pdf 3106200_2024-12-06_7148.pdf into multiple PDF single pages
[2025-01-24T21:58:36.426+0000] {logging_mixin.py:190} INFO - Breaking down pdf 3106200_2024-12-07_7149.pdf into multiple PDF single pages
[2025-01-24T21:58:37.179+0000] {logging_mixin.py:190} INFO - Breaking down pdf 3106200_2024-12-10_7150.pdf into multiple PDF single pages
[2025-01-24T21:58:37.536+0000] {logging_mixin.py:190} INFO - File 3106200_2024-12-10_7150-page-20-21.pdf already broken down into
[2025-01-24T21:58:37.536+0000] {logging_mixin.py:190} INFO - Breaking down pdf 3106200_2024-12-11_7151.pdf into multiple PDF single pages
[2025-01-24T21:58:38.124+0000] {logging_mixin.py:190} INFO - Breaking down pdf 3106200_2024-12-12_7152.pdf into multiple PDF single pages
[2025-01-24T21:58:38.994+0000] {logging_mixin.py:190} INFO - File 3106200_2024-12-12_7152-page-20-24.pdf already broken down into
[2025-01-24T21:58:38.994+0000] {logging_mixin.py:190} INFO - Breaking down pdf 3106200_2024-12-13_7153.pdf into multiple PDF single pages
[2025-01-24T21:58:39.477+0000] {logging_mixin.py:190} INFO - File 3106200_2024-12-13_7153-page-30-33.pdf already broken down into
[2025-01-24T21:58:39.478+0000] {logging_mixin.py:190} INFO - Breaking down pdf 3106200_2024-12-14_7154.pdf into multiple PDF single pages
[2025-01-24T21:58:39.974+0000] {logging_mixin.py:190} INFO - File 3106200_2024-12-14_7154-page-30-31.pdf already broken down into
[2025-01-24T21:58:39.975+0000] {logging_mixin.py:190} INFO - Breaking down pdf 3106200_2024-12-17_7155.pdf into multiple PDF single pages
[2025-01-24T21:58:40.359+0000] {logging_mixin.py:190} INFO - File 3106200_2024-12-17_7155-page-20-24.pdf already broken down into
[2025-01-24T21:58:40.360+0000] {logging_mixin.py:190} INFO - Breaking down pdf 3106200_2024-12-18_7156.pdf into multiple PDF single pages
[2025-01-24T21:58:42.000+0000] {logging_mixin.py:190} INFO - File 3106200_2024-12-18_7156-page-70-71.pdf already broken down into
[2025-01-24T21:58:42.001+0000] {logging_mixin.py:190} INFO - Breaking down pdf 3106200_2024-12-19_7157.pdf into multiple PDF single pages
[2025-01-24T21:58:42.501+0000] {logging_mixin.py:190} INFO - File 3106200_2024-12-19_7157-page-30-34.pdf already broken down into
[2025-01-24T21:58:42.502+0000] {logging_mixin.py:190} INFO - [{'file_uuid': '3106200_2024-11-22_7138-page-0-4', 'file_path': '/usr/local/***/data/pdf_single_page/3106200_2024-11-22_7138-page-0-4.pdf'}, {'file_uuid': '3106200_2024-11-22_7138-page-5-9', 'file_path': '/usr/local/***/data/pdf_single_page/3106200_2024-11-22_7138-page-5-9.pdf'}, {'file_uuid': '3106200_2024-11-22_7138-page-10-14', 'file_path': '/usr/local/***/data/pdf_single_page/3106200_2024-11-22_7138-page-10-14.pdf'}, {'file_uuid': '3106200_2024-11-22_7138-page-15-19', 'file_path': '/usr/local/***/data/pdf_single_page/3106200_2024-11-22_7138-page-15-19.pdf'}, {'file_uuid': '3106200_2024-11-22_7138-page-20-24', 'file_path': '/usr/local/***/data/pdf_single_page/3106200_2024-11-22_7138-page-20-24.pdf'}, {'file_uuid': '3106200_2024-11-22_7138-page-25-29', 'file_path': '/usr/local/***/data/pdf_single_page/3106200_2024-11-22_7138-page-25-29.pdf'}, {'file_uuid': '3106200_2024-11-22_7138-page-30-34', 'file_path': '/usr/local/***/data/pdf_single_page/3106200_2024-11-22_7138-page-30-34.pdf'}, {'file_uuid': '3106200_2024-11-22_7138-page-35-39', 'file_path': '/usr/local/***/data/pdf_single_page/3106200_2024-11-22_7138-page-35-39.pdf'}, {'file_uuid': '3106200_2024-11-23_7139-page-0-4', 'file_path': '/usr/local/***/data/pdf_single_page/3106200_2024-11-23_7139-page-0-4.pdf'}, {'file_uuid': '3106200_2024-11-23_7139-page-5-9', 'file_path': '/usr/local/***/data/pdf_single_page/3106200_2024-11-23_7139-page-5-9.pdf'}, {'file_uuid': '3106200_2024-11-23_7139-page-10-14', 'file_path': '/usr/local/***/data/pdf_single_page/3106200_2024-11-23_7139-page-10-14.pdf'}, {'file_uuid': '3106200_2024-11-23_7139-page-15-19', 'file_path': '/usr/local/***/data/pdf_single_page/3106200_2024-11-23_7139-page-15-19.pdf'}, {'file_uuid': '3106200_2024-11-23_7139-page-20-24', 'file_path': '/usr/local/***/data/pdf_single_page/3106200_2024-11-23_7139-page-20-24.pdf'}, {'file_uuid': '3106200_2024-11-23_7139-page-25-25', 'file_path': '/usr/local/***/data/pdf_single_page/3106200_2024-11-23_7139-page-25-25.pdf'}, {'file_uuid': '3106200_2024-11-26_7140-page-0-4', 'file_path': '/usr/local/***/data/pdf_single_page/3106200_2024-11-26_7140-page-0-4.pdf'}, {'file_uuid': '3106200_2024-11-26_7140-page-5-9', 'file_path': '/usr/local/***/data/pdf_single_page/3106200_2024-11-26_7140-page-5-9.pdf'}, {'file_uuid': '3106200_2024-11-26_7140-page-10-14', 'file_path': '/usr/local/***/data/pdf_single_page/3106200_2024-11-26_7140-page-10-14.pdf'}, {'file_uuid': '3106200_2024-11-26_7140-page-15-19', 'file_path': '/usr/local/***/data/pdf_single_page/3106200_2024-11-26_7140-page-15-19.pdf'}, {'file_uuid': '3106200_2024-11-26_7140-page-20-24', 'file_path': '/usr/local/***/data/pdf_single_page/3106200_2024-11-26_7140-page-20-24.pdf'}, {'file_uuid': '3106200_2024-11-26_7140-page-25-29', 'file_path': '/usr/local/***/data/pdf_single_page/3106200_2024-11-26_7140-page-25-29.pdf'}, {'file_uuid': '3106200_2024-11-26_7140-page-30-32', 'file_path': '/usr/local/***/data/pdf_single_page/3106200_2024-11-26_7140-page-30-32.pdf'}, {'file_uuid': '3106200_2024-11-27_7141-page-0-4', 'file_path': '/usr/local/***/data/pdf_single_page/3106200_2024-11-27_7141-page-0-4.pdf'}, {'file_uuid': '3106200_2024-11-27_7141-page-5-9', 'file_path': '/usr/local/***/data/pdf_single_page/3106200_2024-11-27_7141-page-5-9.pdf'}, {'file_uuid': '3106200_2024-11-27_7141-page-10-14', 'file_path': '/usr/local/***/data/pdf_single_page/3106200_2024-11-27_7141-page-10-14.pdf'}, {'file_uuid': '3106200_2024-11-27_7141-page-15-19', 'file_path': '/usr/local/***/data/pdf_single_page/3106200_2024-11-27_7141-page-15-19.pdf'}, {'file_uuid': '3106200_2024-11-27_7141-page-20-24', 'file_path': '/usr/local/***/data/pdf_single_page/3106200_2024-11-27_7141-page-20-24.pdf'}, {'file_uuid': '3106200_2024-11-27_7141-page-25-29', 'file_path': '/usr/local/***/data/pdf_single_page/3106200_2024-11-27_7141-page-25-29.pdf'}, {'file_uuid': '3106200_2024-11-27_7141-page-30-34', 'file_path': '/usr/local/***/data/pdf_single_page/3106200_2024-11-27_7141-page-30-34.pdf'}, {'file_uuid': '3106200_2024-11-27_7141-page-35-36', 'file_path': '/usr/local/***/data/pdf_single_page/3106200_2024-11-27_7141-page-35-36.pdf'}, {'file_uuid': '3106200_2024-11-28_7142-page-0-4', 'file_path': '/usr/local/***/data/pdf_single_page/3106200_2024-11-28_7142-page-0-4.pdf'}, {'file_uuid': '3106200_2024-11-28_7142-page-5-9', 'file_path': '/usr/local/***/data/pdf_single_page/3106200_2024-11-28_7142-page-5-9.pdf'}, {'file_uuid': '3106200_2024-11-28_7142-page-10-14', 'file_path': '/usr/local/***/data/pdf_single_page/3106200_2024-11-28_7142-page-10-14.pdf'}, {'file_uuid': '3106200_2024-11-28_7142-page-15-19', 'file_path': '/usr/local/***/data/pdf_single_page/3106200_2024-11-28_7142-page-15-19.pdf'}, {'file_uuid': '3106200_2024-11-28_7142-page-20-24', 'file_path': '/usr/local/***/data/pdf_single_page/3106200_2024-11-28_7142-page-20-24.pdf'}, {'file_uuid': '3106200_2024-11-28_7142-page-25-29', 'file_path': '/usr/local/***/data/pdf_single_page/3106200_2024-11-28_7142-page-25-29.pdf'}, {'file_uuid': '3106200_2024-11-28_7142-page-30-34', 'file_path': '/usr/local/***/data/pdf_single_page/3106200_2024-11-28_7142-page-30-34.pdf'}, {'file_uuid': '3106200_2024-11-28_7142-page-35-39', 'file_path': '/usr/local/***/data/pdf_single_page/3106200_2024-11-28_7142-page-35-39.pdf'}, {'file_uuid': '3106200_2024-11-28_7142-page-40-44', 'file_path': '/usr/local/***/data/pdf_single_page/3106200_2024-11-28_7142-page-40-44.pdf'}, {'file_uuid': '3106200_2024-11-28_7142-page-45-45', 'file_path': '/usr/local/***/data/pdf_single_page/3106200_2024-11-28_7142-page-45-45.pdf'}, {'file_uuid': '3106200_2024-11-29_7143-page-0-4', 'file_path': '/usr/local/***/data/pdf_single_page/3106200_2024-11-29_7143-page-0-4.pdf'}, {'file_uuid': '3106200_2024-11-29_7143-page-5-9', 'file_path': '/usr/local/***/data/pdf_single_page/3106200_2024-11-29_7143-page-5-9.pdf'}, {'file_uuid': '3106200_2024-11-29_7143-page-10-14', 'file_path': '/usr/local/***/data/pdf_single_page/3106200_2024-11-29_7143-page-10-14.pdf'}, {'file_uuid': '3106200_2024-11-29_7143-page-15-19', 'file_path': '/usr/local/***/data/pdf_single_page/3106200_2024-11-29_7143-page-15-19.pdf'}, {'file_uuid': '3106200_2024-11-29_7143-page-20-24', 'file_path': '/usr/local/***/data/pdf_single_page/3106200_2024-11-29_7143-page-20-24.pdf'}, {'file_uuid': '3106200_2024-11-29_7143-page-25-29', 'file_path': '/usr/local/***/data/pdf_single_page/3106200_2024-11-29_7143-page-25-29.pdf'}, {'file_uuid': '3106200_2024-11-29_7143-page-30-34', 'file_path': '/usr/local/***/data/pdf_single_page/3106200_2024-11-29_7143-page-30-34.pdf'}, {'file_uuid': '3106200_2024-11-29_7143-page-35-38', 'file_path': '/usr/local/***/data/pdf_single_page/3106200_2024-11-29_7143-page-35-38.pdf'}, {'file_uuid': '3106200_2024-11-30_7144-page-0-4', 'file_path': '/usr/local/***/data/pdf_single_page/3106200_2024-11-30_7144-page-0-4.pdf'}, {'file_uuid': '3106200_2024-11-30_7144-page-5-9', 'file_path': '/usr/local/***/data/pdf_single_page/3106200_2024-11-30_7144-page-5-9.pdf'}, {'file_uuid': '3106200_2024-11-30_7144-page-10-14', 'file_path': '/usr/local/***/data/pdf_single_page/3106200_2024-11-30_7144-page-10-14.pdf'}, {'file_uuid': '3106200_2024-11-30_7144-page-15-19', 'file_path': '/usr/local/***/data/pdf_single_page/3106200_2024-11-30_7144-page-15-19.pdf'}, {'file_uuid': '3106200_2024-11-30_7144-page-20-24', 'file_path': '/usr/local/***/data/pdf_single_page/3106200_2024-11-30_7144-page-20-24.pdf'}, {'file_uuid': '3106200_2024-11-30_7144-page-25-29', 'file_path': '/usr/local/***/data/pdf_single_page/3106200_2024-11-30_7144-page-25-29.pdf'}, {'file_uuid': '3106200_2024-11-30_7144-page-30-34', 'file_path': '/usr/local/***/data/pdf_single_page/3106200_2024-11-30_7144-page-30-34.pdf'}, {'file_uuid': '3106200_2024-11-30_7144-page-35-37', 'file_path': '/usr/local/***/data/pdf_single_page/3106200_2024-11-30_7144-page-35-37.pdf'}, {'file_uuid': '3106200_2024-12-03_7145-page-0-4', 'file_path': '/usr/local/***/data/pdf_single_page/3106200_2024-12-03_7145-page-0-4.pdf'}, {'file_uuid': '3106200_2024-12-03_7145-page-5-9', 'file_path': '/usr/local/***/data/pdf_single_page/3106200_2024-12-03_7145-page-5-9.pdf'}, {'file_uuid': '3106200_2024-12-03_7145-page-10-14', 'file_path': '/usr/local/***/data/pdf_single_page/3106200_2024-12-03_7145-page-10-14.pdf'}, {'file_uuid': '3106200_2024-12-03_7145-page-15-19', 'file_path': '/usr/local/***/data/pdf_single_page/3106200_2024-12-03_7145-page-15-19.pdf'}, {'file_uuid': '3106200_2024-12-03_7145-page-20-24', 'file_path': '/usr/local/***/data/pdf_single_page/3106200_2024-12-03_7145-page-20-24.pdf'}, {'file_uuid': '3106200_2024-12-03_7145-page-25-29', 'file_path': '/usr/local/***/data/pdf_single_page/3106200_2024-12-03_7145-page-25-29.pdf'}, {'file_uuid': '3106200_2024-12-03_7145-page-30-34', 'file_path': '/usr/local/***/data/pdf_single_page/3106200_2024-12-03_7145-page-30-34.pdf'}, {'file_uuid': '3106200_2024-12-04_7146-page-0-4', 'file_path': '/usr/local/***/data/pdf_single_page/3106200_2024-12-04_7146-page-0-4.pdf'}, {'file_uuid': '3106200_2024-12-04_7146-page-5-9', 'file_path': '/usr/local/***/data/pdf_single_page/3106200_2024-12-04_7146-page-5-9.pdf'}, {'file_uuid': '3106200_2024-12-04_7146-page-10-14', 'file_path': '/usr/local/***/data/pdf_single_page/3106200_2024-12-04_7146-page-10-14.pdf'}, {'file_uuid': '3106200_2024-12-04_7146-page-15-19', 'file_path': '/usr/local/***/data/pdf_single_page/3106200_2024-12-04_7146-page-15-19.pdf'}, {'file_uuid': '3106200_2024-12-04_7146-page-20-24', 'file_path': '/usr/local/***/data/pdf_single_page/3106200_2024-12-04_7146-page-20-24.pdf'}, {'file_uuid': '3106200_2024-12-04_7146-page-25-29', 'file_path': '/usr/local/***/data/pdf_single_page/3106200_2024-12-04_7146-page-25-29.pdf'}, {'file_uuid': '3106200_2024-12-04_7146-page-30-34', 'file_path': '/usr/local/***/data/pdf_single_page/3106200_2024-12-04_7146-page-30-34.pdf'}, {'file_uuid': '3106200_2024-12-04_7146-page-35-39', 'file_path': '/usr/local/***/data/pdf_single_page/3106200_2024-12-04_7146-page-35-39.pdf'}, {'file_uuid': '3106200_2024-12-05_7147-page-0-4', 'file_path': '/usr/local/***/data/pdf_single_page/3106200_2024-12-05_7147-page-0-4.pdf'}, {'file_uuid': '3106200_2024-12-05_7147-page-5-9', 'file_path': '/usr/local/***/data/pdf_single_page/3106200_2024-12-05_7147-page-5-9.pdf'}, {'file_uuid': '3106200_2024-12-05_7147-page-10-14', 'file_path': '/usr/local/***/data/pdf_single_page/3106200_2024-12-05_7147-page-10-14.pdf'}, {'file_uuid': '3106200_2024-12-05_7147-page-15-19', 'file_path': '/usr/local/***/data/pdf_single_page/3106200_2024-12-05_7147-page-15-19.pdf'}, {'file_uuid': '3106200_2024-12-05_7147-page-20-22', 'file_path': '/usr/local/***/data/pdf_single_page/3106200_2024-12-05_7147-page-20-22.pdf'}, {'file_uuid': '3106200_2024-12-06_7148-page-0-4', 'file_path': '/usr/local/***/data/pdf_single_page/3106200_2024-12-06_7148-page-0-4.pdf'}, {'file_uuid': '3106200_2024-12-06_7148-page-5-9', 'file_path': '/usr/local/***/data/pdf_single_page/3106200_2024-12-06_7148-page-5-9.pdf'}, {'file_uuid': '3106200_2024-12-06_7148-page-10-14', 'file_path': '/usr/local/***/data/pdf_single_page/3106200_2024-12-06_7148-page-10-14.pdf'}, {'file_uuid': '3106200_2024-12-06_7148-page-15-19', 'file_path': '/usr/local/***/data/pdf_single_page/3106200_2024-12-06_7148-page-15-19.pdf'}, {'file_uuid': '3106200_2024-12-06_7148-page-20-24', 'file_path': '/usr/local/***/data/pdf_single_page/3106200_2024-12-06_7148-page-20-24.pdf'}, {'file_uuid': '3106200_2024-12-06_7148-page-25-29', 'file_path': '/usr/local/***/data/pdf_single_page/3106200_2024-12-06_7148-page-25-29.pdf'}, {'file_uuid': '3106200_2024-12-06_7148-page-30-34', 'file_path': '/usr/local/***/data/pdf_single_page/3106200_2024-12-06_7148-page-30-34.pdf'}, {'file_uuid': '3106200_2024-12-06_7148-page-35-39', 'file_path': '/usr/local/***/data/pdf_single_page/3106200_2024-12-06_7148-page-35-39.pdf'}, {'file_uuid': '3106200_2024-12-07_7149-page-0-4', 'file_path': '/usr/local/***/data/pdf_single_page/3106200_2024-12-07_7149-page-0-4.pdf'}, {'file_uuid': '3106200_2024-12-07_7149-page-5-9', 'file_path': '/usr/local/***/data/pdf_single_page/3106200_2024-12-07_7149-page-5-9.pdf'}, {'file_uuid': '3106200_2024-12-07_7149-page-10-14', 'file_path': '/usr/local/***/data/pdf_single_page/3106200_2024-12-07_7149-page-10-14.pdf'}, {'file_uuid': '3106200_2024-12-07_7149-page-15-19', 'file_path': '/usr/local/***/data/pdf_single_page/3106200_2024-12-07_7149-page-15-19.pdf'}, {'file_uuid': '3106200_2024-12-07_7149-page-20-24', 'file_path': '/usr/local/***/data/pdf_single_page/3106200_2024-12-07_7149-page-20-24.pdf'}, {'file_uuid': '3106200_2024-12-07_7149-page-25-29', 'file_path': '/usr/local/***/data/pdf_single_page/3106200_2024-12-07_7149-page-25-29.pdf'}, {'file_uuid': '3106200_2024-12-07_7149-page-30-34', 'file_path': '/usr/local/***/data/pdf_single_page/3106200_2024-12-07_7149-page-30-34.pdf'}, {'file_uuid': '3106200_2024-12-07_7149-page-35-39', 'file_path': '/usr/local/***/data/pdf_single_page/3106200_2024-12-07_7149-page-35-39.pdf'}, {'file_uuid': '3106200_2024-12-07_7149-page-40-44', 'file_path': '/usr/local/***/data/pdf_single_page/3106200_2024-12-07_7149-page-40-44.pdf'}, {'file_uuid': '3106200_2024-12-07_7149-page-45-45', 'file_path': '/usr/local/***/data/pdf_single_page/3106200_2024-12-07_7149-page-45-45.pdf'}, {'file_uuid': '3106200_2024-12-10_7150-page-0-4', 'file_path': '/usr/local/***/data/pdf_single_page/3106200_2024-12-10_7150-page-0-4.pdf'}, {'file_uuid': '3106200_2024-12-10_7150-page-5-9', 'file_path': '/usr/local/***/data/pdf_single_page/3106200_2024-12-10_7150-page-5-9.pdf'}, {'file_uuid': '3106200_2024-12-10_7150-page-10-14', 'file_path': '/usr/local/***/data/pdf_single_page/3106200_2024-12-10_7150-page-10-14.pdf'}, {'file_uuid': '3106200_2024-12-10_7150-page-15-19', 'file_path': '/usr/local/***/data/pdf_single_page/3106200_2024-12-10_7150-page-15-19.pdf'}, {'file_uuid': '3106200_2024-12-10_7150-page-20-21', 'file_path': '/usr/local/***/data/pdf_single_page/3106200_2024-12-10_7150-page-20-21.pdf'}, {'file_uuid': '3106200_2024-12-11_7151-page-0-4', 'file_path': '/usr/local/***/data/pdf_single_page/3106200_2024-12-11_7151-page-0-4.pdf'}, {'file_uuid': '3106200_2024-12-11_7151-page-5-9', 'file_path': '/usr/local/***/data/pdf_single_page/3106200_2024-12-11_7151-page-5-9.pdf'}, {'file_uuid': '3106200_2024-12-11_7151-page-10-14', 'file_path': '/usr/local/***/data/pdf_single_page/3106200_2024-12-11_7151-page-10-14.pdf'}, {'file_uuid': '3106200_2024-12-11_7151-page-15-19', 'file_path': '/usr/local/***/data/pdf_single_page/3106200_2024-12-11_7151-page-15-19.pdf'}, {'file_uuid': '3106200_2024-12-11_7151-page-20-24', 'file_path': '/usr/local/***/data/pdf_single_page/3106200_2024-12-11_7151-page-20-24.pdf'}, {'file_uuid': '3106200_2024-12-11_7151-page-25-29', 'file_path': '/usr/local/***/data/pdf_single_page/3106200_2024-12-11_7151-page-25-29.pdf'}, {'file_uuid': '3106200_2024-12-11_7151-page-30-34', 'file_path': '/usr/local/***/data/pdf_single_page/3106200_2024-12-11_7151-page-30-34.pdf'}, {'file_uuid': '3106200_2024-12-11_7151-page-35-35', 'file_path': '/usr/local/***/data/pdf_single_page/3106200_2024-12-11_7151-page-35-35.pdf'}, {'file_uuid': '3106200_2024-12-12_7152-page-0-4', 'file_path': '/usr/local/***/data/pdf_single_page/3106200_2024-12-12_7152-page-0-4.pdf'}, {'file_uuid': '3106200_2024-12-12_7152-page-5-9', 'file_path': '/usr/local/***/data/pdf_single_page/3106200_2024-12-12_7152-page-5-9.pdf'}, {'file_uuid': '3106200_2024-12-12_7152-page-10-14', 'file_path': '/usr/local/***/data/pdf_single_page/3106200_2024-12-12_7152-page-10-14.pdf'}, {'file_uuid': '3106200_2024-12-12_7152-page-15-19', 'file_path': '/usr/local/***/data/pdf_single_page/3106200_2024-12-12_7152-page-15-19.pdf'}, {'file_uuid': '3106200_2024-12-12_7152-page-20-24', 'file_path': '/usr/local/***/data/pdf_single_page/3106200_2024-12-12_7152-page-20-24.pdf'}, {'file_uuid': '3106200_2024-12-13_7153-page-0-4', 'file_path': '/usr/local/***/data/pdf_single_page/3106200_2024-12-13_7153-page-0-4.pdf'}, {'file_uuid': '3106200_2024-12-13_7153-page-5-9', 'file_path': '/usr/local/***/data/pdf_single_page/3106200_2024-12-13_7153-page-5-9.pdf'}, {'file_uuid': '3106200_2024-12-13_7153-page-10-14', 'file_path': '/usr/local/***/data/pdf_single_page/3106200_2024-12-13_7153-page-10-14.pdf'}, {'file_uuid': '3106200_2024-12-13_7153-page-15-19', 'file_path': '/usr/local/***/data/pdf_single_page/3106200_2024-12-13_7153-page-15-19.pdf'}, {'file_uuid': '3106200_2024-12-13_7153-page-20-24', 'file_path': '/usr/local/***/data/pdf_single_page/3106200_2024-12-13_7153-page-20-24.pdf'}, {'file_uuid': '3106200_2024-12-13_7153-page-25-29', 'file_path': '/usr/local/***/data/pdf_single_page/3106200_2024-12-13_7153-page-25-29.pdf'}, {'file_uuid': '3106200_2024-12-13_7153-page-30-33', 'file_path': '/usr/local/***/data/pdf_single_page/3106200_2024-12-13_7153-page-30-33.pdf'}, {'file_uuid': '3106200_2024-12-14_7154-page-0-4', 'file_path': '/usr/local/***/data/pdf_single_page/3106200_2024-12-14_7154-page-0-4.pdf'}, {'file_uuid': '3106200_2024-12-14_7154-page-5-9', 'file_path': '/usr/local/***/data/pdf_single_page/3106200_2024-12-14_7154-page-5-9.pdf'}, {'file_uuid': '3106200_2024-12-14_7154-page-10-14', 'file_path': '/usr/local/***/data/pdf_single_page/3106200_2024-12-14_7154-page-10-14.pdf'}, {'file_uuid': '3106200_2024-12-14_7154-page-15-19', 'file_path': '/usr/local/***/data/pdf_single_page/3106200_2024-12-14_7154-page-15-19.pdf'}, {'file_uuid': '3106200_2024-12-14_7154-page-20-24', 'file_path': '/usr/local/***/data/pdf_single_page/3106200_2024-12-14_7154-page-20-24.pdf'}, {'file_uuid': '3106200_2024-12-14_7154-page-25-29', 'file_path': '/usr/local/***/data/pdf_single_page/3106200_2024-12-14_7154-page-25-29.pdf'}, {'file_uuid': '3106200_2024-12-14_7154-page-30-31', 'file_path': '/usr/local/***/data/pdf_single_page/3106200_2024-12-14_7154-page-30-31.pdf'}, {'file_uuid': '3106200_2024-12-17_7155-page-0-4', 'file_path': '/usr/local/***/data/pdf_single_page/3106200_2024-12-17_7155-page-0-4.pdf'}, {'file_uuid': '3106200_2024-12-17_7155-page-5-9', 'file_path': '/usr/local/***/data/pdf_single_page/3106200_2024-12-17_7155-page-5-9.pdf'}, {'file_uuid': '3106200_2024-12-17_7155-page-10-14', 'file_path': '/usr/local/***/data/pdf_single_page/3106200_2024-12-17_7155-page-10-14.pdf'}, {'file_uuid': '3106200_2024-12-17_7155-page-15-19', 'file_path': '/usr/local/***/data/pdf_single_page/3106200_2024-12-17_7155-page-15-19.pdf'}, {'file_uuid': '3106200_2024-12-17_7155-page-20-24', 'file_path': '/usr/local/***/data/pdf_single_page/3106200_2024-12-17_7155-page-20-24.pdf'}, {'file_uuid': '3106200_2024-12-18_7156-page-0-4', 'file_path': '/usr/local/***/data/pdf_single_page/3106200_2024-12-18_7156-page-0-4.pdf'}, {'file_uuid': '3106200_2024-12-18_7156-page-5-9', 'file_path': '/usr/local/***/data/pdf_single_page/3106200_2024-12-18_7156-page-5-9.pdf'}, {'file_uuid': '3106200_2024-12-18_7156-page-10-14', 'file_path': '/usr/local/***/data/pdf_single_page/3106200_2024-12-18_7156-page-10-14.pdf'}, {'file_uuid': '3106200_2024-12-18_7156-page-15-19', 'file_path': '/usr/local/***/data/pdf_single_page/3106200_2024-12-18_7156-page-15-19.pdf'}, {'file_uuid': '3106200_2024-12-18_7156-page-20-24', 'file_path': '/usr/local/***/data/pdf_single_page/3106200_2024-12-18_7156-page-20-24.pdf'}, {'file_uuid': '3106200_2024-12-18_7156-page-25-29', 'file_path': '/usr/local/***/data/pdf_single_page/3106200_2024-12-18_7156-page-25-29.pdf'}, {'file_uuid': '3106200_2024-12-18_7156-page-30-34', 'file_path': '/usr/local/***/data/pdf_single_page/3106200_2024-12-18_7156-page-30-34.pdf'}, {'file_uuid': '3106200_2024-12-18_7156-page-35-39', 'file_path': '/usr/local/***/data/pdf_single_page/3106200_2024-12-18_7156-page-35-39.pdf'}, {'file_uuid': '3106200_2024-12-18_7156-page-40-44', 'file_path': '/usr/local/***/data/pdf_single_page/3106200_2024-12-18_7156-page-40-44.pdf'}, {'file_uuid': '3106200_2024-12-18_7156-page-45-49', 'file_path': '/usr/local/***/data/pdf_single_page/3106200_2024-12-18_7156-page-45-49.pdf'}, {'file_uuid': '3106200_2024-12-18_7156-page-50-54', 'file_path': '/usr/local/***/data/pdf_single_page/3106200_2024-12-18_7156-page-50-54.pdf'}, {'file_uuid': '3106200_2024-12-18_7156-page-55-59', 'file_path': '/usr/local/***/data/pdf_single_page/3106200_2024-12-18_7156-page-55-59.pdf'}, {'file_uuid': '3106200_2024-12-18_7156-page-60-64', 'file_path': '/usr/local/***/data/pdf_single_page/3106200_2024-12-18_7156-page-60-64.pdf'}, {'file_uuid': '3106200_2024-12-18_7156-page-65-69', 'file_path': '/usr/local/***/data/pdf_single_page/3106200_2024-12-18_7156-page-65-69.pdf'}, {'file_uuid': '3106200_2024-12-18_7156-page-70-71', 'file_path': '/usr/local/***/data/pdf_single_page/3106200_2024-12-18_7156-page-70-71.pdf'}, {'file_uuid': '3106200_2024-12-19_7157-page-0-4', 'file_path': '/usr/local/***/data/pdf_single_page/3106200_2024-12-19_7157-page-0-4.pdf'}, {'file_uuid': '3106200_2024-12-19_7157-page-5-9', 'file_path': '/usr/local/***/data/pdf_single_page/3106200_2024-12-19_7157-page-5-9.pdf'}, {'file_uuid': '3106200_2024-12-19_7157-page-10-14', 'file_path': '/usr/local/***/data/pdf_single_page/3106200_2024-12-19_7157-page-10-14.pdf'}, {'file_uuid': '3106200_2024-12-19_7157-page-15-19', 'file_path': '/usr/local/***/data/pdf_single_page/3106200_2024-12-19_7157-page-15-19.pdf'}, {'file_uuid': '3106200_2024-12-19_7157-page-20-24', 'file_path': '/usr/local/***/data/pdf_single_page/3106200_2024-12-19_7157-page-20-24.pdf'}, {'file_uuid': '3106200_2024-12-19_7157-page-25-29', 'file_path': '/usr/local/***/data/pdf_single_page/3106200_2024-12-19_7157-page-25-29.pdf'}, {'file_uuid': '3106200_2024-12-19_7157-page-30-34', 'file_path': '/usr/local/***/data/pdf_single_page/3106200_2024-12-19_7157-page-30-34.pdf'}]
[2025-01-24T21:58:42.594+0000] {document_converter.py:242} INFO - Going to convert document batch...
[2025-01-24T21:58:42.915+0000] {accelerator_utils.py:41} INFO - Accelerator device: 'cpu'
[2025-01-24T21:58:45.261+0000] {accelerator_utils.py:41} INFO - Accelerator device: 'cpu'
[2025-01-24T21:58:45.847+0000] {accelerator_utils.py:41} INFO - Accelerator device: 'cpu'
[2025-01-24T21:58:46.325+0000] {base_pipeline.py:38} INFO - Processing document 3106200_2024-11-22_7138-page-0-4.pdf
[2025-01-24T21:58:48.538+0000] {local_task_job_runner.py:346} WARNING - State of this instance has been externally set to up_for_retry. Terminating instance.
[2025-01-24T21:58:48.541+0000] {local_task_job_runner.py:245} INFO - ::endgroup::
[2025-01-24T21:58:48.543+0000] {process_utils.py:132} INFO - Sending 15 to group 2577. PIDs of all processes in the group: [2577]
[2025-01-24T21:58:48.544+0000] {process_utils.py:87} INFO - Sending the signal 15 to group 2577
[2025-01-24T21:58:48.554+0000] {taskinstance.py:3092} ERROR - Received SIGTERM. Terminating subprocesses.
[2025-01-24T21:58:48.570+0000] {taskinstance.py:3310} ERROR - Task failed with exception
Traceback (most recent call last):
  File "/home/airflow/.local/lib/python3.12/site-packages/airflow/models/taskinstance.py", line 767, in _execute_task
    result = _execute_callable(context=context, **execute_callable_kwargs)
             ^^^^^^^^^^^^^^^^^^^^^^^^^^^^^^^^^^^^^^^^^^^^^^^^^^^^^^^^^^^^^
  File "/home/airflow/.local/lib/python3.12/site-packages/airflow/models/taskinstance.py", line 733, in _execute_callable
    return ExecutionCallableRunner(
           ^^^^^^^^^^^^^^^^^^^^^^^^
  File "/home/airflow/.local/lib/python3.12/site-packages/airflow/utils/operator_helpers.py", line 252, in run
    return self.func(*args, **kwargs)
           ^^^^^^^^^^^^^^^^^^^^^^^^^^
  File "/home/airflow/.local/lib/python3.12/site-packages/airflow/models/baseoperator.py", line 406, in wrapper
    return func(self, *args, **kwargs)
           ^^^^^^^^^^^^^^^^^^^^^^^^^^^
  File "/opt/airflow/dags/utils/preprocess_documents.py", line 137, in execute
    metadata = self.process_files(to_preprocess_files, metadata)
               ^^^^^^^^^^^^^^^^^^^^^^^^^^^^^^^^^^^^^^^^^^^^^^^^^
  File "/opt/airflow/dags/utils/preprocess_documents.py", line 124, in process_files
    preprocessed_document = self.preprocess_file(document_metadata['file_path'])
                            ^^^^^^^^^^^^^^^^^^^^^^^^^^^^^^^^^^^^^^^^^^^^^^^^^^^^
  File "/opt/airflow/dags/utils/preprocess_documents.py", line 106, in preprocess_file
    result = converter.convert(source)
             ^^^^^^^^^^^^^^^^^^^^^^^^^
  File "/home/airflow/.local/lib/python3.12/site-packages/pydantic/_internal/_validate_call.py", line 38, in wrapper_function
    return wrapper(*args, **kwargs)
           ^^^^^^^^^^^^^^^^^^^^^^^^
  File "/home/airflow/.local/lib/python3.12/site-packages/pydantic/_internal/_validate_call.py", line 111, in __call__
    res = self.__pydantic_validator__.validate_python(pydantic_core.ArgsKwargs(args, kwargs))
          ^^^^^^^^^^^^^^^^^^^^^^^^^^^^^^^^^^^^^^^^^^^^^^^^^^^^^^^^^^^^^^^^^^^^^^^^^^^^^^^^^^^
  File "/home/airflow/.local/lib/python3.12/site-packages/docling/document_converter.py", line 195, in convert
    return next(all_res)
           ^^^^^^^^^^^^^
  File "/home/airflow/.local/lib/python3.12/site-packages/docling/document_converter.py", line 216, in convert_all
    for conv_res in conv_res_iter:
                    ^^^^^^^^^^^^^
  File "/home/airflow/.local/lib/python3.12/site-packages/docling/document_converter.py", line 251, in _convert
    for item in map(
                ^^^^
  File "/home/airflow/.local/lib/python3.12/site-packages/docling/document_converter.py", line 292, in _process_document
    conv_res = self._execute_pipeline(in_doc, raises_on_error=raises_on_error)
               ^^^^^^^^^^^^^^^^^^^^^^^^^^^^^^^^^^^^^^^^^^^^^^^^^^^^^^^^^^^^^^^
  File "/home/airflow/.local/lib/python3.12/site-packages/docling/document_converter.py", line 315, in _execute_pipeline
    conv_res = pipeline.execute(in_doc, raises_on_error=raises_on_error)
               ^^^^^^^^^^^^^^^^^^^^^^^^^^^^^^^^^^^^^^^^^^^^^^^^^^^^^^^^^
  File "/home/airflow/.local/lib/python3.12/site-packages/docling/pipeline/base_pipeline.py", line 45, in execute
    conv_res = self._build_document(conv_res)
               ^^^^^^^^^^^^^^^^^^^^^^^^^^^^^^
  File "/home/airflow/.local/lib/python3.12/site-packages/docling/pipeline/base_pipeline.py", line 161, in _build_document
    for p in pipeline_pages:  # Must exhaust!
             ^^^^^^^^^^^^^^
  File "/home/airflow/.local/lib/python3.12/site-packages/docling/pipeline/base_pipeline.py", line 127, in _apply_on_pages
    yield from page_batch
  File "/home/airflow/.local/lib/python3.12/site-packages/docling/models/page_assemble_model.py", line 60, in __call__
    for page in page_batch:
                ^^^^^^^^^^
  File "/home/airflow/.local/lib/python3.12/site-packages/docling/models/table_structure_model.py", line 191, in __call__
    tf_output = self.tf_predictor.multi_table_predict(
                ^^^^^^^^^^^^^^^^^^^^^^^^^^^^^^^^^^^^^^
  File "/home/airflow/.local/lib/python3.12/site-packages/docling_ibm_models/tableformer/data_management/tf_predictor.py", line 485, in multi_table_predict
    tf_responses, predict_details = self.predict(
                                    ^^^^^^^^^^^^^
  File "/home/airflow/.local/lib/python3.12/site-packages/docling_ibm_models/tableformer/data_management/tf_predictor.py", line 743, in predict
    pred_tag_seq, outputs_class, outputs_coord = self._model.predict(
                                                 ^^^^^^^^^^^^^^^^^^^^
  File "/home/airflow/.local/lib/python3.12/site-packages/docling_ibm_models/tableformer/models/table04_rs/tablemodel04_rs.py", line 277, in predict
    outputs_class, outputs_coord = self._bbox_decoder.inference(
                                   ^^^^^^^^^^^^^^^^^^^^^^^^^^^^^
  File "/home/airflow/.local/lib/python3.12/site-packages/docling_ibm_models/tableformer/models/table04_rs/bbox_decoder_rs.py", line 134, in inference
    encoder_out = self._input_filter(encoder_out.permute(0, 3, 1, 2)).permute(
                  ^^^^^^^^^^^^^^^^^^^^^^^^^^^^^^^^^^^^^^^^^^^^^^^^^^^
  File "/home/airflow/.local/lib/python3.12/site-packages/torch/nn/modules/module.py", line 1736, in _wrapped_call_impl
    return self._call_impl(*args, **kwargs)
           ^^^^^^^^^^^^^^^^^^^^^^^^^^^^^^^^
  File "/home/airflow/.local/lib/python3.12/site-packages/torch/nn/modules/module.py", line 1747, in _call_impl
    return forward_call(*args, **kwargs)
           ^^^^^^^^^^^^^^^^^^^^^^^^^^^^^
  File "/home/airflow/.local/lib/python3.12/site-packages/torch/nn/modules/container.py", line 250, in forward
    input = module(input)
            ^^^^^^^^^^^^^
  File "/home/airflow/.local/lib/python3.12/site-packages/torch/nn/modules/module.py", line 1736, in _wrapped_call_impl
    return self._call_impl(*args, **kwargs)
           ^^^^^^^^^^^^^^^^^^^^^^^^^^^^^^^^
  File "/home/airflow/.local/lib/python3.12/site-packages/torch/nn/modules/module.py", line 1747, in _call_impl
    return forward_call(*args, **kwargs)
           ^^^^^^^^^^^^^^^^^^^^^^^^^^^^^
  File "/home/airflow/.local/lib/python3.12/site-packages/torchvision/models/resnet.py", line 92, in forward
    out = self.conv1(x)
          ^^^^^^^^^^^^^
  File "/home/airflow/.local/lib/python3.12/site-packages/torch/nn/modules/module.py", line 1736, in _wrapped_call_impl
    return self._call_impl(*args, **kwargs)
           ^^^^^^^^^^^^^^^^^^^^^^^^^^^^^^^^
  File "/home/airflow/.local/lib/python3.12/site-packages/torch/nn/modules/module.py", line 1747, in _call_impl
    return forward_call(*args, **kwargs)
           ^^^^^^^^^^^^^^^^^^^^^^^^^^^^^
  File "/home/airflow/.local/lib/python3.12/site-packages/torch/nn/modules/conv.py", line 554, in forward
    return self._conv_forward(input, self.weight, self.bias)
           ^^^^^^^^^^^^^^^^^^^^^^^^^^^^^^^^^^^^^^^^^^^^^^^^^
  File "/home/airflow/.local/lib/python3.12/site-packages/torch/nn/modules/conv.py", line 549, in _conv_forward
    return F.conv2d(
           ^^^^^^^^^
  File "/home/airflow/.local/lib/python3.12/site-packages/airflow/models/taskinstance.py", line 3094, in signal_handler
    raise AirflowTaskTerminated("Task received SIGTERM signal")
airflow.exceptions.AirflowTaskTerminated: Task received SIGTERM signal
[2025-01-24T21:58:48.586+0000] {taskinstance.py:1225} INFO - Marking task as UP_FOR_RETRY. dag_id=pull_gazettes_data, task_id=preprocess_documents_task, run_id=manual__2025-01-24T21:10:42.449118+00:00, execution_date=20250124T211042, start_date=20250124T215828, end_date=20250124T215848
[2025-01-24T21:58:48.603+0000] {taskinstance.py:340} INFO - ::group::Post task execution logs
[2025-01-24T21:58:48.677+0000] {process_utils.py:80} INFO - Process psutil.Process(pid=2577, status='terminated', exitcode=2, started='21:58:27') (2577) terminated with exit code 2
