[2025-01-25T18:40:43.765+0000] {local_task_job_runner.py:123} INFO - ::group::Pre task execution logs
[2025-01-25T18:40:43.784+0000] {taskinstance.py:2612} INFO - Dependencies all met for dep_context=non-requeueable deps ti=<TaskInstance: pull_gazettes_data.preprocess_documents_task manual__2025-01-25T18:40:08.903055+00:00 [queued]>
[2025-01-25T18:40:43.796+0000] {taskinstance.py:2612} INFO - Dependencies all met for dep_context=requeueable deps ti=<TaskInstance: pull_gazettes_data.preprocess_documents_task manual__2025-01-25T18:40:08.903055+00:00 [queued]>
[2025-01-25T18:40:43.798+0000] {taskinstance.py:2865} INFO - Starting attempt 1 of 2
[2025-01-25T18:40:43.817+0000] {taskinstance.py:2888} INFO - Executing <Task(PreprocessDocuments): preprocess_documents_task> on 2025-01-25 18:40:08.903055+00:00
[2025-01-25T18:40:43.837+0000] {warnings.py:112} WARNING - /home/***/.local/lib/python3.12/site-packages/***/task/task_runner/standard_task_runner.py:70: DeprecationWarning: This process (pid=20346) is multi-threaded, use of fork() may lead to deadlocks in the child.
  pid = os.fork()

[2025-01-25T18:40:43.839+0000] {standard_task_runner.py:72} INFO - Started process 20359 to run task
[2025-01-25T18:40:43.839+0000] {standard_task_runner.py:104} INFO - Running: ['***', 'tasks', 'run', 'pull_gazettes_data', 'preprocess_documents_task', 'manual__2025-01-25T18:40:08.903055+00:00', '--job-id', '117', '--raw', '--subdir', 'DAGS_FOLDER/dag_script.py', '--cfg-path', '/tmp/tmpo1bhk8il']
[2025-01-25T18:40:43.841+0000] {standard_task_runner.py:105} INFO - Job 117: Subtask preprocess_documents_task
[2025-01-25T18:40:43.883+0000] {task_command.py:467} INFO - Running <TaskInstance: pull_gazettes_data.preprocess_documents_task manual__2025-01-25T18:40:08.903055+00:00 [running]> on host 41bcec3d818b
[2025-01-25T18:40:43.953+0000] {taskinstance.py:3131} INFO - Exporting env vars: AIRFLOW_CTX_DAG_EMAIL='***@example.com' AIRFLOW_CTX_DAG_OWNER='***' AIRFLOW_CTX_DAG_ID='pull_gazettes_data' AIRFLOW_CTX_TASK_ID='preprocess_documents_task' AIRFLOW_CTX_EXECUTION_DATE='2025-01-25T18:40:08.903055+00:00' AIRFLOW_CTX_TRY_NUMBER='1' AIRFLOW_CTX_DAG_RUN_ID='manual__2025-01-25T18:40:08.903055+00:00'
[2025-01-25T18:40:43.954+0000] {taskinstance.py:731} INFO - ::endgroup::
[2025-01-25T18:40:43.967+0000] {logging_mixin.py:190} INFO - Checking pre processed documents log
[2025-01-25T18:40:43.975+0000] {logging_mixin.py:190} INFO - Breaking down pdf 3106200_2024-12-17_7155.pdf into multiple PDF single pages
[2025-01-25T18:40:44.020+0000] {logging_mixin.py:190} INFO - Empty DataFrame
Columns: [file_uuid, file_uuid_breakdown, etl_timestamp]
Index: [] file_uuid_breakdown
[2025-01-25T18:40:44.085+0000] {logging_mixin.py:190} INFO - Empty DataFrame
Columns: [file_uuid, file_uuid_breakdown, etl_timestamp]
Index: [] file_uuid_breakdown
[2025-01-25T18:40:44.130+0000] {logging_mixin.py:190} INFO - Empty DataFrame
Columns: [file_uuid, file_uuid_breakdown, etl_timestamp]
Index: [] file_uuid_breakdown
[2025-01-25T18:40:44.163+0000] {logging_mixin.py:190} INFO - Empty DataFrame
Columns: [file_uuid, file_uuid_breakdown, etl_timestamp]
Index: [] file_uuid_breakdown
[2025-01-25T18:40:44.199+0000] {logging_mixin.py:190} INFO - Empty DataFrame
Columns: [file_uuid, file_uuid_breakdown, etl_timestamp]
Index: [] file_uuid_breakdown
[2025-01-25T18:40:44.240+0000] {logging_mixin.py:190} INFO - Empty DataFrame
Columns: [file_uuid, file_uuid_breakdown, etl_timestamp]
Index: [] file_uuid_breakdown
[2025-01-25T18:40:44.275+0000] {logging_mixin.py:190} INFO - Empty DataFrame
Columns: [file_uuid, file_uuid_breakdown, etl_timestamp]
Index: [] file_uuid_breakdown
[2025-01-25T18:40:44.315+0000] {logging_mixin.py:190} INFO - Empty DataFrame
Columns: [file_uuid, file_uuid_breakdown, etl_timestamp]
Index: [] file_uuid_breakdown
[2025-01-25T18:40:44.353+0000] {logging_mixin.py:190} INFO - Empty DataFrame
Columns: [file_uuid, file_uuid_breakdown, etl_timestamp]
Index: [] file_uuid_breakdown
[2025-01-25T18:40:44.387+0000] {logging_mixin.py:190} INFO - Empty DataFrame
Columns: [file_uuid, file_uuid_breakdown, etl_timestamp]
Index: [] file_uuid_breakdown
[2025-01-25T18:40:44.421+0000] {logging_mixin.py:190} INFO - Empty DataFrame
Columns: [file_uuid, file_uuid_breakdown, etl_timestamp]
Index: [] file_uuid_breakdown
[2025-01-25T18:40:44.460+0000] {logging_mixin.py:190} INFO - Empty DataFrame
Columns: [file_uuid, file_uuid_breakdown, etl_timestamp]
Index: [] file_uuid_breakdown
[2025-01-25T18:40:44.495+0000] {logging_mixin.py:190} INFO - Empty DataFrame
Columns: [file_uuid, file_uuid_breakdown, etl_timestamp]
Index: [] file_uuid_breakdown
[2025-01-25T18:40:44.533+0000] {logging_mixin.py:190} INFO - Empty DataFrame
Columns: [file_uuid, file_uuid_breakdown, etl_timestamp]
Index: [] file_uuid_breakdown
[2025-01-25T18:40:44.570+0000] {logging_mixin.py:190} INFO - Empty DataFrame
Columns: [file_uuid, file_uuid_breakdown, etl_timestamp]
Index: [] file_uuid_breakdown
[2025-01-25T18:40:44.607+0000] {logging_mixin.py:190} INFO - Empty DataFrame
Columns: [file_uuid, file_uuid_breakdown, etl_timestamp]
Index: [] file_uuid_breakdown
[2025-01-25T18:40:44.644+0000] {logging_mixin.py:190} INFO - Empty DataFrame
Columns: [file_uuid, file_uuid_breakdown, etl_timestamp]
Index: [] file_uuid_breakdown
[2025-01-25T18:40:44.679+0000] {logging_mixin.py:190} INFO - Empty DataFrame
Columns: [file_uuid, file_uuid_breakdown, etl_timestamp]
Index: [] file_uuid_breakdown
[2025-01-25T18:40:44.718+0000] {logging_mixin.py:190} INFO - Empty DataFrame
Columns: [file_uuid, file_uuid_breakdown, etl_timestamp]
Index: [] file_uuid_breakdown
[2025-01-25T18:40:44.722+0000] {logging_mixin.py:190} INFO - Empty DataFrame
Columns: [file_uuid, file_uuid_breakdown, etl_timestamp]
Index: [] file_uuid_breakdown
[2025-01-25T18:40:44.725+0000] {logging_mixin.py:190} INFO - Empty DataFrame
Columns: [file_uuid, file_uuid_breakdown, etl_timestamp]
Index: [] file_uuid_breakdown
[2025-01-25T18:40:44.762+0000] {logging_mixin.py:190} INFO - Empty DataFrame
Columns: [file_uuid, file_uuid_breakdown, etl_timestamp]
Index: [] file_uuid_breakdown
[2025-01-25T18:40:44.797+0000] {logging_mixin.py:190} INFO - Empty DataFrame
Columns: [file_uuid, file_uuid_breakdown, etl_timestamp]
Index: [] file_uuid_breakdown
[2025-01-25T18:40:44.842+0000] {logging_mixin.py:190} INFO - Empty DataFrame
Columns: [file_uuid, file_uuid_breakdown, etl_timestamp]
Index: [] file_uuid_breakdown
[2025-01-25T18:40:44.885+0000] {logging_mixin.py:190} INFO - Empty DataFrame
Columns: [file_uuid, file_uuid_breakdown, etl_timestamp]
Index: [] file_uuid_breakdown
[2025-01-25T18:40:45.008+0000] {document_converter.py:242} INFO - Going to convert document batch...
[2025-01-25T18:40:45.317+0000] {accelerator_utils.py:41} INFO - Accelerator device: 'cpu'
[2025-01-25T18:40:47.539+0000] {accelerator_utils.py:41} INFO - Accelerator device: 'cpu'
[2025-01-25T18:40:48.012+0000] {accelerator_utils.py:41} INFO - Accelerator device: 'cpu'
[2025-01-25T18:40:48.368+0000] {base_pipeline.py:38} INFO - Processing document 3106200_2024-12-17_7155-page-0-0.pdf
[2025-01-25T18:40:55.364+0000] {document_converter.py:257} INFO - Finished converting document 3106200_2024-12-17_7155-page-0-0.pdf in 10.44 sec.
[2025-01-25T18:40:55.376+0000] {logging_mixin.py:190} INFO - Saving in path: /usr/local/***/data/preprocessed_documents/3106200_2024-12-17_7155-page-0-0.md
[2025-01-25T18:40:55.388+0000] {document_converter.py:242} INFO - Going to convert document batch...
[2025-01-25T18:40:55.611+0000] {accelerator_utils.py:41} INFO - Accelerator device: 'cpu'
[2025-01-25T18:40:57.528+0000] {accelerator_utils.py:41} INFO - Accelerator device: 'cpu'
[2025-01-25T18:40:57.910+0000] {accelerator_utils.py:41} INFO - Accelerator device: 'cpu'
[2025-01-25T18:40:58.226+0000] {base_pipeline.py:38} INFO - Processing document 3106200_2024-12-17_7155-page-1-1.pdf
[2025-01-25T18:41:02.834+0000] {document_converter.py:257} INFO - Finished converting document 3106200_2024-12-17_7155-page-1-1.pdf in 7.45 sec.
[2025-01-25T18:41:02.842+0000] {logging_mixin.py:190} INFO - Saving in path: /usr/local/***/data/preprocessed_documents/3106200_2024-12-17_7155-page-1-1.md
[2025-01-25T18:41:02.853+0000] {document_converter.py:242} INFO - Going to convert document batch...
[2025-01-25T18:41:03.006+0000] {accelerator_utils.py:41} INFO - Accelerator device: 'cpu'
[2025-01-25T18:41:04.976+0000] {accelerator_utils.py:41} INFO - Accelerator device: 'cpu'
[2025-01-25T18:41:05.410+0000] {accelerator_utils.py:41} INFO - Accelerator device: 'cpu'
[2025-01-25T18:41:05.746+0000] {base_pipeline.py:38} INFO - Processing document 3106200_2024-12-17_7155-page-2-2.pdf
[2025-01-25T18:41:12.338+0000] {document_converter.py:257} INFO - Finished converting document 3106200_2024-12-17_7155-page-2-2.pdf in 9.49 sec.
[2025-01-25T18:41:12.351+0000] {logging_mixin.py:190} INFO - Saving in path: /usr/local/***/data/preprocessed_documents/3106200_2024-12-17_7155-page-2-2.md
[2025-01-25T18:41:12.364+0000] {document_converter.py:242} INFO - Going to convert document batch...
[2025-01-25T18:41:12.515+0000] {accelerator_utils.py:41} INFO - Accelerator device: 'cpu'
[2025-01-25T18:41:14.637+0000] {accelerator_utils.py:41} INFO - Accelerator device: 'cpu'
[2025-01-25T18:41:15.134+0000] {accelerator_utils.py:41} INFO - Accelerator device: 'cpu'
[2025-01-25T18:41:15.504+0000] {base_pipeline.py:38} INFO - Processing document 3106200_2024-12-17_7155-page-3-3.pdf
[2025-01-25T18:41:25.296+0000] {document_converter.py:257} INFO - Finished converting document 3106200_2024-12-17_7155-page-3-3.pdf in 12.94 sec.
[2025-01-25T18:41:25.308+0000] {logging_mixin.py:190} INFO - Saving in path: /usr/local/***/data/preprocessed_documents/3106200_2024-12-17_7155-page-3-3.md
[2025-01-25T18:41:25.318+0000] {document_converter.py:242} INFO - Going to convert document batch...
[2025-01-25T18:41:25.539+0000] {accelerator_utils.py:41} INFO - Accelerator device: 'cpu'
[2025-01-25T18:41:27.888+0000] {accelerator_utils.py:41} INFO - Accelerator device: 'cpu'
[2025-01-25T18:41:28.323+0000] {accelerator_utils.py:41} INFO - Accelerator device: 'cpu'
[2025-01-25T18:41:28.648+0000] {base_pipeline.py:38} INFO - Processing document 3106200_2024-12-17_7155-page-4-4.pdf
[2025-01-25T18:41:31.137+0000] {document_converter.py:257} INFO - Finished converting document 3106200_2024-12-17_7155-page-4-4.pdf in 5.82 sec.
[2025-01-25T18:41:31.144+0000] {logging_mixin.py:190} INFO - Saving in path: /usr/local/***/data/preprocessed_documents/3106200_2024-12-17_7155-page-4-4.md
[2025-01-25T18:41:31.155+0000] {document_converter.py:242} INFO - Going to convert document batch...
[2025-01-25T18:41:31.304+0000] {accelerator_utils.py:41} INFO - Accelerator device: 'cpu'
[2025-01-25T18:41:33.530+0000] {accelerator_utils.py:41} INFO - Accelerator device: 'cpu'
[2025-01-25T18:41:34.001+0000] {accelerator_utils.py:41} INFO - Accelerator device: 'cpu'
[2025-01-25T18:41:34.363+0000] {base_pipeline.py:38} INFO - Processing document 3106200_2024-12-17_7155-page-5-5.pdf
[2025-01-25T18:41:36.208+0000] {document_converter.py:257} INFO - Finished converting document 3106200_2024-12-17_7155-page-5-5.pdf in 5.06 sec.
[2025-01-25T18:41:36.214+0000] {logging_mixin.py:190} INFO - Saving in path: /usr/local/***/data/preprocessed_documents/3106200_2024-12-17_7155-page-5-5.md
[2025-01-25T18:41:36.228+0000] {document_converter.py:242} INFO - Going to convert document batch...
[2025-01-25T18:41:36.381+0000] {accelerator_utils.py:41} INFO - Accelerator device: 'cpu'
[2025-01-25T18:41:38.486+0000] {accelerator_utils.py:41} INFO - Accelerator device: 'cpu'
[2025-01-25T18:41:38.884+0000] {accelerator_utils.py:41} INFO - Accelerator device: 'cpu'
[2025-01-25T18:41:39.220+0000] {base_pipeline.py:38} INFO - Processing document 3106200_2024-12-17_7155-page-6-6.pdf
[2025-01-25T18:41:40.960+0000] {document_converter.py:257} INFO - Finished converting document 3106200_2024-12-17_7155-page-6-6.pdf in 4.74 sec.
[2025-01-25T18:41:40.965+0000] {logging_mixin.py:190} INFO - Saving in path: /usr/local/***/data/preprocessed_documents/3106200_2024-12-17_7155-page-6-6.md
[2025-01-25T18:41:40.978+0000] {document_converter.py:242} INFO - Going to convert document batch...
[2025-01-25T18:41:41.159+0000] {accelerator_utils.py:41} INFO - Accelerator device: 'cpu'
[2025-01-25T18:41:43.267+0000] {accelerator_utils.py:41} INFO - Accelerator device: 'cpu'
[2025-01-25T18:41:43.700+0000] {accelerator_utils.py:41} INFO - Accelerator device: 'cpu'
[2025-01-25T18:41:44.023+0000] {base_pipeline.py:38} INFO - Processing document 3106200_2024-12-17_7155-page-7-7.pdf
[2025-01-25T18:41:45.657+0000] {document_converter.py:257} INFO - Finished converting document 3106200_2024-12-17_7155-page-7-7.pdf in 4.68 sec.
[2025-01-25T18:41:45.664+0000] {logging_mixin.py:190} INFO - Saving in path: /usr/local/***/data/preprocessed_documents/3106200_2024-12-17_7155-page-7-7.md
[2025-01-25T18:41:45.675+0000] {document_converter.py:242} INFO - Going to convert document batch...
[2025-01-25T18:41:45.823+0000] {accelerator_utils.py:41} INFO - Accelerator device: 'cpu'
[2025-01-25T18:41:47.842+0000] {accelerator_utils.py:41} INFO - Accelerator device: 'cpu'
[2025-01-25T18:41:48.257+0000] {accelerator_utils.py:41} INFO - Accelerator device: 'cpu'
[2025-01-25T18:41:49.028+0000] {base_pipeline.py:38} INFO - Processing document 3106200_2024-12-17_7155-page-8-8.pdf
[2025-01-25T18:41:51.018+0000] {document_converter.py:257} INFO - Finished converting document 3106200_2024-12-17_7155-page-8-8.pdf in 5.35 sec.
[2025-01-25T18:41:51.026+0000] {logging_mixin.py:190} INFO - Saving in path: /usr/local/***/data/preprocessed_documents/3106200_2024-12-17_7155-page-8-8.md
[2025-01-25T18:41:51.041+0000] {document_converter.py:242} INFO - Going to convert document batch...
[2025-01-25T18:41:51.217+0000] {accelerator_utils.py:41} INFO - Accelerator device: 'cpu'
[2025-01-25T18:41:53.289+0000] {accelerator_utils.py:41} INFO - Accelerator device: 'cpu'
[2025-01-25T18:41:53.739+0000] {accelerator_utils.py:41} INFO - Accelerator device: 'cpu'
[2025-01-25T18:41:54.086+0000] {base_pipeline.py:38} INFO - Processing document 3106200_2024-12-17_7155-page-9-9.pdf
[2025-01-25T18:41:55.803+0000] {document_converter.py:257} INFO - Finished converting document 3106200_2024-12-17_7155-page-9-9.pdf in 4.77 sec.
[2025-01-25T18:41:55.808+0000] {logging_mixin.py:190} INFO - Saving in path: /usr/local/***/data/preprocessed_documents/3106200_2024-12-17_7155-page-9-9.md
[2025-01-25T18:41:55.824+0000] {document_converter.py:242} INFO - Going to convert document batch...
[2025-01-25T18:41:56.025+0000] {accelerator_utils.py:41} INFO - Accelerator device: 'cpu'
[2025-01-25T18:41:58.167+0000] {accelerator_utils.py:41} INFO - Accelerator device: 'cpu'
[2025-01-25T18:41:58.627+0000] {accelerator_utils.py:41} INFO - Accelerator device: 'cpu'
[2025-01-25T18:41:58.989+0000] {base_pipeline.py:38} INFO - Processing document 3106200_2024-12-17_7155-page-10-10.pdf
[2025-01-25T18:42:00.912+0000] {document_converter.py:257} INFO - Finished converting document 3106200_2024-12-17_7155-page-10-10.pdf in 5.10 sec.
[2025-01-25T18:42:00.919+0000] {logging_mixin.py:190} INFO - Saving in path: /usr/local/***/data/preprocessed_documents/3106200_2024-12-17_7155-page-10-10.md
[2025-01-25T18:42:00.931+0000] {document_converter.py:242} INFO - Going to convert document batch...
[2025-01-25T18:42:01.080+0000] {accelerator_utils.py:41} INFO - Accelerator device: 'cpu'
[2025-01-25T18:42:03.315+0000] {accelerator_utils.py:41} INFO - Accelerator device: 'cpu'
[2025-01-25T18:42:03.730+0000] {accelerator_utils.py:41} INFO - Accelerator device: 'cpu'
[2025-01-25T18:42:04.085+0000] {base_pipeline.py:38} INFO - Processing document 3106200_2024-12-17_7155-page-11-11.pdf
[2025-01-25T18:42:10.314+0000] {document_converter.py:257} INFO - Finished converting document 3106200_2024-12-17_7155-page-11-11.pdf in 9.39 sec.
[2025-01-25T18:42:10.325+0000] {logging_mixin.py:190} INFO - Saving in path: /usr/local/***/data/preprocessed_documents/3106200_2024-12-17_7155-page-11-11.md
[2025-01-25T18:42:10.336+0000] {document_converter.py:242} INFO - Going to convert document batch...
[2025-01-25T18:42:10.499+0000] {accelerator_utils.py:41} INFO - Accelerator device: 'cpu'
[2025-01-25T18:42:12.650+0000] {accelerator_utils.py:41} INFO - Accelerator device: 'cpu'
[2025-01-25T18:42:13.040+0000] {accelerator_utils.py:41} INFO - Accelerator device: 'cpu'
[2025-01-25T18:42:13.361+0000] {base_pipeline.py:38} INFO - Processing document 3106200_2024-12-17_7155-page-12-12.pdf
[2025-01-25T18:42:14.810+0000] {document_converter.py:257} INFO - Finished converting document 3106200_2024-12-17_7155-page-12-12.pdf in 4.48 sec.
[2025-01-25T18:42:14.815+0000] {logging_mixin.py:190} INFO - Saving in path: /usr/local/***/data/preprocessed_documents/3106200_2024-12-17_7155-page-12-12.md
[2025-01-25T18:42:14.825+0000] {document_converter.py:242} INFO - Going to convert document batch...
[2025-01-25T18:42:14.993+0000] {accelerator_utils.py:41} INFO - Accelerator device: 'cpu'
[2025-01-25T18:42:17.016+0000] {accelerator_utils.py:41} INFO - Accelerator device: 'cpu'
[2025-01-25T18:42:17.422+0000] {accelerator_utils.py:41} INFO - Accelerator device: 'cpu'
[2025-01-25T18:42:17.746+0000] {base_pipeline.py:38} INFO - Processing document 3106200_2024-12-17_7155-page-13-13.pdf
[2025-01-25T18:42:19.143+0000] {document_converter.py:257} INFO - Finished converting document 3106200_2024-12-17_7155-page-13-13.pdf in 4.32 sec.
[2025-01-25T18:42:19.148+0000] {logging_mixin.py:190} INFO - Saving in path: /usr/local/***/data/preprocessed_documents/3106200_2024-12-17_7155-page-13-13.md
[2025-01-25T18:42:19.159+0000] {document_converter.py:242} INFO - Going to convert document batch...
[2025-01-25T18:42:19.309+0000] {accelerator_utils.py:41} INFO - Accelerator device: 'cpu'
[2025-01-25T18:42:21.310+0000] {accelerator_utils.py:41} INFO - Accelerator device: 'cpu'
[2025-01-25T18:42:21.705+0000] {accelerator_utils.py:41} INFO - Accelerator device: 'cpu'
[2025-01-25T18:42:22.034+0000] {base_pipeline.py:38} INFO - Processing document 3106200_2024-12-17_7155-page-14-14.pdf
[2025-01-25T18:42:23.569+0000] {document_converter.py:257} INFO - Finished converting document 3106200_2024-12-17_7155-page-14-14.pdf in 4.42 sec.
[2025-01-25T18:42:23.577+0000] {logging_mixin.py:190} INFO - Saving in path: /usr/local/***/data/preprocessed_documents/3106200_2024-12-17_7155-page-14-14.md
[2025-01-25T18:42:23.590+0000] {document_converter.py:242} INFO - Going to convert document batch...
[2025-01-25T18:42:23.747+0000] {accelerator_utils.py:41} INFO - Accelerator device: 'cpu'
[2025-01-25T18:42:25.830+0000] {accelerator_utils.py:41} INFO - Accelerator device: 'cpu'
[2025-01-25T18:42:26.309+0000] {accelerator_utils.py:41} INFO - Accelerator device: 'cpu'
[2025-01-25T18:42:27.099+0000] {base_pipeline.py:38} INFO - Processing document 3106200_2024-12-17_7155-page-15-15.pdf
[2025-01-25T18:42:28.921+0000] {document_converter.py:257} INFO - Finished converting document 3106200_2024-12-17_7155-page-15-15.pdf in 5.34 sec.
[2025-01-25T18:42:28.931+0000] {logging_mixin.py:190} INFO - Saving in path: /usr/local/***/data/preprocessed_documents/3106200_2024-12-17_7155-page-15-15.md
[2025-01-25T18:42:28.942+0000] {document_converter.py:242} INFO - Going to convert document batch...
[2025-01-25T18:42:29.105+0000] {accelerator_utils.py:41} INFO - Accelerator device: 'cpu'
[2025-01-25T18:42:31.229+0000] {accelerator_utils.py:41} INFO - Accelerator device: 'cpu'
[2025-01-25T18:42:31.689+0000] {accelerator_utils.py:41} INFO - Accelerator device: 'cpu'
[2025-01-25T18:42:32.032+0000] {base_pipeline.py:38} INFO - Processing document 3106200_2024-12-17_7155-page-16-16.pdf
[2025-01-25T18:42:33.754+0000] {document_converter.py:257} INFO - Finished converting document 3106200_2024-12-17_7155-page-16-16.pdf in 4.82 sec.
[2025-01-25T18:42:33.761+0000] {logging_mixin.py:190} INFO - Saving in path: /usr/local/***/data/preprocessed_documents/3106200_2024-12-17_7155-page-16-16.md
[2025-01-25T18:42:33.772+0000] {document_converter.py:242} INFO - Going to convert document batch...
[2025-01-25T18:42:33.955+0000] {accelerator_utils.py:41} INFO - Accelerator device: 'cpu'
[2025-01-25T18:42:36.016+0000] {accelerator_utils.py:41} INFO - Accelerator device: 'cpu'
[2025-01-25T18:42:36.437+0000] {accelerator_utils.py:41} INFO - Accelerator device: 'cpu'
[2025-01-25T18:42:36.782+0000] {base_pipeline.py:38} INFO - Processing document 3106200_2024-12-17_7155-page-17-17.pdf
[2025-01-25T18:42:41.521+0000] {document_converter.py:257} INFO - Finished converting document 3106200_2024-12-17_7155-page-17-17.pdf in 7.76 sec.
[2025-01-25T18:42:41.531+0000] {logging_mixin.py:190} INFO - Saving in path: /usr/local/***/data/preprocessed_documents/3106200_2024-12-17_7155-page-17-17.md
[2025-01-25T18:42:41.544+0000] {document_converter.py:242} INFO - Going to convert document batch...
[2025-01-25T18:42:41.696+0000] {accelerator_utils.py:41} INFO - Accelerator device: 'cpu'
[2025-01-25T18:42:44.005+0000] {accelerator_utils.py:41} INFO - Accelerator device: 'cpu'
[2025-01-25T18:42:44.431+0000] {accelerator_utils.py:41} INFO - Accelerator device: 'cpu'
[2025-01-25T18:42:44.782+0000] {base_pipeline.py:38} INFO - Processing document 3106200_2024-12-17_7155-page-20-20.pdf
[2025-01-25T18:42:46.390+0000] {document_converter.py:257} INFO - Finished converting document 3106200_2024-12-17_7155-page-20-20.pdf in 4.85 sec.
[2025-01-25T18:42:46.398+0000] {logging_mixin.py:190} INFO - Saving in path: /usr/local/***/data/preprocessed_documents/3106200_2024-12-17_7155-page-20-20.md
[2025-01-25T18:42:46.410+0000] {document_converter.py:242} INFO - Going to convert document batch...
[2025-01-25T18:42:46.570+0000] {accelerator_utils.py:41} INFO - Accelerator device: 'cpu'
[2025-01-25T18:42:48.592+0000] {accelerator_utils.py:41} INFO - Accelerator device: 'cpu'
[2025-01-25T18:42:48.987+0000] {accelerator_utils.py:41} INFO - Accelerator device: 'cpu'
[2025-01-25T18:42:49.312+0000] {base_pipeline.py:38} INFO - Processing document 3106200_2024-12-17_7155-page-21-21.pdf
[2025-01-25T18:42:58.863+0000] {document_converter.py:257} INFO - Finished converting document 3106200_2024-12-17_7155-page-21-21.pdf in 12.46 sec.
[2025-01-25T18:42:58.884+0000] {logging_mixin.py:190} INFO - Saving in path: /usr/local/***/data/preprocessed_documents/3106200_2024-12-17_7155-page-21-21.md
[2025-01-25T18:42:58.918+0000] {document_converter.py:242} INFO - Going to convert document batch...
[2025-01-25T18:42:59.091+0000] {accelerator_utils.py:41} INFO - Accelerator device: 'cpu'
[2025-01-25T18:43:01.247+0000] {accelerator_utils.py:41} INFO - Accelerator device: 'cpu'
[2025-01-25T18:43:01.744+0000] {accelerator_utils.py:41} INFO - Accelerator device: 'cpu'
[2025-01-25T18:43:02.103+0000] {base_pipeline.py:38} INFO - Processing document 3106200_2024-12-17_7155-page-22-22.pdf
[2025-01-25T18:43:04.713+0000] {document_converter.py:257} INFO - Finished converting document 3106200_2024-12-17_7155-page-22-22.pdf in 5.82 sec.
[2025-01-25T18:43:04.720+0000] {logging_mixin.py:190} INFO - Saving in path: /usr/local/***/data/preprocessed_documents/3106200_2024-12-17_7155-page-22-22.md
[2025-01-25T18:43:04.731+0000] {document_converter.py:242} INFO - Going to convert document batch...
[2025-01-25T18:43:04.904+0000] {accelerator_utils.py:41} INFO - Accelerator device: 'cpu'
[2025-01-25T18:43:07.007+0000] {accelerator_utils.py:41} INFO - Accelerator device: 'cpu'
[2025-01-25T18:43:07.415+0000] {accelerator_utils.py:41} INFO - Accelerator device: 'cpu'
[2025-01-25T18:43:07.744+0000] {base_pipeline.py:38} INFO - Processing document 3106200_2024-12-17_7155-page-23-23.pdf
[2025-01-25T18:43:13.930+0000] {document_converter.py:257} INFO - Finished converting document 3106200_2024-12-17_7155-page-23-23.pdf in 9.20 sec.
[2025-01-25T18:43:13.940+0000] {logging_mixin.py:190} INFO - Saving in path: /usr/local/***/data/preprocessed_documents/3106200_2024-12-17_7155-page-23-23.md
[2025-01-25T18:43:13.949+0000] {document_converter.py:242} INFO - Going to convert document batch...
[2025-01-25T18:43:14.103+0000] {accelerator_utils.py:41} INFO - Accelerator device: 'cpu'
[2025-01-25T18:43:16.274+0000] {accelerator_utils.py:41} INFO - Accelerator device: 'cpu'
[2025-01-25T18:43:16.872+0000] {accelerator_utils.py:41} INFO - Accelerator device: 'cpu'
[2025-01-25T18:43:17.212+0000] {base_pipeline.py:38} INFO - Processing document 3106200_2024-12-17_7155-page-24-24.pdf
[2025-01-25T18:43:21.290+0000] {document_converter.py:257} INFO - Finished converting document 3106200_2024-12-17_7155-page-24-24.pdf in 7.35 sec.
[2025-01-25T18:43:21.297+0000] {logging_mixin.py:190} INFO - Saving in path: /usr/local/***/data/preprocessed_documents/3106200_2024-12-17_7155-page-24-24.md
[2025-01-25T18:43:21.304+0000] {taskinstance.py:3310} ERROR - Task failed with exception
Traceback (most recent call last):
  File "/home/airflow/.local/lib/python3.12/site-packages/airflow/models/taskinstance.py", line 767, in _execute_task
    result = _execute_callable(context=context, **execute_callable_kwargs)
             ^^^^^^^^^^^^^^^^^^^^^^^^^^^^^^^^^^^^^^^^^^^^^^^^^^^^^^^^^^^^^
  File "/home/airflow/.local/lib/python3.12/site-packages/airflow/models/taskinstance.py", line 733, in _execute_callable
    return ExecutionCallableRunner(
           ^^^^^^^^^^^^^^^^^^^^^^^^
  File "/home/airflow/.local/lib/python3.12/site-packages/airflow/utils/operator_helpers.py", line 252, in run
    return self.func(*args, **kwargs)
           ^^^^^^^^^^^^^^^^^^^^^^^^^^
  File "/home/airflow/.local/lib/python3.12/site-packages/airflow/models/baseoperator.py", line 406, in wrapper
    return func(self, *args, **kwargs)
           ^^^^^^^^^^^^^^^^^^^^^^^^^^^
  File "/opt/airflow/dags/utils/preprocess_documents.py", line 183, in execute
    self.process_files()
  File "/opt/airflow/dags/utils/preprocess_documents.py", line 178, in process_files
    os.remove(os.path.join(self.preprocessed_files_folder, file))
FileNotFoundError: [Errno 2] No such file or directory: '/usr/local/airflow/data/preprocessed_documents/3106200_2024-12-17_7155-page-0-0.pdf'
[2025-01-25T18:43:21.320+0000] {taskinstance.py:1225} INFO - Marking task as UP_FOR_RETRY. dag_id=pull_gazettes_data, task_id=preprocess_documents_task, run_id=manual__2025-01-25T18:40:08.903055+00:00, execution_date=20250125T184008, start_date=20250125T184043, end_date=20250125T184321
[2025-01-25T18:43:21.336+0000] {taskinstance.py:340} INFO - ::group::Post task execution logs
[2025-01-25T18:43:21.337+0000] {standard_task_runner.py:124} ERROR - Failed to execute job 117 for task preprocess_documents_task ([Errno 2] No such file or directory: '/usr/local/airflow/data/preprocessed_documents/3106200_2024-12-17_7155-page-0-0.pdf'; 20359)
Traceback (most recent call last):
  File "/home/airflow/.local/lib/python3.12/site-packages/airflow/task/task_runner/standard_task_runner.py", line 117, in _start_by_fork
    ret = args.func(args, dag=self.dag)
          ^^^^^^^^^^^^^^^^^^^^^^^^^^^^^
  File "/home/airflow/.local/lib/python3.12/site-packages/airflow/cli/cli_config.py", line 49, in command
    return func(*args, **kwargs)
           ^^^^^^^^^^^^^^^^^^^^^
  File "/home/airflow/.local/lib/python3.12/site-packages/airflow/utils/cli.py", line 115, in wrapper
    return f(*args, **kwargs)
           ^^^^^^^^^^^^^^^^^^
  File "/home/airflow/.local/lib/python3.12/site-packages/airflow/cli/commands/task_command.py", line 483, in task_run
    task_return_code = _run_task_by_selected_method(args, _dag, ti)
                       ^^^^^^^^^^^^^^^^^^^^^^^^^^^^^^^^^^^^^^^^^^^^
  File "/home/airflow/.local/lib/python3.12/site-packages/airflow/cli/commands/task_command.py", line 256, in _run_task_by_selected_method
    return _run_raw_task(args, ti)
           ^^^^^^^^^^^^^^^^^^^^^^^
  File "/home/airflow/.local/lib/python3.12/site-packages/airflow/cli/commands/task_command.py", line 341, in _run_raw_task
    return ti._run_raw_task(
           ^^^^^^^^^^^^^^^^^
  File "/home/airflow/.local/lib/python3.12/site-packages/airflow/utils/session.py", line 97, in wrapper
    return func(*args, session=session, **kwargs)
           ^^^^^^^^^^^^^^^^^^^^^^^^^^^^^^^^^^^^^^
  File "/home/airflow/.local/lib/python3.12/site-packages/airflow/models/taskinstance.py", line 3004, in _run_raw_task
    return _run_raw_task(
           ^^^^^^^^^^^^^^
  File "/home/airflow/.local/lib/python3.12/site-packages/airflow/models/taskinstance.py", line 273, in _run_raw_task
    TaskInstance._execute_task_with_callbacks(
  File "/home/airflow/.local/lib/python3.12/site-packages/airflow/models/taskinstance.py", line 3158, in _execute_task_with_callbacks
    result = self._execute_task(context, task_orig)
             ^^^^^^^^^^^^^^^^^^^^^^^^^^^^^^^^^^^^^^
  File "/home/airflow/.local/lib/python3.12/site-packages/airflow/models/taskinstance.py", line 3182, in _execute_task
    return _execute_task(self, context, task_orig)
           ^^^^^^^^^^^^^^^^^^^^^^^^^^^^^^^^^^^^^^^
  File "/home/airflow/.local/lib/python3.12/site-packages/airflow/models/taskinstance.py", line 767, in _execute_task
    result = _execute_callable(context=context, **execute_callable_kwargs)
             ^^^^^^^^^^^^^^^^^^^^^^^^^^^^^^^^^^^^^^^^^^^^^^^^^^^^^^^^^^^^^
  File "/home/airflow/.local/lib/python3.12/site-packages/airflow/models/taskinstance.py", line 733, in _execute_callable
    return ExecutionCallableRunner(
           ^^^^^^^^^^^^^^^^^^^^^^^^
  File "/home/airflow/.local/lib/python3.12/site-packages/airflow/utils/operator_helpers.py", line 252, in run
    return self.func(*args, **kwargs)
           ^^^^^^^^^^^^^^^^^^^^^^^^^^
  File "/home/airflow/.local/lib/python3.12/site-packages/airflow/models/baseoperator.py", line 406, in wrapper
    return func(self, *args, **kwargs)
           ^^^^^^^^^^^^^^^^^^^^^^^^^^^
  File "/opt/airflow/dags/utils/preprocess_documents.py", line 183, in execute
    self.process_files()
  File "/opt/airflow/dags/utils/preprocess_documents.py", line 178, in process_files
    os.remove(os.path.join(self.preprocessed_files_folder, file))
FileNotFoundError: [Errno 2] No such file or directory: '/usr/local/airflow/data/preprocessed_documents/3106200_2024-12-17_7155-page-0-0.pdf'
[2025-01-25T18:43:21.428+0000] {local_task_job_runner.py:266} INFO - Task exited with return code 1
[2025-01-25T18:43:21.448+0000] {taskinstance.py:3900} INFO - 0 downstream tasks scheduled from follow-on schedule check
[2025-01-25T18:43:21.450+0000] {local_task_job_runner.py:245} INFO - ::endgroup::
