[2025-01-28T23:34:49.460+0000] {local_task_job_runner.py:123} INFO - ::group::Pre task execution logs
[2025-01-28T23:34:49.475+0000] {taskinstance.py:2612} INFO - Dependencies all met for dep_context=non-requeueable deps ti=<TaskInstance: pull_gazettes_data.preprocess_documents_task scheduled__2025-01-27T00:00:00+00:00 [queued]>
[2025-01-28T23:34:49.483+0000] {taskinstance.py:2612} INFO - Dependencies all met for dep_context=requeueable deps ti=<TaskInstance: pull_gazettes_data.preprocess_documents_task scheduled__2025-01-27T00:00:00+00:00 [queued]>
[2025-01-28T23:34:49.484+0000] {taskinstance.py:2865} INFO - Starting attempt 3 of 4
[2025-01-28T23:34:49.499+0000] {taskinstance.py:2888} INFO - Executing <Task(PreprocessDocuments): preprocess_documents_task> on 2025-01-27 00:00:00+00:00
[2025-01-28T23:34:49.511+0000] {warnings.py:112} WARNING - /home/***/.local/lib/python3.12/site-packages/***/task/task_runner/standard_task_runner.py:70: DeprecationWarning: This process (pid=2569) is multi-threaded, use of fork() may lead to deadlocks in the child.
  pid = os.fork()

[2025-01-28T23:34:49.513+0000] {standard_task_runner.py:72} INFO - Started process 2571 to run task
[2025-01-28T23:34:49.513+0000] {standard_task_runner.py:104} INFO - Running: ['***', 'tasks', 'run', 'pull_gazettes_data', 'preprocess_documents_task', 'scheduled__2025-01-27T00:00:00+00:00', '--job-id', '252', '--raw', '--subdir', 'DAGS_FOLDER/dag_script.py', '--cfg-path', '/tmp/tmpr230kv5u']
[2025-01-28T23:34:49.515+0000] {standard_task_runner.py:105} INFO - Job 252: Subtask preprocess_documents_task
[2025-01-28T23:34:49.597+0000] {task_command.py:467} INFO - Running <TaskInstance: pull_gazettes_data.preprocess_documents_task scheduled__2025-01-27T00:00:00+00:00 [running]> on host 41bcec3d818b
[2025-01-28T23:34:49.699+0000] {taskinstance.py:3131} INFO - Exporting env vars: AIRFLOW_CTX_DAG_EMAIL='***@example.com' AIRFLOW_CTX_DAG_OWNER='***' AIRFLOW_CTX_DAG_ID='pull_gazettes_data' AIRFLOW_CTX_TASK_ID='preprocess_documents_task' AIRFLOW_CTX_EXECUTION_DATE='2025-01-27T00:00:00+00:00' AIRFLOW_CTX_TRY_NUMBER='3' AIRFLOW_CTX_DAG_RUN_ID='scheduled__2025-01-27T00:00:00+00:00'
[2025-01-28T23:34:49.701+0000] {taskinstance.py:731} INFO - ::endgroup::
[2025-01-28T23:34:49.716+0000] {logging_mixin.py:190} INFO - Checking pre processed documents log
[2025-01-28T23:34:49.717+0000] {logging_mixin.py:190} INFO - /usr/local/***/data/ingestion_checkpoint_logs/preprocessed_documents_log.csv True
[2025-01-28T23:34:53.508+0000] {logging_mixin.py:190} INFO - Saving in path: /usr/local/***/data/preprocessed_documents/3106200_2024-11-26_7140.txt
[2025-01-28T23:35:04.109+0000] {logging_mixin.py:190} INFO - Saving in path: /usr/local/***/data/preprocessed_documents/3106200_2024-11-27_7141.txt
[2025-01-28T23:35:12.635+0000] {logging_mixin.py:190} INFO - Saving in path: /usr/local/***/data/preprocessed_documents/3106200_2024-11-28_7142.txt
[2025-01-28T23:35:20.413+0000] {logging_mixin.py:190} INFO - Saving in path: /usr/local/***/data/preprocessed_documents/3106200_2024-11-29_7143.txt
[2025-01-28T23:35:28.020+0000] {logging_mixin.py:190} INFO - Saving in path: /usr/local/***/data/preprocessed_documents/3106200_2024-11-30_7144.txt
[2025-01-28T23:35:34.182+0000] {logging_mixin.py:190} INFO - Saving in path: /usr/local/***/data/preprocessed_documents/3106200_2024-12-03_7145.txt
[2025-01-28T23:35:41.644+0000] {logging_mixin.py:190} INFO - Saving in path: /usr/local/***/data/preprocessed_documents/3106200_2024-12-04_7146.txt
[2025-01-28T23:35:46.125+0000] {logging_mixin.py:190} INFO - Saving in path: /usr/local/***/data/preprocessed_documents/3106200_2024-12-05_7147.txt
[2025-01-28T23:35:52.000+0000] {logging_mixin.py:190} INFO - Saving in path: /usr/local/***/data/preprocessed_documents/3106200_2024-12-06_7148.txt
[2025-01-28T23:35:58.879+0000] {logging_mixin.py:190} INFO - Saving in path: /usr/local/***/data/preprocessed_documents/3106200_2024-12-07_7149.txt
[2025-01-28T23:36:00.963+0000] {logging_mixin.py:190} INFO - Saving in path: /usr/local/***/data/preprocessed_documents/3106200_2024-12-10_7150.txt
[2025-01-28T23:36:11.360+0000] {logging_mixin.py:190} INFO - Saving in path: /usr/local/***/data/preprocessed_documents/3106200_2024-12-11_7151.txt
[2025-01-28T23:36:14.219+0000] {logging_mixin.py:190} INFO - Saving in path: /usr/local/***/data/preprocessed_documents/3106200_2024-12-12_7152.txt
[2025-01-28T23:36:18.751+0000] {logging_mixin.py:190} INFO - Saving in path: /usr/local/***/data/preprocessed_documents/3106200_2024-12-13_7153.txt
[2025-01-28T23:36:25.413+0000] {logging_mixin.py:190} INFO - Saving in path: /usr/local/***/data/preprocessed_documents/3106200_2024-12-14_7154.txt
[2025-01-28T23:36:30.288+0000] {logging_mixin.py:190} INFO - Saving in path: /usr/local/***/data/preprocessed_documents/3106200_2024-12-17_7155.txt
[2025-01-28T23:36:30.313+0000] {taskinstance.py:340} INFO - ::group::Post task execution logs
[2025-01-28T23:36:30.314+0000] {taskinstance.py:352} INFO - Marking task as SUCCESS. dag_id=pull_gazettes_data, task_id=preprocess_documents_task, run_id=scheduled__2025-01-27T00:00:00+00:00, execution_date=20250127T000000, start_date=20250128T233449, end_date=20250128T233630
[2025-01-28T23:36:30.351+0000] {local_task_job_runner.py:266} INFO - Task exited with return code 0
[2025-01-28T23:36:30.382+0000] {taskinstance.py:3900} INFO - 1 downstream tasks scheduled from follow-on schedule check
[2025-01-28T23:36:30.384+0000] {local_task_job_runner.py:245} INFO - ::endgroup::
