[2025-01-26T02:40:00.230+0000] {local_task_job_runner.py:123} INFO - ::group::Pre task execution logs
[2025-01-26T02:40:00.246+0000] {taskinstance.py:2612} INFO - Dependencies all met for dep_context=non-requeueable deps ti=<TaskInstance: pull_gazettes_data.upload_contents_to_s3_task manual__2025-01-26T00:27:53.477602+00:00 [queued]>
[2025-01-26T02:40:00.254+0000] {taskinstance.py:2612} INFO - Dependencies all met for dep_context=requeueable deps ti=<TaskInstance: pull_gazettes_data.upload_contents_to_s3_task manual__2025-01-26T00:27:53.477602+00:00 [queued]>
[2025-01-26T02:40:00.255+0000] {taskinstance.py:2865} INFO - Starting attempt 1 of 2
[2025-01-26T02:40:00.268+0000] {taskinstance.py:2888} INFO - Executing <Task(UploadContentsToS3): upload_contents_to_s3_task> on 2025-01-26 00:27:53.477602+00:00
[2025-01-26T02:40:00.283+0000] {warnings.py:112} WARNING - /home/***/.local/lib/python3.12/site-packages/***/task/task_runner/standard_task_runner.py:70: DeprecationWarning: This process (pid=44687) is multi-threaded, use of fork() may lead to deadlocks in the child.
  pid = os.fork()

[2025-01-26T02:40:00.285+0000] {standard_task_runner.py:72} INFO - Started process 44700 to run task
[2025-01-26T02:40:00.285+0000] {standard_task_runner.py:104} INFO - Running: ['***', 'tasks', 'run', 'pull_gazettes_data', 'upload_contents_to_s3_task', 'manual__2025-01-26T00:27:53.477602+00:00', '--job-id', '222', '--raw', '--subdir', 'DAGS_FOLDER/dag_script.py', '--cfg-path', '/tmp/tmpvv9iwyx4']
[2025-01-26T02:40:00.287+0000] {standard_task_runner.py:105} INFO - Job 222: Subtask upload_contents_to_s3_task
[2025-01-26T02:40:00.333+0000] {task_command.py:467} INFO - Running <TaskInstance: pull_gazettes_data.upload_contents_to_s3_task manual__2025-01-26T00:27:53.477602+00:00 [running]> on host 41bcec3d818b
[2025-01-26T02:40:00.414+0000] {taskinstance.py:3131} INFO - Exporting env vars: AIRFLOW_CTX_DAG_EMAIL='***@example.com' AIRFLOW_CTX_DAG_OWNER='***' AIRFLOW_CTX_DAG_ID='pull_gazettes_data' AIRFLOW_CTX_TASK_ID='upload_contents_to_s3_task' AIRFLOW_CTX_EXECUTION_DATE='2025-01-26T00:27:53.477602+00:00' AIRFLOW_CTX_TRY_NUMBER='1' AIRFLOW_CTX_DAG_RUN_ID='manual__2025-01-26T00:27:53.477602+00:00'
[2025-01-26T02:40:00.416+0000] {taskinstance.py:731} INFO - ::endgroup::
[2025-01-26T02:40:00.441+0000] {base.py:84} INFO - Retrieving connection 'minio_s3_conn_id'
[2025-01-26T02:40:00.441+0000] {connection_wrapper.py:391} INFO - AWS Connection (conn_id='minio_s3_conn_id', conn_type='aws') credentials retrieved from extra.
[2025-01-26T02:40:00.442+0000] {warnings.py:112} WARNING - <string>:9: AirflowProviderDeprecationWarning: extra['host'] is deprecated and will be removed in a future release. Please set extra['endpoint_url'] instead

[2025-01-26T02:40:00.971+0000] {logging_mixin.py:190} INFO - Loading object /usr/local/***/data/ingestion_checkpoint_logs into S3 bucket diario-oficial-db-dump/ingestion_checkpoint_logs/
[2025-01-26T02:40:00.974+0000] {logging_mixin.py:190} INFO - Loading folder /usr/local/***/data/ingestion_checkpoint_logs into S3 bucket diario-oficial-db-dump/ingestion_checkpoint_logs/
[2025-01-26T02:40:01.211+0000] {logging_mixin.py:190} INFO - Loading object /usr/local/***/data/texts into S3 bucket diario-oficial-db-dump/texts/
[2025-01-26T02:40:01.213+0000] {logging_mixin.py:190} INFO - Loading folder /usr/local/***/data/texts into S3 bucket diario-oficial-db-dump/texts/
[2025-01-26T02:40:04.793+0000] {logging_mixin.py:190} INFO - Loading object /usr/local/***/data/preprocessed_documents/ into S3 bucket diario-oficial-db-dump/preprocessed_documents
[2025-01-26T02:40:04.795+0000] {logging_mixin.py:190} INFO - Loading folder /usr/local/***/data/preprocessed_documents/ into S3 bucket diario-oficial-db-dump/preprocessed_documents
[2025-01-26T02:40:27.488+0000] {logging_mixin.py:190} INFO - Loading object /usr/local/***/data/vector_db/ into S3 bucket diario-oficial-db-dump/vector_db/
[2025-01-26T02:40:27.490+0000] {logging_mixin.py:190} INFO - Loading folder /usr/local/***/data/vector_db/ into S3 bucket diario-oficial-db-dump/vector_db/
[2025-01-26T02:40:28.882+0000] {taskinstance.py:340} INFO - ::group::Post task execution logs
[2025-01-26T02:40:28.883+0000] {taskinstance.py:352} INFO - Marking task as SUCCESS. dag_id=pull_gazettes_data, task_id=upload_contents_to_s3_task, run_id=manual__2025-01-26T00:27:53.477602+00:00, execution_date=20250126T002753, start_date=20250126T024000, end_date=20250126T024028
[2025-01-26T02:40:28.914+0000] {local_task_job_runner.py:266} INFO - Task exited with return code 0
[2025-01-26T02:40:28.928+0000] {taskinstance.py:3900} INFO - 0 downstream tasks scheduled from follow-on schedule check
[2025-01-26T02:40:28.930+0000] {local_task_job_runner.py:245} INFO - ::endgroup::
