[2025-01-25T01:19:33.368+0000] {local_task_job_runner.py:123} INFO - ::group::Pre task execution logs
[2025-01-25T01:19:33.383+0000] {taskinstance.py:2612} INFO - Dependencies all met for dep_context=non-requeueable deps ti=<TaskInstance: pull_gazettes_data.preprocess_documents_task scheduled__2025-01-24T00:00:00+00:00 [queued]>
[2025-01-25T01:19:33.392+0000] {taskinstance.py:2612} INFO - Dependencies all met for dep_context=requeueable deps ti=<TaskInstance: pull_gazettes_data.preprocess_documents_task scheduled__2025-01-24T00:00:00+00:00 [queued]>
[2025-01-25T01:19:33.393+0000] {taskinstance.py:2865} INFO - Starting attempt 6 of 7
[2025-01-25T01:19:33.405+0000] {taskinstance.py:2888} INFO - Executing <Task(PreprocessDocuments): preprocess_documents_task> on 2025-01-24 00:00:00+00:00
[2025-01-25T01:19:33.417+0000] {warnings.py:112} WARNING - /home/***/.local/lib/python3.12/site-packages/***/task/task_runner/standard_task_runner.py:70: DeprecationWarning: This process (pid=5744) is multi-threaded, use of fork() may lead to deadlocks in the child.
  pid = os.fork()

[2025-01-25T01:19:33.418+0000] {standard_task_runner.py:72} INFO - Started process 5757 to run task
[2025-01-25T01:19:33.418+0000] {standard_task_runner.py:104} INFO - Running: ['***', 'tasks', 'run', 'pull_gazettes_data', 'preprocess_documents_task', 'scheduled__2025-01-24T00:00:00+00:00', '--job-id', '52', '--raw', '--subdir', 'DAGS_FOLDER/dag_script.py', '--cfg-path', '/tmp/tmpkkk_5809']
[2025-01-25T01:19:33.421+0000] {standard_task_runner.py:105} INFO - Job 52: Subtask preprocess_documents_task
[2025-01-25T01:19:33.461+0000] {task_command.py:467} INFO - Running <TaskInstance: pull_gazettes_data.preprocess_documents_task scheduled__2025-01-24T00:00:00+00:00 [running]> on host 41bcec3d818b
[2025-01-25T01:19:33.522+0000] {taskinstance.py:3131} INFO - Exporting env vars: AIRFLOW_CTX_DAG_EMAIL='***@example.com' AIRFLOW_CTX_DAG_OWNER='***' AIRFLOW_CTX_DAG_ID='pull_gazettes_data' AIRFLOW_CTX_TASK_ID='preprocess_documents_task' AIRFLOW_CTX_EXECUTION_DATE='2025-01-24T00:00:00+00:00' AIRFLOW_CTX_TRY_NUMBER='6' AIRFLOW_CTX_DAG_RUN_ID='scheduled__2025-01-24T00:00:00+00:00'
[2025-01-25T01:19:33.524+0000] {taskinstance.py:731} INFO - ::endgroup::
[2025-01-25T01:19:33.535+0000] {logging_mixin.py:190} INFO - Checking pre processed documents log
[2025-01-25T01:19:33.544+0000] {logging_mixin.py:190} INFO - Breaking down pdf 3106200_2024-11-26_7140.pdf into multiple PDF single pages
[2025-01-25T01:19:33.575+0000] {logging_mixin.py:190} INFO - File 3106200_2024-11-26_7140-page-0-0.pdf already broken down into
[2025-01-25T01:19:33.575+0000] {logging_mixin.py:190} INFO - File 3106200_2024-11-26_7140-page-1-1.pdf already broken down into
[2025-01-25T01:19:33.576+0000] {logging_mixin.py:190} INFO - File 3106200_2024-11-26_7140-page-2-2.pdf already broken down into
[2025-01-25T01:19:33.576+0000] {logging_mixin.py:190} INFO - File 3106200_2024-11-26_7140-page-3-3.pdf already broken down into
[2025-01-25T01:19:33.576+0000] {logging_mixin.py:190} INFO - File 3106200_2024-11-26_7140-page-4-4.pdf already broken down into
[2025-01-25T01:19:33.577+0000] {logging_mixin.py:190} INFO - File 3106200_2024-11-26_7140-page-5-5.pdf already broken down into
[2025-01-25T01:19:33.577+0000] {logging_mixin.py:190} INFO - File 3106200_2024-11-26_7140-page-6-6.pdf already broken down into
[2025-01-25T01:19:33.578+0000] {logging_mixin.py:190} INFO - File 3106200_2024-11-26_7140-page-7-7.pdf already broken down into
[2025-01-25T01:19:33.578+0000] {logging_mixin.py:190} INFO - File 3106200_2024-11-26_7140-page-8-8.pdf already broken down into
[2025-01-25T01:19:33.578+0000] {logging_mixin.py:190} INFO - File 3106200_2024-11-26_7140-page-9-9.pdf already broken down into
[2025-01-25T01:19:33.579+0000] {logging_mixin.py:190} INFO - File 3106200_2024-11-26_7140-page-10-10.pdf already broken down into
[2025-01-25T01:19:33.579+0000] {logging_mixin.py:190} INFO - File 3106200_2024-11-26_7140-page-11-11.pdf already broken down into
[2025-01-25T01:19:33.580+0000] {logging_mixin.py:190} INFO - File 3106200_2024-11-26_7140-page-12-12.pdf already broken down into
[2025-01-25T01:19:33.580+0000] {logging_mixin.py:190} INFO - File 3106200_2024-11-26_7140-page-13-13.pdf already broken down into
[2025-01-25T01:19:33.580+0000] {logging_mixin.py:190} INFO - File 3106200_2024-11-26_7140-page-14-14.pdf already broken down into
[2025-01-25T01:19:33.581+0000] {logging_mixin.py:190} INFO - File 3106200_2024-11-26_7140-page-15-15.pdf already broken down into
[2025-01-25T01:19:33.581+0000] {logging_mixin.py:190} INFO - File 3106200_2024-11-26_7140-page-16-16.pdf already broken down into
[2025-01-25T01:19:33.582+0000] {logging_mixin.py:190} INFO - File 3106200_2024-11-26_7140-page-17-17.pdf already broken down into
[2025-01-25T01:19:33.582+0000] {logging_mixin.py:190} INFO - File 3106200_2024-11-26_7140-page-18-18.pdf already broken down into
[2025-01-25T01:19:33.582+0000] {logging_mixin.py:190} INFO - File 3106200_2024-11-26_7140-page-19-19.pdf already broken down into
[2025-01-25T01:19:33.583+0000] {logging_mixin.py:190} INFO - File 3106200_2024-11-26_7140-page-20-20.pdf already broken down into
[2025-01-25T01:19:33.583+0000] {logging_mixin.py:190} INFO - File 3106200_2024-11-26_7140-page-21-21.pdf already broken down into
[2025-01-25T01:19:33.583+0000] {logging_mixin.py:190} INFO - File 3106200_2024-11-26_7140-page-22-22.pdf already broken down into
[2025-01-25T01:19:33.584+0000] {logging_mixin.py:190} INFO - File 3106200_2024-11-26_7140-page-23-23.pdf already broken down into
[2025-01-25T01:19:33.584+0000] {logging_mixin.py:190} INFO - File 3106200_2024-11-26_7140-page-24-24.pdf already broken down into
[2025-01-25T01:19:33.584+0000] {logging_mixin.py:190} INFO - File 3106200_2024-11-26_7140-page-25-25.pdf already broken down into
[2025-01-25T01:19:33.584+0000] {logging_mixin.py:190} INFO - File 3106200_2024-11-26_7140-page-26-26.pdf already broken down into
[2025-01-25T01:19:33.585+0000] {logging_mixin.py:190} INFO - File 3106200_2024-11-26_7140-page-27-27.pdf already broken down into
[2025-01-25T01:19:33.585+0000] {logging_mixin.py:190} INFO - File 3106200_2024-11-26_7140-page-28-28.pdf already broken down into
[2025-01-25T01:19:33.585+0000] {logging_mixin.py:190} INFO - File 3106200_2024-11-26_7140-page-29-29.pdf already broken down into
[2025-01-25T01:19:33.586+0000] {logging_mixin.py:190} INFO - File 3106200_2024-11-26_7140-page-30-30.pdf already broken down into
[2025-01-25T01:19:33.586+0000] {logging_mixin.py:190} INFO - File 3106200_2024-11-26_7140-page-31-31.pdf already broken down into
[2025-01-25T01:19:33.587+0000] {logging_mixin.py:190} INFO - File 3106200_2024-11-26_7140-page-32-32.pdf already broken down into
[2025-01-25T01:19:33.613+0000] {document_converter.py:242} INFO - Going to convert document batch...
[2025-01-25T01:19:33.882+0000] {accelerator_utils.py:41} INFO - Accelerator device: 'cpu'
[2025-01-25T01:19:35.902+0000] {accelerator_utils.py:41} INFO - Accelerator device: 'cpu'
[2025-01-25T01:19:36.415+0000] {accelerator_utils.py:41} INFO - Accelerator device: 'cpu'
[2025-01-25T01:19:36.786+0000] {base_pipeline.py:38} INFO - Processing document 3106200_2024-11-26_7140-page-0-0.pdf
[2025-01-25T01:19:38.390+0000] {document_converter.py:257} INFO - Finished converting document 3106200_2024-11-26_7140-page-0-0.pdf in 4.80 sec.
[2025-01-25T01:19:38.397+0000] {taskinstance.py:3310} ERROR - Task failed with exception
Traceback (most recent call last):
  File "/home/airflow/.local/lib/python3.12/site-packages/airflow/models/taskinstance.py", line 767, in _execute_task
    result = _execute_callable(context=context, **execute_callable_kwargs)
             ^^^^^^^^^^^^^^^^^^^^^^^^^^^^^^^^^^^^^^^^^^^^^^^^^^^^^^^^^^^^^
  File "/home/airflow/.local/lib/python3.12/site-packages/airflow/models/taskinstance.py", line 733, in _execute_callable
    return ExecutionCallableRunner(
           ^^^^^^^^^^^^^^^^^^^^^^^^
  File "/home/airflow/.local/lib/python3.12/site-packages/airflow/utils/operator_helpers.py", line 252, in run
    return self.func(*args, **kwargs)
           ^^^^^^^^^^^^^^^^^^^^^^^^^^
  File "/home/airflow/.local/lib/python3.12/site-packages/airflow/models/baseoperator.py", line 406, in wrapper
    return func(self, *args, **kwargs)
           ^^^^^^^^^^^^^^^^^^^^^^^^^^^
  File "/opt/airflow/dags/utils/preprocess_documents.py", line 173, in execute
    self.process_files()
  File "/opt/airflow/dags/utils/preprocess_documents.py", line 159, in process_files
    self.append_to_already_preprocessed_documents_log(
TypeError: PreprocessDocuments.append_to_already_preprocessed_documents_log() got an unexpected keyword argument 'file_uuid_breakdown'
[2025-01-25T01:19:38.411+0000] {taskinstance.py:1225} INFO - Marking task as UP_FOR_RETRY. dag_id=pull_gazettes_data, task_id=preprocess_documents_task, run_id=scheduled__2025-01-24T00:00:00+00:00, execution_date=20250124T000000, start_date=20250125T011933, end_date=20250125T011938
[2025-01-25T01:19:38.431+0000] {taskinstance.py:340} INFO - ::group::Post task execution logs
[2025-01-25T01:19:38.432+0000] {standard_task_runner.py:124} ERROR - Failed to execute job 52 for task preprocess_documents_task (PreprocessDocuments.append_to_already_preprocessed_documents_log() got an unexpected keyword argument 'file_uuid_breakdown'; 5757)
Traceback (most recent call last):
  File "/home/airflow/.local/lib/python3.12/site-packages/airflow/task/task_runner/standard_task_runner.py", line 117, in _start_by_fork
    ret = args.func(args, dag=self.dag)
          ^^^^^^^^^^^^^^^^^^^^^^^^^^^^^
  File "/home/airflow/.local/lib/python3.12/site-packages/airflow/cli/cli_config.py", line 49, in command
    return func(*args, **kwargs)
           ^^^^^^^^^^^^^^^^^^^^^
  File "/home/airflow/.local/lib/python3.12/site-packages/airflow/utils/cli.py", line 115, in wrapper
    return f(*args, **kwargs)
           ^^^^^^^^^^^^^^^^^^
  File "/home/airflow/.local/lib/python3.12/site-packages/airflow/cli/commands/task_command.py", line 483, in task_run
    task_return_code = _run_task_by_selected_method(args, _dag, ti)
                       ^^^^^^^^^^^^^^^^^^^^^^^^^^^^^^^^^^^^^^^^^^^^
  File "/home/airflow/.local/lib/python3.12/site-packages/airflow/cli/commands/task_command.py", line 256, in _run_task_by_selected_method
    return _run_raw_task(args, ti)
           ^^^^^^^^^^^^^^^^^^^^^^^
  File "/home/airflow/.local/lib/python3.12/site-packages/airflow/cli/commands/task_command.py", line 341, in _run_raw_task
    return ti._run_raw_task(
           ^^^^^^^^^^^^^^^^^
  File "/home/airflow/.local/lib/python3.12/site-packages/airflow/utils/session.py", line 97, in wrapper
    return func(*args, session=session, **kwargs)
           ^^^^^^^^^^^^^^^^^^^^^^^^^^^^^^^^^^^^^^
  File "/home/airflow/.local/lib/python3.12/site-packages/airflow/models/taskinstance.py", line 3004, in _run_raw_task
    return _run_raw_task(
           ^^^^^^^^^^^^^^
  File "/home/airflow/.local/lib/python3.12/site-packages/airflow/models/taskinstance.py", line 273, in _run_raw_task
    TaskInstance._execute_task_with_callbacks(
  File "/home/airflow/.local/lib/python3.12/site-packages/airflow/models/taskinstance.py", line 3158, in _execute_task_with_callbacks
    result = self._execute_task(context, task_orig)
             ^^^^^^^^^^^^^^^^^^^^^^^^^^^^^^^^^^^^^^
  File "/home/airflow/.local/lib/python3.12/site-packages/airflow/models/taskinstance.py", line 3182, in _execute_task
    return _execute_task(self, context, task_orig)
           ^^^^^^^^^^^^^^^^^^^^^^^^^^^^^^^^^^^^^^^
  File "/home/airflow/.local/lib/python3.12/site-packages/airflow/models/taskinstance.py", line 767, in _execute_task
    result = _execute_callable(context=context, **execute_callable_kwargs)
             ^^^^^^^^^^^^^^^^^^^^^^^^^^^^^^^^^^^^^^^^^^^^^^^^^^^^^^^^^^^^^
  File "/home/airflow/.local/lib/python3.12/site-packages/airflow/models/taskinstance.py", line 733, in _execute_callable
    return ExecutionCallableRunner(
           ^^^^^^^^^^^^^^^^^^^^^^^^
  File "/home/airflow/.local/lib/python3.12/site-packages/airflow/utils/operator_helpers.py", line 252, in run
    return self.func(*args, **kwargs)
           ^^^^^^^^^^^^^^^^^^^^^^^^^^
  File "/home/airflow/.local/lib/python3.12/site-packages/airflow/models/baseoperator.py", line 406, in wrapper
    return func(self, *args, **kwargs)
           ^^^^^^^^^^^^^^^^^^^^^^^^^^^
  File "/opt/airflow/dags/utils/preprocess_documents.py", line 173, in execute
    self.process_files()
  File "/opt/airflow/dags/utils/preprocess_documents.py", line 159, in process_files
    self.append_to_already_preprocessed_documents_log(
TypeError: PreprocessDocuments.append_to_already_preprocessed_documents_log() got an unexpected keyword argument 'file_uuid_breakdown'
[2025-01-25T01:19:38.477+0000] {local_task_job_runner.py:266} INFO - Task exited with return code 1
[2025-01-25T01:19:38.499+0000] {taskinstance.py:3900} INFO - 0 downstream tasks scheduled from follow-on schedule check
[2025-01-25T01:19:38.502+0000] {local_task_job_runner.py:245} INFO - ::endgroup::
