[2025-01-25T01:47:57.519+0000] {local_task_job_runner.py:123} INFO - ::group::Pre task execution logs
[2025-01-25T01:47:57.537+0000] {taskinstance.py:2612} INFO - Dependencies all met for dep_context=non-requeueable deps ti=<TaskInstance: pull_gazettes_data.preprocess_documents_task scheduled__2025-01-24T00:00:00+00:00 [queued]>
[2025-01-25T01:47:57.546+0000] {taskinstance.py:2612} INFO - Dependencies all met for dep_context=requeueable deps ti=<TaskInstance: pull_gazettes_data.preprocess_documents_task scheduled__2025-01-24T00:00:00+00:00 [queued]>
[2025-01-25T01:47:57.547+0000] {taskinstance.py:2865} INFO - Starting attempt 20 of 21
[2025-01-25T01:47:57.561+0000] {taskinstance.py:2888} INFO - Executing <Task(PreprocessDocuments): preprocess_documents_task> on 2025-01-24 00:00:00+00:00
[2025-01-25T01:47:57.582+0000] {warnings.py:112} WARNING - /home/***/.local/lib/python3.12/site-packages/***/task/task_runner/standard_task_runner.py:70: DeprecationWarning: This process (pid=7216) is multi-threaded, use of fork() may lead to deadlocks in the child.
  pid = os.fork()

[2025-01-25T01:47:57.584+0000] {standard_task_runner.py:72} INFO - Started process 7229 to run task
[2025-01-25T01:47:57.583+0000] {standard_task_runner.py:104} INFO - Running: ['***', 'tasks', 'run', 'pull_gazettes_data', 'preprocess_documents_task', 'scheduled__2025-01-24T00:00:00+00:00', '--job-id', '66', '--raw', '--subdir', 'DAGS_FOLDER/dag_script.py', '--cfg-path', '/tmp/tmpdjyo2622']
[2025-01-25T01:47:57.585+0000] {standard_task_runner.py:105} INFO - Job 66: Subtask preprocess_documents_task
[2025-01-25T01:47:57.631+0000] {task_command.py:467} INFO - Running <TaskInstance: pull_gazettes_data.preprocess_documents_task scheduled__2025-01-24T00:00:00+00:00 [running]> on host 41bcec3d818b
[2025-01-25T01:47:57.705+0000] {taskinstance.py:3131} INFO - Exporting env vars: AIRFLOW_CTX_DAG_EMAIL='***@example.com' AIRFLOW_CTX_DAG_OWNER='***' AIRFLOW_CTX_DAG_ID='pull_gazettes_data' AIRFLOW_CTX_TASK_ID='preprocess_documents_task' AIRFLOW_CTX_EXECUTION_DATE='2025-01-24T00:00:00+00:00' AIRFLOW_CTX_TRY_NUMBER='20' AIRFLOW_CTX_DAG_RUN_ID='scheduled__2025-01-24T00:00:00+00:00'
[2025-01-25T01:47:57.706+0000] {taskinstance.py:731} INFO - ::endgroup::
[2025-01-25T01:47:57.725+0000] {logging_mixin.py:190} INFO - Checking pre processed documents log
[2025-01-25T01:47:57.734+0000] {logging_mixin.py:190} INFO - Breaking down pdf 3106200_2024-11-26_7140.pdf into multiple PDF single pages
[2025-01-25T01:47:57.801+0000] {logging_mixin.py:190} INFO - [(4, 3, 410, 410, 8, 'CalRGB', '', 'Xi2', 'FlateDecode', 0), (3, 0, 410, 410, 8, 'DeviceGray', '', 'Xi1', 'FlateDecode', 0)]
[2025-01-25T01:47:57.884+0000] {logging_mixin.py:190} INFO - [(4, 8641, 1, 1, 8, 'DeviceGray', '', 'Xi5', '', 0), (3, 8641, 1, 1, 8, 'DeviceGray', '', 'Xi4', '', 0)]
[2025-01-25T01:47:57.934+0000] {logging_mixin.py:190} INFO - File 3106200_2024-11-26_7140-page-2-2.pdf already broken down into
[2025-01-25T01:47:57.934+0000] {logging_mixin.py:190} INFO - File 3106200_2024-11-26_7140-page-3-3.pdf already broken down into
[2025-01-25T01:47:57.935+0000] {logging_mixin.py:190} INFO - File 3106200_2024-11-26_7140-page-4-4.pdf already broken down into
[2025-01-25T01:47:57.935+0000] {logging_mixin.py:190} INFO - File 3106200_2024-11-26_7140-page-5-5.pdf already broken down into
[2025-01-25T01:47:57.936+0000] {logging_mixin.py:190} INFO - File 3106200_2024-11-26_7140-page-6-6.pdf already broken down into
[2025-01-25T01:47:57.936+0000] {logging_mixin.py:190} INFO - File 3106200_2024-11-26_7140-page-7-7.pdf already broken down into
[2025-01-25T01:47:57.937+0000] {logging_mixin.py:190} INFO - File 3106200_2024-11-26_7140-page-8-8.pdf already broken down into
[2025-01-25T01:47:57.937+0000] {logging_mixin.py:190} INFO - File 3106200_2024-11-26_7140-page-9-9.pdf already broken down into
[2025-01-25T01:47:57.938+0000] {logging_mixin.py:190} INFO - File 3106200_2024-11-26_7140-page-10-10.pdf already broken down into
[2025-01-25T01:47:57.938+0000] {logging_mixin.py:190} INFO - File 3106200_2024-11-26_7140-page-11-11.pdf already broken down into
[2025-01-25T01:47:57.939+0000] {logging_mixin.py:190} INFO - File 3106200_2024-11-26_7140-page-12-12.pdf already broken down into
[2025-01-25T01:47:57.939+0000] {logging_mixin.py:190} INFO - File 3106200_2024-11-26_7140-page-13-13.pdf already broken down into
[2025-01-25T01:47:57.939+0000] {logging_mixin.py:190} INFO - File 3106200_2024-11-26_7140-page-14-14.pdf already broken down into
[2025-01-25T01:47:57.940+0000] {logging_mixin.py:190} INFO - File 3106200_2024-11-26_7140-page-15-15.pdf already broken down into
[2025-01-25T01:47:57.940+0000] {logging_mixin.py:190} INFO - File 3106200_2024-11-26_7140-page-16-16.pdf already broken down into
[2025-01-25T01:47:57.941+0000] {logging_mixin.py:190} INFO - File 3106200_2024-11-26_7140-page-17-17.pdf already broken down into
[2025-01-25T01:47:57.941+0000] {logging_mixin.py:190} INFO - File 3106200_2024-11-26_7140-page-18-18.pdf already broken down into
[2025-01-25T01:47:57.942+0000] {logging_mixin.py:190} INFO - File 3106200_2024-11-26_7140-page-19-19.pdf already broken down into
[2025-01-25T01:47:57.942+0000] {logging_mixin.py:190} INFO - File 3106200_2024-11-26_7140-page-20-20.pdf already broken down into
[2025-01-25T01:47:57.942+0000] {logging_mixin.py:190} INFO - File 3106200_2024-11-26_7140-page-21-21.pdf already broken down into
[2025-01-25T01:47:57.943+0000] {logging_mixin.py:190} INFO - File 3106200_2024-11-26_7140-page-22-22.pdf already broken down into
[2025-01-25T01:47:57.944+0000] {logging_mixin.py:190} INFO - File 3106200_2024-11-26_7140-page-23-23.pdf already broken down into
[2025-01-25T01:47:57.944+0000] {logging_mixin.py:190} INFO - File 3106200_2024-11-26_7140-page-24-24.pdf already broken down into
[2025-01-25T01:47:57.945+0000] {logging_mixin.py:190} INFO - File 3106200_2024-11-26_7140-page-25-25.pdf already broken down into
[2025-01-25T01:47:57.945+0000] {logging_mixin.py:190} INFO - File 3106200_2024-11-26_7140-page-26-26.pdf already broken down into
[2025-01-25T01:47:57.946+0000] {logging_mixin.py:190} INFO - File 3106200_2024-11-26_7140-page-27-27.pdf already broken down into
[2025-01-25T01:47:57.946+0000] {logging_mixin.py:190} INFO - File 3106200_2024-11-26_7140-page-28-28.pdf already broken down into
[2025-01-25T01:47:57.946+0000] {logging_mixin.py:190} INFO - File 3106200_2024-11-26_7140-page-29-29.pdf already broken down into
[2025-01-25T01:47:57.947+0000] {logging_mixin.py:190} INFO - File 3106200_2024-11-26_7140-page-30-30.pdf already broken down into
[2025-01-25T01:47:57.947+0000] {logging_mixin.py:190} INFO - File 3106200_2024-11-26_7140-page-31-31.pdf already broken down into
[2025-01-25T01:47:57.948+0000] {logging_mixin.py:190} INFO - File 3106200_2024-11-26_7140-page-32-32.pdf already broken down into
[2025-01-25T01:47:57.953+0000] {logging_mixin.py:190} INFO - Empty DataFrame
Columns: [file_uuid, file_uuid_breakdown, etl_timestamp]
Index: [] file_uuid_breakdown
[2025-01-25T01:47:58.054+0000] {document_converter.py:242} INFO - Going to convert document batch...
[2025-01-25T01:47:58.409+0000] {accelerator_utils.py:41} INFO - Accelerator device: 'cpu'
[2025-01-25T01:48:00.615+0000] {accelerator_utils.py:41} INFO - Accelerator device: 'cpu'
[2025-01-25T01:48:01.180+0000] {accelerator_utils.py:41} INFO - Accelerator device: 'cpu'
[2025-01-25T01:48:01.678+0000] {base_pipeline.py:38} INFO - Processing document 3106200_2024-11-26_7140-page-0-0.pdf
[2025-01-25T01:48:03.621+0000] {document_converter.py:257} INFO - Finished converting document 3106200_2024-11-26_7140-page-0-0.pdf in 5.66 sec.
[2025-01-25T01:48:03.628+0000] {logging_mixin.py:190} INFO - Saving in path: /usr/local/***/data/preprocessed_documents/3106200_2024-11-26_7140-page-0-0.md
[2025-01-25T01:48:03.642+0000] {logging_mixin.py:190} INFO -                  file_uuid  ...              etl_timestamp
0  3106200_2024-11-26_7140  ... 2025-01-25 01:48:03.625794

[1 rows x 3 columns] file_uuid_breakdown
[2025-01-25T01:48:03.649+0000] {document_converter.py:242} INFO - Going to convert document batch...
[2025-01-25T01:48:03.803+0000] {accelerator_utils.py:41} INFO - Accelerator device: 'cpu'
[2025-01-25T01:48:05.888+0000] {accelerator_utils.py:41} INFO - Accelerator device: 'cpu'
[2025-01-25T01:48:06.361+0000] {accelerator_utils.py:41} INFO - Accelerator device: 'cpu'
[2025-01-25T01:48:06.755+0000] {base_pipeline.py:38} INFO - Processing document 3106200_2024-11-26_7140-page-1-1.pdf
[2025-01-25T01:48:08.482+0000] {document_converter.py:257} INFO - Finished converting document 3106200_2024-11-26_7140-page-1-1.pdf in 4.84 sec.
[2025-01-25T01:48:08.490+0000] {logging_mixin.py:190} INFO - Saving in path: /usr/local/***/data/preprocessed_documents/3106200_2024-11-26_7140-page-1-1.md
[2025-01-25T01:48:08.502+0000] {logging_mixin.py:190} INFO -                  file_uuid  ...              etl_timestamp
0  3106200_2024-11-26_7140  ... 2025-01-25 01:48:03.625794
0  3106200_2024-11-26_7140  ... 2025-01-25 01:48:08.488178

[2 rows x 3 columns] file_uuid_breakdown
[2025-01-25T01:48:08.514+0000] {document_converter.py:242} INFO - Going to convert document batch...
[2025-01-25T01:48:08.667+0000] {accelerator_utils.py:41} INFO - Accelerator device: 'cpu'
[2025-01-25T01:48:10.926+0000] {accelerator_utils.py:41} INFO - Accelerator device: 'cpu'
[2025-01-25T01:48:11.977+0000] {accelerator_utils.py:41} INFO - Accelerator device: 'cpu'
[2025-01-25T01:48:12.401+0000] {base_pipeline.py:38} INFO - Processing document 3106200_2024-11-26_7140-page-2-2.pdf
[2025-01-25T01:48:43.645+0000] {job.py:229} INFO - Heartbeat recovered after 30.87 seconds
[2025-01-25T01:48:43.655+0000] {local_task_job_runner.py:266} INFO - Task exited with return code -9For more information, see https://***.apache.org/docs/apache-***/stable/troubleshooting.html#LocalTaskJob-killed
[2025-01-25T01:48:43.688+0000] {taskinstance.py:3900} INFO - 0 downstream tasks scheduled from follow-on schedule check
[2025-01-25T01:48:43.691+0000] {local_task_job_runner.py:245} INFO - ::endgroup::
