[2025-01-25T21:39:31.558+0000] {local_task_job_runner.py:123} INFO - ::group::Pre task execution logs
[2025-01-25T21:39:31.575+0000] {taskinstance.py:2612} INFO - Dependencies all met for dep_context=non-requeueable deps ti=<TaskInstance: pull_gazettes_data.upload_contents_to_s3_task manual__2025-01-25T21:19:33.960892+00:00 [queued]>
[2025-01-25T21:39:31.584+0000] {taskinstance.py:2612} INFO - Dependencies all met for dep_context=requeueable deps ti=<TaskInstance: pull_gazettes_data.upload_contents_to_s3_task manual__2025-01-25T21:19:33.960892+00:00 [queued]>
[2025-01-25T21:39:31.585+0000] {taskinstance.py:2865} INFO - Starting attempt 5 of 6
[2025-01-25T21:39:31.600+0000] {taskinstance.py:2888} INFO - Executing <Task(UploadContentsToS3): upload_contents_to_s3_task> on 2025-01-25 21:19:33.960892+00:00
[2025-01-25T21:39:31.613+0000] {warnings.py:112} WARNING - /home/***/.local/lib/python3.12/site-packages/***/task/task_runner/standard_task_runner.py:70: DeprecationWarning: This process (pid=28340) is multi-threaded, use of fork() may lead to deadlocks in the child.
  pid = os.fork()

[2025-01-25T21:39:31.615+0000] {standard_task_runner.py:72} INFO - Started process 28353 to run task
[2025-01-25T21:39:31.616+0000] {standard_task_runner.py:104} INFO - Running: ['***', 'tasks', 'run', 'pull_gazettes_data', 'upload_contents_to_s3_task', 'manual__2025-01-25T21:19:33.960892+00:00', '--job-id', '187', '--raw', '--subdir', 'DAGS_FOLDER/dag_script.py', '--cfg-path', '/tmp/tmphsigy4ik']
[2025-01-25T21:39:31.619+0000] {standard_task_runner.py:105} INFO - Job 187: Subtask upload_contents_to_s3_task
[2025-01-25T21:39:31.684+0000] {task_command.py:467} INFO - Running <TaskInstance: pull_gazettes_data.upload_contents_to_s3_task manual__2025-01-25T21:19:33.960892+00:00 [running]> on host 41bcec3d818b
[2025-01-25T21:39:31.772+0000] {taskinstance.py:3131} INFO - Exporting env vars: AIRFLOW_CTX_DAG_EMAIL='***@example.com' AIRFLOW_CTX_DAG_OWNER='***' AIRFLOW_CTX_DAG_ID='pull_gazettes_data' AIRFLOW_CTX_TASK_ID='upload_contents_to_s3_task' AIRFLOW_CTX_EXECUTION_DATE='2025-01-25T21:19:33.960892+00:00' AIRFLOW_CTX_TRY_NUMBER='5' AIRFLOW_CTX_DAG_RUN_ID='manual__2025-01-25T21:19:33.960892+00:00'
[2025-01-25T21:39:31.773+0000] {taskinstance.py:731} INFO - ::endgroup::
[2025-01-25T21:39:31.786+0000] {logging_mixin.py:190} INFO - AAAAAAAAAAAAAAAAAAA
[2025-01-25T21:39:31.797+0000] {base.py:84} INFO - Retrieving connection 'minio_s3_conn_id'
[2025-01-25T21:39:31.798+0000] {connection_wrapper.py:391} INFO - AWS Connection (conn_id='minio_s3_conn_id', conn_type='aws') credentials retrieved from extra.
[2025-01-25T21:39:31.798+0000] {warnings.py:112} WARNING - <string>:9: AirflowProviderDeprecationWarning: extra['host'] is deprecated and will be removed in a future release. Please set extra['endpoint_url'] instead

[2025-01-25T21:39:32.036+0000] {logging_mixin.py:190} INFO - Loading object ingestion_checkpoint_logs/ into S3 bucket diario-oficial-db-dump//usr/local/***/data/ingestion_checkpoint_logs
[2025-01-25T21:39:32.037+0000] {logging_mixin.py:190} INFO - Loading object texts/ into S3 bucket diario-oficial-db-dump//usr/local/***/data/texts
[2025-01-25T21:39:32.037+0000] {logging_mixin.py:190} INFO - Loading object preprocessed_documents into S3 bucket diario-oficial-db-dump//usr/local/***/data/preprocessed_documents/
[2025-01-25T21:39:32.038+0000] {logging_mixin.py:190} INFO - Loading object vector_db/ into S3 bucket diario-oficial-db-dump//usr/local/***/data/vector_db/
[2025-01-25T21:39:32.047+0000] {taskinstance.py:340} INFO - ::group::Post task execution logs
[2025-01-25T21:39:32.048+0000] {taskinstance.py:352} INFO - Marking task as SUCCESS. dag_id=pull_gazettes_data, task_id=upload_contents_to_s3_task, run_id=manual__2025-01-25T21:19:33.960892+00:00, execution_date=20250125T211933, start_date=20250125T213931, end_date=20250125T213932
[2025-01-25T21:39:32.112+0000] {local_task_job_runner.py:266} INFO - Task exited with return code 0
[2025-01-25T21:39:32.132+0000] {taskinstance.py:3900} INFO - 0 downstream tasks scheduled from follow-on schedule check
[2025-01-25T21:39:32.134+0000] {local_task_job_runner.py:245} INFO - ::endgroup::
