[2025-01-25T21:43:40.332+0000] {local_task_job_runner.py:123} INFO - ::group::Pre task execution logs
[2025-01-25T21:43:40.365+0000] {taskinstance.py:2612} INFO - Dependencies all met for dep_context=non-requeueable deps ti=<TaskInstance: pull_gazettes_data.preprocess_documents_task manual__2025-01-25T21:19:33.960892+00:00 [queued]>
[2025-01-25T21:43:40.380+0000] {taskinstance.py:2612} INFO - Dependencies all met for dep_context=requeueable deps ti=<TaskInstance: pull_gazettes_data.preprocess_documents_task manual__2025-01-25T21:19:33.960892+00:00 [queued]>
[2025-01-25T21:43:40.381+0000] {taskinstance.py:2865} INFO - Starting attempt 5 of 6
[2025-01-25T21:43:40.403+0000] {taskinstance.py:2888} INFO - Executing <Task(PreprocessDocuments): preprocess_documents_task> on 2025-01-25 21:19:33.960892+00:00
[2025-01-25T21:43:40.432+0000] {warnings.py:112} WARNING - /home/***/.local/lib/python3.12/site-packages/***/task/task_runner/standard_task_runner.py:70: DeprecationWarning: This process (pid=28601) is multi-threaded, use of fork() may lead to deadlocks in the child.
  pid = os.fork()

[2025-01-25T21:43:40.435+0000] {standard_task_runner.py:72} INFO - Started process 28614 to run task
[2025-01-25T21:43:40.436+0000] {standard_task_runner.py:104} INFO - Running: ['***', 'tasks', 'run', 'pull_gazettes_data', 'preprocess_documents_task', 'manual__2025-01-25T21:19:33.960892+00:00', '--job-id', '191', '--raw', '--subdir', 'DAGS_FOLDER/dag_script.py', '--cfg-path', '/tmp/tmp292vupk3']
[2025-01-25T21:43:40.440+0000] {standard_task_runner.py:105} INFO - Job 191: Subtask preprocess_documents_task
[2025-01-25T21:43:40.503+0000] {task_command.py:467} INFO - Running <TaskInstance: pull_gazettes_data.preprocess_documents_task manual__2025-01-25T21:19:33.960892+00:00 [running]> on host 41bcec3d818b
[2025-01-25T21:43:40.593+0000] {taskinstance.py:3131} INFO - Exporting env vars: AIRFLOW_CTX_DAG_EMAIL='***@example.com' AIRFLOW_CTX_DAG_OWNER='***' AIRFLOW_CTX_DAG_ID='pull_gazettes_data' AIRFLOW_CTX_TASK_ID='preprocess_documents_task' AIRFLOW_CTX_EXECUTION_DATE='2025-01-25T21:19:33.960892+00:00' AIRFLOW_CTX_TRY_NUMBER='5' AIRFLOW_CTX_DAG_RUN_ID='manual__2025-01-25T21:19:33.960892+00:00'
[2025-01-25T21:43:40.596+0000] {taskinstance.py:731} INFO - ::endgroup::
[2025-01-25T21:43:40.610+0000] {logging_mixin.py:190} INFO - Checking pre processed documents log
[2025-01-25T21:43:40.612+0000] {logging_mixin.py:190} INFO - /usr/local/***/data/ingestion_checkpoint_logs/preprocessed_documents_log.csv True
[2025-01-25T21:43:40.620+0000] {logging_mixin.py:190} INFO - Breaking down pdf 3106200_2024-12-17_7155.pdf into multiple PDF single pages
[2025-01-25T21:43:40.659+0000] {logging_mixin.py:190} INFO - Empty DataFrame
Columns: [file_uuid, file_uuid_breakdown, etl_timestamp]
Index: []
[2025-01-25T21:43:40.661+0000] {logging_mixin.py:190} INFO - Empty DataFrame
Columns: [file_uuid, file_uuid_breakdown, etl_timestamp]
Index: []
[2025-01-25T21:43:40.661+0000] {logging_mixin.py:190} INFO - 3106200_2024-12-17_7155-page-0-0 in set() = False
[2025-01-25T21:43:40.662+0000] {logging_mixin.py:190} INFO - Empty DataFrame
Columns: [file_uuid, file_uuid_breakdown, etl_timestamp]
Index: []
[2025-01-25T21:43:40.729+0000] {logging_mixin.py:190} INFO - Empty DataFrame
Columns: [file_uuid, file_uuid_breakdown, etl_timestamp]
Index: []
[2025-01-25T21:43:40.730+0000] {logging_mixin.py:190} INFO - Empty DataFrame
Columns: [file_uuid, file_uuid_breakdown, etl_timestamp]
Index: []
[2025-01-25T21:43:40.731+0000] {logging_mixin.py:190} INFO - 3106200_2024-12-17_7155-page-1-1 in set() = False
[2025-01-25T21:43:40.732+0000] {logging_mixin.py:190} INFO - Empty DataFrame
Columns: [file_uuid, file_uuid_breakdown, etl_timestamp]
Index: []
[2025-01-25T21:43:40.784+0000] {logging_mixin.py:190} INFO - Empty DataFrame
Columns: [file_uuid, file_uuid_breakdown, etl_timestamp]
Index: []
[2025-01-25T21:43:40.784+0000] {logging_mixin.py:190} INFO - Empty DataFrame
Columns: [file_uuid, file_uuid_breakdown, etl_timestamp]
Index: []
[2025-01-25T21:43:40.785+0000] {logging_mixin.py:190} INFO - 3106200_2024-12-17_7155-page-2-2 in set() = False
[2025-01-25T21:43:40.786+0000] {logging_mixin.py:190} INFO - Empty DataFrame
Columns: [file_uuid, file_uuid_breakdown, etl_timestamp]
Index: []
[2025-01-25T21:43:40.821+0000] {logging_mixin.py:190} INFO - Empty DataFrame
Columns: [file_uuid, file_uuid_breakdown, etl_timestamp]
Index: []
[2025-01-25T21:43:40.823+0000] {logging_mixin.py:190} INFO - Empty DataFrame
Columns: [file_uuid, file_uuid_breakdown, etl_timestamp]
Index: []
[2025-01-25T21:43:40.823+0000] {logging_mixin.py:190} INFO - 3106200_2024-12-17_7155-page-3-3 in set() = False
[2025-01-25T21:43:40.824+0000] {logging_mixin.py:190} INFO - Empty DataFrame
Columns: [file_uuid, file_uuid_breakdown, etl_timestamp]
Index: []
[2025-01-25T21:43:40.859+0000] {logging_mixin.py:190} INFO - Empty DataFrame
Columns: [file_uuid, file_uuid_breakdown, etl_timestamp]
Index: []
[2025-01-25T21:43:40.861+0000] {logging_mixin.py:190} INFO - Empty DataFrame
Columns: [file_uuid, file_uuid_breakdown, etl_timestamp]
Index: []
[2025-01-25T21:43:40.861+0000] {logging_mixin.py:190} INFO - 3106200_2024-12-17_7155-page-4-4 in set() = False
[2025-01-25T21:43:40.862+0000] {logging_mixin.py:190} INFO - Empty DataFrame
Columns: [file_uuid, file_uuid_breakdown, etl_timestamp]
Index: []
[2025-01-25T21:43:40.908+0000] {logging_mixin.py:190} INFO - Empty DataFrame
Columns: [file_uuid, file_uuid_breakdown, etl_timestamp]
Index: []
[2025-01-25T21:43:40.909+0000] {logging_mixin.py:190} INFO - Empty DataFrame
Columns: [file_uuid, file_uuid_breakdown, etl_timestamp]
Index: []
[2025-01-25T21:43:40.910+0000] {logging_mixin.py:190} INFO - 3106200_2024-12-17_7155-page-5-5 in set() = False
[2025-01-25T21:43:40.913+0000] {logging_mixin.py:190} INFO - Empty DataFrame
Columns: [file_uuid, file_uuid_breakdown, etl_timestamp]
Index: []
[2025-01-25T21:43:40.959+0000] {logging_mixin.py:190} INFO - Empty DataFrame
Columns: [file_uuid, file_uuid_breakdown, etl_timestamp]
Index: []
[2025-01-25T21:43:40.960+0000] {logging_mixin.py:190} INFO - Empty DataFrame
Columns: [file_uuid, file_uuid_breakdown, etl_timestamp]
Index: []
[2025-01-25T21:43:40.961+0000] {logging_mixin.py:190} INFO - 3106200_2024-12-17_7155-page-6-6 in set() = False
[2025-01-25T21:43:40.961+0000] {logging_mixin.py:190} INFO - Empty DataFrame
Columns: [file_uuid, file_uuid_breakdown, etl_timestamp]
Index: []
[2025-01-25T21:43:41.006+0000] {logging_mixin.py:190} INFO - Empty DataFrame
Columns: [file_uuid, file_uuid_breakdown, etl_timestamp]
Index: []
[2025-01-25T21:43:41.007+0000] {logging_mixin.py:190} INFO - Empty DataFrame
Columns: [file_uuid, file_uuid_breakdown, etl_timestamp]
Index: []
[2025-01-25T21:43:41.008+0000] {logging_mixin.py:190} INFO - 3106200_2024-12-17_7155-page-7-7 in set() = False
[2025-01-25T21:43:41.009+0000] {logging_mixin.py:190} INFO - Empty DataFrame
Columns: [file_uuid, file_uuid_breakdown, etl_timestamp]
Index: []
[2025-01-25T21:43:41.049+0000] {logging_mixin.py:190} INFO - Empty DataFrame
Columns: [file_uuid, file_uuid_breakdown, etl_timestamp]
Index: []
[2025-01-25T21:43:41.050+0000] {logging_mixin.py:190} INFO - Empty DataFrame
Columns: [file_uuid, file_uuid_breakdown, etl_timestamp]
Index: []
[2025-01-25T21:43:41.051+0000] {logging_mixin.py:190} INFO - 3106200_2024-12-17_7155-page-8-8 in set() = False
[2025-01-25T21:43:41.052+0000] {logging_mixin.py:190} INFO - Empty DataFrame
Columns: [file_uuid, file_uuid_breakdown, etl_timestamp]
Index: []
[2025-01-25T21:43:41.091+0000] {logging_mixin.py:190} INFO - Empty DataFrame
Columns: [file_uuid, file_uuid_breakdown, etl_timestamp]
Index: []
[2025-01-25T21:43:41.092+0000] {logging_mixin.py:190} INFO - Empty DataFrame
Columns: [file_uuid, file_uuid_breakdown, etl_timestamp]
Index: []
[2025-01-25T21:43:41.093+0000] {logging_mixin.py:190} INFO - 3106200_2024-12-17_7155-page-9-9 in set() = False
[2025-01-25T21:43:41.094+0000] {logging_mixin.py:190} INFO - Empty DataFrame
Columns: [file_uuid, file_uuid_breakdown, etl_timestamp]
Index: []
[2025-01-25T21:43:41.133+0000] {logging_mixin.py:190} INFO - Empty DataFrame
Columns: [file_uuid, file_uuid_breakdown, etl_timestamp]
Index: []
[2025-01-25T21:43:41.134+0000] {logging_mixin.py:190} INFO - Empty DataFrame
Columns: [file_uuid, file_uuid_breakdown, etl_timestamp]
Index: []
[2025-01-25T21:43:41.134+0000] {logging_mixin.py:190} INFO - 3106200_2024-12-17_7155-page-10-10 in set() = False
[2025-01-25T21:43:41.135+0000] {logging_mixin.py:190} INFO - Empty DataFrame
Columns: [file_uuid, file_uuid_breakdown, etl_timestamp]
Index: []
[2025-01-25T21:43:41.177+0000] {logging_mixin.py:190} INFO - Empty DataFrame
Columns: [file_uuid, file_uuid_breakdown, etl_timestamp]
Index: []
[2025-01-25T21:43:41.178+0000] {logging_mixin.py:190} INFO - Empty DataFrame
Columns: [file_uuid, file_uuid_breakdown, etl_timestamp]
Index: []
[2025-01-25T21:43:41.179+0000] {logging_mixin.py:190} INFO - 3106200_2024-12-17_7155-page-11-11 in set() = False
[2025-01-25T21:43:41.180+0000] {logging_mixin.py:190} INFO - Empty DataFrame
Columns: [file_uuid, file_uuid_breakdown, etl_timestamp]
Index: []
[2025-01-25T21:43:41.214+0000] {logging_mixin.py:190} INFO - Empty DataFrame
Columns: [file_uuid, file_uuid_breakdown, etl_timestamp]
Index: []
[2025-01-25T21:43:41.215+0000] {logging_mixin.py:190} INFO - Empty DataFrame
Columns: [file_uuid, file_uuid_breakdown, etl_timestamp]
Index: []
[2025-01-25T21:43:41.216+0000] {logging_mixin.py:190} INFO - 3106200_2024-12-17_7155-page-12-12 in set() = False
[2025-01-25T21:43:41.216+0000] {logging_mixin.py:190} INFO - Empty DataFrame
Columns: [file_uuid, file_uuid_breakdown, etl_timestamp]
Index: []
[2025-01-25T21:43:41.250+0000] {logging_mixin.py:190} INFO - Empty DataFrame
Columns: [file_uuid, file_uuid_breakdown, etl_timestamp]
Index: []
[2025-01-25T21:43:41.251+0000] {logging_mixin.py:190} INFO - Empty DataFrame
Columns: [file_uuid, file_uuid_breakdown, etl_timestamp]
Index: []
[2025-01-25T21:43:41.251+0000] {logging_mixin.py:190} INFO - 3106200_2024-12-17_7155-page-13-13 in set() = False
[2025-01-25T21:43:41.252+0000] {logging_mixin.py:190} INFO - Empty DataFrame
Columns: [file_uuid, file_uuid_breakdown, etl_timestamp]
Index: []
[2025-01-25T21:43:41.285+0000] {logging_mixin.py:190} INFO - Empty DataFrame
Columns: [file_uuid, file_uuid_breakdown, etl_timestamp]
Index: []
[2025-01-25T21:43:41.286+0000] {logging_mixin.py:190} INFO - Empty DataFrame
Columns: [file_uuid, file_uuid_breakdown, etl_timestamp]
Index: []
[2025-01-25T21:43:41.287+0000] {logging_mixin.py:190} INFO - 3106200_2024-12-17_7155-page-14-14 in set() = False
[2025-01-25T21:43:41.288+0000] {logging_mixin.py:190} INFO - Empty DataFrame
Columns: [file_uuid, file_uuid_breakdown, etl_timestamp]
Index: []
[2025-01-25T21:43:41.322+0000] {logging_mixin.py:190} INFO - Empty DataFrame
Columns: [file_uuid, file_uuid_breakdown, etl_timestamp]
Index: []
[2025-01-25T21:43:41.323+0000] {logging_mixin.py:190} INFO - Empty DataFrame
Columns: [file_uuid, file_uuid_breakdown, etl_timestamp]
Index: []
[2025-01-25T21:43:41.323+0000] {logging_mixin.py:190} INFO - 3106200_2024-12-17_7155-page-15-15 in set() = False
[2025-01-25T21:43:41.324+0000] {logging_mixin.py:190} INFO - Empty DataFrame
Columns: [file_uuid, file_uuid_breakdown, etl_timestamp]
Index: []
[2025-01-25T21:43:41.357+0000] {logging_mixin.py:190} INFO - Empty DataFrame
Columns: [file_uuid, file_uuid_breakdown, etl_timestamp]
Index: []
[2025-01-25T21:43:41.358+0000] {logging_mixin.py:190} INFO - Empty DataFrame
Columns: [file_uuid, file_uuid_breakdown, etl_timestamp]
Index: []
[2025-01-25T21:43:41.358+0000] {logging_mixin.py:190} INFO - 3106200_2024-12-17_7155-page-16-16 in set() = False
[2025-01-25T21:43:41.359+0000] {logging_mixin.py:190} INFO - Empty DataFrame
Columns: [file_uuid, file_uuid_breakdown, etl_timestamp]
Index: []
[2025-01-25T21:43:41.390+0000] {logging_mixin.py:190} INFO - Empty DataFrame
Columns: [file_uuid, file_uuid_breakdown, etl_timestamp]
Index: []
[2025-01-25T21:43:41.392+0000] {logging_mixin.py:190} INFO - Empty DataFrame
Columns: [file_uuid, file_uuid_breakdown, etl_timestamp]
Index: []
[2025-01-25T21:43:41.393+0000] {logging_mixin.py:190} INFO - 3106200_2024-12-17_7155-page-17-17 in set() = False
[2025-01-25T21:43:41.393+0000] {logging_mixin.py:190} INFO - Empty DataFrame
Columns: [file_uuid, file_uuid_breakdown, etl_timestamp]
Index: []
[2025-01-25T21:43:41.431+0000] {logging_mixin.py:190} INFO - Empty DataFrame
Columns: [file_uuid, file_uuid_breakdown, etl_timestamp]
Index: []
[2025-01-25T21:43:41.432+0000] {logging_mixin.py:190} INFO - Empty DataFrame
Columns: [file_uuid, file_uuid_breakdown, etl_timestamp]
Index: []
[2025-01-25T21:43:41.433+0000] {logging_mixin.py:190} INFO - 3106200_2024-12-17_7155-page-18-18 in set() = False
[2025-01-25T21:43:41.433+0000] {logging_mixin.py:190} INFO - Empty DataFrame
Columns: [file_uuid, file_uuid_breakdown, etl_timestamp]
Index: []
[2025-01-25T21:43:41.436+0000] {logging_mixin.py:190} INFO - Empty DataFrame
Columns: [file_uuid, file_uuid_breakdown, etl_timestamp]
Index: []
[2025-01-25T21:43:41.437+0000] {logging_mixin.py:190} INFO - Empty DataFrame
Columns: [file_uuid, file_uuid_breakdown, etl_timestamp]
Index: []
[2025-01-25T21:43:41.438+0000] {logging_mixin.py:190} INFO - 3106200_2024-12-17_7155-page-19-19 in set() = False
[2025-01-25T21:43:41.439+0000] {logging_mixin.py:190} INFO - Empty DataFrame
Columns: [file_uuid, file_uuid_breakdown, etl_timestamp]
Index: []
[2025-01-25T21:43:41.443+0000] {logging_mixin.py:190} INFO - Empty DataFrame
Columns: [file_uuid, file_uuid_breakdown, etl_timestamp]
Index: []
[2025-01-25T21:43:41.444+0000] {logging_mixin.py:190} INFO - Empty DataFrame
Columns: [file_uuid, file_uuid_breakdown, etl_timestamp]
Index: []
[2025-01-25T21:43:41.444+0000] {logging_mixin.py:190} INFO - 3106200_2024-12-17_7155-page-20-20 in set() = False
[2025-01-25T21:43:41.445+0000] {logging_mixin.py:190} INFO - Empty DataFrame
Columns: [file_uuid, file_uuid_breakdown, etl_timestamp]
Index: []
[2025-01-25T21:43:41.482+0000] {logging_mixin.py:190} INFO - Empty DataFrame
Columns: [file_uuid, file_uuid_breakdown, etl_timestamp]
Index: []
[2025-01-25T21:43:41.483+0000] {logging_mixin.py:190} INFO - Empty DataFrame
Columns: [file_uuid, file_uuid_breakdown, etl_timestamp]
Index: []
[2025-01-25T21:43:41.484+0000] {logging_mixin.py:190} INFO - 3106200_2024-12-17_7155-page-21-21 in set() = False
[2025-01-25T21:43:41.485+0000] {logging_mixin.py:190} INFO - Empty DataFrame
Columns: [file_uuid, file_uuid_breakdown, etl_timestamp]
Index: []
[2025-01-25T21:43:41.521+0000] {logging_mixin.py:190} INFO - Empty DataFrame
Columns: [file_uuid, file_uuid_breakdown, etl_timestamp]
Index: []
[2025-01-25T21:43:41.522+0000] {logging_mixin.py:190} INFO - Empty DataFrame
Columns: [file_uuid, file_uuid_breakdown, etl_timestamp]
Index: []
[2025-01-25T21:43:41.522+0000] {logging_mixin.py:190} INFO - 3106200_2024-12-17_7155-page-22-22 in set() = False
[2025-01-25T21:43:41.523+0000] {logging_mixin.py:190} INFO - Empty DataFrame
Columns: [file_uuid, file_uuid_breakdown, etl_timestamp]
Index: []
[2025-01-25T21:43:41.566+0000] {logging_mixin.py:190} INFO - Empty DataFrame
Columns: [file_uuid, file_uuid_breakdown, etl_timestamp]
Index: []
[2025-01-25T21:43:41.567+0000] {logging_mixin.py:190} INFO - Empty DataFrame
Columns: [file_uuid, file_uuid_breakdown, etl_timestamp]
Index: []
[2025-01-25T21:43:41.568+0000] {logging_mixin.py:190} INFO - 3106200_2024-12-17_7155-page-23-23 in set() = False
[2025-01-25T21:43:41.569+0000] {logging_mixin.py:190} INFO - Empty DataFrame
Columns: [file_uuid, file_uuid_breakdown, etl_timestamp]
Index: []
[2025-01-25T21:43:41.611+0000] {logging_mixin.py:190} INFO - Empty DataFrame
Columns: [file_uuid, file_uuid_breakdown, etl_timestamp]
Index: []
[2025-01-25T21:43:41.612+0000] {logging_mixin.py:190} INFO - Empty DataFrame
Columns: [file_uuid, file_uuid_breakdown, etl_timestamp]
Index: []
[2025-01-25T21:43:41.612+0000] {logging_mixin.py:190} INFO - 3106200_2024-12-17_7155-page-24-24 in set() = False
[2025-01-25T21:43:41.613+0000] {logging_mixin.py:190} INFO - Empty DataFrame
Columns: [file_uuid, file_uuid_breakdown, etl_timestamp]
Index: []
[2025-01-25T21:43:41.690+0000] {document_converter.py:242} INFO - Going to convert document batch...
[2025-01-25T21:43:41.975+0000] {accelerator_utils.py:41} INFO - Accelerator device: 'cpu'
[2025-01-25T21:43:44.176+0000] {accelerator_utils.py:41} INFO - Accelerator device: 'cpu'
[2025-01-25T21:43:44.666+0000] {accelerator_utils.py:41} INFO - Accelerator device: 'cpu'
[2025-01-25T21:43:45.057+0000] {base_pipeline.py:38} INFO - Processing document 3106200_2024-12-17_7155-page-0-0.pdf
[2025-01-25T21:43:50.549+0000] {local_task_job_runner.py:346} WARNING - State of this instance has been externally set to failed. Terminating instance.
[2025-01-25T21:43:50.550+0000] {local_task_job_runner.py:245} INFO - ::endgroup::
[2025-01-25T21:43:50.552+0000] {process_utils.py:132} INFO - Sending 15 to group 28614. PIDs of all processes in the group: [28614]
[2025-01-25T21:43:50.552+0000] {process_utils.py:87} INFO - Sending the signal 15 to group 28614
[2025-01-25T21:43:50.556+0000] {taskinstance.py:3092} ERROR - Received SIGTERM. Terminating subprocesses.
[2025-01-25T21:43:50.582+0000] {taskinstance.py:340} INFO - ::group::Post task execution logs
[2025-01-25T21:43:50.645+0000] {process_utils.py:80} INFO - Process psutil.Process(pid=28614, status='terminated', exitcode=0, started='21:43:39') (28614) terminated with exit code 0
