[2025-01-25T16:11:49.920+0000] {local_task_job_runner.py:123} INFO - ::group::Pre task execution logs
[2025-01-25T16:11:49.937+0000] {taskinstance.py:2612} INFO - Dependencies all met for dep_context=non-requeueable deps ti=<TaskInstance: pull_gazettes_data.generate_indexes_task scheduled__2025-01-24T00:00:00+00:00 [queued]>
[2025-01-25T16:11:49.946+0000] {taskinstance.py:2612} INFO - Dependencies all met for dep_context=requeueable deps ti=<TaskInstance: pull_gazettes_data.generate_indexes_task scheduled__2025-01-24T00:00:00+00:00 [queued]>
[2025-01-25T16:11:49.947+0000] {taskinstance.py:2865} INFO - Starting attempt 13 of 14
[2025-01-25T16:11:49.960+0000] {taskinstance.py:2888} INFO - Executing <Task(GenerateIndexTask): generate_indexes_task> on 2025-01-24 00:00:00+00:00
[2025-01-25T16:11:49.970+0000] {warnings.py:112} WARNING - /home/***/.local/lib/python3.12/site-packages/***/task/task_runner/standard_task_runner.py:70: DeprecationWarning: This process (pid=14723) is multi-threaded, use of fork() may lead to deadlocks in the child.
  pid = os.fork()

[2025-01-25T16:11:49.972+0000] {standard_task_runner.py:72} INFO - Started process 14736 to run task
[2025-01-25T16:11:49.973+0000] {standard_task_runner.py:104} INFO - Running: ['***', 'tasks', 'run', 'pull_gazettes_data', 'generate_indexes_task', 'scheduled__2025-01-24T00:00:00+00:00', '--job-id', '96', '--raw', '--subdir', 'DAGS_FOLDER/dag_script.py', '--cfg-path', '/tmp/tmpdyy63lnh']
[2025-01-25T16:11:49.978+0000] {standard_task_runner.py:105} INFO - Job 96: Subtask generate_indexes_task
[2025-01-25T16:11:50.031+0000] {task_command.py:467} INFO - Running <TaskInstance: pull_gazettes_data.generate_indexes_task scheduled__2025-01-24T00:00:00+00:00 [running]> on host 41bcec3d818b
[2025-01-25T16:11:50.106+0000] {taskinstance.py:3131} INFO - Exporting env vars: AIRFLOW_CTX_DAG_EMAIL='***@example.com' AIRFLOW_CTX_DAG_OWNER='***' AIRFLOW_CTX_DAG_ID='pull_gazettes_data' AIRFLOW_CTX_TASK_ID='generate_indexes_task' AIRFLOW_CTX_EXECUTION_DATE='2025-01-24T00:00:00+00:00' AIRFLOW_CTX_TRY_NUMBER='13' AIRFLOW_CTX_DAG_RUN_ID='scheduled__2025-01-24T00:00:00+00:00'
[2025-01-25T16:11:50.107+0000] {taskinstance.py:731} INFO - ::endgroup::
[2025-01-25T16:11:50.122+0000] {logging_mixin.py:190} INFO - Initializing database
[2025-01-25T16:11:50.518+0000] {_client.py:1026} INFO - HTTP Request: POST https://stg.api.cohere.ai/v1/embed "HTTP/1.1 200 OK"
[2025-01-25T16:11:50.552+0000] {logging_mixin.py:190} INFO - Parsing database current state
[2025-01-25T16:11:50.554+0000] {logging_mixin.py:190} INFO - instantiating new database /usr/local/***/data/vector_db/
[2025-01-25T16:11:50.555+0000] {logging_mixin.py:190} INFO - Reading file metadata
[2025-01-25T16:11:50.588+0000] {logging_mixin.py:190} INFO - Adding batch of documents
[2025-01-25T16:11:50.594+0000] {logging_mixin.py:190} INFO - Saving current vector index status
[2025-01-25T16:11:50.603+0000] {logging_mixin.py:190} INFO - Finishing index processing
[2025-01-25T16:11:50.615+0000] {taskinstance.py:340} INFO - ::group::Post task execution logs
[2025-01-25T16:11:50.615+0000] {taskinstance.py:352} INFO - Marking task as SUCCESS. dag_id=pull_gazettes_data, task_id=generate_indexes_task, run_id=scheduled__2025-01-24T00:00:00+00:00, execution_date=20250124T000000, start_date=20250125T161149, end_date=20250125T161150
[2025-01-25T16:11:50.672+0000] {local_task_job_runner.py:266} INFO - Task exited with return code 0
[2025-01-25T16:11:50.695+0000] {taskinstance.py:3900} INFO - 1 downstream tasks scheduled from follow-on schedule check
[2025-01-25T16:11:50.698+0000] {local_task_job_runner.py:245} INFO - ::endgroup::
