[2025-01-25T01:15:39.566+0000] {local_task_job_runner.py:123} INFO - ::group::Pre task execution logs
[2025-01-25T01:15:39.580+0000] {taskinstance.py:2612} INFO - Dependencies all met for dep_context=non-requeueable deps ti=<TaskInstance: pull_gazettes_data.request_gazettes_task scheduled__2025-01-24T00:00:00+00:00 [queued]>
[2025-01-25T01:15:39.587+0000] {taskinstance.py:2612} INFO - Dependencies all met for dep_context=requeueable deps ti=<TaskInstance: pull_gazettes_data.request_gazettes_task scheduled__2025-01-24T00:00:00+00:00 [queued]>
[2025-01-25T01:15:39.587+0000] {taskinstance.py:2865} INFO - Starting attempt 3 of 4
[2025-01-25T01:15:39.598+0000] {taskinstance.py:2888} INFO - Executing <Task(RequestGazettesTask): request_gazettes_task> on 2025-01-24 00:00:00+00:00
[2025-01-25T01:15:39.615+0000] {warnings.py:112} WARNING - /home/***/.local/lib/python3.12/site-packages/***/task/task_runner/standard_task_runner.py:70: DeprecationWarning: This process (pid=5381) is multi-threaded, use of fork() may lead to deadlocks in the child.
  pid = os.fork()

[2025-01-25T01:15:39.616+0000] {standard_task_runner.py:72} INFO - Started process 5394 to run task
[2025-01-25T01:15:39.616+0000] {standard_task_runner.py:104} INFO - Running: ['***', 'tasks', 'run', 'pull_gazettes_data', 'request_gazettes_task', 'scheduled__2025-01-24T00:00:00+00:00', '--job-id', '38', '--raw', '--subdir', 'DAGS_FOLDER/dag_script.py', '--cfg-path', '/tmp/tmptw8b2_6i']
[2025-01-25T01:15:39.618+0000] {standard_task_runner.py:105} INFO - Job 38: Subtask request_gazettes_task
[2025-01-25T01:15:39.659+0000] {task_command.py:467} INFO - Running <TaskInstance: pull_gazettes_data.request_gazettes_task scheduled__2025-01-24T00:00:00+00:00 [running]> on host 41bcec3d818b
[2025-01-25T01:15:39.735+0000] {taskinstance.py:3131} INFO - Exporting env vars: AIRFLOW_CTX_DAG_EMAIL='***@example.com' AIRFLOW_CTX_DAG_OWNER='***' AIRFLOW_CTX_DAG_ID='pull_gazettes_data' AIRFLOW_CTX_TASK_ID='request_gazettes_task' AIRFLOW_CTX_EXECUTION_DATE='2025-01-24T00:00:00+00:00' AIRFLOW_CTX_TRY_NUMBER='3' AIRFLOW_CTX_DAG_RUN_ID='scheduled__2025-01-24T00:00:00+00:00'
[2025-01-25T01:15:39.737+0000] {taskinstance.py:731} INFO - ::endgroup::
[2025-01-25T01:15:39.754+0000] {logging_mixin.py:190} INFO - Running for start_date: 2025-01-22, end_date: 2025-01-23
[2025-01-25T01:15:40.331+0000] {logging_mixin.py:190} INFO - Total number of Gazettes: 0
[2025-01-25T01:15:40.332+0000] {logging_mixin.py:190} INFO - Managing URL log
[2025-01-25T01:15:40.362+0000] {taskinstance.py:340} INFO - ::group::Post task execution logs
[2025-01-25T01:15:40.362+0000] {taskinstance.py:352} INFO - Marking task as SUCCESS. dag_id=pull_gazettes_data, task_id=request_gazettes_task, run_id=scheduled__2025-01-24T00:00:00+00:00, execution_date=20250124T000000, start_date=20250125T011539, end_date=20250125T011540
[2025-01-25T01:15:40.393+0000] {local_task_job_runner.py:266} INFO - Task exited with return code 0
[2025-01-25T01:15:40.420+0000] {taskinstance.py:3900} INFO - 1 downstream tasks scheduled from follow-on schedule check
[2025-01-25T01:15:40.422+0000] {local_task_job_runner.py:245} INFO - ::endgroup::
