[2025-01-25T19:42:16.765+0000] {local_task_job_runner.py:123} INFO - ::group::Pre task execution logs
[2025-01-25T19:42:16.781+0000] {taskinstance.py:2612} INFO - Dependencies all met for dep_context=non-requeueable deps ti=<TaskInstance: pull_gazettes_data.generate_indexes_task manual__2025-01-25T18:45:04.636275+00:00 [queued]>
[2025-01-25T19:42:16.789+0000] {taskinstance.py:2612} INFO - Dependencies all met for dep_context=requeueable deps ti=<TaskInstance: pull_gazettes_data.generate_indexes_task manual__2025-01-25T18:45:04.636275+00:00 [queued]>
[2025-01-25T19:42:16.790+0000] {taskinstance.py:2865} INFO - Starting attempt 2 of 2
[2025-01-25T19:42:16.801+0000] {taskinstance.py:2888} INFO - Executing <Task(GenerateIndexTask): generate_indexes_task> on 2025-01-25 18:45:04.636275+00:00
[2025-01-25T19:42:16.812+0000] {warnings.py:112} WARNING - /home/***/.local/lib/python3.12/site-packages/***/task/task_runner/standard_task_runner.py:70: DeprecationWarning: This process (pid=23340) is multi-threaded, use of fork() may lead to deadlocks in the child.
  pid = os.fork()

[2025-01-25T19:42:16.814+0000] {standard_task_runner.py:72} INFO - Started process 23353 to run task
[2025-01-25T19:42:16.814+0000] {standard_task_runner.py:104} INFO - Running: ['***', 'tasks', 'run', 'pull_gazettes_data', 'generate_indexes_task', 'manual__2025-01-25T18:45:04.636275+00:00', '--job-id', '132', '--raw', '--subdir', 'DAGS_FOLDER/dag_script.py', '--cfg-path', '/tmp/tmpafx7jwxi']
[2025-01-25T19:42:16.816+0000] {standard_task_runner.py:105} INFO - Job 132: Subtask generate_indexes_task
[2025-01-25T19:42:16.854+0000] {task_command.py:467} INFO - Running <TaskInstance: pull_gazettes_data.generate_indexes_task manual__2025-01-25T18:45:04.636275+00:00 [running]> on host 41bcec3d818b
[2025-01-25T19:42:16.915+0000] {taskinstance.py:3131} INFO - Exporting env vars: AIRFLOW_CTX_DAG_EMAIL='***@example.com' AIRFLOW_CTX_DAG_OWNER='***' AIRFLOW_CTX_DAG_ID='pull_gazettes_data' AIRFLOW_CTX_TASK_ID='generate_indexes_task' AIRFLOW_CTX_EXECUTION_DATE='2025-01-25T18:45:04.636275+00:00' AIRFLOW_CTX_TRY_NUMBER='2' AIRFLOW_CTX_DAG_RUN_ID='manual__2025-01-25T18:45:04.636275+00:00'
[2025-01-25T19:42:16.917+0000] {taskinstance.py:731} INFO - ::endgroup::
[2025-01-25T19:42:16.929+0000] {logging_mixin.py:190} INFO - Initializing database
[2025-01-25T19:42:17.465+0000] {_client.py:1026} INFO - HTTP Request: POST https://stg.api.cohere.ai/v1/embed "HTTP/1.1 200 OK"
[2025-01-25T19:42:17.484+0000] {logging_mixin.py:190} INFO - Parsing database current state
[2025-01-25T19:42:17.486+0000] {logging_mixin.py:190} INFO - instantiating new database /usr/local/***/data/vector_db/
[2025-01-25T19:42:17.486+0000] {logging_mixin.py:190} INFO - Reading file metadata
[2025-01-25T19:42:17.501+0000] {logging_mixin.py:190} INFO - [FileMetadata(uuid='3106200_2024-12-17_7155-page-0-0'), FileMetadata(uuid='3106200_2024-12-17_7155-page-1-1'), FileMetadata(uuid='3106200_2024-12-17_7155-page-2-2'), FileMetadata(uuid='3106200_2024-12-17_7155-page-3-3'), FileMetadata(uuid='3106200_2024-12-17_7155-page-4-4'), FileMetadata(uuid='3106200_2024-12-17_7155-page-5-5'), FileMetadata(uuid='3106200_2024-12-17_7155-page-6-6'), FileMetadata(uuid='3106200_2024-12-17_7155-page-7-7'), FileMetadata(uuid='3106200_2024-12-17_7155-page-8-8'), FileMetadata(uuid='3106200_2024-12-17_7155-page-9-9'), FileMetadata(uuid='3106200_2024-12-17_7155-page-10-10'), FileMetadata(uuid='3106200_2024-12-17_7155-page-11-11'), FileMetadata(uuid='3106200_2024-12-17_7155-page-12-12'), FileMetadata(uuid='3106200_2024-12-17_7155-page-13-13'), FileMetadata(uuid='3106200_2024-12-17_7155-page-14-14'), FileMetadata(uuid='3106200_2024-12-17_7155-page-15-15'), FileMetadata(uuid='3106200_2024-12-17_7155-page-16-16'), FileMetadata(uuid='3106200_2024-12-17_7155-page-17-17'), FileMetadata(uuid='3106200_2024-12-17_7155-page-20-20'), FileMetadata(uuid='3106200_2024-12-17_7155-page-21-21'), FileMetadata(uuid='3106200_2024-12-17_7155-page-22-22'), FileMetadata(uuid='3106200_2024-12-17_7155-page-23-23'), FileMetadata(uuid='3106200_2024-12-17_7155-page-24-24'), FileMetadata(uuid='3106200_2024-12-18_7156-page-0-0'), FileMetadata(uuid='3106200_2024-12-18_7156-page-5-5'), FileMetadata(uuid='3106200_2024-12-18_7156-page-6-6'), FileMetadata(uuid='3106200_2024-12-18_7156-page-7-7'), FileMetadata(uuid='3106200_2024-12-18_7156-page-8-8'), FileMetadata(uuid='3106200_2024-12-18_7156-page-9-9'), FileMetadata(uuid='3106200_2024-12-18_7156-page-10-10'), FileMetadata(uuid='3106200_2024-12-18_7156-page-11-11'), FileMetadata(uuid='3106200_2024-12-18_7156-page-12-12'), FileMetadata(uuid='3106200_2024-12-18_7156-page-13-13'), FileMetadata(uuid='3106200_2024-12-18_7156-page-14-14'), FileMetadata(uuid='3106200_2024-12-18_7156-page-15-15'), FileMetadata(uuid='3106200_2024-12-18_7156-page-16-16'), FileMetadata(uuid='3106200_2024-12-18_7156-page-17-17'), FileMetadata(uuid='3106200_2024-12-18_7156-page-18-18'), FileMetadata(uuid='3106200_2024-12-18_7156-page-19-19'), FileMetadata(uuid='3106200_2024-12-18_7156-page-20-20'), FileMetadata(uuid='3106200_2024-12-18_7156-page-21-21'), FileMetadata(uuid='3106200_2024-12-18_7156-page-22-22'), FileMetadata(uuid='3106200_2024-12-18_7156-page-23-23'), FileMetadata(uuid='3106200_2024-12-18_7156-page-24-24'), FileMetadata(uuid='3106200_2024-12-18_7156-page-25-25'), FileMetadata(uuid='3106200_2024-12-18_7156-page-26-26'), FileMetadata(uuid='3106200_2024-12-18_7156-page-27-27'), FileMetadata(uuid='3106200_2024-12-18_7156-page-28-28'), FileMetadata(uuid='3106200_2024-12-18_7156-page-29-29'), FileMetadata(uuid='3106200_2024-12-18_7156-page-30-30'), FileMetadata(uuid='3106200_2024-12-18_7156-page-31-31'), FileMetadata(uuid='3106200_2024-12-18_7156-page-32-32'), FileMetadata(uuid='3106200_2024-12-18_7156-page-33-33'), FileMetadata(uuid='3106200_2024-12-18_7156-page-34-34'), FileMetadata(uuid='3106200_2024-12-18_7156-page-35-35'), FileMetadata(uuid='3106200_2024-12-18_7156-page-36-36'), FileMetadata(uuid='3106200_2024-12-18_7156-page-37-37'), FileMetadata(uuid='3106200_2024-12-18_7156-page-38-38'), FileMetadata(uuid='3106200_2024-12-18_7156-page-39-39'), FileMetadata(uuid='3106200_2024-12-18_7156-page-40-40'), FileMetadata(uuid='3106200_2024-12-18_7156-page-41-41'), FileMetadata(uuid='3106200_2024-12-18_7156-page-42-42'), FileMetadata(uuid='3106200_2024-12-18_7156-page-43-43'), FileMetadata(uuid='3106200_2024-12-18_7156-page-44-44'), FileMetadata(uuid='3106200_2024-12-18_7156-page-45-45'), FileMetadata(uuid='3106200_2024-12-18_7156-page-46-46'), FileMetadata(uuid='3106200_2024-12-18_7156-page-47-47'), FileMetadata(uuid='3106200_2024-12-18_7156-page-48-48'), FileMetadata(uuid='3106200_2024-12-18_7156-page-49-49'), FileMetadata(uuid='3106200_2024-12-18_7156-page-50-50'), FileMetadata(uuid='3106200_2024-12-18_7156-page-51-51'), FileMetadata(uuid='3106200_2024-12-18_7156-page-52-52'), FileMetadata(uuid='3106200_2024-12-18_7156-page-53-53'), FileMetadata(uuid='3106200_2024-12-18_7156-page-54-54'), FileMetadata(uuid='3106200_2024-12-18_7156-page-55-55'), FileMetadata(uuid='3106200_2024-12-18_7156-page-56-56'), FileMetadata(uuid='3106200_2024-12-18_7156-page-57-57'), FileMetadata(uuid='3106200_2024-12-18_7156-page-58-58'), FileMetadata(uuid='3106200_2024-12-18_7156-page-59-59'), FileMetadata(uuid='3106200_2024-12-18_7156-page-60-60'), FileMetadata(uuid='3106200_2024-12-18_7156-page-61-61'), FileMetadata(uuid='3106200_2024-12-18_7156-page-62-62'), FileMetadata(uuid='3106200_2024-12-18_7156-page-63-63'), FileMetadata(uuid='3106200_2024-12-18_7156-page-64-64'), FileMetadata(uuid='3106200_2024-12-18_7156-page-65-65'), FileMetadata(uuid='3106200_2024-12-18_7156-page-66-66'), FileMetadata(uuid='3106200_2024-12-18_7156-page-67-67'), FileMetadata(uuid='3106200_2024-12-18_7156-page-68-68'), FileMetadata(uuid='3106200_2024-12-18_7156-page-69-69'), FileMetadata(uuid='3106200_2024-12-18_7156-page-70-70'), FileMetadata(uuid='3106200_2024-12-18_7156-page-71-71'), FileMetadata(uuid='3106200_2024-12-19_7157-page-0-0'), FileMetadata(uuid='3106200_2024-12-19_7157-page-1-1'), FileMetadata(uuid='3106200_2024-12-19_7157-page-2-2'), FileMetadata(uuid='3106200_2024-12-19_7157-page-3-3'), FileMetadata(uuid='3106200_2024-12-19_7157-page-4-4'), FileMetadata(uuid='3106200_2024-12-19_7157-page-5-5'), FileMetadata(uuid='3106200_2024-12-19_7157-page-6-6'), FileMetadata(uuid='3106200_2024-12-19_7157-page-7-7'), FileMetadata(uuid='3106200_2024-12-19_7157-page-8-8'), FileMetadata(uuid='3106200_2024-12-19_7157-page-9-9'), FileMetadata(uuid='3106200_2024-12-19_7157-page-10-10'), FileMetadata(uuid='3106200_2024-12-19_7157-page-11-11'), FileMetadata(uuid='3106200_2024-12-19_7157-page-12-12'), FileMetadata(uuid='3106200_2024-12-19_7157-page-13-13'), FileMetadata(uuid='3106200_2024-12-19_7157-page-14-14'), FileMetadata(uuid='3106200_2024-12-19_7157-page-15-15'), FileMetadata(uuid='3106200_2024-12-19_7157-page-16-16'), FileMetadata(uuid='3106200_2024-12-19_7157-page-17-17'), FileMetadata(uuid='3106200_2024-12-19_7157-page-18-18'), FileMetadata(uuid='3106200_2024-12-19_7157-page-19-19'), FileMetadata(uuid='3106200_2024-12-19_7157-page-20-20'), FileMetadata(uuid='3106200_2024-12-19_7157-page-21-21'), FileMetadata(uuid='3106200_2024-12-19_7157-page-22-22'), FileMetadata(uuid='3106200_2024-12-19_7157-page-23-23'), FileMetadata(uuid='3106200_2024-12-19_7157-page-24-24'), FileMetadata(uuid='3106200_2024-12-19_7157-page-25-25'), FileMetadata(uuid='3106200_2024-12-19_7157-page-26-26'), FileMetadata(uuid='3106200_2024-12-19_7157-page-27-27'), FileMetadata(uuid='3106200_2024-12-19_7157-page-28-28'), FileMetadata(uuid='3106200_2024-12-19_7157-page-29-29'), FileMetadata(uuid='3106200_2024-12-19_7157-page-30-30'), FileMetadata(uuid='3106200_2024-12-19_7157-page-31-31'), FileMetadata(uuid='3106200_2024-12-19_7157-page-32-32'), FileMetadata(uuid='3106200_2024-12-19_7157-page-33-33'), FileMetadata(uuid='3106200_2024-12-19_7157-page-34-34')]
[2025-01-25T19:42:17.502+0000] {logging_mixin.py:190} INFO - Adding batch of documents
[2025-01-25T19:42:18.777+0000] {_client.py:1026} INFO - HTTP Request: POST https://stg.api.cohere.ai/v1/embed "HTTP/1.1 200 OK"
[2025-01-25T19:42:19.168+0000] {logging_mixin.py:190} INFO - Added 26 chunks for document: 3106200_2024-12-17_7155-page-0-0
[2025-01-25T19:42:19.168+0000] {logging_mixin.py:190} INFO - Saving current vector index status
[2025-01-25T19:42:19.179+0000] {logging_mixin.py:190} INFO - Waiting 7 seconds
[2025-01-25T19:42:26.739+0000] {_client.py:1026} INFO - HTTP Request: POST https://stg.api.cohere.ai/v1/embed "HTTP/1.1 200 OK"
[2025-01-25T19:42:26.995+0000] {logging_mixin.py:190} INFO - Added 17 chunks for document: 3106200_2024-12-17_7155-page-1-1
[2025-01-25T19:42:26.996+0000] {logging_mixin.py:190} INFO - Saving current vector index status
[2025-01-25T19:42:27.006+0000] {logging_mixin.py:190} INFO - Waiting 7 seconds
[2025-01-25T19:42:34.438+0000] {_client.py:1026} INFO - HTTP Request: POST https://stg.api.cohere.ai/v1/embed "HTTP/1.1 200 OK"
[2025-01-25T19:42:34.878+0000] {logging_mixin.py:190} INFO - Added 27 chunks for document: 3106200_2024-12-17_7155-page-2-2
[2025-01-25T19:42:34.878+0000] {logging_mixin.py:190} INFO - Saving current vector index status
[2025-01-25T19:42:34.889+0000] {logging_mixin.py:190} INFO - Waiting 10 seconds
[2025-01-25T19:42:45.324+0000] {_client.py:1026} INFO - HTTP Request: POST https://stg.api.cohere.ai/v1/embed "HTTP/1.1 200 OK"
[2025-01-25T19:42:45.911+0000] {logging_mixin.py:190} INFO - Added 34 chunks for document: 3106200_2024-12-17_7155-page-3-3
[2025-01-25T19:42:45.911+0000] {logging_mixin.py:190} INFO - Saving current vector index status
[2025-01-25T19:42:45.927+0000] {logging_mixin.py:190} INFO - Waiting 1 seconds
[2025-01-25T19:42:48.176+0000] {_client.py:1026} INFO - HTTP Request: POST https://stg.api.cohere.ai/v1/embed "HTTP/1.1 200 OK"
[2025-01-25T19:42:48.416+0000] {logging_mixin.py:190} INFO - Added 15 chunks for document: 3106200_2024-12-17_7155-page-4-4
[2025-01-25T19:42:48.416+0000] {logging_mixin.py:190} INFO - Saving current vector index status
[2025-01-25T19:42:48.431+0000] {logging_mixin.py:190} INFO - Waiting 10 seconds
[2025-01-25T19:42:58.852+0000] {_client.py:1026} INFO - HTTP Request: POST https://stg.api.cohere.ai/v1/embed "HTTP/1.1 200 OK"
[2025-01-25T19:42:59.066+0000] {logging_mixin.py:190} INFO - Added 15 chunks for document: 3106200_2024-12-17_7155-page-5-5
[2025-01-25T19:42:59.066+0000] {logging_mixin.py:190} INFO - Saving current vector index status
[2025-01-25T19:42:59.078+0000] {logging_mixin.py:190} INFO - Waiting 10 seconds
[2025-01-25T19:43:10.424+0000] {_client.py:1026} INFO - HTTP Request: POST https://stg.api.cohere.ai/v1/embed "HTTP/1.1 200 OK"
[2025-01-25T19:43:10.570+0000] {logging_mixin.py:190} INFO - Added 10 chunks for document: 3106200_2024-12-17_7155-page-6-6
[2025-01-25T19:43:10.571+0000] {logging_mixin.py:190} INFO - Saving current vector index status
[2025-01-25T19:43:10.586+0000] {logging_mixin.py:190} INFO - Waiting 10 seconds
[2025-01-25T19:43:20.971+0000] {_client.py:1026} INFO - HTTP Request: POST https://stg.api.cohere.ai/v1/embed "HTTP/1.1 200 OK"
[2025-01-25T19:43:21.208+0000] {logging_mixin.py:190} INFO - Added 17 chunks for document: 3106200_2024-12-17_7155-page-7-7
[2025-01-25T19:43:21.209+0000] {logging_mixin.py:190} INFO - Saving current vector index status
[2025-01-25T19:43:21.221+0000] {logging_mixin.py:190} INFO - Waiting 9 seconds
[2025-01-25T19:43:22.434+0000] {local_task_job_runner.py:346} WARNING - State of this instance has been externally set to failed. Terminating instance.
[2025-01-25T19:43:22.436+0000] {local_task_job_runner.py:245} INFO - ::endgroup::
[2025-01-25T19:43:22.438+0000] {process_utils.py:132} INFO - Sending 15 to group 23353. PIDs of all processes in the group: [23353]
[2025-01-25T19:43:22.439+0000] {process_utils.py:87} INFO - Sending the signal 15 to group 23353
[2025-01-25T19:43:22.439+0000] {taskinstance.py:3092} ERROR - Received SIGTERM. Terminating subprocesses.
[2025-01-25T19:43:22.470+0000] {taskinstance.py:340} INFO - ::group::Post task execution logs
[2025-01-25T19:43:22.491+0000] {process_utils.py:80} INFO - Process psutil.Process(pid=23353, status='terminated', exitcode=0, started='19:42:15') (23353) terminated with exit code 0
