[2025-01-24T20:38:26.960+0000] {local_task_job_runner.py:123} INFO - ::group::Pre task execution logs
[2025-01-24T20:38:26.977+0000] {taskinstance.py:2612} INFO - Dependencies all met for dep_context=non-requeueable deps ti=<TaskInstance: pull_gazettes_data.preprocess_documents_task manual__2025-01-24T20:00:00.044749+00:00 [queued]>
[2025-01-24T20:38:26.985+0000] {taskinstance.py:2612} INFO - Dependencies all met for dep_context=requeueable deps ti=<TaskInstance: pull_gazettes_data.preprocess_documents_task manual__2025-01-24T20:00:00.044749+00:00 [queued]>
[2025-01-24T20:38:26.986+0000] {taskinstance.py:2865} INFO - Starting attempt 13 of 14
[2025-01-24T20:38:26.999+0000] {taskinstance.py:2888} INFO - Executing <Task(PreprocessDocuments): preprocess_documents_task> on 2025-01-24 20:00:00.044749+00:00
[2025-01-24T20:38:27.012+0000] {warnings.py:112} WARNING - /home/***/.local/lib/python3.12/site-packages/***/task/task_runner/standard_task_runner.py:70: DeprecationWarning: This process (pid=2525) is multi-threaded, use of fork() may lead to deadlocks in the child.
  pid = os.fork()

[2025-01-24T20:38:27.013+0000] {standard_task_runner.py:72} INFO - Started process 2538 to run task
[2025-01-24T20:38:27.013+0000] {standard_task_runner.py:104} INFO - Running: ['***', 'tasks', 'run', 'pull_gazettes_data', 'preprocess_documents_task', 'manual__2025-01-24T20:00:00.044749+00:00', '--job-id', '32', '--raw', '--subdir', 'DAGS_FOLDER/dag_script.py', '--cfg-path', '/tmp/tmpgfvvvc4n']
[2025-01-24T20:38:27.015+0000] {standard_task_runner.py:105} INFO - Job 32: Subtask preprocess_documents_task
[2025-01-24T20:38:27.055+0000] {task_command.py:467} INFO - Running <TaskInstance: pull_gazettes_data.preprocess_documents_task manual__2025-01-24T20:00:00.044749+00:00 [running]> on host 972b45cbfb12
[2025-01-24T20:38:27.120+0000] {taskinstance.py:3131} INFO - Exporting env vars: AIRFLOW_CTX_DAG_EMAIL='***@example.com' AIRFLOW_CTX_DAG_OWNER='***' AIRFLOW_CTX_DAG_ID='pull_gazettes_data' AIRFLOW_CTX_TASK_ID='preprocess_documents_task' AIRFLOW_CTX_EXECUTION_DATE='2025-01-24T20:00:00.044749+00:00' AIRFLOW_CTX_TRY_NUMBER='13' AIRFLOW_CTX_DAG_RUN_ID='manual__2025-01-24T20:00:00.044749+00:00'
[2025-01-24T20:38:27.121+0000] {taskinstance.py:731} INFO - ::endgroup::
[2025-01-24T20:38:27.135+0000] {logging_mixin.py:190} INFO - Checking pre processed documents log
[2025-01-24T20:38:27.145+0000] {logging_mixin.py:190} INFO - Already preprocessed documents: set()
[2025-01-24T20:38:27.147+0000] {logging_mixin.py:190} INFO - Breaking down pdf 3106200_2024-11-22_7138.pdf into multiple PDF single pages
[2025-01-24T20:38:27.692+0000] {logging_mixin.py:190} INFO - Breaking down pdf 3106200_2024-11-23_7139.pdf into multiple PDF single pages
[2025-01-24T20:38:28.101+0000] {logging_mixin.py:190} INFO - Breaking down pdf 3106200_2024-11-26_7140.pdf into multiple PDF single pages
[2025-01-24T20:38:29.033+0000] {logging_mixin.py:190} INFO - Breaking down pdf 3106200_2024-11-27_7141.pdf into multiple PDF single pages
[2025-01-24T20:38:29.546+0000] {logging_mixin.py:190} INFO - Breaking down pdf 3106200_2024-11-28_7142.pdf into multiple PDF single pages
[2025-01-24T20:38:30.317+0000] {logging_mixin.py:190} INFO - Breaking down pdf 3106200_2024-11-29_7143.pdf into multiple PDF single pages
[2025-01-24T20:38:31.175+0000] {logging_mixin.py:190} INFO - Breaking down pdf 3106200_2024-11-30_7144.pdf into multiple PDF single pages
[2025-01-24T20:38:31.692+0000] {logging_mixin.py:190} INFO - Breaking down pdf 3106200_2024-12-03_7145.pdf into multiple PDF single pages
[2025-01-24T20:38:32.174+0000] {logging_mixin.py:190} INFO - Breaking down pdf 3106200_2024-12-04_7146.pdf into multiple PDF single pages
[2025-01-24T20:38:32.664+0000] {logging_mixin.py:190} INFO - Breaking down pdf 3106200_2024-12-05_7147.pdf into multiple PDF single pages
[2025-01-24T20:38:32.997+0000] {logging_mixin.py:190} INFO - Breaking down pdf 3106200_2024-12-06_7148.pdf into multiple PDF single pages
[2025-01-24T20:38:33.919+0000] {logging_mixin.py:190} INFO - Breaking down pdf 3106200_2024-12-07_7149.pdf into multiple PDF single pages
[2025-01-24T20:38:34.570+0000] {logging_mixin.py:190} INFO - Breaking down pdf 3106200_2024-12-10_7150.pdf into multiple PDF single pages
[2025-01-24T20:38:34.934+0000] {logging_mixin.py:190} INFO - Breaking down pdf 3106200_2024-12-11_7151.pdf into multiple PDF single pages
[2025-01-24T20:38:35.409+0000] {logging_mixin.py:190} INFO - Breaking down pdf 3106200_2024-12-12_7152.pdf into multiple PDF single pages
[2025-01-24T20:38:35.840+0000] {logging_mixin.py:190} INFO - Breaking down pdf 3106200_2024-12-13_7153.pdf into multiple PDF single pages
[2025-01-24T20:38:36.721+0000] {logging_mixin.py:190} INFO - Breaking down pdf 3106200_2024-12-14_7154.pdf into multiple PDF single pages
[2025-01-24T20:38:37.162+0000] {logging_mixin.py:190} INFO - Breaking down pdf 3106200_2024-12-17_7155.pdf into multiple PDF single pages
[2025-01-24T20:38:37.553+0000] {logging_mixin.py:190} INFO - Breaking down pdf 3106200_2024-12-18_7156.pdf into multiple PDF single pages
[2025-01-24T20:38:39.001+0000] {logging_mixin.py:190} INFO - Breaking down pdf 3106200_2024-12-19_7157.pdf into multiple PDF single pages
[2025-01-24T20:38:39.456+0000] {logging_mixin.py:190} INFO - [{'file_uuid': '3106200_2024-11-22_7138-page-10', 'file_path': '/usr/local/***/data/pdf_single_page/3106200_2024-11-22_7138-page-10.pdf'}, {'file_uuid': '3106200_2024-11-22_7138-page-20', 'file_path': '/usr/local/***/data/pdf_single_page/3106200_2024-11-22_7138-page-20.pdf'}, {'file_uuid': '3106200_2024-11-22_7138-page-30', 'file_path': '/usr/local/***/data/pdf_single_page/3106200_2024-11-22_7138-page-30.pdf'}, {'file_uuid': '3106200_2024-11-22_7138-page-40', 'file_path': '/usr/local/***/data/pdf_single_page/3106200_2024-11-22_7138-page-40.pdf'}, {'file_uuid': '3106200_2024-11-23_7139-page-10', 'file_path': '/usr/local/***/data/pdf_single_page/3106200_2024-11-23_7139-page-10.pdf'}, {'file_uuid': '3106200_2024-11-23_7139-page-20', 'file_path': '/usr/local/***/data/pdf_single_page/3106200_2024-11-23_7139-page-20.pdf'}, {'file_uuid': '3106200_2024-11-26_7140-page-10', 'file_path': '/usr/local/***/data/pdf_single_page/3106200_2024-11-26_7140-page-10.pdf'}, {'file_uuid': '3106200_2024-11-26_7140-page-20', 'file_path': '/usr/local/***/data/pdf_single_page/3106200_2024-11-26_7140-page-20.pdf'}, {'file_uuid': '3106200_2024-11-26_7140-page-30', 'file_path': '/usr/local/***/data/pdf_single_page/3106200_2024-11-26_7140-page-30.pdf'}, {'file_uuid': '3106200_2024-11-27_7141-page-10', 'file_path': '/usr/local/***/data/pdf_single_page/3106200_2024-11-27_7141-page-10.pdf'}, {'file_uuid': '3106200_2024-11-27_7141-page-20', 'file_path': '/usr/local/***/data/pdf_single_page/3106200_2024-11-27_7141-page-20.pdf'}, {'file_uuid': '3106200_2024-11-27_7141-page-30', 'file_path': '/usr/local/***/data/pdf_single_page/3106200_2024-11-27_7141-page-30.pdf'}, {'file_uuid': '3106200_2024-11-28_7142-page-10', 'file_path': '/usr/local/***/data/pdf_single_page/3106200_2024-11-28_7142-page-10.pdf'}, {'file_uuid': '3106200_2024-11-28_7142-page-20', 'file_path': '/usr/local/***/data/pdf_single_page/3106200_2024-11-28_7142-page-20.pdf'}, {'file_uuid': '3106200_2024-11-28_7142-page-30', 'file_path': '/usr/local/***/data/pdf_single_page/3106200_2024-11-28_7142-page-30.pdf'}, {'file_uuid': '3106200_2024-11-28_7142-page-40', 'file_path': '/usr/local/***/data/pdf_single_page/3106200_2024-11-28_7142-page-40.pdf'}, {'file_uuid': '3106200_2024-11-29_7143-page-10', 'file_path': '/usr/local/***/data/pdf_single_page/3106200_2024-11-29_7143-page-10.pdf'}, {'file_uuid': '3106200_2024-11-29_7143-page-20', 'file_path': '/usr/local/***/data/pdf_single_page/3106200_2024-11-29_7143-page-20.pdf'}, {'file_uuid': '3106200_2024-11-29_7143-page-30', 'file_path': '/usr/local/***/data/pdf_single_page/3106200_2024-11-29_7143-page-30.pdf'}, {'file_uuid': '3106200_2024-11-30_7144-page-10', 'file_path': '/usr/local/***/data/pdf_single_page/3106200_2024-11-30_7144-page-10.pdf'}, {'file_uuid': '3106200_2024-11-30_7144-page-20', 'file_path': '/usr/local/***/data/pdf_single_page/3106200_2024-11-30_7144-page-20.pdf'}, {'file_uuid': '3106200_2024-11-30_7144-page-30', 'file_path': '/usr/local/***/data/pdf_single_page/3106200_2024-11-30_7144-page-30.pdf'}, {'file_uuid': '3106200_2024-12-03_7145-page-10', 'file_path': '/usr/local/***/data/pdf_single_page/3106200_2024-12-03_7145-page-10.pdf'}, {'file_uuid': '3106200_2024-12-03_7145-page-20', 'file_path': '/usr/local/***/data/pdf_single_page/3106200_2024-12-03_7145-page-20.pdf'}, {'file_uuid': '3106200_2024-12-03_7145-page-30', 'file_path': '/usr/local/***/data/pdf_single_page/3106200_2024-12-03_7145-page-30.pdf'}, {'file_uuid': '3106200_2024-12-04_7146-page-10', 'file_path': '/usr/local/***/data/pdf_single_page/3106200_2024-12-04_7146-page-10.pdf'}, {'file_uuid': '3106200_2024-12-04_7146-page-20', 'file_path': '/usr/local/***/data/pdf_single_page/3106200_2024-12-04_7146-page-20.pdf'}, {'file_uuid': '3106200_2024-12-04_7146-page-30', 'file_path': '/usr/local/***/data/pdf_single_page/3106200_2024-12-04_7146-page-30.pdf'}, {'file_uuid': '3106200_2024-12-05_7147-page-10', 'file_path': '/usr/local/***/data/pdf_single_page/3106200_2024-12-05_7147-page-10.pdf'}, {'file_uuid': '3106200_2024-12-05_7147-page-20', 'file_path': '/usr/local/***/data/pdf_single_page/3106200_2024-12-05_7147-page-20.pdf'}, {'file_uuid': '3106200_2024-12-06_7148-page-10', 'file_path': '/usr/local/***/data/pdf_single_page/3106200_2024-12-06_7148-page-10.pdf'}, {'file_uuid': '3106200_2024-12-06_7148-page-20', 'file_path': '/usr/local/***/data/pdf_single_page/3106200_2024-12-06_7148-page-20.pdf'}, {'file_uuid': '3106200_2024-12-06_7148-page-30', 'file_path': '/usr/local/***/data/pdf_single_page/3106200_2024-12-06_7148-page-30.pdf'}, {'file_uuid': '3106200_2024-12-07_7149-page-10', 'file_path': '/usr/local/***/data/pdf_single_page/3106200_2024-12-07_7149-page-10.pdf'}, {'file_uuid': '3106200_2024-12-07_7149-page-20', 'file_path': '/usr/local/***/data/pdf_single_page/3106200_2024-12-07_7149-page-20.pdf'}, {'file_uuid': '3106200_2024-12-07_7149-page-30', 'file_path': '/usr/local/***/data/pdf_single_page/3106200_2024-12-07_7149-page-30.pdf'}, {'file_uuid': '3106200_2024-12-07_7149-page-40', 'file_path': '/usr/local/***/data/pdf_single_page/3106200_2024-12-07_7149-page-40.pdf'}, {'file_uuid': '3106200_2024-12-10_7150-page-10', 'file_path': '/usr/local/***/data/pdf_single_page/3106200_2024-12-10_7150-page-10.pdf'}, {'file_uuid': '3106200_2024-12-10_7150-page-20', 'file_path': '/usr/local/***/data/pdf_single_page/3106200_2024-12-10_7150-page-20.pdf'}, {'file_uuid': '3106200_2024-12-11_7151-page-10', 'file_path': '/usr/local/***/data/pdf_single_page/3106200_2024-12-11_7151-page-10.pdf'}, {'file_uuid': '3106200_2024-12-11_7151-page-20', 'file_path': '/usr/local/***/data/pdf_single_page/3106200_2024-12-11_7151-page-20.pdf'}, {'file_uuid': '3106200_2024-12-11_7151-page-30', 'file_path': '/usr/local/***/data/pdf_single_page/3106200_2024-12-11_7151-page-30.pdf'}, {'file_uuid': '3106200_2024-12-12_7152-page-10', 'file_path': '/usr/local/***/data/pdf_single_page/3106200_2024-12-12_7152-page-10.pdf'}, {'file_uuid': '3106200_2024-12-12_7152-page-20', 'file_path': '/usr/local/***/data/pdf_single_page/3106200_2024-12-12_7152-page-20.pdf'}, {'file_uuid': '3106200_2024-12-13_7153-page-10', 'file_path': '/usr/local/***/data/pdf_single_page/3106200_2024-12-13_7153-page-10.pdf'}, {'file_uuid': '3106200_2024-12-13_7153-page-20', 'file_path': '/usr/local/***/data/pdf_single_page/3106200_2024-12-13_7153-page-20.pdf'}, {'file_uuid': '3106200_2024-12-13_7153-page-30', 'file_path': '/usr/local/***/data/pdf_single_page/3106200_2024-12-13_7153-page-30.pdf'}, {'file_uuid': '3106200_2024-12-14_7154-page-10', 'file_path': '/usr/local/***/data/pdf_single_page/3106200_2024-12-14_7154-page-10.pdf'}, {'file_uuid': '3106200_2024-12-14_7154-page-20', 'file_path': '/usr/local/***/data/pdf_single_page/3106200_2024-12-14_7154-page-20.pdf'}, {'file_uuid': '3106200_2024-12-14_7154-page-30', 'file_path': '/usr/local/***/data/pdf_single_page/3106200_2024-12-14_7154-page-30.pdf'}, {'file_uuid': '3106200_2024-12-17_7155-page-10', 'file_path': '/usr/local/***/data/pdf_single_page/3106200_2024-12-17_7155-page-10.pdf'}, {'file_uuid': '3106200_2024-12-17_7155-page-20', 'file_path': '/usr/local/***/data/pdf_single_page/3106200_2024-12-17_7155-page-20.pdf'}, {'file_uuid': '3106200_2024-12-18_7156-page-10', 'file_path': '/usr/local/***/data/pdf_single_page/3106200_2024-12-18_7156-page-10.pdf'}, {'file_uuid': '3106200_2024-12-18_7156-page-20', 'file_path': '/usr/local/***/data/pdf_single_page/3106200_2024-12-18_7156-page-20.pdf'}, {'file_uuid': '3106200_2024-12-18_7156-page-30', 'file_path': '/usr/local/***/data/pdf_single_page/3106200_2024-12-18_7156-page-30.pdf'}, {'file_uuid': '3106200_2024-12-18_7156-page-40', 'file_path': '/usr/local/***/data/pdf_single_page/3106200_2024-12-18_7156-page-40.pdf'}, {'file_uuid': '3106200_2024-12-18_7156-page-50', 'file_path': '/usr/local/***/data/pdf_single_page/3106200_2024-12-18_7156-page-50.pdf'}, {'file_uuid': '3106200_2024-12-18_7156-page-60', 'file_path': '/usr/local/***/data/pdf_single_page/3106200_2024-12-18_7156-page-60.pdf'}, {'file_uuid': '3106200_2024-12-18_7156-page-70', 'file_path': '/usr/local/***/data/pdf_single_page/3106200_2024-12-18_7156-page-70.pdf'}, {'file_uuid': '3106200_2024-12-19_7157-page-10', 'file_path': '/usr/local/***/data/pdf_single_page/3106200_2024-12-19_7157-page-10.pdf'}, {'file_uuid': '3106200_2024-12-19_7157-page-20', 'file_path': '/usr/local/***/data/pdf_single_page/3106200_2024-12-19_7157-page-20.pdf'}, {'file_uuid': '3106200_2024-12-19_7157-page-30', 'file_path': '/usr/local/***/data/pdf_single_page/3106200_2024-12-19_7157-page-30.pdf'}]
[2025-01-24T20:38:39.528+0000] {document_converter.py:242} INFO - Going to convert document batch...
[2025-01-24T20:38:39.808+0000] {accelerator_utils.py:41} INFO - Accelerator device: 'cpu'
[2025-01-24T20:38:42.421+0000] {accelerator_utils.py:41} INFO - Accelerator device: 'cpu'
[2025-01-24T20:38:42.929+0000] {accelerator_utils.py:41} INFO - Accelerator device: 'cpu'
[2025-01-24T20:38:43.313+0000] {base_pipeline.py:38} INFO - Processing document 3106200_2024-11-22_7138-page-10.pdf
[2025-01-24T20:40:04.986+0000] {document_converter.py:257} INFO - Finished converting document 3106200_2024-11-22_7138-page-10.pdf in 85.53 sec.
[2025-01-24T20:40:05.085+0000] {document_converter.py:242} INFO - Going to convert document batch...
[2025-01-24T20:40:05.596+0000] {accelerator_utils.py:41} INFO - Accelerator device: 'cpu'
[2025-01-24T20:40:08.158+0000] {accelerator_utils.py:41} INFO - Accelerator device: 'cpu'
[2025-01-24T20:40:08.593+0000] {accelerator_utils.py:41} INFO - Accelerator device: 'cpu'
[2025-01-24T20:40:08.960+0000] {base_pipeline.py:38} INFO - Processing document 3106200_2024-11-22_7138-page-20.pdf
[2025-01-24T20:40:24.695+0000] {document_converter.py:257} INFO - Finished converting document 3106200_2024-11-22_7138-page-20.pdf in 19.61 sec.
[2025-01-24T20:40:24.735+0000] {document_converter.py:242} INFO - Going to convert document batch...
[2025-01-24T20:40:24.887+0000] {accelerator_utils.py:41} INFO - Accelerator device: 'cpu'
[2025-01-24T20:40:27.068+0000] {accelerator_utils.py:41} INFO - Accelerator device: 'cpu'
[2025-01-24T20:40:27.551+0000] {accelerator_utils.py:41} INFO - Accelerator device: 'cpu'
[2025-01-24T20:40:27.909+0000] {base_pipeline.py:38} INFO - Processing document 3106200_2024-11-22_7138-page-30.pdf
[2025-01-24T20:40:48.508+0000] {document_converter.py:257} INFO - Finished converting document 3106200_2024-11-22_7138-page-30.pdf in 23.78 sec.
[2025-01-24T20:40:48.540+0000] {document_converter.py:242} INFO - Going to convert document batch...
[2025-01-24T20:40:48.753+0000] {accelerator_utils.py:41} INFO - Accelerator device: 'cpu'
[2025-01-24T20:40:51.303+0000] {accelerator_utils.py:41} INFO - Accelerator device: 'cpu'
[2025-01-24T20:40:51.795+0000] {accelerator_utils.py:41} INFO - Accelerator device: 'cpu'
[2025-01-24T20:40:52.267+0000] {base_pipeline.py:38} INFO - Processing document 3106200_2024-11-22_7138-page-40.pdf
[2025-01-24T20:41:29.218+0000] {document_converter.py:257} INFO - Finished converting document 3106200_2024-11-22_7138-page-40.pdf in 40.68 sec.
[2025-01-24T20:41:29.290+0000] {document_converter.py:242} INFO - Going to convert document batch...
[2025-01-24T20:41:29.442+0000] {accelerator_utils.py:41} INFO - Accelerator device: 'cpu'
[2025-01-24T20:41:31.877+0000] {accelerator_utils.py:41} INFO - Accelerator device: 'cpu'
[2025-01-24T20:41:32.355+0000] {accelerator_utils.py:41} INFO - Accelerator device: 'cpu'
[2025-01-24T20:41:32.706+0000] {base_pipeline.py:38} INFO - Processing document 3106200_2024-11-23_7139-page-10.pdf
[2025-01-24T20:41:58.692+0000] {document_converter.py:257} INFO - Finished converting document 3106200_2024-11-23_7139-page-10.pdf in 29.41 sec.
[2025-01-24T20:41:58.727+0000] {document_converter.py:242} INFO - Going to convert document batch...
[2025-01-24T20:41:58.903+0000] {accelerator_utils.py:41} INFO - Accelerator device: 'cpu'
[2025-01-24T20:42:00.962+0000] {accelerator_utils.py:41} INFO - Accelerator device: 'cpu'
[2025-01-24T20:42:01.446+0000] {accelerator_utils.py:41} INFO - Accelerator device: 'cpu'
[2025-01-24T20:42:01.789+0000] {base_pipeline.py:38} INFO - Processing document 3106200_2024-11-23_7139-page-20.pdf
[2025-01-24T20:42:35.653+0000] {document_converter.py:257} INFO - Finished converting document 3106200_2024-11-23_7139-page-20.pdf in 36.94 sec.
[2025-01-24T20:42:35.728+0000] {document_converter.py:242} INFO - Going to convert document batch...
[2025-01-24T20:42:35.877+0000] {accelerator_utils.py:41} INFO - Accelerator device: 'cpu'
[2025-01-24T20:42:37.907+0000] {accelerator_utils.py:41} INFO - Accelerator device: 'cpu'
[2025-01-24T20:42:38.322+0000] {accelerator_utils.py:41} INFO - Accelerator device: 'cpu'
[2025-01-24T20:42:38.647+0000] {base_pipeline.py:38} INFO - Processing document 3106200_2024-11-26_7140-page-10.pdf
[2025-01-24T20:42:44.274+0000] {local_task_job_runner.py:266} INFO - Task exited with return code -9For more information, see https://***.apache.org/docs/apache-***/stable/troubleshooting.html#LocalTaskJob-killed
[2025-01-24T20:42:44.365+0000] {taskinstance.py:3900} INFO - 0 downstream tasks scheduled from follow-on schedule check
[2025-01-24T20:42:44.366+0000] {local_task_job_runner.py:245} INFO - ::endgroup::
