[2025-01-24T20:13:12.587+0000] {local_task_job_runner.py:123} INFO - ::group::Pre task execution logs
[2025-01-24T20:13:12.604+0000] {taskinstance.py:2612} INFO - Dependencies all met for dep_context=non-requeueable deps ti=<TaskInstance: pull_gazettes_data.preprocess_documents_task manual__2025-01-24T20:00:00.044749+00:00 [queued]>
[2025-01-24T20:13:12.613+0000] {taskinstance.py:2612} INFO - Dependencies all met for dep_context=requeueable deps ti=<TaskInstance: pull_gazettes_data.preprocess_documents_task manual__2025-01-24T20:00:00.044749+00:00 [queued]>
[2025-01-24T20:13:12.613+0000] {taskinstance.py:2865} INFO - Starting attempt 3 of 4
[2025-01-24T20:13:12.626+0000] {taskinstance.py:2888} INFO - Executing <Task(PreprocessDocuments): preprocess_documents_task> on 2025-01-24 20:00:00.044749+00:00
[2025-01-24T20:13:12.643+0000] {warnings.py:112} WARNING - /home/***/.local/lib/python3.12/site-packages/***/task/task_runner/standard_task_runner.py:70: DeprecationWarning: This process (pid=1275) is multi-threaded, use of fork() may lead to deadlocks in the child.
  pid = os.fork()

[2025-01-24T20:13:12.645+0000] {standard_task_runner.py:72} INFO - Started process 1288 to run task
[2025-01-24T20:13:12.645+0000] {standard_task_runner.py:104} INFO - Running: ['***', 'tasks', 'run', 'pull_gazettes_data', 'preprocess_documents_task', 'manual__2025-01-24T20:00:00.044749+00:00', '--job-id', '22', '--raw', '--subdir', 'DAGS_FOLDER/dag_script.py', '--cfg-path', '/tmp/tmpcbgped0f']
[2025-01-24T20:13:12.647+0000] {standard_task_runner.py:105} INFO - Job 22: Subtask preprocess_documents_task
[2025-01-24T20:13:12.690+0000] {task_command.py:467} INFO - Running <TaskInstance: pull_gazettes_data.preprocess_documents_task manual__2025-01-24T20:00:00.044749+00:00 [running]> on host 972b45cbfb12
[2025-01-24T20:13:12.758+0000] {taskinstance.py:3131} INFO - Exporting env vars: AIRFLOW_CTX_DAG_EMAIL='***@example.com' AIRFLOW_CTX_DAG_OWNER='***' AIRFLOW_CTX_DAG_ID='pull_gazettes_data' AIRFLOW_CTX_TASK_ID='preprocess_documents_task' AIRFLOW_CTX_EXECUTION_DATE='2025-01-24T20:00:00.044749+00:00' AIRFLOW_CTX_TRY_NUMBER='3' AIRFLOW_CTX_DAG_RUN_ID='manual__2025-01-24T20:00:00.044749+00:00'
[2025-01-24T20:13:12.759+0000] {taskinstance.py:731} INFO - ::endgroup::
[2025-01-24T20:13:12.779+0000] {logging_mixin.py:190} INFO - Checking pre processed documents log
[2025-01-24T20:13:12.793+0000] {logging_mixin.py:190} INFO - Already preprocessed documents: set()
[2025-01-24T20:13:12.946+0000] {logging_mixin.py:190} INFO - Breaking down pdf 3106200_2024-11-22_7138.pdf into multiple PDF single pages
[2025-01-24T20:13:14.223+0000] {logging_mixin.py:190} INFO - Breaking down pdf 3106200_2024-11-23_7139.pdf into multiple PDF single pages
[2025-01-24T20:13:15.945+0000] {logging_mixin.py:190} INFO - Breaking down pdf 3106200_2024-11-26_7140.pdf into multiple PDF single pages
[2025-01-24T20:13:17.272+0000] {logging_mixin.py:190} INFO - Breaking down pdf 3106200_2024-11-27_7141.pdf into multiple PDF single pages
[2025-01-24T20:13:18.618+0000] {logging_mixin.py:190} INFO - Breaking down pdf 3106200_2024-11-28_7142.pdf into multiple PDF single pages
[2025-01-24T20:13:20.201+0000] {logging_mixin.py:190} INFO - Breaking down pdf 3106200_2024-11-29_7143.pdf into multiple PDF single pages
[2025-01-24T20:13:22.283+0000] {logging_mixin.py:190} INFO - Breaking down pdf 3106200_2024-11-30_7144.pdf into multiple PDF single pages
[2025-01-24T20:13:23.598+0000] {logging_mixin.py:190} INFO - Breaking down pdf 3106200_2024-12-03_7145.pdf into multiple PDF single pages
[2025-01-24T20:13:24.937+0000] {logging_mixin.py:190} INFO - Breaking down pdf 3106200_2024-12-04_7146.pdf into multiple PDF single pages
[2025-01-24T20:13:26.827+0000] {logging_mixin.py:190} INFO - Breaking down pdf 3106200_2024-12-05_7147.pdf into multiple PDF single pages
[2025-01-24T20:13:28.333+0000] {logging_mixin.py:190} INFO - Breaking down pdf 3106200_2024-12-06_7148.pdf into multiple PDF single pages
[2025-01-24T20:13:29.668+0000] {logging_mixin.py:190} INFO - Breaking down pdf 3106200_2024-12-07_7149.pdf into multiple PDF single pages
[2025-01-24T20:13:31.609+0000] {logging_mixin.py:190} INFO - Breaking down pdf 3106200_2024-12-10_7150.pdf into multiple PDF single pages
[2025-01-24T20:13:33.049+0000] {logging_mixin.py:190} INFO - Breaking down pdf 3106200_2024-12-11_7151.pdf into multiple PDF single pages
[2025-01-24T20:13:34.454+0000] {logging_mixin.py:190} INFO - Breaking down pdf 3106200_2024-12-12_7152.pdf into multiple PDF single pages
[2025-01-24T20:13:35.871+0000] {logging_mixin.py:190} INFO - Breaking down pdf 3106200_2024-12-13_7153.pdf into multiple PDF single pages
[2025-01-24T20:13:37.718+0000] {logging_mixin.py:190} INFO - Breaking down pdf 3106200_2024-12-14_7154.pdf into multiple PDF single pages
[2025-01-24T20:13:39.039+0000] {logging_mixin.py:190} INFO - Breaking down pdf 3106200_2024-12-17_7155.pdf into multiple PDF single pages
[2025-01-24T20:13:40.377+0000] {logging_mixin.py:190} INFO - Breaking down pdf 3106200_2024-12-18_7156.pdf into multiple PDF single pages
[2025-01-24T20:13:42.235+0000] {logging_mixin.py:190} INFO - Breaking down pdf 3106200_2024-12-19_7157.pdf into multiple PDF single pages
[2025-01-24T20:13:43.548+0000] {logging_mixin.py:190} INFO - Breaking down pdf test.py into multiple PDF single pages
[2025-01-24T20:13:44.842+0000] {logging_mixin.py:190} INFO - Breaking down pdf teste.py into multiple PDF single pages
[2025-01-24T20:13:46.199+0000] {document_converter.py:242} INFO - Going to convert document batch...
[2025-01-24T20:13:46.562+0000] {accelerator_utils.py:41} INFO - Accelerator device: 'cpu'
[2025-01-24T20:13:49.083+0000] {accelerator_utils.py:41} INFO - Accelerator device: 'cpu'
[2025-01-24T20:13:50.222+0000] {accelerator_utils.py:41} INFO - Accelerator device: 'cpu'
[2025-01-24T20:13:50.759+0000] {base_pipeline.py:38} INFO - Processing document 3106200_2024-11-22_7138.pdf-page-0.pdf
[2025-01-24T20:13:56.410+0000] {document_converter.py:257} INFO - Finished converting document 3106200_2024-11-22_7138.pdf-page-0.pdf in 10.29 sec.
[2025-01-24T20:13:56.427+0000] {document_converter.py:242} INFO - Going to convert document batch...
[2025-01-24T20:13:56.581+0000] {accelerator_utils.py:41} INFO - Accelerator device: 'cpu'
[2025-01-24T20:13:58.866+0000] {accelerator_utils.py:41} INFO - Accelerator device: 'cpu'
[2025-01-24T20:13:59.466+0000] {accelerator_utils.py:41} INFO - Accelerator device: 'cpu'
[2025-01-24T20:14:00.003+0000] {base_pipeline.py:38} INFO - Processing document 3106200_2024-11-22_7138.pdf-page-1.pdf
[2025-01-24T20:14:02.443+0000] {document_converter.py:257} INFO - Finished converting document 3106200_2024-11-22_7138.pdf-page-1.pdf in 6.02 sec.
[2025-01-24T20:14:02.463+0000] {document_converter.py:242} INFO - Going to convert document batch...
[2025-01-24T20:14:02.616+0000] {accelerator_utils.py:41} INFO - Accelerator device: 'cpu'
[2025-01-24T20:14:05.231+0000] {accelerator_utils.py:41} INFO - Accelerator device: 'cpu'
[2025-01-24T20:14:06.025+0000] {accelerator_utils.py:41} INFO - Accelerator device: 'cpu'
[2025-01-24T20:14:06.507+0000] {base_pipeline.py:38} INFO - Processing document 3106200_2024-11-22_7138.pdf-page-2.pdf
[2025-01-24T20:14:09.139+0000] {document_converter.py:257} INFO - Finished converting document 3106200_2024-11-22_7138.pdf-page-2.pdf in 6.69 sec.
[2025-01-24T20:14:09.153+0000] {document_converter.py:242} INFO - Going to convert document batch...
[2025-01-24T20:14:09.304+0000] {accelerator_utils.py:41} INFO - Accelerator device: 'cpu'
[2025-01-24T20:14:11.681+0000] {accelerator_utils.py:41} INFO - Accelerator device: 'cpu'
[2025-01-24T20:14:12.229+0000] {accelerator_utils.py:41} INFO - Accelerator device: 'cpu'
[2025-01-24T20:14:12.630+0000] {base_pipeline.py:38} INFO - Processing document 3106200_2024-11-22_7138.pdf-page-3.pdf
[2025-01-24T20:14:13.241+0000] {local_task_job_runner.py:346} WARNING - State of this instance has been externally set to failed. Terminating instance.
[2025-01-24T20:14:13.250+0000] {local_task_job_runner.py:245} INFO - ::endgroup::
[2025-01-24T20:14:13.253+0000] {process_utils.py:132} INFO - Sending 15 to group 1288. PIDs of all processes in the group: [1288]
[2025-01-24T20:14:13.254+0000] {process_utils.py:87} INFO - Sending the signal 15 to group 1288
[2025-01-24T20:14:13.257+0000] {taskinstance.py:3092} ERROR - Received SIGTERM. Terminating subprocesses.
[2025-01-24T20:14:13.297+0000] {taskinstance.py:340} INFO - ::group::Post task execution logs
[2025-01-24T20:14:13.388+0000] {process_utils.py:80} INFO - Process psutil.Process(pid=1288, status='terminated', exitcode=0, started='20:13:12') (1288) terminated with exit code 0
