[2025-01-26T00:00:28.145+0000] {local_task_job_runner.py:123} INFO - ::group::Pre task execution logs
[2025-01-26T00:00:28.168+0000] {taskinstance.py:2612} INFO - Dependencies all met for dep_context=non-requeueable deps ti=<TaskInstance: pull_gazettes_data.download_contents_version_from_s3_task scheduled__2025-01-25T00:00:00+00:00 [queued]>
[2025-01-26T00:00:28.178+0000] {taskinstance.py:2612} INFO - Dependencies all met for dep_context=requeueable deps ti=<TaskInstance: pull_gazettes_data.download_contents_version_from_s3_task scheduled__2025-01-25T00:00:00+00:00 [queued]>
[2025-01-26T00:00:28.180+0000] {taskinstance.py:2865} INFO - Starting attempt 1 of 2
[2025-01-26T00:00:28.200+0000] {taskinstance.py:2888} INFO - Executing <Task(DownloadContentFromS3): download_contents_version_from_s3_task> on 2025-01-25 00:00:00+00:00
[2025-01-26T00:00:28.235+0000] {warnings.py:112} WARNING - /home/***/.local/lib/python3.12/site-packages/***/task/task_runner/standard_task_runner.py:70: DeprecationWarning: This process (pid=35621) is multi-threaded, use of fork() may lead to deadlocks in the child.
  pid = os.fork()

[2025-01-26T00:00:28.238+0000] {standard_task_runner.py:72} INFO - Started process 35640 to run task
[2025-01-26T00:00:28.238+0000] {standard_task_runner.py:104} INFO - Running: ['***', 'tasks', 'run', 'pull_gazettes_data', 'download_contents_version_from_s3_task', 'scheduled__2025-01-25T00:00:00+00:00', '--job-id', '205', '--raw', '--subdir', 'DAGS_FOLDER/dag_script.py', '--cfg-path', '/tmp/tmp2wzu7v9h']
[2025-01-26T00:00:28.243+0000] {standard_task_runner.py:105} INFO - Job 205: Subtask download_contents_version_from_s3_task
[2025-01-26T00:00:28.305+0000] {task_command.py:467} INFO - Running <TaskInstance: pull_gazettes_data.download_contents_version_from_s3_task scheduled__2025-01-25T00:00:00+00:00 [running]> on host 41bcec3d818b
[2025-01-26T00:00:28.395+0000] {taskinstance.py:3131} INFO - Exporting env vars: AIRFLOW_CTX_DAG_EMAIL='***@example.com' AIRFLOW_CTX_DAG_OWNER='***' AIRFLOW_CTX_DAG_ID='pull_gazettes_data' AIRFLOW_CTX_TASK_ID='download_contents_version_from_s3_task' AIRFLOW_CTX_EXECUTION_DATE='2025-01-25T00:00:00+00:00' AIRFLOW_CTX_TRY_NUMBER='1' AIRFLOW_CTX_DAG_RUN_ID='scheduled__2025-01-25T00:00:00+00:00'
[2025-01-26T00:00:28.397+0000] {taskinstance.py:731} INFO - ::endgroup::
[2025-01-26T00:00:28.431+0000] {base.py:84} INFO - Retrieving connection 'minio_s3_conn_id'
[2025-01-26T00:00:28.431+0000] {connection_wrapper.py:391} INFO - AWS Connection (conn_id='minio_s3_conn_id', conn_type='aws') credentials retrieved from extra.
[2025-01-26T00:00:28.432+0000] {warnings.py:112} WARNING - <string>:9: AirflowProviderDeprecationWarning: extra['host'] is deprecated and will be removed in a future release. Please set extra['endpoint_url'] instead

[2025-01-26T00:00:29.115+0000] {s3.py:1422} INFO - Downloading source S3 file from Bucket diario-oficial-db-dump with path vector_db/index.faiss
[2025-01-26T00:00:29.410+0000] {s3.py:1422} INFO - Downloading source S3 file from Bucket diario-oficial-db-dump with path vector_db/index.pkl
[2025-01-26T00:00:29.485+0000] {s3.py:1422} INFO - Downloading source S3 file from Bucket diario-oficial-db-dump with path ingestion_checkpoint_logs/collection.json
[2025-01-26T00:00:29.548+0000] {s3.py:1422} INFO - Downloading source S3 file from Bucket diario-oficial-db-dump with path ingestion_checkpoint_logs/log_urls.csv
[2025-01-26T00:00:29.616+0000] {s3.py:1422} INFO - Downloading source S3 file from Bucket diario-oficial-db-dump with path ingestion_checkpoint_logs/preprocessed_documents_log.csv
[2025-01-26T00:00:29.688+0000] {taskinstance.py:340} INFO - ::group::Post task execution logs
[2025-01-26T00:00:29.689+0000] {taskinstance.py:352} INFO - Marking task as SUCCESS. dag_id=pull_gazettes_data, task_id=download_contents_version_from_s3_task, run_id=scheduled__2025-01-25T00:00:00+00:00, execution_date=20250125T000000, start_date=20250126T000028, end_date=20250126T000029
[2025-01-26T00:00:29.739+0000] {local_task_job_runner.py:266} INFO - Task exited with return code 0
[2025-01-26T00:00:29.771+0000] {taskinstance.py:3900} INFO - 1 downstream tasks scheduled from follow-on schedule check
[2025-01-26T00:00:29.774+0000] {local_task_job_runner.py:245} INFO - ::endgroup::
