[2025-01-22T00:00:01.498+0000] {processor.py:186} INFO - Started process (PID=1331) to work on /opt/airflow/dags/dag_script.py
[2025-01-22T00:00:01.499+0000] {processor.py:914} INFO - Processing file /opt/airflow/dags/dag_script.py for tasks to queue
[2025-01-22T00:00:01.503+0000] {logging_mixin.py:190} INFO - [2025-01-22T00:00:01.502+0000] {dagbag.py:588} INFO - Filling up the DagBag from /opt/airflow/dags/dag_script.py
[2025-01-22T00:00:01.800+0000] {logging_mixin.py:190} INFO - [2025-01-22T00:00:01.800+0000] {loader.py:110} INFO - Loading faiss with AVX2 support.
[2025-01-22T00:00:01.818+0000] {logging_mixin.py:190} INFO - [2025-01-22T00:00:01.817+0000] {loader.py:112} INFO - Successfully loaded faiss with AVX2 support.
[2025-01-22T00:00:08.125+0000] {processor.py:925} INFO - DAG(s) 'pull_gazettes_data' retrieved from /opt/airflow/dags/dag_script.py
[2025-01-22T00:00:08.150+0000] {logging_mixin.py:190} INFO - [2025-01-22T00:00:08.150+0000] {dag.py:3239} INFO - Sync 1 DAGs
[2025-01-22T00:00:08.168+0000] {logging_mixin.py:190} INFO - [2025-01-22T00:00:08.168+0000] {dag.py:4180} INFO - Setting next_dagrun for pull_gazettes_data to 2025-01-22 00:00:00+00:00, run_after=2025-01-23 00:00:00+00:00
[2025-01-22T00:00:08.185+0000] {processor.py:208} INFO - Processing /opt/airflow/dags/dag_script.py took 6.694 seconds
[2025-01-22T00:00:38.419+0000] {processor.py:186} INFO - Started process (PID=1350) to work on /opt/airflow/dags/dag_script.py
[2025-01-22T00:00:38.421+0000] {processor.py:914} INFO - Processing file /opt/airflow/dags/dag_script.py for tasks to queue
[2025-01-22T00:00:38.424+0000] {logging_mixin.py:190} INFO - [2025-01-22T00:00:38.424+0000] {dagbag.py:588} INFO - Filling up the DagBag from /opt/airflow/dags/dag_script.py
[2025-01-22T00:00:38.879+0000] {logging_mixin.py:190} INFO - [2025-01-22T00:00:38.878+0000] {loader.py:110} INFO - Loading faiss with AVX2 support.
[2025-01-22T00:00:38.898+0000] {logging_mixin.py:190} INFO - [2025-01-22T00:00:38.898+0000] {loader.py:112} INFO - Successfully loaded faiss with AVX2 support.
[2025-01-22T00:00:45.832+0000] {processor.py:925} INFO - DAG(s) 'pull_gazettes_data' retrieved from /opt/airflow/dags/dag_script.py
[2025-01-22T00:00:45.852+0000] {logging_mixin.py:190} INFO - [2025-01-22T00:00:45.851+0000] {dag.py:3239} INFO - Sync 1 DAGs
[2025-01-22T00:00:45.871+0000] {logging_mixin.py:190} INFO - [2025-01-22T00:00:45.871+0000] {dag.py:4180} INFO - Setting next_dagrun for pull_gazettes_data to 2025-01-22 00:00:00+00:00, run_after=2025-01-23 00:00:00+00:00
[2025-01-22T00:00:45.884+0000] {processor.py:208} INFO - Processing /opt/airflow/dags/dag_script.py took 7.472 seconds
[2025-01-22T00:01:16.014+0000] {processor.py:186} INFO - Started process (PID=1375) to work on /opt/airflow/dags/dag_script.py
[2025-01-22T00:01:16.015+0000] {processor.py:914} INFO - Processing file /opt/airflow/dags/dag_script.py for tasks to queue
[2025-01-22T00:01:16.018+0000] {logging_mixin.py:190} INFO - [2025-01-22T00:01:16.018+0000] {dagbag.py:588} INFO - Filling up the DagBag from /opt/airflow/dags/dag_script.py
[2025-01-22T00:01:16.378+0000] {logging_mixin.py:190} INFO - [2025-01-22T00:01:16.377+0000] {loader.py:110} INFO - Loading faiss with AVX2 support.
[2025-01-22T00:01:16.405+0000] {logging_mixin.py:190} INFO - [2025-01-22T00:01:16.405+0000] {loader.py:112} INFO - Successfully loaded faiss with AVX2 support.
[2025-01-22T00:01:23.452+0000] {processor.py:925} INFO - DAG(s) 'pull_gazettes_data' retrieved from /opt/airflow/dags/dag_script.py
[2025-01-22T00:01:23.480+0000] {logging_mixin.py:190} INFO - [2025-01-22T00:01:23.479+0000] {dag.py:3239} INFO - Sync 1 DAGs
[2025-01-22T00:01:23.509+0000] {logging_mixin.py:190} INFO - [2025-01-22T00:01:23.508+0000] {dag.py:4180} INFO - Setting next_dagrun for pull_gazettes_data to 2025-01-22 00:00:00+00:00, run_after=2025-01-23 00:00:00+00:00
[2025-01-22T00:01:23.530+0000] {processor.py:208} INFO - Processing /opt/airflow/dags/dag_script.py took 7.521 seconds
[2025-01-22T00:01:53.783+0000] {processor.py:186} INFO - Started process (PID=1394) to work on /opt/airflow/dags/dag_script.py
[2025-01-22T00:01:53.784+0000] {processor.py:914} INFO - Processing file /opt/airflow/dags/dag_script.py for tasks to queue
[2025-01-22T00:01:53.786+0000] {logging_mixin.py:190} INFO - [2025-01-22T00:01:53.786+0000] {dagbag.py:588} INFO - Filling up the DagBag from /opt/airflow/dags/dag_script.py
[2025-01-22T00:01:54.141+0000] {logging_mixin.py:190} INFO - [2025-01-22T00:01:54.140+0000] {loader.py:110} INFO - Loading faiss with AVX2 support.
[2025-01-22T00:01:54.165+0000] {logging_mixin.py:190} INFO - [2025-01-22T00:01:54.165+0000] {loader.py:112} INFO - Successfully loaded faiss with AVX2 support.
[2025-01-22T00:02:01.520+0000] {processor.py:925} INFO - DAG(s) 'pull_gazettes_data' retrieved from /opt/airflow/dags/dag_script.py
[2025-01-22T00:02:01.540+0000] {logging_mixin.py:190} INFO - [2025-01-22T00:02:01.540+0000] {dag.py:3239} INFO - Sync 1 DAGs
[2025-01-22T00:02:01.559+0000] {logging_mixin.py:190} INFO - [2025-01-22T00:02:01.559+0000] {dag.py:4180} INFO - Setting next_dagrun for pull_gazettes_data to 2025-01-22 00:00:00+00:00, run_after=2025-01-23 00:00:00+00:00
[2025-01-22T00:02:01.574+0000] {processor.py:208} INFO - Processing /opt/airflow/dags/dag_script.py took 7.798 seconds
[2025-01-22T00:02:31.716+0000] {processor.py:186} INFO - Started process (PID=1413) to work on /opt/airflow/dags/dag_script.py
[2025-01-22T00:02:31.717+0000] {processor.py:914} INFO - Processing file /opt/airflow/dags/dag_script.py for tasks to queue
[2025-01-22T00:02:31.719+0000] {logging_mixin.py:190} INFO - [2025-01-22T00:02:31.719+0000] {dagbag.py:588} INFO - Filling up the DagBag from /opt/airflow/dags/dag_script.py
[2025-01-22T00:02:32.069+0000] {logging_mixin.py:190} INFO - [2025-01-22T00:02:32.069+0000] {loader.py:110} INFO - Loading faiss with AVX2 support.
[2025-01-22T00:02:32.087+0000] {logging_mixin.py:190} INFO - [2025-01-22T00:02:32.087+0000] {loader.py:112} INFO - Successfully loaded faiss with AVX2 support.
[2025-01-22T00:02:39.250+0000] {processor.py:925} INFO - DAG(s) 'pull_gazettes_data' retrieved from /opt/airflow/dags/dag_script.py
[2025-01-22T00:02:39.270+0000] {logging_mixin.py:190} INFO - [2025-01-22T00:02:39.269+0000] {dag.py:3239} INFO - Sync 1 DAGs
[2025-01-22T00:02:39.289+0000] {logging_mixin.py:190} INFO - [2025-01-22T00:02:39.288+0000] {dag.py:4180} INFO - Setting next_dagrun for pull_gazettes_data to 2025-01-22 00:00:00+00:00, run_after=2025-01-23 00:00:00+00:00
[2025-01-22T00:02:39.305+0000] {processor.py:208} INFO - Processing /opt/airflow/dags/dag_script.py took 7.595 seconds
[2025-01-22T00:03:09.570+0000] {processor.py:186} INFO - Started process (PID=1432) to work on /opt/airflow/dags/dag_script.py
[2025-01-22T00:03:09.571+0000] {processor.py:914} INFO - Processing file /opt/airflow/dags/dag_script.py for tasks to queue
[2025-01-22T00:03:09.574+0000] {logging_mixin.py:190} INFO - [2025-01-22T00:03:09.574+0000] {dagbag.py:588} INFO - Filling up the DagBag from /opt/airflow/dags/dag_script.py
[2025-01-22T00:03:09.954+0000] {logging_mixin.py:190} INFO - [2025-01-22T00:03:09.954+0000] {loader.py:110} INFO - Loading faiss with AVX2 support.
[2025-01-22T00:03:09.972+0000] {logging_mixin.py:190} INFO - [2025-01-22T00:03:09.972+0000] {loader.py:112} INFO - Successfully loaded faiss with AVX2 support.
[2025-01-22T00:03:16.679+0000] {processor.py:925} INFO - DAG(s) 'pull_gazettes_data' retrieved from /opt/airflow/dags/dag_script.py
[2025-01-22T00:03:16.701+0000] {logging_mixin.py:190} INFO - [2025-01-22T00:03:16.701+0000] {dag.py:3239} INFO - Sync 1 DAGs
[2025-01-22T00:03:16.720+0000] {logging_mixin.py:190} INFO - [2025-01-22T00:03:16.720+0000] {dag.py:4180} INFO - Setting next_dagrun for pull_gazettes_data to 2025-01-22 00:00:00+00:00, run_after=2025-01-23 00:00:00+00:00
[2025-01-22T00:03:16.737+0000] {processor.py:208} INFO - Processing /opt/airflow/dags/dag_script.py took 7.174 seconds
[2025-01-22T00:03:46.965+0000] {processor.py:186} INFO - Started process (PID=1457) to work on /opt/airflow/dags/dag_script.py
[2025-01-22T00:03:46.966+0000] {processor.py:914} INFO - Processing file /opt/airflow/dags/dag_script.py for tasks to queue
[2025-01-22T00:03:46.967+0000] {logging_mixin.py:190} INFO - [2025-01-22T00:03:46.967+0000] {dagbag.py:588} INFO - Filling up the DagBag from /opt/airflow/dags/dag_script.py
[2025-01-22T00:03:47.317+0000] {logging_mixin.py:190} INFO - [2025-01-22T00:03:47.317+0000] {loader.py:110} INFO - Loading faiss with AVX2 support.
[2025-01-22T00:03:47.338+0000] {logging_mixin.py:190} INFO - [2025-01-22T00:03:47.338+0000] {loader.py:112} INFO - Successfully loaded faiss with AVX2 support.
[2025-01-22T00:03:54.143+0000] {processor.py:925} INFO - DAG(s) 'pull_gazettes_data' retrieved from /opt/airflow/dags/dag_script.py
[2025-01-22T00:03:54.167+0000] {logging_mixin.py:190} INFO - [2025-01-22T00:03:54.167+0000] {dag.py:3239} INFO - Sync 1 DAGs
[2025-01-22T00:03:54.187+0000] {logging_mixin.py:190} INFO - [2025-01-22T00:03:54.187+0000] {dag.py:4180} INFO - Setting next_dagrun for pull_gazettes_data to 2025-01-22 00:00:00+00:00, run_after=2025-01-23 00:00:00+00:00
[2025-01-22T00:03:54.205+0000] {processor.py:208} INFO - Processing /opt/airflow/dags/dag_script.py took 7.244 seconds
[2025-01-22T00:04:24.453+0000] {processor.py:186} INFO - Started process (PID=1476) to work on /opt/airflow/dags/dag_script.py
[2025-01-22T00:04:24.454+0000] {processor.py:914} INFO - Processing file /opt/airflow/dags/dag_script.py for tasks to queue
[2025-01-22T00:04:24.456+0000] {logging_mixin.py:190} INFO - [2025-01-22T00:04:24.455+0000] {dagbag.py:588} INFO - Filling up the DagBag from /opt/airflow/dags/dag_script.py
[2025-01-22T00:04:24.776+0000] {logging_mixin.py:190} INFO - [2025-01-22T00:04:24.776+0000] {loader.py:110} INFO - Loading faiss with AVX2 support.
[2025-01-22T00:04:24.798+0000] {logging_mixin.py:190} INFO - [2025-01-22T00:04:24.798+0000] {loader.py:112} INFO - Successfully loaded faiss with AVX2 support.
[2025-01-22T00:04:31.712+0000] {processor.py:925} INFO - DAG(s) 'pull_gazettes_data' retrieved from /opt/airflow/dags/dag_script.py
[2025-01-22T00:04:31.734+0000] {logging_mixin.py:190} INFO - [2025-01-22T00:04:31.734+0000] {dag.py:3239} INFO - Sync 1 DAGs
[2025-01-22T00:04:31.757+0000] {logging_mixin.py:190} INFO - [2025-01-22T00:04:31.757+0000] {dag.py:4180} INFO - Setting next_dagrun for pull_gazettes_data to 2025-01-22 00:00:00+00:00, run_after=2025-01-23 00:00:00+00:00
[2025-01-22T00:04:31.783+0000] {processor.py:208} INFO - Processing /opt/airflow/dags/dag_script.py took 7.336 seconds
[2025-01-22T00:05:04.672+0000] {processor.py:186} INFO - Started process (PID=1495) to work on /opt/airflow/dags/dag_script.py
[2025-01-22T00:05:04.673+0000] {processor.py:914} INFO - Processing file /opt/airflow/dags/dag_script.py for tasks to queue
[2025-01-22T00:05:04.675+0000] {logging_mixin.py:190} INFO - [2025-01-22T00:05:04.675+0000] {dagbag.py:588} INFO - Filling up the DagBag from /opt/airflow/dags/dag_script.py
[2025-01-22T00:05:05.352+0000] {logging_mixin.py:190} INFO - [2025-01-22T00:05:05.352+0000] {loader.py:110} INFO - Loading faiss with AVX2 support.
[2025-01-22T00:05:05.396+0000] {logging_mixin.py:190} INFO - [2025-01-22T00:05:05.396+0000] {loader.py:112} INFO - Successfully loaded faiss with AVX2 support.
[2025-01-22T00:05:14.303+0000] {processor.py:925} INFO - DAG(s) 'pull_gazettes_data' retrieved from /opt/airflow/dags/dag_script.py
[2025-01-22T00:05:14.325+0000] {logging_mixin.py:190} INFO - [2025-01-22T00:05:14.325+0000] {dag.py:3239} INFO - Sync 1 DAGs
[2025-01-22T00:05:14.344+0000] {logging_mixin.py:190} INFO - [2025-01-22T00:05:14.344+0000] {dag.py:4180} INFO - Setting next_dagrun for pull_gazettes_data to 2025-01-22 00:00:00+00:00, run_after=2025-01-23 00:00:00+00:00
[2025-01-22T00:05:14.357+0000] {processor.py:208} INFO - Processing /opt/airflow/dags/dag_script.py took 9.696 seconds
[2025-01-22T00:05:14.838+0000] {processor.py:186} INFO - Started process (PID=1515) to work on /opt/airflow/dags/dag_script.py
[2025-01-22T00:05:14.839+0000] {processor.py:914} INFO - Processing file /opt/airflow/dags/dag_script.py for tasks to queue
[2025-01-22T00:05:14.841+0000] {logging_mixin.py:190} INFO - [2025-01-22T00:05:14.841+0000] {dagbag.py:588} INFO - Filling up the DagBag from /opt/airflow/dags/dag_script.py
[2025-01-22T00:05:15.139+0000] {logging_mixin.py:190} INFO - [2025-01-22T00:05:15.139+0000] {loader.py:110} INFO - Loading faiss with AVX2 support.
[2025-01-22T00:05:15.156+0000] {logging_mixin.py:190} INFO - [2025-01-22T00:05:15.156+0000] {loader.py:112} INFO - Successfully loaded faiss with AVX2 support.
[2025-01-22T00:05:20.809+0000] {processor.py:925} INFO - DAG(s) 'pull_gazettes_data' retrieved from /opt/airflow/dags/dag_script.py
[2025-01-22T00:05:20.822+0000] {logging_mixin.py:190} INFO - [2025-01-22T00:05:20.822+0000] {taskinstance.py:3312} ERROR - {'DAG Id': 'pull_gazettes_data', 'Task Id': 'preprocess_documents_task', 'Run Id': 'scheduled__2025-01-21T00:00:00+00:00', 'Hostname': '5792905bcb6a', 'External Executor Id': '5ff693cd-4011-402b-a45e-f19003d113de'}
[2025-01-22T00:05:20.841+0000] {logging_mixin.py:190} INFO - [2025-01-22T00:05:20.841+0000] {taskinstance.py:1225} INFO - Marking task as UP_FOR_RETRY. dag_id=pull_gazettes_data, task_id=preprocess_documents_task, run_id=scheduled__2025-01-21T00:00:00+00:00, execution_date=20250121T000000, start_date=20250122T000027, end_date=20250122T000520
[2025-01-22T00:05:20.852+0000] {logging_mixin.py:190} INFO - [2025-01-22T00:05:20.851+0000] {processor.py:876} INFO - Executed callback for <TaskInstance: pull_gazettes_data.preprocess_documents_task scheduled__2025-01-21T00:00:00+00:00 [up_for_retry]> in state up_for_retry
[2025-01-22T00:05:20.866+0000] {logging_mixin.py:190} INFO - [2025-01-22T00:05:20.866+0000] {dag.py:3239} INFO - Sync 1 DAGs
[2025-01-22T00:05:20.882+0000] {logging_mixin.py:190} INFO - [2025-01-22T00:05:20.881+0000] {dag.py:4180} INFO - Setting next_dagrun for pull_gazettes_data to 2025-01-22 00:00:00+00:00, run_after=2025-01-23 00:00:00+00:00
[2025-01-22T00:05:20.894+0000] {processor.py:208} INFO - Processing /opt/airflow/dags/dag_script.py took 6.060 seconds
[2025-01-22T00:05:51.023+0000] {processor.py:186} INFO - Started process (PID=1534) to work on /opt/airflow/dags/dag_script.py
[2025-01-22T00:05:51.024+0000] {processor.py:914} INFO - Processing file /opt/airflow/dags/dag_script.py for tasks to queue
[2025-01-22T00:05:51.025+0000] {logging_mixin.py:190} INFO - [2025-01-22T00:05:51.025+0000] {dagbag.py:588} INFO - Filling up the DagBag from /opt/airflow/dags/dag_script.py
[2025-01-22T00:05:51.302+0000] {logging_mixin.py:190} INFO - [2025-01-22T00:05:51.302+0000] {loader.py:110} INFO - Loading faiss with AVX2 support.
[2025-01-22T00:05:51.316+0000] {logging_mixin.py:190} INFO - [2025-01-22T00:05:51.316+0000] {loader.py:112} INFO - Successfully loaded faiss with AVX2 support.
[2025-01-22T00:05:56.786+0000] {processor.py:925} INFO - DAG(s) 'pull_gazettes_data' retrieved from /opt/airflow/dags/dag_script.py
[2025-01-22T00:05:56.804+0000] {logging_mixin.py:190} INFO - [2025-01-22T00:05:56.804+0000] {dag.py:3239} INFO - Sync 1 DAGs
[2025-01-22T00:05:56.822+0000] {logging_mixin.py:190} INFO - [2025-01-22T00:05:56.822+0000] {dag.py:4180} INFO - Setting next_dagrun for pull_gazettes_data to 2025-01-22 00:00:00+00:00, run_after=2025-01-23 00:00:00+00:00
[2025-01-22T00:05:56.836+0000] {processor.py:208} INFO - Processing /opt/airflow/dags/dag_script.py took 5.818 seconds
[2025-01-22T00:06:27.036+0000] {processor.py:186} INFO - Started process (PID=1553) to work on /opt/airflow/dags/dag_script.py
[2025-01-22T00:06:27.037+0000] {processor.py:914} INFO - Processing file /opt/airflow/dags/dag_script.py for tasks to queue
[2025-01-22T00:06:27.039+0000] {logging_mixin.py:190} INFO - [2025-01-22T00:06:27.039+0000] {dagbag.py:588} INFO - Filling up the DagBag from /opt/airflow/dags/dag_script.py
[2025-01-22T00:06:27.311+0000] {logging_mixin.py:190} INFO - [2025-01-22T00:06:27.310+0000] {loader.py:110} INFO - Loading faiss with AVX2 support.
[2025-01-22T00:06:27.328+0000] {logging_mixin.py:190} INFO - [2025-01-22T00:06:27.328+0000] {loader.py:112} INFO - Successfully loaded faiss with AVX2 support.
[2025-01-22T00:06:32.796+0000] {processor.py:925} INFO - DAG(s) 'pull_gazettes_data' retrieved from /opt/airflow/dags/dag_script.py
[2025-01-22T00:06:32.814+0000] {logging_mixin.py:190} INFO - [2025-01-22T00:06:32.814+0000] {dag.py:3239} INFO - Sync 1 DAGs
[2025-01-22T00:06:32.832+0000] {logging_mixin.py:190} INFO - [2025-01-22T00:06:32.832+0000] {dag.py:4180} INFO - Setting next_dagrun for pull_gazettes_data to 2025-01-22 00:00:00+00:00, run_after=2025-01-23 00:00:00+00:00
[2025-01-22T00:06:32.846+0000] {processor.py:208} INFO - Processing /opt/airflow/dags/dag_script.py took 5.813 seconds
[2025-01-22T00:07:03.053+0000] {processor.py:186} INFO - Started process (PID=1572) to work on /opt/airflow/dags/dag_script.py
[2025-01-22T00:07:03.053+0000] {processor.py:914} INFO - Processing file /opt/airflow/dags/dag_script.py for tasks to queue
[2025-01-22T00:07:03.056+0000] {logging_mixin.py:190} INFO - [2025-01-22T00:07:03.055+0000] {dagbag.py:588} INFO - Filling up the DagBag from /opt/airflow/dags/dag_script.py
[2025-01-22T00:07:03.358+0000] {logging_mixin.py:190} INFO - [2025-01-22T00:07:03.357+0000] {loader.py:110} INFO - Loading faiss with AVX2 support.
[2025-01-22T00:07:03.376+0000] {logging_mixin.py:190} INFO - [2025-01-22T00:07:03.376+0000] {loader.py:112} INFO - Successfully loaded faiss with AVX2 support.
[2025-01-22T00:07:09.258+0000] {processor.py:925} INFO - DAG(s) 'pull_gazettes_data' retrieved from /opt/airflow/dags/dag_script.py
[2025-01-22T00:07:09.279+0000] {logging_mixin.py:190} INFO - [2025-01-22T00:07:09.279+0000] {dag.py:3239} INFO - Sync 1 DAGs
[2025-01-22T00:07:09.297+0000] {logging_mixin.py:190} INFO - [2025-01-22T00:07:09.297+0000] {dag.py:4180} INFO - Setting next_dagrun for pull_gazettes_data to 2025-01-22 00:00:00+00:00, run_after=2025-01-23 00:00:00+00:00
[2025-01-22T00:07:09.312+0000] {processor.py:208} INFO - Processing /opt/airflow/dags/dag_script.py took 6.264 seconds
[2025-01-22T00:07:39.498+0000] {processor.py:186} INFO - Started process (PID=1591) to work on /opt/airflow/dags/dag_script.py
[2025-01-22T00:07:39.499+0000] {processor.py:914} INFO - Processing file /opt/airflow/dags/dag_script.py for tasks to queue
[2025-01-22T00:07:39.501+0000] {logging_mixin.py:190} INFO - [2025-01-22T00:07:39.500+0000] {dagbag.py:588} INFO - Filling up the DagBag from /opt/airflow/dags/dag_script.py
[2025-01-22T00:07:39.818+0000] {logging_mixin.py:190} INFO - [2025-01-22T00:07:39.817+0000] {loader.py:110} INFO - Loading faiss with AVX2 support.
[2025-01-22T00:07:39.840+0000] {logging_mixin.py:190} INFO - [2025-01-22T00:07:39.840+0000] {loader.py:112} INFO - Successfully loaded faiss with AVX2 support.
[2025-01-22T00:07:45.855+0000] {processor.py:925} INFO - DAG(s) 'pull_gazettes_data' retrieved from /opt/airflow/dags/dag_script.py
[2025-01-22T00:07:45.880+0000] {logging_mixin.py:190} INFO - [2025-01-22T00:07:45.879+0000] {dag.py:3239} INFO - Sync 1 DAGs
[2025-01-22T00:07:45.901+0000] {logging_mixin.py:190} INFO - [2025-01-22T00:07:45.901+0000] {dag.py:4180} INFO - Setting next_dagrun for pull_gazettes_data to 2025-01-22 00:00:00+00:00, run_after=2025-01-23 00:00:00+00:00
[2025-01-22T00:07:45.918+0000] {processor.py:208} INFO - Processing /opt/airflow/dags/dag_script.py took 6.424 seconds
[2025-01-22T00:08:16.121+0000] {processor.py:186} INFO - Started process (PID=1616) to work on /opt/airflow/dags/dag_script.py
[2025-01-22T00:08:16.121+0000] {processor.py:914} INFO - Processing file /opt/airflow/dags/dag_script.py for tasks to queue
[2025-01-22T00:08:16.123+0000] {logging_mixin.py:190} INFO - [2025-01-22T00:08:16.123+0000] {dagbag.py:588} INFO - Filling up the DagBag from /opt/airflow/dags/dag_script.py
[2025-01-22T00:08:16.398+0000] {logging_mixin.py:190} INFO - [2025-01-22T00:08:16.398+0000] {loader.py:110} INFO - Loading faiss with AVX2 support.
[2025-01-22T00:08:16.412+0000] {logging_mixin.py:190} INFO - [2025-01-22T00:08:16.412+0000] {loader.py:112} INFO - Successfully loaded faiss with AVX2 support.
[2025-01-22T00:08:21.927+0000] {processor.py:925} INFO - DAG(s) 'pull_gazettes_data' retrieved from /opt/airflow/dags/dag_script.py
[2025-01-22T00:08:21.946+0000] {logging_mixin.py:190} INFO - [2025-01-22T00:08:21.945+0000] {dag.py:3239} INFO - Sync 1 DAGs
[2025-01-22T00:08:21.964+0000] {logging_mixin.py:190} INFO - [2025-01-22T00:08:21.964+0000] {dag.py:4180} INFO - Setting next_dagrun for pull_gazettes_data to 2025-01-22 00:00:00+00:00, run_after=2025-01-23 00:00:00+00:00
[2025-01-22T00:08:21.979+0000] {processor.py:208} INFO - Processing /opt/airflow/dags/dag_script.py took 5.862 seconds
[2025-01-22T00:08:52.162+0000] {processor.py:186} INFO - Started process (PID=1635) to work on /opt/airflow/dags/dag_script.py
[2025-01-22T00:08:52.163+0000] {processor.py:914} INFO - Processing file /opt/airflow/dags/dag_script.py for tasks to queue
[2025-01-22T00:08:52.164+0000] {logging_mixin.py:190} INFO - [2025-01-22T00:08:52.164+0000] {dagbag.py:588} INFO - Filling up the DagBag from /opt/airflow/dags/dag_script.py
[2025-01-22T00:08:52.444+0000] {logging_mixin.py:190} INFO - [2025-01-22T00:08:52.444+0000] {loader.py:110} INFO - Loading faiss with AVX2 support.
[2025-01-22T00:08:52.459+0000] {logging_mixin.py:190} INFO - [2025-01-22T00:08:52.459+0000] {loader.py:112} INFO - Successfully loaded faiss with AVX2 support.
[2025-01-22T00:08:58.188+0000] {processor.py:925} INFO - DAG(s) 'pull_gazettes_data' retrieved from /opt/airflow/dags/dag_script.py
[2025-01-22T00:08:58.210+0000] {logging_mixin.py:190} INFO - [2025-01-22T00:08:58.210+0000] {dag.py:3239} INFO - Sync 1 DAGs
[2025-01-22T00:08:58.235+0000] {logging_mixin.py:190} INFO - [2025-01-22T00:08:58.234+0000] {dag.py:4180} INFO - Setting next_dagrun for pull_gazettes_data to 2025-01-22 00:00:00+00:00, run_after=2025-01-23 00:00:00+00:00
[2025-01-22T00:08:58.254+0000] {processor.py:208} INFO - Processing /opt/airflow/dags/dag_script.py took 6.096 seconds
[2025-01-22T00:09:28.344+0000] {processor.py:186} INFO - Started process (PID=1654) to work on /opt/airflow/dags/dag_script.py
[2025-01-22T00:09:28.344+0000] {processor.py:914} INFO - Processing file /opt/airflow/dags/dag_script.py for tasks to queue
[2025-01-22T00:09:28.346+0000] {logging_mixin.py:190} INFO - [2025-01-22T00:09:28.346+0000] {dagbag.py:588} INFO - Filling up the DagBag from /opt/airflow/dags/dag_script.py
[2025-01-22T00:09:28.631+0000] {logging_mixin.py:190} INFO - [2025-01-22T00:09:28.631+0000] {loader.py:110} INFO - Loading faiss with AVX2 support.
[2025-01-22T00:09:28.647+0000] {logging_mixin.py:190} INFO - [2025-01-22T00:09:28.647+0000] {loader.py:112} INFO - Successfully loaded faiss with AVX2 support.
[2025-01-22T00:09:34.433+0000] {processor.py:925} INFO - DAG(s) 'pull_gazettes_data' retrieved from /opt/airflow/dags/dag_script.py
[2025-01-22T00:09:34.452+0000] {logging_mixin.py:190} INFO - [2025-01-22T00:09:34.452+0000] {dag.py:3239} INFO - Sync 1 DAGs
[2025-01-22T00:09:34.470+0000] {logging_mixin.py:190} INFO - [2025-01-22T00:09:34.470+0000] {dag.py:4180} INFO - Setting next_dagrun for pull_gazettes_data to 2025-01-22 00:00:00+00:00, run_after=2025-01-23 00:00:00+00:00
[2025-01-22T00:09:34.485+0000] {processor.py:208} INFO - Processing /opt/airflow/dags/dag_script.py took 6.145 seconds
[2025-01-22T00:10:04.615+0000] {processor.py:186} INFO - Started process (PID=1673) to work on /opt/airflow/dags/dag_script.py
[2025-01-22T00:10:04.616+0000] {processor.py:914} INFO - Processing file /opt/airflow/dags/dag_script.py for tasks to queue
[2025-01-22T00:10:04.617+0000] {logging_mixin.py:190} INFO - [2025-01-22T00:10:04.617+0000] {dagbag.py:588} INFO - Filling up the DagBag from /opt/airflow/dags/dag_script.py
[2025-01-22T00:10:04.917+0000] {logging_mixin.py:190} INFO - [2025-01-22T00:10:04.917+0000] {loader.py:110} INFO - Loading faiss with AVX2 support.
[2025-01-22T00:10:04.936+0000] {logging_mixin.py:190} INFO - [2025-01-22T00:10:04.936+0000] {loader.py:112} INFO - Successfully loaded faiss with AVX2 support.
[2025-01-22T00:10:10.476+0000] {processor.py:925} INFO - DAG(s) 'pull_gazettes_data' retrieved from /opt/airflow/dags/dag_script.py
[2025-01-22T00:10:10.495+0000] {logging_mixin.py:190} INFO - [2025-01-22T00:10:10.494+0000] {dag.py:3239} INFO - Sync 1 DAGs
[2025-01-22T00:10:10.512+0000] {logging_mixin.py:190} INFO - [2025-01-22T00:10:10.512+0000] {dag.py:4180} INFO - Setting next_dagrun for pull_gazettes_data to 2025-01-22 00:00:00+00:00, run_after=2025-01-23 00:00:00+00:00
[2025-01-22T00:10:10.527+0000] {processor.py:208} INFO - Processing /opt/airflow/dags/dag_script.py took 5.916 seconds
[2025-01-22T00:10:40.756+0000] {processor.py:186} INFO - Started process (PID=1692) to work on /opt/airflow/dags/dag_script.py
[2025-01-22T00:10:40.757+0000] {processor.py:914} INFO - Processing file /opt/airflow/dags/dag_script.py for tasks to queue
[2025-01-22T00:10:40.759+0000] {logging_mixin.py:190} INFO - [2025-01-22T00:10:40.759+0000] {dagbag.py:588} INFO - Filling up the DagBag from /opt/airflow/dags/dag_script.py
[2025-01-22T00:10:41.081+0000] {logging_mixin.py:190} INFO - [2025-01-22T00:10:41.081+0000] {loader.py:110} INFO - Loading faiss with AVX2 support.
[2025-01-22T00:10:41.097+0000] {logging_mixin.py:190} INFO - [2025-01-22T00:10:41.097+0000] {loader.py:112} INFO - Successfully loaded faiss with AVX2 support.
[2025-01-22T00:10:47.825+0000] {processor.py:925} INFO - DAG(s) 'pull_gazettes_data' retrieved from /opt/airflow/dags/dag_script.py
[2025-01-22T00:10:47.851+0000] {logging_mixin.py:190} INFO - [2025-01-22T00:10:47.850+0000] {dag.py:3239} INFO - Sync 1 DAGs
[2025-01-22T00:10:47.872+0000] {logging_mixin.py:190} INFO - [2025-01-22T00:10:47.871+0000] {dag.py:4180} INFO - Setting next_dagrun for pull_gazettes_data to 2025-01-22 00:00:00+00:00, run_after=2025-01-23 00:00:00+00:00
[2025-01-22T00:10:47.892+0000] {processor.py:208} INFO - Processing /opt/airflow/dags/dag_script.py took 7.142 seconds
[2025-01-22T00:11:18.011+0000] {processor.py:186} INFO - Started process (PID=1717) to work on /opt/airflow/dags/dag_script.py
[2025-01-22T00:11:18.011+0000] {processor.py:914} INFO - Processing file /opt/airflow/dags/dag_script.py for tasks to queue
[2025-01-22T00:11:18.013+0000] {logging_mixin.py:190} INFO - [2025-01-22T00:11:18.013+0000] {dagbag.py:588} INFO - Filling up the DagBag from /opt/airflow/dags/dag_script.py
[2025-01-22T00:11:18.300+0000] {logging_mixin.py:190} INFO - [2025-01-22T00:11:18.300+0000] {loader.py:110} INFO - Loading faiss with AVX2 support.
[2025-01-22T00:11:18.316+0000] {logging_mixin.py:190} INFO - [2025-01-22T00:11:18.315+0000] {loader.py:112} INFO - Successfully loaded faiss with AVX2 support.
[2025-01-22T00:11:24.899+0000] {processor.py:925} INFO - DAG(s) 'pull_gazettes_data' retrieved from /opt/airflow/dags/dag_script.py
[2025-01-22T00:11:24.920+0000] {logging_mixin.py:190} INFO - [2025-01-22T00:11:24.920+0000] {dag.py:3239} INFO - Sync 1 DAGs
[2025-01-22T00:11:24.947+0000] {logging_mixin.py:190} INFO - [2025-01-22T00:11:24.947+0000] {dag.py:4180} INFO - Setting next_dagrun for pull_gazettes_data to 2025-01-22 00:00:00+00:00, run_after=2025-01-23 00:00:00+00:00
[2025-01-22T00:11:24.973+0000] {processor.py:208} INFO - Processing /opt/airflow/dags/dag_script.py took 6.966 seconds
[2025-01-22T00:11:55.344+0000] {processor.py:186} INFO - Started process (PID=1736) to work on /opt/airflow/dags/dag_script.py
[2025-01-22T00:11:55.345+0000] {processor.py:914} INFO - Processing file /opt/airflow/dags/dag_script.py for tasks to queue
[2025-01-22T00:11:55.347+0000] {logging_mixin.py:190} INFO - [2025-01-22T00:11:55.347+0000] {dagbag.py:588} INFO - Filling up the DagBag from /opt/airflow/dags/dag_script.py
[2025-01-22T00:11:55.695+0000] {logging_mixin.py:190} INFO - [2025-01-22T00:11:55.694+0000] {loader.py:110} INFO - Loading faiss with AVX2 support.
[2025-01-22T00:11:55.714+0000] {logging_mixin.py:190} INFO - [2025-01-22T00:11:55.714+0000] {loader.py:112} INFO - Successfully loaded faiss with AVX2 support.
[2025-01-22T00:12:02.613+0000] {processor.py:925} INFO - DAG(s) 'pull_gazettes_data' retrieved from /opt/airflow/dags/dag_script.py
[2025-01-22T00:12:02.636+0000] {logging_mixin.py:190} INFO - [2025-01-22T00:12:02.636+0000] {dag.py:3239} INFO - Sync 1 DAGs
[2025-01-22T00:12:02.657+0000] {logging_mixin.py:190} INFO - [2025-01-22T00:12:02.656+0000] {dag.py:4180} INFO - Setting next_dagrun for pull_gazettes_data to 2025-01-22 00:00:00+00:00, run_after=2025-01-23 00:00:00+00:00
[2025-01-22T00:12:02.674+0000] {processor.py:208} INFO - Processing /opt/airflow/dags/dag_script.py took 7.336 seconds
[2025-01-22T00:12:32.914+0000] {processor.py:186} INFO - Started process (PID=1755) to work on /opt/airflow/dags/dag_script.py
[2025-01-22T00:12:32.915+0000] {processor.py:914} INFO - Processing file /opt/airflow/dags/dag_script.py for tasks to queue
[2025-01-22T00:12:32.916+0000] {logging_mixin.py:190} INFO - [2025-01-22T00:12:32.916+0000] {dagbag.py:588} INFO - Filling up the DagBag from /opt/airflow/dags/dag_script.py
[2025-01-22T00:12:33.253+0000] {logging_mixin.py:190} INFO - [2025-01-22T00:12:33.253+0000] {loader.py:110} INFO - Loading faiss with AVX2 support.
[2025-01-22T00:12:33.278+0000] {logging_mixin.py:190} INFO - [2025-01-22T00:12:33.278+0000] {loader.py:112} INFO - Successfully loaded faiss with AVX2 support.
