[2025-01-25T11:28:44.178+0000] {local_task_job_runner.py:123} INFO - ::group::Pre task execution logs
[2025-01-25T11:28:44.196+0000] {taskinstance.py:2612} INFO - Dependencies all met for dep_context=non-requeueable deps ti=<TaskInstance: pull_gazettes_data.preprocess_documents_task manual__2025-01-25T11:13:23.061174+00:00 [queued]>
[2025-01-25T11:28:44.205+0000] {taskinstance.py:2612} INFO - Dependencies all met for dep_context=requeueable deps ti=<TaskInstance: pull_gazettes_data.preprocess_documents_task manual__2025-01-25T11:13:23.061174+00:00 [queued]>
[2025-01-25T11:28:44.206+0000] {taskinstance.py:2865} INFO - Starting attempt 2 of 2
[2025-01-25T11:28:44.223+0000] {taskinstance.py:2888} INFO - Executing <Task(PreprocessDocuments): preprocess_documents_task> on 2025-01-25 11:13:23.061174+00:00
[2025-01-25T11:28:44.247+0000] {warnings.py:112} WARNING - /home/***/.local/lib/python3.12/site-packages/***/task/task_runner/standard_task_runner.py:70: DeprecationWarning: This process (pid=3358) is multi-threaded, use of fork() may lead to deadlocks in the child.
  pid = os.fork()

[2025-01-25T11:28:44.249+0000] {standard_task_runner.py:72} INFO - Started process 3380 to run task
[2025-01-25T11:28:44.249+0000] {standard_task_runner.py:104} INFO - Running: ['***', 'tasks', 'run', 'pull_gazettes_data', 'preprocess_documents_task', 'manual__2025-01-25T11:13:23.061174+00:00', '--job-id', '77', '--raw', '--subdir', 'DAGS_FOLDER/dag_script.py', '--cfg-path', '/tmp/tmp1p2md30v']
[2025-01-25T11:28:44.252+0000] {standard_task_runner.py:105} INFO - Job 77: Subtask preprocess_documents_task
[2025-01-25T11:28:44.315+0000] {task_command.py:467} INFO - Running <TaskInstance: pull_gazettes_data.preprocess_documents_task manual__2025-01-25T11:13:23.061174+00:00 [running]> on host 41bcec3d818b
[2025-01-25T11:28:44.402+0000] {taskinstance.py:3131} INFO - Exporting env vars: AIRFLOW_CTX_DAG_EMAIL='***@example.com' AIRFLOW_CTX_DAG_OWNER='***' AIRFLOW_CTX_DAG_ID='pull_gazettes_data' AIRFLOW_CTX_TASK_ID='preprocess_documents_task' AIRFLOW_CTX_EXECUTION_DATE='2025-01-25T11:13:23.061174+00:00' AIRFLOW_CTX_TRY_NUMBER='2' AIRFLOW_CTX_DAG_RUN_ID='manual__2025-01-25T11:13:23.061174+00:00'
[2025-01-25T11:28:44.404+0000] {taskinstance.py:731} INFO - ::endgroup::
[2025-01-25T11:28:44.428+0000] {logging_mixin.py:190} INFO - Checking pre processed documents log
[2025-01-25T11:28:44.435+0000] {logging_mixin.py:190} INFO - Breaking down pdf 3106200_2024-11-26_7140.pdf into multiple PDF single pages
[2025-01-25T11:28:45.457+0000] {logging_mixin.py:190} INFO - Empty DataFrame
Columns: [file_uuid, file_uuid_breakdown, etl_timestamp]
Index: [] file_uuid_breakdown
[2025-01-25T11:28:45.556+0000] {document_converter.py:242} INFO - Going to convert document batch...
[2025-01-25T11:28:45.898+0000] {accelerator_utils.py:41} INFO - Accelerator device: 'cpu'
[2025-01-25T11:28:48.432+0000] {accelerator_utils.py:41} INFO - Accelerator device: 'cpu'
[2025-01-25T11:28:48.998+0000] {accelerator_utils.py:41} INFO - Accelerator device: 'cpu'
[2025-01-25T11:28:49.446+0000] {base_pipeline.py:38} INFO - Processing document 3106200_2024-11-26_7140-page-0-4.pdf
[2025-01-25T11:29:00.037+0000] {document_converter.py:257} INFO - Finished converting document 3106200_2024-11-26_7140-page-0-4.pdf in 14.57 sec.
[2025-01-25T11:29:00.056+0000] {logging_mixin.py:190} INFO - Saving in path: /usr/local/***/data/preprocessed_documents/3106200_2024-11-26_7140-page-0-4.md
[2025-01-25T11:29:00.070+0000] {logging_mixin.py:190} INFO -                  file_uuid  ...              etl_timestamp
0  3106200_2024-11-26_7140  ... 2025-01-25 11:29:00.054487

[1 rows x 3 columns] file_uuid_breakdown
[2025-01-25T11:29:00.080+0000] {document_converter.py:242} INFO - Going to convert document batch...
[2025-01-25T11:29:00.267+0000] {accelerator_utils.py:41} INFO - Accelerator device: 'cpu'
[2025-01-25T11:29:02.340+0000] {accelerator_utils.py:41} INFO - Accelerator device: 'cpu'
[2025-01-25T11:29:03.440+0000] {accelerator_utils.py:41} INFO - Accelerator device: 'cpu'
[2025-01-25T11:29:03.793+0000] {base_pipeline.py:38} INFO - Processing document 3106200_2024-11-26_7140-page-5-9.pdf
[2025-01-25T11:29:16.841+0000] {document_converter.py:257} INFO - Finished converting document 3106200_2024-11-26_7140-page-5-9.pdf in 16.77 sec.
[2025-01-25T11:29:16.864+0000] {logging_mixin.py:190} INFO - Saving in path: /usr/local/***/data/preprocessed_documents/3106200_2024-11-26_7140-page-5-9.md
[2025-01-25T11:29:16.875+0000] {logging_mixin.py:190} INFO -                  file_uuid  ...              etl_timestamp
0  3106200_2024-11-26_7140  ... 2025-01-25 11:29:00.054487
0  3106200_2024-11-26_7140  ... 2025-01-25 11:29:16.861375

[2 rows x 3 columns] file_uuid_breakdown
[2025-01-25T11:29:16.886+0000] {document_converter.py:242} INFO - Going to convert document batch...
[2025-01-25T11:29:17.043+0000] {accelerator_utils.py:41} INFO - Accelerator device: 'cpu'
[2025-01-25T11:29:19.627+0000] {accelerator_utils.py:41} INFO - Accelerator device: 'cpu'
[2025-01-25T11:29:20.215+0000] {accelerator_utils.py:41} INFO - Accelerator device: 'cpu'
[2025-01-25T11:29:20.624+0000] {base_pipeline.py:38} INFO - Processing document 3106200_2024-11-26_7140-page-10-14.pdf
[2025-01-25T11:29:36.741+0000] {document_converter.py:257} INFO - Finished converting document 3106200_2024-11-26_7140-page-10-14.pdf in 19.87 sec.
[2025-01-25T11:29:36.760+0000] {logging_mixin.py:190} INFO - Saving in path: /usr/local/***/data/preprocessed_documents/3106200_2024-11-26_7140-page-10-14.md
[2025-01-25T11:29:36.779+0000] {logging_mixin.py:190} INFO -                  file_uuid  ...              etl_timestamp
0  3106200_2024-11-26_7140  ... 2025-01-25 11:29:00.054487
0  3106200_2024-11-26_7140  ... 2025-01-25 11:29:16.861375
0  3106200_2024-11-26_7140  ... 2025-01-25 11:29:36.757965

[3 rows x 3 columns] file_uuid_breakdown
[2025-01-25T11:29:36.794+0000] {document_converter.py:242} INFO - Going to convert document batch...
[2025-01-25T11:29:36.962+0000] {accelerator_utils.py:41} INFO - Accelerator device: 'cpu'
[2025-01-25T11:29:39.227+0000] {accelerator_utils.py:41} INFO - Accelerator device: 'cpu'
[2025-01-25T11:29:39.681+0000] {accelerator_utils.py:41} INFO - Accelerator device: 'cpu'
[2025-01-25T11:29:40.066+0000] {base_pipeline.py:38} INFO - Processing document 3106200_2024-11-26_7140-page-15-19.pdf
[2025-01-25T11:29:55.615+0000] {document_converter.py:257} INFO - Finished converting document 3106200_2024-11-26_7140-page-15-19.pdf in 18.83 sec.
[2025-01-25T11:29:55.630+0000] {logging_mixin.py:190} INFO - Saving in path: /usr/local/***/data/preprocessed_documents/3106200_2024-11-26_7140-page-15-19.md
[2025-01-25T11:29:55.639+0000] {logging_mixin.py:190} INFO -                  file_uuid  ...              etl_timestamp
0  3106200_2024-11-26_7140  ... 2025-01-25 11:29:00.054487
0  3106200_2024-11-26_7140  ... 2025-01-25 11:29:16.861375
0  3106200_2024-11-26_7140  ... 2025-01-25 11:29:36.757965
0  3106200_2024-11-26_7140  ... 2025-01-25 11:29:55.628953

[4 rows x 3 columns] file_uuid_breakdown
[2025-01-25T11:29:55.650+0000] {document_converter.py:242} INFO - Going to convert document batch...
[2025-01-25T11:29:56.043+0000] {accelerator_utils.py:41} INFO - Accelerator device: 'cpu'
[2025-01-25T11:29:58.184+0000] {accelerator_utils.py:41} INFO - Accelerator device: 'cpu'
[2025-01-25T11:29:59.338+0000] {accelerator_utils.py:41} INFO - Accelerator device: 'cpu'
[2025-01-25T11:29:59.700+0000] {base_pipeline.py:38} INFO - Processing document 3106200_2024-11-26_7140-page-20-24.pdf
[2025-01-25T11:30:20.210+0000] {local_task_job_runner.py:346} WARNING - State of this instance has been externally set to failed. Terminating instance.
[2025-01-25T11:30:20.213+0000] {local_task_job_runner.py:245} INFO - ::endgroup::
[2025-01-25T11:30:20.219+0000] {process_utils.py:132} INFO - Sending 15 to group 3380. PIDs of all processes in the group: [3380]
[2025-01-25T11:30:20.220+0000] {process_utils.py:87} INFO - Sending the signal 15 to group 3380
[2025-01-25T11:30:20.223+0000] {taskinstance.py:3092} ERROR - Received SIGTERM. Terminating subprocesses.
[2025-01-25T11:30:20.267+0000] {taskinstance.py:340} INFO - ::group::Post task execution logs
[2025-01-25T11:30:20.355+0000] {process_utils.py:80} INFO - Process psutil.Process(pid=3380, status='terminated', exitcode=0, started='11:28:43') (3380) terminated with exit code 0
