[2025-01-25T11:14:00.976+0000] {local_task_job_runner.py:123} INFO - ::group::Pre task execution logs
[2025-01-25T11:14:00.992+0000] {taskinstance.py:2612} INFO - Dependencies all met for dep_context=non-requeueable deps ti=<TaskInstance: pull_gazettes_data.preprocess_documents_task manual__2025-01-25T11:13:23.061174+00:00 [queued]>
[2025-01-25T11:14:01.001+0000] {taskinstance.py:2612} INFO - Dependencies all met for dep_context=requeueable deps ti=<TaskInstance: pull_gazettes_data.preprocess_documents_task manual__2025-01-25T11:13:23.061174+00:00 [queued]>
[2025-01-25T11:14:01.002+0000] {taskinstance.py:2865} INFO - Starting attempt 1 of 2
[2025-01-25T11:14:01.015+0000] {taskinstance.py:2888} INFO - Executing <Task(PreprocessDocuments): preprocess_documents_task> on 2025-01-25 11:13:23.061174+00:00
[2025-01-25T11:14:01.034+0000] {warnings.py:112} WARNING - /home/***/.local/lib/python3.12/site-packages/***/task/task_runner/standard_task_runner.py:70: DeprecationWarning: This process (pid=2353) is multi-threaded, use of fork() may lead to deadlocks in the child.
  pid = os.fork()

[2025-01-25T11:14:01.036+0000] {standard_task_runner.py:72} INFO - Started process 2377 to run task
[2025-01-25T11:14:01.036+0000] {standard_task_runner.py:104} INFO - Running: ['***', 'tasks', 'run', 'pull_gazettes_data', 'preprocess_documents_task', 'manual__2025-01-25T11:13:23.061174+00:00', '--job-id', '76', '--raw', '--subdir', 'DAGS_FOLDER/dag_script.py', '--cfg-path', '/tmp/tmpfq34jda0']
[2025-01-25T11:14:01.038+0000] {standard_task_runner.py:105} INFO - Job 76: Subtask preprocess_documents_task
[2025-01-25T11:14:01.093+0000] {task_command.py:467} INFO - Running <TaskInstance: pull_gazettes_data.preprocess_documents_task manual__2025-01-25T11:13:23.061174+00:00 [running]> on host 41bcec3d818b
[2025-01-25T11:14:01.166+0000] {taskinstance.py:3131} INFO - Exporting env vars: AIRFLOW_CTX_DAG_EMAIL='***@example.com' AIRFLOW_CTX_DAG_OWNER='***' AIRFLOW_CTX_DAG_ID='pull_gazettes_data' AIRFLOW_CTX_TASK_ID='preprocess_documents_task' AIRFLOW_CTX_EXECUTION_DATE='2025-01-25T11:13:23.061174+00:00' AIRFLOW_CTX_TRY_NUMBER='1' AIRFLOW_CTX_DAG_RUN_ID='manual__2025-01-25T11:13:23.061174+00:00'
[2025-01-25T11:14:01.167+0000] {taskinstance.py:731} INFO - ::endgroup::
[2025-01-25T11:14:01.180+0000] {logging_mixin.py:190} INFO - Checking pre processed documents log
[2025-01-25T11:14:01.189+0000] {logging_mixin.py:190} INFO - Breaking down pdf 3106200_2024-11-26_7140.pdf into multiple PDF single pages
[2025-01-25T11:14:02.223+0000] {logging_mixin.py:190} INFO - Empty DataFrame
Columns: [file_uuid, file_uuid_breakdown, etl_timestamp]
Index: [] file_uuid_breakdown
[2025-01-25T11:14:02.314+0000] {document_converter.py:242} INFO - Going to convert document batch...
[2025-01-25T11:14:02.649+0000] {accelerator_utils.py:41} INFO - Accelerator device: 'cpu'
[2025-01-25T11:14:05.103+0000] {accelerator_utils.py:41} INFO - Accelerator device: 'cpu'
[2025-01-25T11:14:05.651+0000] {accelerator_utils.py:41} INFO - Accelerator device: 'cpu'
[2025-01-25T11:14:06.075+0000] {base_pipeline.py:38} INFO - Processing document 3106200_2024-11-26_7140-page-0-4.pdf
[2025-01-25T11:14:18.565+0000] {document_converter.py:257} INFO - Finished converting document 3106200_2024-11-26_7140-page-0-4.pdf in 16.34 sec.
[2025-01-25T11:14:18.583+0000] {logging_mixin.py:190} INFO - Saving in path: /usr/local/***/data/preprocessed_documents/3106200_2024-11-26_7140-page-0-4.md
[2025-01-25T11:14:18.600+0000] {logging_mixin.py:190} INFO -                  file_uuid  ...              etl_timestamp
0  3106200_2024-11-26_7140  ... 2025-01-25 11:14:18.581711

[1 rows x 3 columns] file_uuid_breakdown
[2025-01-25T11:14:18.615+0000] {document_converter.py:242} INFO - Going to convert document batch...
[2025-01-25T11:14:18.798+0000] {accelerator_utils.py:41} INFO - Accelerator device: 'cpu'
[2025-01-25T11:14:20.998+0000] {accelerator_utils.py:41} INFO - Accelerator device: 'cpu'
[2025-01-25T11:14:21.927+0000] {accelerator_utils.py:41} INFO - Accelerator device: 'cpu'
[2025-01-25T11:14:22.265+0000] {base_pipeline.py:38} INFO - Processing document 3106200_2024-11-26_7140-page-5-9.pdf
[2025-01-25T11:14:36.276+0000] {document_converter.py:257} INFO - Finished converting document 3106200_2024-11-26_7140-page-5-9.pdf in 17.67 sec.
[2025-01-25T11:14:36.292+0000] {logging_mixin.py:190} INFO - Saving in path: /usr/local/***/data/preprocessed_documents/3106200_2024-11-26_7140-page-5-9.md
[2025-01-25T11:14:36.305+0000] {logging_mixin.py:190} INFO -                  file_uuid  ...              etl_timestamp
0  3106200_2024-11-26_7140  ... 2025-01-25 11:14:18.581711
0  3106200_2024-11-26_7140  ... 2025-01-25 11:14:36.290666

[2 rows x 3 columns] file_uuid_breakdown
[2025-01-25T11:14:36.319+0000] {document_converter.py:242} INFO - Going to convert document batch...
[2025-01-25T11:14:36.476+0000] {accelerator_utils.py:41} INFO - Accelerator device: 'cpu'
[2025-01-25T11:14:38.760+0000] {accelerator_utils.py:41} INFO - Accelerator device: 'cpu'
[2025-01-25T11:14:39.257+0000] {accelerator_utils.py:41} INFO - Accelerator device: 'cpu'
[2025-01-25T11:14:39.657+0000] {base_pipeline.py:38} INFO - Processing document 3106200_2024-11-26_7140-page-10-14.pdf
[2025-01-25T11:14:57.551+0000] {document_converter.py:257} INFO - Finished converting document 3106200_2024-11-26_7140-page-10-14.pdf in 21.24 sec.
[2025-01-25T11:14:57.571+0000] {logging_mixin.py:190} INFO - Saving in path: /usr/local/***/data/preprocessed_documents/3106200_2024-11-26_7140-page-10-14.md
[2025-01-25T11:14:57.582+0000] {logging_mixin.py:190} INFO -                  file_uuid  ...              etl_timestamp
0  3106200_2024-11-26_7140  ... 2025-01-25 11:14:18.581711
0  3106200_2024-11-26_7140  ... 2025-01-25 11:14:36.290666
0  3106200_2024-11-26_7140  ... 2025-01-25 11:14:57.569003

[3 rows x 3 columns] file_uuid_breakdown
[2025-01-25T11:14:57.594+0000] {document_converter.py:242} INFO - Going to convert document batch...
[2025-01-25T11:14:57.758+0000] {accelerator_utils.py:41} INFO - Accelerator device: 'cpu'
[2025-01-25T11:15:00.263+0000] {accelerator_utils.py:41} INFO - Accelerator device: 'cpu'
[2025-01-25T11:15:00.770+0000] {accelerator_utils.py:41} INFO - Accelerator device: 'cpu'
[2025-01-25T11:15:01.288+0000] {base_pipeline.py:38} INFO - Processing document 3106200_2024-11-26_7140-page-15-19.pdf
[2025-01-25T11:15:18.004+0000] {document_converter.py:257} INFO - Finished converting document 3106200_2024-11-26_7140-page-15-19.pdf in 20.42 sec.
[2025-01-25T11:15:18.024+0000] {logging_mixin.py:190} INFO - Saving in path: /usr/local/***/data/preprocessed_documents/3106200_2024-11-26_7140-page-15-19.md
[2025-01-25T11:15:18.037+0000] {logging_mixin.py:190} INFO -                  file_uuid  ...              etl_timestamp
0  3106200_2024-11-26_7140  ... 2025-01-25 11:14:18.581711
0  3106200_2024-11-26_7140  ... 2025-01-25 11:14:36.290666
0  3106200_2024-11-26_7140  ... 2025-01-25 11:14:57.569003
0  3106200_2024-11-26_7140  ... 2025-01-25 11:15:18.021728

[4 rows x 3 columns] file_uuid_breakdown
[2025-01-25T11:15:18.050+0000] {document_converter.py:242} INFO - Going to convert document batch...
[2025-01-25T11:15:18.277+0000] {accelerator_utils.py:41} INFO - Accelerator device: 'cpu'
[2025-01-25T11:15:20.523+0000] {accelerator_utils.py:41} INFO - Accelerator device: 'cpu'
[2025-01-25T11:15:21.580+0000] {accelerator_utils.py:41} INFO - Accelerator device: 'cpu'
[2025-01-25T11:15:21.972+0000] {base_pipeline.py:38} INFO - Processing document 3106200_2024-11-26_7140-page-20-24.pdf
[2025-01-25T11:16:04.921+0000] {document_converter.py:257} INFO - Finished converting document 3106200_2024-11-26_7140-page-20-24.pdf in 46.88 sec.
[2025-01-25T11:16:04.958+0000] {logging_mixin.py:190} INFO - Saving in path: /usr/local/***/data/preprocessed_documents/3106200_2024-11-26_7140-page-20-24.md
[2025-01-25T11:16:04.969+0000] {logging_mixin.py:190} INFO -                  file_uuid  ...              etl_timestamp
0  3106200_2024-11-26_7140  ... 2025-01-25 11:14:18.581711
0  3106200_2024-11-26_7140  ... 2025-01-25 11:14:36.290666
0  3106200_2024-11-26_7140  ... 2025-01-25 11:14:57.569003
0  3106200_2024-11-26_7140  ... 2025-01-25 11:15:18.021728
0  3106200_2024-11-26_7140  ... 2025-01-25 11:16:04.956652

[5 rows x 3 columns] file_uuid_breakdown
[2025-01-25T11:16:04.980+0000] {document_converter.py:242} INFO - Going to convert document batch...
[2025-01-25T11:16:05.153+0000] {accelerator_utils.py:41} INFO - Accelerator device: 'cpu'
[2025-01-25T11:16:07.228+0000] {accelerator_utils.py:41} INFO - Accelerator device: 'cpu'
[2025-01-25T11:16:07.640+0000] {accelerator_utils.py:41} INFO - Accelerator device: 'cpu'
[2025-01-25T11:16:07.968+0000] {base_pipeline.py:38} INFO - Processing document 3106200_2024-11-26_7140-page-25-29.pdf
[2025-01-25T11:16:33.225+0000] {document_converter.py:257} INFO - Finished converting document 3106200_2024-11-26_7140-page-25-29.pdf in 28.25 sec.
[2025-01-25T11:16:33.250+0000] {logging_mixin.py:190} INFO - Saving in path: /usr/local/***/data/preprocessed_documents/3106200_2024-11-26_7140-page-25-29.md
[2025-01-25T11:16:33.261+0000] {logging_mixin.py:190} INFO -                  file_uuid  ...              etl_timestamp
0  3106200_2024-11-26_7140  ... 2025-01-25 11:14:18.581711
0  3106200_2024-11-26_7140  ... 2025-01-25 11:14:36.290666
0  3106200_2024-11-26_7140  ... 2025-01-25 11:14:57.569003
0  3106200_2024-11-26_7140  ... 2025-01-25 11:15:18.021728
0  3106200_2024-11-26_7140  ... 2025-01-25 11:16:04.956652
0  3106200_2024-11-26_7140  ... 2025-01-25 11:16:33.249145

[6 rows x 3 columns] file_uuid_breakdown
[2025-01-25T11:16:33.269+0000] {document_converter.py:242} INFO - Going to convert document batch...
[2025-01-25T11:16:33.423+0000] {accelerator_utils.py:41} INFO - Accelerator device: 'cpu'
[2025-01-25T11:16:35.559+0000] {accelerator_utils.py:41} INFO - Accelerator device: 'cpu'
[2025-01-25T11:16:36.041+0000] {accelerator_utils.py:41} INFO - Accelerator device: 'cpu'
[2025-01-25T11:16:36.373+0000] {base_pipeline.py:38} INFO - Processing document 3106200_2024-11-26_7140-page-30-32.pdf
[2025-01-25T11:16:41.738+0000] {document_converter.py:257} INFO - Finished converting document 3106200_2024-11-26_7140-page-30-32.pdf in 8.47 sec.
[2025-01-25T11:16:41.747+0000] {logging_mixin.py:190} INFO - Saving in path: /usr/local/***/data/preprocessed_documents/3106200_2024-11-26_7140-page-30-32.md
[2025-01-25T11:16:41.753+0000] {logging_mixin.py:190} INFO - Breaking down pdf 3106200_2024-11-27_7141.pdf into multiple PDF single pages
[2025-01-25T11:16:42.966+0000] {logging_mixin.py:190} INFO -                  file_uuid  ...              etl_timestamp
0  3106200_2024-11-26_7140  ... 2025-01-25 11:14:18.581711
0  3106200_2024-11-26_7140  ... 2025-01-25 11:14:36.290666
0  3106200_2024-11-26_7140  ... 2025-01-25 11:14:57.569003
0  3106200_2024-11-26_7140  ... 2025-01-25 11:15:18.021728
0  3106200_2024-11-26_7140  ... 2025-01-25 11:16:04.956652
0  3106200_2024-11-26_7140  ... 2025-01-25 11:16:33.249145
0  3106200_2024-11-26_7140  ... 2025-01-25 11:16:41.746490

[7 rows x 3 columns] file_uuid_breakdown
[2025-01-25T11:16:42.980+0000] {document_converter.py:242} INFO - Going to convert document batch...
[2025-01-25T11:16:43.141+0000] {accelerator_utils.py:41} INFO - Accelerator device: 'cpu'
[2025-01-25T11:16:45.198+0000] {accelerator_utils.py:41} INFO - Accelerator device: 'cpu'
[2025-01-25T11:16:45.951+0000] {accelerator_utils.py:41} INFO - Accelerator device: 'cpu'
[2025-01-25T11:16:46.304+0000] {base_pipeline.py:38} INFO - Processing document 3106200_2024-11-27_7141-page-0-4.pdf
[2025-01-25T11:16:58.447+0000] {document_converter.py:257} INFO - Finished converting document 3106200_2024-11-27_7141-page-0-4.pdf in 15.48 sec.
[2025-01-25T11:16:58.462+0000] {logging_mixin.py:190} INFO - Saving in path: /usr/local/***/data/preprocessed_documents/3106200_2024-11-27_7141-page-0-4.md
[2025-01-25T11:16:58.471+0000] {logging_mixin.py:190} INFO -                  file_uuid  ...              etl_timestamp
0  3106200_2024-11-26_7140  ... 2025-01-25 11:14:18.581711
0  3106200_2024-11-26_7140  ... 2025-01-25 11:14:36.290666
0  3106200_2024-11-26_7140  ... 2025-01-25 11:14:57.569003
0  3106200_2024-11-26_7140  ... 2025-01-25 11:15:18.021728
0  3106200_2024-11-26_7140  ... 2025-01-25 11:16:04.956652
0  3106200_2024-11-26_7140  ... 2025-01-25 11:16:33.249145
0  3106200_2024-11-26_7140  ... 2025-01-25 11:16:41.746490
0  3106200_2024-11-27_7141  ... 2025-01-25 11:16:58.460696

[8 rows x 3 columns] file_uuid_breakdown
[2025-01-25T11:16:58.479+0000] {document_converter.py:242} INFO - Going to convert document batch...
[2025-01-25T11:16:58.628+0000] {accelerator_utils.py:41} INFO - Accelerator device: 'cpu'
[2025-01-25T11:17:00.692+0000] {accelerator_utils.py:41} INFO - Accelerator device: 'cpu'
[2025-01-25T11:17:01.109+0000] {accelerator_utils.py:41} INFO - Accelerator device: 'cpu'
[2025-01-25T11:17:01.577+0000] {base_pipeline.py:38} INFO - Processing document 3106200_2024-11-27_7141-page-5-9.pdf
[2025-01-25T11:17:18.562+0000] {document_converter.py:257} INFO - Finished converting document 3106200_2024-11-27_7141-page-5-9.pdf in 20.09 sec.
[2025-01-25T11:17:18.583+0000] {logging_mixin.py:190} INFO - Saving in path: /usr/local/***/data/preprocessed_documents/3106200_2024-11-27_7141-page-5-9.md
[2025-01-25T11:17:18.594+0000] {logging_mixin.py:190} INFO -                  file_uuid  ...              etl_timestamp
0  3106200_2024-11-26_7140  ... 2025-01-25 11:14:18.581711
0  3106200_2024-11-26_7140  ... 2025-01-25 11:14:36.290666
0  3106200_2024-11-26_7140  ... 2025-01-25 11:14:57.569003
0  3106200_2024-11-26_7140  ... 2025-01-25 11:15:18.021728
0  3106200_2024-11-26_7140  ... 2025-01-25 11:16:04.956652
0  3106200_2024-11-26_7140  ... 2025-01-25 11:16:33.249145
0  3106200_2024-11-26_7140  ... 2025-01-25 11:16:41.746490
0  3106200_2024-11-27_7141  ... 2025-01-25 11:16:58.460696
0  3106200_2024-11-27_7141  ... 2025-01-25 11:17:18.579726

[9 rows x 3 columns] file_uuid_breakdown
[2025-01-25T11:17:18.604+0000] {document_converter.py:242} INFO - Going to convert document batch...
[2025-01-25T11:17:18.763+0000] {accelerator_utils.py:41} INFO - Accelerator device: 'cpu'
[2025-01-25T11:17:20.871+0000] {accelerator_utils.py:41} INFO - Accelerator device: 'cpu'
[2025-01-25T11:17:21.286+0000] {accelerator_utils.py:41} INFO - Accelerator device: 'cpu'
[2025-01-25T11:17:21.634+0000] {base_pipeline.py:38} INFO - Processing document 3106200_2024-11-27_7141-page-10-14.pdf
[2025-01-25T11:17:42.747+0000] {document_converter.py:257} INFO - Finished converting document 3106200_2024-11-27_7141-page-10-14.pdf in 24.15 sec.
[2025-01-25T11:17:42.772+0000] {logging_mixin.py:190} INFO - Saving in path: /usr/local/***/data/preprocessed_documents/3106200_2024-11-27_7141-page-10-14.md
[2025-01-25T11:17:42.785+0000] {logging_mixin.py:190} INFO -                  file_uuid  ...              etl_timestamp
0  3106200_2024-11-26_7140  ... 2025-01-25 11:14:18.581711
0  3106200_2024-11-26_7140  ... 2025-01-25 11:14:36.290666
0  3106200_2024-11-26_7140  ... 2025-01-25 11:14:57.569003
0  3106200_2024-11-26_7140  ... 2025-01-25 11:15:18.021728
0  3106200_2024-11-26_7140  ... 2025-01-25 11:16:04.956652
0  3106200_2024-11-26_7140  ... 2025-01-25 11:16:33.249145
0  3106200_2024-11-26_7140  ... 2025-01-25 11:16:41.746490
0  3106200_2024-11-27_7141  ... 2025-01-25 11:16:58.460696
0  3106200_2024-11-27_7141  ... 2025-01-25 11:17:18.579726
0  3106200_2024-11-27_7141  ... 2025-01-25 11:17:42.770555

[10 rows x 3 columns] file_uuid_breakdown
[2025-01-25T11:17:42.798+0000] {document_converter.py:242} INFO - Going to convert document batch...
[2025-01-25T11:17:42.948+0000] {accelerator_utils.py:41} INFO - Accelerator device: 'cpu'
[2025-01-25T11:17:45.157+0000] {accelerator_utils.py:41} INFO - Accelerator device: 'cpu'
[2025-01-25T11:17:45.582+0000] {accelerator_utils.py:41} INFO - Accelerator device: 'cpu'
[2025-01-25T11:17:46.073+0000] {base_pipeline.py:38} INFO - Processing document 3106200_2024-11-27_7141-page-15-19.pdf
[2025-01-25T11:19:02.951+0000] {document_converter.py:257} INFO - Finished converting document 3106200_2024-11-27_7141-page-15-19.pdf in 80.17 sec.
[2025-01-25T11:19:03.018+0000] {logging_mixin.py:190} INFO - Saving in path: /usr/local/***/data/preprocessed_documents/3106200_2024-11-27_7141-page-15-19.md
[2025-01-25T11:19:03.029+0000] {logging_mixin.py:190} INFO -                  file_uuid  ...              etl_timestamp
0  3106200_2024-11-26_7140  ... 2025-01-25 11:14:18.581711
0  3106200_2024-11-26_7140  ... 2025-01-25 11:14:36.290666
0  3106200_2024-11-26_7140  ... 2025-01-25 11:14:57.569003
0  3106200_2024-11-26_7140  ... 2025-01-25 11:15:18.021728
0  3106200_2024-11-26_7140  ... 2025-01-25 11:16:04.956652
0  3106200_2024-11-26_7140  ... 2025-01-25 11:16:33.249145
0  3106200_2024-11-26_7140  ... 2025-01-25 11:16:41.746490
0  3106200_2024-11-27_7141  ... 2025-01-25 11:16:58.460696
0  3106200_2024-11-27_7141  ... 2025-01-25 11:17:18.579726
0  3106200_2024-11-27_7141  ... 2025-01-25 11:17:42.770555
0  3106200_2024-11-27_7141  ... 2025-01-25 11:19:03.016660

[11 rows x 3 columns] file_uuid_breakdown
[2025-01-25T11:19:03.039+0000] {document_converter.py:242} INFO - Going to convert document batch...
[2025-01-25T11:19:03.196+0000] {accelerator_utils.py:41} INFO - Accelerator device: 'cpu'
[2025-01-25T11:19:05.482+0000] {accelerator_utils.py:41} INFO - Accelerator device: 'cpu'
[2025-01-25T11:19:05.882+0000] {accelerator_utils.py:41} INFO - Accelerator device: 'cpu'
[2025-01-25T11:19:06.225+0000] {base_pipeline.py:38} INFO - Processing document 3106200_2024-11-27_7141-page-20-24.pdf
[2025-01-25T11:20:22.713+0000] {document_converter.py:257} INFO - Finished converting document 3106200_2024-11-27_7141-page-20-24.pdf in 79.69 sec.
[2025-01-25T11:20:22.788+0000] {logging_mixin.py:190} INFO - Saving in path: /usr/local/***/data/preprocessed_documents/3106200_2024-11-27_7141-page-20-24.md
[2025-01-25T11:20:22.809+0000] {logging_mixin.py:190} INFO -                  file_uuid  ...              etl_timestamp
0  3106200_2024-11-26_7140  ... 2025-01-25 11:14:18.581711
0  3106200_2024-11-26_7140  ... 2025-01-25 11:14:36.290666
0  3106200_2024-11-26_7140  ... 2025-01-25 11:14:57.569003
0  3106200_2024-11-26_7140  ... 2025-01-25 11:15:18.021728
0  3106200_2024-11-26_7140  ... 2025-01-25 11:16:04.956652
0  3106200_2024-11-26_7140  ... 2025-01-25 11:16:33.249145
0  3106200_2024-11-26_7140  ... 2025-01-25 11:16:41.746490
0  3106200_2024-11-27_7141  ... 2025-01-25 11:16:58.460696
0  3106200_2024-11-27_7141  ... 2025-01-25 11:17:18.579726
0  3106200_2024-11-27_7141  ... 2025-01-25 11:17:42.770555
0  3106200_2024-11-27_7141  ... 2025-01-25 11:19:03.016660
0  3106200_2024-11-27_7141  ... 2025-01-25 11:20:22.778549

[12 rows x 3 columns] file_uuid_breakdown
[2025-01-25T11:20:22.824+0000] {document_converter.py:242} INFO - Going to convert document batch...
[2025-01-25T11:20:22.974+0000] {accelerator_utils.py:41} INFO - Accelerator device: 'cpu'
[2025-01-25T11:20:25.529+0000] {accelerator_utils.py:41} INFO - Accelerator device: 'cpu'
[2025-01-25T11:20:26.368+0000] {accelerator_utils.py:41} INFO - Accelerator device: 'cpu'
[2025-01-25T11:20:26.785+0000] {base_pipeline.py:38} INFO - Processing document 3106200_2024-11-27_7141-page-25-29.pdf
[2025-01-25T11:20:37.369+0000] {document_converter.py:257} INFO - Finished converting document 3106200_2024-11-27_7141-page-25-29.pdf in 14.56 sec.
[2025-01-25T11:20:37.395+0000] {logging_mixin.py:190} INFO - Saving in path: /usr/local/***/data/preprocessed_documents/3106200_2024-11-27_7141-page-25-29.md
[2025-01-25T11:20:37.406+0000] {logging_mixin.py:190} INFO -                  file_uuid  ...              etl_timestamp
0  3106200_2024-11-26_7140  ... 2025-01-25 11:14:18.581711
0  3106200_2024-11-26_7140  ... 2025-01-25 11:14:36.290666
0  3106200_2024-11-26_7140  ... 2025-01-25 11:14:57.569003
0  3106200_2024-11-26_7140  ... 2025-01-25 11:15:18.021728
0  3106200_2024-11-26_7140  ... 2025-01-25 11:16:04.956652
0  3106200_2024-11-26_7140  ... 2025-01-25 11:16:33.249145
0  3106200_2024-11-26_7140  ... 2025-01-25 11:16:41.746490
0  3106200_2024-11-27_7141  ... 2025-01-25 11:16:58.460696
0  3106200_2024-11-27_7141  ... 2025-01-25 11:17:18.579726
0  3106200_2024-11-27_7141  ... 2025-01-25 11:17:42.770555
0  3106200_2024-11-27_7141  ... 2025-01-25 11:19:03.016660
0  3106200_2024-11-27_7141  ... 2025-01-25 11:20:22.778549
0  3106200_2024-11-27_7141  ... 2025-01-25 11:20:37.393285

[13 rows x 3 columns] file_uuid_breakdown
[2025-01-25T11:20:37.420+0000] {document_converter.py:242} INFO - Going to convert document batch...
[2025-01-25T11:20:37.568+0000] {accelerator_utils.py:41} INFO - Accelerator device: 'cpu'
[2025-01-25T11:20:39.809+0000] {accelerator_utils.py:41} INFO - Accelerator device: 'cpu'
[2025-01-25T11:20:40.298+0000] {accelerator_utils.py:41} INFO - Accelerator device: 'cpu'
[2025-01-25T11:20:40.679+0000] {base_pipeline.py:38} INFO - Processing document 3106200_2024-11-27_7141-page-30-34.pdf
[2025-01-25T11:20:54.685+0000] {document_converter.py:257} INFO - Finished converting document 3106200_2024-11-27_7141-page-30-34.pdf in 17.27 sec.
[2025-01-25T11:20:54.710+0000] {logging_mixin.py:190} INFO - Saving in path: /usr/local/***/data/preprocessed_documents/3106200_2024-11-27_7141-page-30-34.md
[2025-01-25T11:20:54.721+0000] {logging_mixin.py:190} INFO -                  file_uuid  ...              etl_timestamp
0  3106200_2024-11-26_7140  ... 2025-01-25 11:14:18.581711
0  3106200_2024-11-26_7140  ... 2025-01-25 11:14:36.290666
0  3106200_2024-11-26_7140  ... 2025-01-25 11:14:57.569003
0  3106200_2024-11-26_7140  ... 2025-01-25 11:15:18.021728
0  3106200_2024-11-26_7140  ... 2025-01-25 11:16:04.956652
0  3106200_2024-11-26_7140  ... 2025-01-25 11:16:33.249145
0  3106200_2024-11-26_7140  ... 2025-01-25 11:16:41.746490
0  3106200_2024-11-27_7141  ... 2025-01-25 11:16:58.460696
0  3106200_2024-11-27_7141  ... 2025-01-25 11:17:18.579726
0  3106200_2024-11-27_7141  ... 2025-01-25 11:17:42.770555
0  3106200_2024-11-27_7141  ... 2025-01-25 11:19:03.016660
0  3106200_2024-11-27_7141  ... 2025-01-25 11:20:22.778549
0  3106200_2024-11-27_7141  ... 2025-01-25 11:20:37.393285
0  3106200_2024-11-27_7141  ... 2025-01-25 11:20:54.708665

[14 rows x 3 columns] file_uuid_breakdown
[2025-01-25T11:20:54.729+0000] {document_converter.py:242} INFO - Going to convert document batch...
[2025-01-25T11:20:54.880+0000] {accelerator_utils.py:41} INFO - Accelerator device: 'cpu'
[2025-01-25T11:20:57.068+0000] {accelerator_utils.py:41} INFO - Accelerator device: 'cpu'
[2025-01-25T11:20:57.566+0000] {accelerator_utils.py:41} INFO - Accelerator device: 'cpu'
[2025-01-25T11:20:57.900+0000] {base_pipeline.py:38} INFO - Processing document 3106200_2024-11-27_7141-page-35-36.pdf
[2025-01-25T11:21:14.061+0000] {document_converter.py:257} INFO - Finished converting document 3106200_2024-11-27_7141-page-35-36.pdf in 19.34 sec.
[2025-01-25T11:21:14.083+0000] {logging_mixin.py:190} INFO - Saving in path: /usr/local/***/data/preprocessed_documents/3106200_2024-11-27_7141-page-35-36.md
[2025-01-25T11:21:14.086+0000] {logging_mixin.py:190} INFO - Breaking down pdf 3106200_2024-11-28_7142.pdf into multiple PDF single pages
[2025-01-25T11:21:15.832+0000] {logging_mixin.py:190} INFO -                  file_uuid  ...              etl_timestamp
0  3106200_2024-11-26_7140  ... 2025-01-25 11:14:18.581711
0  3106200_2024-11-26_7140  ... 2025-01-25 11:14:36.290666
0  3106200_2024-11-26_7140  ... 2025-01-25 11:14:57.569003
0  3106200_2024-11-26_7140  ... 2025-01-25 11:15:18.021728
0  3106200_2024-11-26_7140  ... 2025-01-25 11:16:04.956652
0  3106200_2024-11-26_7140  ... 2025-01-25 11:16:33.249145
0  3106200_2024-11-26_7140  ... 2025-01-25 11:16:41.746490
0  3106200_2024-11-27_7141  ... 2025-01-25 11:16:58.460696
0  3106200_2024-11-27_7141  ... 2025-01-25 11:17:18.579726
0  3106200_2024-11-27_7141  ... 2025-01-25 11:17:42.770555
0  3106200_2024-11-27_7141  ... 2025-01-25 11:19:03.016660
0  3106200_2024-11-27_7141  ... 2025-01-25 11:20:22.778549
0  3106200_2024-11-27_7141  ... 2025-01-25 11:20:37.393285
0  3106200_2024-11-27_7141  ... 2025-01-25 11:20:54.708665
0  3106200_2024-11-27_7141  ... 2025-01-25 11:21:14.081660

[15 rows x 3 columns] file_uuid_breakdown
[2025-01-25T11:21:15.843+0000] {document_converter.py:242} INFO - Going to convert document batch...
[2025-01-25T11:21:16.009+0000] {accelerator_utils.py:41} INFO - Accelerator device: 'cpu'
[2025-01-25T11:21:18.188+0000] {accelerator_utils.py:41} INFO - Accelerator device: 'cpu'
[2025-01-25T11:21:18.610+0000] {accelerator_utils.py:41} INFO - Accelerator device: 'cpu'
[2025-01-25T11:21:18.969+0000] {base_pipeline.py:38} INFO - Processing document 3106200_2024-11-28_7142-page-0-4.pdf
[2025-01-25T11:21:44.201+0000] {document_converter.py:257} INFO - Finished converting document 3106200_2024-11-28_7142-page-0-4.pdf in 28.37 sec.
[2025-01-25T11:21:44.226+0000] {logging_mixin.py:190} INFO - Saving in path: /usr/local/***/data/preprocessed_documents/3106200_2024-11-28_7142-page-0-4.md
[2025-01-25T11:21:44.238+0000] {logging_mixin.py:190} INFO -                  file_uuid  ...              etl_timestamp
0  3106200_2024-11-26_7140  ... 2025-01-25 11:14:18.581711
0  3106200_2024-11-26_7140  ... 2025-01-25 11:14:36.290666
0  3106200_2024-11-26_7140  ... 2025-01-25 11:14:57.569003
0  3106200_2024-11-26_7140  ... 2025-01-25 11:15:18.021728
0  3106200_2024-11-26_7140  ... 2025-01-25 11:16:04.956652
0  3106200_2024-11-26_7140  ... 2025-01-25 11:16:33.249145
0  3106200_2024-11-26_7140  ... 2025-01-25 11:16:41.746490
0  3106200_2024-11-27_7141  ... 2025-01-25 11:16:58.460696
0  3106200_2024-11-27_7141  ... 2025-01-25 11:17:18.579726
0  3106200_2024-11-27_7141  ... 2025-01-25 11:17:42.770555
0  3106200_2024-11-27_7141  ... 2025-01-25 11:19:03.016660
0  3106200_2024-11-27_7141  ... 2025-01-25 11:20:22.778549
0  3106200_2024-11-27_7141  ... 2025-01-25 11:20:37.393285
0  3106200_2024-11-27_7141  ... 2025-01-25 11:20:54.708665
0  3106200_2024-11-27_7141  ... 2025-01-25 11:21:14.081660
0  3106200_2024-11-28_7142  ... 2025-01-25 11:21:44.224419

[16 rows x 3 columns] file_uuid_breakdown
[2025-01-25T11:21:44.249+0000] {document_converter.py:242} INFO - Going to convert document batch...
[2025-01-25T11:21:44.473+0000] {accelerator_utils.py:41} INFO - Accelerator device: 'cpu'
[2025-01-25T11:21:46.616+0000] {accelerator_utils.py:41} INFO - Accelerator device: 'cpu'
[2025-01-25T11:21:47.079+0000] {accelerator_utils.py:41} INFO - Accelerator device: 'cpu'
[2025-01-25T11:21:47.433+0000] {base_pipeline.py:38} INFO - Processing document 3106200_2024-11-28_7142-page-5-9.pdf
[2025-01-25T11:22:32.872+0000] {job.py:229} INFO - Heartbeat recovered after 22.09 seconds
[2025-01-25T11:22:32.887+0000] {local_task_job_runner.py:266} INFO - Task exited with return code -9For more information, see https://***.apache.org/docs/apache-***/stable/troubleshooting.html#LocalTaskJob-killed
[2025-01-25T11:22:32.934+0000] {taskinstance.py:3900} INFO - 0 downstream tasks scheduled from follow-on schedule check
[2025-01-25T11:22:32.937+0000] {local_task_job_runner.py:245} INFO - ::endgroup::
