[2025-02-01T00:00:22.555+0000] {local_task_job_runner.py:123} INFO - ::group::Pre task execution logs
[2025-02-01T00:00:22.571+0000] {taskinstance.py:2612} INFO - Dependencies all met for dep_context=non-requeueable deps ti=<TaskInstance: pull_gazettes_data.preprocess_documents_task scheduled__2025-01-31T00:00:00+00:00 [queued]>
[2025-02-01T00:00:22.579+0000] {taskinstance.py:2612} INFO - Dependencies all met for dep_context=requeueable deps ti=<TaskInstance: pull_gazettes_data.preprocess_documents_task scheduled__2025-01-31T00:00:00+00:00 [queued]>
[2025-02-01T00:00:22.580+0000] {taskinstance.py:2865} INFO - Starting attempt 1 of 2
[2025-02-01T00:00:22.592+0000] {taskinstance.py:2888} INFO - Executing <Task(PreprocessDocuments): preprocess_documents_task> on 2025-01-31 00:00:00+00:00
[2025-02-01T00:00:22.602+0000] {warnings.py:112} WARNING - /home/***/.local/lib/python3.12/site-packages/***/task/task_runner/standard_task_runner.py:70: DeprecationWarning: This process (pid=1925) is multi-threaded, use of fork() may lead to deadlocks in the child.
  pid = os.fork()

[2025-02-01T00:00:22.603+0000] {standard_task_runner.py:72} INFO - Started process 1927 to run task
[2025-02-01T00:00:22.604+0000] {standard_task_runner.py:104} INFO - Running: ['***', 'tasks', 'run', 'pull_gazettes_data', 'preprocess_documents_task', 'scheduled__2025-01-31T00:00:00+00:00', '--job-id', '297', '--raw', '--subdir', 'DAGS_FOLDER/dag_script.py', '--cfg-path', '/tmp/tmpwqid00yw']
[2025-02-01T00:00:22.607+0000] {standard_task_runner.py:105} INFO - Job 297: Subtask preprocess_documents_task
[2025-02-01T00:00:22.654+0000] {task_command.py:467} INFO - Running <TaskInstance: pull_gazettes_data.preprocess_documents_task scheduled__2025-01-31T00:00:00+00:00 [running]> on host 41bcec3d818b
[2025-02-01T00:00:22.743+0000] {taskinstance.py:3131} INFO - Exporting env vars: AIRFLOW_CTX_DAG_EMAIL='***@example.com' AIRFLOW_CTX_DAG_OWNER='***' AIRFLOW_CTX_DAG_ID='pull_gazettes_data' AIRFLOW_CTX_TASK_ID='preprocess_documents_task' AIRFLOW_CTX_EXECUTION_DATE='2025-01-31T00:00:00+00:00' AIRFLOW_CTX_TRY_NUMBER='1' AIRFLOW_CTX_DAG_RUN_ID='scheduled__2025-01-31T00:00:00+00:00'
[2025-02-01T00:00:22.745+0000] {taskinstance.py:731} INFO - ::endgroup::
[2025-02-01T00:00:22.763+0000] {logging_mixin.py:190} INFO - Checking pre processed documents log
[2025-02-01T00:00:22.766+0000] {logging_mixin.py:190} INFO - /usr/local/***/data/ingestion_checkpoint_logs/preprocessed_documents_log.csv False
[2025-02-01T00:00:26.688+0000] {logging_mixin.py:190} INFO - Saving in path: /usr/local/***/data/preprocessed_documents/3106200_2024-11-26_7140.txt
[2025-02-01T00:00:36.490+0000] {logging_mixin.py:190} INFO - Saving in path: /usr/local/***/data/preprocessed_documents/3106200_2024-11-27_7141.txt
[2025-02-01T00:00:44.137+0000] {logging_mixin.py:190} INFO - Saving in path: /usr/local/***/data/preprocessed_documents/3106200_2024-11-28_7142.txt
[2025-02-01T00:00:52.142+0000] {logging_mixin.py:190} INFO - Saving in path: /usr/local/***/data/preprocessed_documents/3106200_2024-11-29_7143.txt
[2025-02-01T00:00:59.364+0000] {logging_mixin.py:190} INFO - Saving in path: /usr/local/***/data/preprocessed_documents/3106200_2024-11-30_7144.txt
[2025-02-01T00:01:05.800+0000] {logging_mixin.py:190} INFO - Saving in path: /usr/local/***/data/preprocessed_documents/3106200_2024-12-03_7145.txt
[2025-02-01T00:01:13.054+0000] {logging_mixin.py:190} INFO - Saving in path: /usr/local/***/data/preprocessed_documents/3106200_2024-12-04_7146.txt
[2025-02-01T00:01:17.997+0000] {logging_mixin.py:190} INFO - Saving in path: /usr/local/***/data/preprocessed_documents/3106200_2024-12-05_7147.txt
[2025-02-01T00:01:24.864+0000] {logging_mixin.py:190} INFO - Saving in path: /usr/local/***/data/preprocessed_documents/3106200_2024-12-06_7148.txt
[2025-02-01T00:01:31.217+0000] {logging_mixin.py:190} INFO - Saving in path: /usr/local/***/data/preprocessed_documents/3106200_2024-12-07_7149.txt
[2025-02-01T00:01:33.447+0000] {logging_mixin.py:190} INFO - Saving in path: /usr/local/***/data/preprocessed_documents/3106200_2024-12-10_7150.txt
[2025-02-01T00:01:43.141+0000] {logging_mixin.py:190} INFO - Saving in path: /usr/local/***/data/preprocessed_documents/3106200_2024-12-11_7151.txt
[2025-02-01T00:01:45.875+0000] {logging_mixin.py:190} INFO - Saving in path: /usr/local/***/data/preprocessed_documents/3106200_2024-12-12_7152.txt
[2025-02-01T00:01:49.796+0000] {logging_mixin.py:190} INFO - Saving in path: /usr/local/***/data/preprocessed_documents/3106200_2024-12-13_7153.txt
[2025-02-01T00:01:56.326+0000] {logging_mixin.py:190} INFO - Saving in path: /usr/local/***/data/preprocessed_documents/3106200_2024-12-14_7154.txt
[2025-02-01T00:02:00.353+0000] {logging_mixin.py:190} INFO - Saving in path: /usr/local/***/data/preprocessed_documents/3106200_2024-12-17_7155.txt
[2025-02-01T00:02:00.380+0000] {taskinstance.py:340} INFO - ::group::Post task execution logs
[2025-02-01T00:02:00.381+0000] {taskinstance.py:352} INFO - Marking task as SUCCESS. dag_id=pull_gazettes_data, task_id=preprocess_documents_task, run_id=scheduled__2025-01-31T00:00:00+00:00, execution_date=20250131T000000, start_date=20250201T000022, end_date=20250201T000200
[2025-02-01T00:02:00.444+0000] {local_task_job_runner.py:266} INFO - Task exited with return code 0
[2025-02-01T00:02:00.470+0000] {taskinstance.py:3900} INFO - 1 downstream tasks scheduled from follow-on schedule check
[2025-02-01T00:02:00.472+0000] {local_task_job_runner.py:245} INFO - ::endgroup::
