[2025-01-25T21:19:42.293+0000] {local_task_job_runner.py:123} INFO - ::group::Pre task execution logs
[2025-01-25T21:19:42.309+0000] {taskinstance.py:2612} INFO - Dependencies all met for dep_context=non-requeueable deps ti=<TaskInstance: pull_gazettes_data.download_s3_ingestion_checkpoint_logs_task manual__2025-01-25T21:19:33.960892+00:00 [queued]>
[2025-01-25T21:19:42.320+0000] {taskinstance.py:2612} INFO - Dependencies all met for dep_context=requeueable deps ti=<TaskInstance: pull_gazettes_data.download_s3_ingestion_checkpoint_logs_task manual__2025-01-25T21:19:33.960892+00:00 [queued]>
[2025-01-25T21:19:42.321+0000] {taskinstance.py:2865} INFO - Starting attempt 1 of 2
[2025-01-25T21:19:42.342+0000] {taskinstance.py:2888} INFO - Executing <Task(DownloadContentFromS3): download_s3_ingestion_checkpoint_logs_task> on 2025-01-25 21:19:33.960892+00:00
[2025-01-25T21:19:42.356+0000] {warnings.py:112} WARNING - /home/***/.local/lib/python3.12/site-packages/***/task/task_runner/standard_task_runner.py:70: DeprecationWarning: This process (pid=27337) is multi-threaded, use of fork() may lead to deadlocks in the child.
  pid = os.fork()

[2025-01-25T21:19:42.358+0000] {standard_task_runner.py:72} INFO - Started process 27382 to run task
[2025-01-25T21:19:42.358+0000] {standard_task_runner.py:104} INFO - Running: ['***', 'tasks', 'run', 'pull_gazettes_data', 'download_s3_ingestion_checkpoint_logs_task', 'manual__2025-01-25T21:19:33.960892+00:00', '--job-id', '173', '--raw', '--subdir', 'DAGS_FOLDER/dag_script.py', '--cfg-path', '/tmp/tmp5vvbczwf']
[2025-01-25T21:19:42.361+0000] {standard_task_runner.py:105} INFO - Job 173: Subtask download_s3_ingestion_checkpoint_logs_task
[2025-01-25T21:19:42.408+0000] {task_command.py:467} INFO - Running <TaskInstance: pull_gazettes_data.download_s3_ingestion_checkpoint_logs_task manual__2025-01-25T21:19:33.960892+00:00 [running]> on host 41bcec3d818b
[2025-01-25T21:19:42.495+0000] {taskinstance.py:3131} INFO - Exporting env vars: AIRFLOW_CTX_DAG_EMAIL='***@example.com' AIRFLOW_CTX_DAG_OWNER='***' AIRFLOW_CTX_DAG_ID='pull_gazettes_data' AIRFLOW_CTX_TASK_ID='download_s3_ingestion_checkpoint_logs_task' AIRFLOW_CTX_EXECUTION_DATE='2025-01-25T21:19:33.960892+00:00' AIRFLOW_CTX_TRY_NUMBER='1' AIRFLOW_CTX_DAG_RUN_ID='manual__2025-01-25T21:19:33.960892+00:00'
[2025-01-25T21:19:42.497+0000] {taskinstance.py:731} INFO - ::endgroup::
[2025-01-25T21:19:42.518+0000] {base.py:84} INFO - Retrieving connection 'minio_s3_conn_id'
[2025-01-25T21:19:42.519+0000] {connection_wrapper.py:391} INFO - AWS Connection (conn_id='minio_s3_conn_id', conn_type='aws') credentials retrieved from extra.
[2025-01-25T21:19:42.520+0000] {warnings.py:112} WARNING - <string>:9: AirflowProviderDeprecationWarning: extra['host'] is deprecated and will be removed in a future release. Please set extra['endpoint_url'] instead

[2025-01-25T21:19:42.780+0000] {logging_mixin.py:190} INFO - Key ingestion_checkpoint_logs/index.pkl does not exists in bucket diario-oficial-db-dump
[2025-01-25T21:19:42.790+0000] {logging_mixin.py:190} INFO - Key collection.json does not exists in bucket diario-oficial-db-dump
[2025-01-25T21:19:42.805+0000] {taskinstance.py:340} INFO - ::group::Post task execution logs
[2025-01-25T21:19:42.805+0000] {taskinstance.py:352} INFO - Marking task as SUCCESS. dag_id=pull_gazettes_data, task_id=download_s3_ingestion_checkpoint_logs_task, run_id=manual__2025-01-25T21:19:33.960892+00:00, execution_date=20250125T211933, start_date=20250125T211942, end_date=20250125T211942
[2025-01-25T21:19:42.855+0000] {local_task_job_runner.py:266} INFO - Task exited with return code 0
[2025-01-25T21:19:42.875+0000] {taskinstance.py:3900} INFO - 0 downstream tasks scheduled from follow-on schedule check
[2025-01-25T21:19:42.877+0000] {local_task_job_runner.py:245} INFO - ::endgroup::
